nohup: appending output to 'nohup.out'
DEBUG[01-02|15:17:03.290] Sanitizing Go's GC trigger               percent=100
INFO [01-02|15:17:03.290] Maximum peer count                       ETH=50 LES=0 total=50
WARN [01-02|15:17:03.291] The flag --rpc is deprecated and will be removed in the future, please use --http 
WARN [01-02|15:17:03.291] The flag --rpcaddr is deprecated and will be removed in the future, please use --http.addr 
WARN [01-02|15:17:03.291] The flag --rpcport is deprecated and will be removed in the future, please use --http.port 
WARN [01-02|15:17:03.291] The flag --rpccorsdomain is deprecated and will be removed in the future, please use --http.corsdomain 
WARN [01-02|15:17:03.291] The flag --rpcapi is deprecated and will be removed in the future, please use --http.api 
WARN [01-02|15:17:03.291] The flag --rpcvhosts is deprecated and will be removed in the future, please use --http.vhosts 
WARN [01-02|15:17:03.291] The flag --wsaddr is deprecated and will be removed in the future, please use --ws.addr 
WARN [01-02|15:17:03.291] The flag --wsport is deprecated and will be removed in the future, please use --ws.port 
WARN [01-02|15:17:03.291] The flag --wsorigins is deprecated and will be removed in the future, please use --ws.origins 
WARN [01-02|15:17:03.291] The flag --wsapi is deprecated and will be removed in the future, please use --ws.api 
INFO [01-02|15:17:03.291] Smartcard socket not found, disabling    err="stat /run/pcscd/pcscd.comm: no such file or directory"
TRACE[01-02|15:17:03.291] Started watching keystore folder         path=/home/swcyb/EcoChain/network/5-nodes-raft-tessera-bash/qdata/dd3/keystore
DEBUG[01-02|15:17:03.291] FS scan times                            list="256.835µs" set="2.983µs" diff="1.668µs"
DEBUG[01-02|15:17:03.291] Failed to decode keystore key            path=/home/swcyb/EcoChain/network/5-nodes-raft-tessera-bash/qdata/dd3/keystore/password.txt err=EOF
TRACE[01-02|15:17:03.291] Handled keystore changes                 time="59.22µs"
WARN [01-02|15:17:03.292] Found deprecated node list file /home/swcyb/EcoChain/network/5-nodes-raft-tessera-bash/qdata/dd3/static-nodes.json, please use the TOML config file instead. 
INFO [01-02|15:17:03.292] Set global gas cap                       cap=25000000
INFO [01-02|15:17:03.292] Allocated trie memory caches             clean=256.00MiB dirty=256.00MiB
INFO [01-02|15:17:03.292] Allocated cache and file handles         database=/home/swcyb/EcoChain/network/5-nodes-raft-tessera-bash/qdata/dd3/geth/chaindata cache=768.00MiB handles=524288
DEBUG[01-02|15:17:03.363] Chain freezer table opened               database=/home/swcyb/EcoChain/network/5-nodes-raft-tessera-bash/qdata/dd3/geth/chaindata/ancient table=headers items=0 size=0.00B
DEBUG[01-02|15:17:03.373] Chain freezer table opened               database=/home/swcyb/EcoChain/network/5-nodes-raft-tessera-bash/qdata/dd3/geth/chaindata/ancient table=hashes  items=0 size=0.00B
DEBUG[01-02|15:17:03.379] Chain freezer table opened               database=/home/swcyb/EcoChain/network/5-nodes-raft-tessera-bash/qdata/dd3/geth/chaindata/ancient table=bodies  items=0 size=0.00B
DEBUG[01-02|15:17:03.398] Chain freezer table opened               database=/home/swcyb/EcoChain/network/5-nodes-raft-tessera-bash/qdata/dd3/geth/chaindata/ancient table=receipts items=0 size=0.00B
DEBUG[01-02|15:17:03.424] Chain freezer table opened               database=/home/swcyb/EcoChain/network/5-nodes-raft-tessera-bash/qdata/dd3/geth/chaindata/ancient table=diffs    items=0 size=0.00B
INFO [01-02|15:17:03.424] Opened ancient database                  database=/home/swcyb/EcoChain/network/5-nodes-raft-tessera-bash/qdata/dd3/geth/chaindata/ancient
DEBUG[01-02|15:17:03.424] Account Extra Data root                  hash="000000…000000"
INFO [01-02|15:17:03.424] Initialised chain configuration          config="{ChainID: 10 Homestead: 0 DAO: <nil> DAOSupport: false EIP150: 0 EIP155: 0 EIP158: 0 Byzantium: 0 IsQuorum: true Constantinople: 0 TransactionSizeLimit: 64 MaxCodeSize: 0 Petersburg: 0 Istanbul: 0, Muir Glacier: <nil> YOLO v1: <nil> PrivacyEnhancements: 0 Engine: unknown}"
WARN [01-02|15:17:03.424] Ethash used in full fake mode 
INFO [01-02|15:17:03.425] Initialising Ethereum protocol           name=eth versions="[65 64 63]" network=10 dbversion=<nil>
INFO [01-02|15:17:03.425] Initialising Quorum consensus protocol   name=eth versions="[65 64 63]" network=10 dbversion=<nil>
WARN [01-02|15:17:03.425] Upgrade blockchain database version      from=<nil> to=8
INFO [01-02|15:17:03.425] Loaded most recent local header          number=0 hash="91ee4e…383e9e" td=0 age=52y9mo4d
INFO [01-02|15:17:03.425] Loaded most recent local full block      number=0 hash="91ee4e…383e9e" td=0 age=52y9mo4d
INFO [01-02|15:17:03.425] Loaded most recent local fast block      number=0 hash="91ee4e…383e9e" td=0 age=52y9mo4d
DEBUG[01-02|15:17:03.425] Account Extra Data root                  hash="000000…000000"
DEBUG[01-02|15:17:03.425] Account Extra Data root                  hash="000000…000000"
DEBUG[01-02|15:17:03.425] Account Extra Data root                  hash="000000…000000"
DEBUG[01-02|15:17:03.425] Account Extra Data root                  hash="000000…000000"
DEBUG[01-02|15:17:03.425] Reinjecting stale transactions           count=0
INFO [01-02|15:17:03.425] Regenerated local transaction journal    transactions=0 accounts=0
INFO [01-02|15:17:03.432] Allocated fast sync bloom                size=512.00MiB
DEBUG[01-02|15:17:03.432] Current full block not old enough        number=0 hash="91ee4e…383e9e" delay=3162240
WARN [01-02|15:17:03.433] permission-config.json file is missing. Smart-contract-based permission service will be disabled error="stat qdata/dd3/permission-config.json: no such file or directory"
DEBUG[01-02|15:17:03.433] Recalculated downloader QoS values       rtt=20s confidence=1.000 ttl=1m0s
WARN [01-02|15:17:03.433] Found deprecated node list file qdata/dd3/static-nodes.json, please use the TOML config file instead. 
INFO [01-02|15:17:03.438] Initialized fast sync bloom              items=7 errorrate=0.000 elapsed=5.104ms
INFO [01-02|15:17:03.515] raft service registered 
INFO [01-02|15:17:03.515] Connecting to private tx manager using IPC socket 
INFO [01-02|15:17:03.564] Tessera API version: 3.0 
INFO [01-02|15:17:03.565] Target Private Tx Manager                name=Tessera distributionVersion=21.1.1
INFO [01-02|15:17:03.605] extension service registered 
INFO [01-02|15:17:03.612] No plugins to initialise 
INFO [01-02|15:17:03.612] Starting peer-to-peer node               instance=Geth/v1.9.20-stable-fb104840(quorum-v21.4.0)/linux-amd64/go1.15.5
TRACE[01-02|15:17:03.653] Adding static node                       id=16be71cd98d454da ip=127.0.0.1 added=true
TRACE[01-02|15:17:03.653] Starting p2p dial                        id=16be71cd98d454da ip=127.0.0.1 flag=staticdial
DEBUG[01-02|15:17:03.653] TCP listener up                          addr=[::]:21002
TRACE[01-02|15:17:03.653] Adding static node                       id=34fa044daadfe895 ip=127.0.0.1 added=true
TRACE[01-02|15:17:03.653] Starting p2p dial                        id=34fa044daadfe895 ip=127.0.0.1 flag=staticdial
TRACE[01-02|15:17:03.653] Adding static node                       id=a10039970da7ce34 ip=127.0.0.1 added=true
TRACE[01-02|15:17:03.653] Adding static node                       id=0e91101a0500b0f4 ip=127.0.0.1 added=true
TRACE[01-02|15:17:03.653] Starting p2p dial                        id=0e91101a0500b0f4 ip=127.0.0.1 flag=staticdial
TRACE[01-02|15:17:03.654] Adding static node                       id=48ac85a74ee19b1b ip=127.0.0.1 added=true
TRACE[01-02|15:17:03.654] Starting p2p dial                        id=48ac85a74ee19b1b ip=127.0.0.1 flag=staticdial
TRACE[01-02|15:17:03.654] Dial error                               id=48ac85a74ee19b1b addr=127.0.0.1:21004 conn=staticdial err="connect: connection refused"
INFO [01-02|15:17:03.654] New local node record                    seq=1 id=a10039970da7ce34 ip=127.0.0.1 udp=0 tcp=21002
INFO [01-02|15:17:03.654] Started P2P networking                   self="enode://60210c046cd0db139191bdb5a3e537bd63bf5a1da9092b5daffba9cb0b4d1fb3d08806dd461f27ccc50df6a7eae629fb6cd728f80d9f6cc62a23ac93f5e04de2@127.0.0.1:21002?discport=0"
DEBUG[01-02|15:17:03.655] IPC registered                           namespace=admin
DEBUG[01-02|15:17:03.655] IPC registered                           namespace=admin
DEBUG[01-02|15:17:03.655] IPC registered                           namespace=debug
DEBUG[01-02|15:17:03.655] IPC registered                           namespace=web3
DEBUG[01-02|15:17:03.655] IPC registered                           namespace=eth
DEBUG[01-02|15:17:03.655] IPC registered                           namespace=eth
DEBUG[01-02|15:17:03.655] IPC registered                           namespace=eth
DEBUG[01-02|15:17:03.655] IPC registered                           namespace=txpool
DEBUG[01-02|15:17:03.655] IPC registered                           namespace=debug
DEBUG[01-02|15:17:03.655] IPC registered                           namespace=debug
DEBUG[01-02|15:17:03.655] IPC registered                           namespace=eth
TRACE[01-02|15:17:03.655] Quorum permissioning                     id=16be71cd98d454da addr=127.0.0.1:21000 conn=staticdial EnableNodePermission=true DataDir=/home/swcyb/EcoChain/network/5-nodes-raft-tessera-bash/qdata/dd3 Current Node ID=a10039970da7ce342f6bd115b45fcdeeae4b7a03836d22e48a1fa3891e6cb913 Node Name=Geth/v1.9.20-stable-fb104840(quorum-v21.4.0)/linux-amd64/go1.15.5 Dialed Dest="enode://ea590bbdce154b4fe5618b494f85aafdebdb691115f6f7935008fe6e2bfcd00d366b4cbb14f0030c03404e75d61a412392fb8ea29ff9a55232285bcb16a06ab5@127.0.0.1:21000?discport=0&raftport=50401" Connection ID=16be71cd98d454da Connection String=16be71cd98d454da5c07c5c3616dbbd2dff3b748bbb0b585dc80cc75f4f07727
TRACE[01-02|15:17:03.655] Node Permissioning is Enabled.           id=16be71cd98d454da addr=127.0.0.1:21000 conn=staticdial
TRACE[01-02|15:17:03.655] Node Permissioning                       Connection Direction=OUTGOING
DEBUG[01-02|15:17:03.655] parsePermissionedNodes                   DataDir=/home/swcyb/EcoChain/network/5-nodes-raft-tessera-bash/qdata/dd3 file=permissioned-nodes.json
TRACE[01-02|15:17:03.656] Quorum permissioning                     id=0e91101a0500b0f4 addr=127.0.0.1:21003 conn=staticdial EnableNodePermission=true DataDir=/home/swcyb/EcoChain/network/5-nodes-raft-tessera-bash/qdata/dd3 Current Node ID=a10039970da7ce342f6bd115b45fcdeeae4b7a03836d22e48a1fa3891e6cb913 Node Name=Geth/v1.9.20-stable-fb104840(quorum-v21.4.0)/linux-amd64/go1.15.5 Dialed Dest="enode://f41059981e10b6b55742bb882779cdbf1411997e068413839b293534ab21061bdecad92079d6a21bbc1bc4998555670bf9e3dba0857b3c9f2bf68e7ce6d2feaa@127.0.0.1:21003?discport=0&raftport=50404" Connection ID=0e91101a0500b0f4 Connection String=0e91101a0500b0f4af3762ea2b8edcb7a8c3cea9325a46689cb5385febfa51eb
TRACE[01-02|15:17:03.656] Node Permissioning is Enabled.           id=0e91101a0500b0f4 addr=127.0.0.1:21003 conn=staticdial
TRACE[01-02|15:17:03.656] Node Permissioning                       Connection Direction=OUTGOING
DEBUG[01-02|15:17:03.658] parsePermissionedNodes                   DataDir=/home/swcyb/EcoChain/network/5-nodes-raft-tessera-bash/qdata/dd3 file=permissioned-nodes.json
DEBUG[01-02|15:17:03.656] IsNodePermissioned                       permissionedList="[16be71cd98d454da5c07c5c3616dbbd2dff3b748bbb0b585dc80cc75f4f07727 34fa044daadfe89598f0535358e3dddc47b9f9134e92f864d7e65b8e846d4bae a10039970da7ce342f6bd115b45fcdeeae4b7a03836d22e48a1fa3891e6cb913 0e91101a0500b0f4af3762ea2b8edcb7a8c3cea9325a46689cb5385febfa51eb 48ac85a74ee19b1bec08d67b31f87c38fb0ed4cf0b7cf820a7d2e9f1f532b468]"
DEBUG[01-02|15:17:03.658] IsNodePermissioned                       connection=OUTGOING nodename=16be71cd98d454da5c07c5c3616dbbd2 ALLOWED-BY=a10039970da7ce342f6bd115b45fcdee
DEBUG[01-02|15:17:03.658] isNodeBlackListed                        DataDir=/home/swcyb/EcoChain/network/5-nodes-raft-tessera-bash/qdata/dd3 file=disallowed-nodes.json
DEBUG[01-02|15:17:03.658] Read Error for disallowed-nodes.json file. disallowed-nodes.json file is not present. err="stat /home/swcyb/EcoChain/network/5-nodes-raft-tessera-bash/qdata/dd3/disallowed-nodes.json: no such file or directory"
DEBUG[01-02|15:17:03.655] IPC registered                           namespace=personal
DEBUG[01-02|15:17:03.658] IPC registered                           namespace=eth
DEBUG[01-02|15:17:03.658] IPC registered                           namespace=ethash
DEBUG[01-02|15:17:03.658] IPC registered                           namespace=eth
DEBUG[01-02|15:17:03.658] IPC registered                           namespace=eth
DEBUG[01-02|15:17:03.658] IPC registered                           namespace=eth
DEBUG[01-02|15:17:03.658] IPC registered                           namespace=miner
DEBUG[01-02|15:17:03.658] IPC registered                           namespace=eth
DEBUG[01-02|15:17:03.658] IPC registered                           namespace=admin
DEBUG[01-02|15:17:03.658] IPC registered                           namespace=debug
DEBUG[01-02|15:17:03.658] IPC registered                           namespace=debug
DEBUG[01-02|15:17:03.658] IPC registered                           namespace=net
DEBUG[01-02|15:17:03.659] IPC registered                           namespace=raft
DEBUG[01-02|15:17:03.659] IPC registered                           namespace=quorumExtension
INFO [01-02|15:17:03.659] IPC endpoint opened                      url=/home/swcyb/EcoChain/network/5-nodes-raft-tessera-bash/qdata/dd3/geth.ipc
INFO [01-02|15:17:03.659] Security Plugin is not enabled 
ERROR[01-02|15:17:03.659] Unavailable modules in HTTP API list     unavailable="[db shh quorum quorumPermission]" available="[admin debug web3 eth txpool personal ethash miner net raft quorumExtension]"
TRACE[01-02|15:17:03.659] Accepted connection                      addr=127.0.0.1:36290
DEBUG[01-02|15:17:03.659] Adding p2p peer                          peercount=1 id=16be71cd98d454da conn=staticdial addr=127.0.0.1:21000 name=Geth/v1.9.20-stable-...
TRACE[01-02|15:17:03.659] Starting protocol eth/65                 id=16be71cd98d454da conn=staticdial
ERROR[01-02|15:17:03.659] Unavailable modules in HTTP API list     unavailable="[db shh quorum quorumPermission]" available="[admin debug web3 eth txpool personal ethash miner net raft quorumExtension]"
DEBUG[01-02|15:17:03.660] Allowed origin(s) for WS RPC interface [*] 
INFO [01-02|15:17:03.661] Security: TLS not enabled                endpoint=0.0.0.0:22002 reason="no TLSConfigurationSource found"
INFO [01-02|15:17:03.661] HTTP server started                      endpoint=[::]:22002    cors=* vhosts=* isTls=false
INFO [01-02|15:17:03.661] GraphQL enabled                          url=http://[::]:22002/graphql
INFO [01-02|15:17:03.661] GraphQL UI enabled                       url=http://[::]:22002/graphql/ui
INFO [01-02|15:17:03.661] Security: TLS not enabled                endpoint=0.0.0.0:23002 reason="no TLSConfigurationSource found"
DEBUG[01-02|15:17:03.661] IsNodePermissioned                       permissionedList="[16be71cd98d454da5c07c5c3616dbbd2dff3b748bbb0b585dc80cc75f4f07727 34fa044daadfe89598f0535358e3dddc47b9f9134e92f864d7e65b8e846d4bae a10039970da7ce342f6bd115b45fcdeeae4b7a03836d22e48a1fa3891e6cb913 0e91101a0500b0f4af3762ea2b8edcb7a8c3cea9325a46689cb5385febfa51eb 48ac85a74ee19b1bec08d67b31f87c38fb0ed4cf0b7cf820a7d2e9f1f532b468]"
DEBUG[01-02|15:17:03.661] IsNodePermissioned                       connection=OUTGOING nodename=0e91101a0500b0f4af3762ea2b8edcb7 ALLOWED-BY=a10039970da7ce342f6bd115b45fcdee
TRACE[01-02|15:17:03.660] Quorum permissioning                     id=34fa044daadfe895 addr=127.0.0.1:21001 conn=staticdial EnableNodePermission=true DataDir=/home/swcyb/EcoChain/network/5-nodes-raft-tessera-bash/qdata/dd3 Current Node ID=a10039970da7ce342f6bd115b45fcdeeae4b7a03836d22e48a1fa3891e6cb913 Node Name=Geth/v1.9.20-stable-fb104840(quorum-v21.4.0)/linux-amd64/go1.15.5 Dialed Dest="enode://0f8c8ded4c3ef1240df3bccfb9f2f23e69a22a1f683f40fc2eecf9864a90aa367781456c9f1dc26dbb564bf479d5fcca19de533e1294a7c3cd05ba6738c971af@127.0.0.1:21001?discport=0&raftport=50402" Connection ID=34fa044daadfe895 Connection String=34fa044daadfe89598f0535358e3dddc47b9f9134e92f864d7e65b8e846d4bae
TRACE[01-02|15:17:03.661] Node Permissioning is Enabled.           id=34fa044daadfe895 addr=127.0.0.1:21001 conn=staticdial
TRACE[01-02|15:17:03.661] Node Permissioning                       Connection Direction=OUTGOING
DEBUG[01-02|15:17:03.661] parsePermissionedNodes                   DataDir=/home/swcyb/EcoChain/network/5-nodes-raft-tessera-bash/qdata/dd3 file=permissioned-nodes.json
INFO [01-02|15:17:03.661] WebSocket enabled                        url=ws://[::]:23002
INFO [01-02|15:17:03.667] starting raft protocol handler 
INFO [01-02|15:17:03.667] loaded the latest applied index          lastAppliedIndex=0
INFO [01-02|15:17:03.667] replaying WAL 
DEBUG[01-02|15:17:03.661] isNodeBlackListed                        DataDir=/home/swcyb/EcoChain/network/5-nodes-raft-tessera-bash/qdata/dd3 file=disallowed-nodes.json
DEBUG[01-02|15:17:03.668] Read Error for disallowed-nodes.json file. disallowed-nodes.json file is not present. err="stat /home/swcyb/EcoChain/network/5-nodes-raft-tessera-bash/qdata/dd3/disallowed-nodes.json: no such file or directory"
DEBUG[01-02|15:17:03.668] Adding p2p peer                          peercount=2 id=0e91101a0500b0f4 conn=staticdial addr=127.0.0.1:21003 name=Geth/v1.9.20-stable-...
DEBUG[01-02|15:17:03.666] IsNodePermissioned                       permissionedList="[16be71cd98d454da5c07c5c3616dbbd2dff3b748bbb0b585dc80cc75f4f07727 34fa044daadfe89598f0535358e3dddc47b9f9134e92f864d7e65b8e846d4bae a10039970da7ce342f6bd115b45fcdeeae4b7a03836d22e48a1fa3891e6cb913 0e91101a0500b0f4af3762ea2b8edcb7a8c3cea9325a46689cb5385febfa51eb 48ac85a74ee19b1bec08d67b31f87c38fb0ed4cf0b7cf820a7d2e9f1f532b468]"
DEBUG[01-02|15:17:03.668] IsNodePermissioned                       connection=OUTGOING nodename=34fa044daadfe89598f0535358e3dddc ALLOWED-BY=a10039970da7ce342f6bd115b45fcdee
DEBUG[01-02|15:17:03.668] isNodeBlackListed                        DataDir=/home/swcyb/EcoChain/network/5-nodes-raft-tessera-bash/qdata/dd3 file=disallowed-nodes.json
DEBUG[01-02|15:17:03.668] Read Error for disallowed-nodes.json file. disallowed-nodes.json file is not present. err="stat /home/swcyb/EcoChain/network/5-nodes-raft-tessera-bash/qdata/dd3/disallowed-nodes.json: no such file or directory"
TRACE[01-02|15:17:03.668] Starting protocol eth/65                 id=0e91101a0500b0f4 conn=staticdial
TRACE[01-02|15:17:03.666] Quorum permissioning                     id=48ac85a74ee19b1b addr=127.0.0.1:36290 conn=inbound    EnableNodePermission=true DataDir=/home/swcyb/EcoChain/network/5-nodes-raft-tessera-bash/qdata/dd3 Current Node ID=a10039970da7ce342f6bd115b45fcdeeae4b7a03836d22e48a1fa3891e6cb913 Node Name=Geth/v1.9.20-stable-fb104840(quorum-v21.4.0)/linux-amd64/go1.15.5 Dialed Dest=nil Connection ID=48ac85a74ee19b1b Connection String=48ac85a74ee19b1bec08d67b31f87c38fb0ed4cf0b7cf820a7d2e9f1f532b468
TRACE[01-02|15:17:03.668] Starting protocol eth/65                 id=34fa044daadfe895 conn=staticdial
TRACE[01-02|15:17:03.668] Node Permissioning is Enabled.           id=48ac85a74ee19b1b addr=127.0.0.1:36290 conn=inbound
DEBUG[01-02|15:17:03.668] parsePermissionedNodes                   DataDir=/home/swcyb/EcoChain/network/5-nodes-raft-tessera-bash/qdata/dd3 file=permissioned-nodes.json
DEBUG[01-02|15:17:03.668] Ethereum peer connected                  id=34fa044daadfe895 conn=staticdial name=Geth/v1.9.20-stable-fb104840(quorum-v21.4.0)/linux-amd64/go1.15.5
DEBUG[01-02|15:17:03.668] Ethereum peer connected                  id=16be71cd98d454da conn=staticdial name=Geth/v1.9.20-stable-fb104840(quorum-v21.4.0)/linux-amd64/go1.15.5
DEBUG[01-02|15:17:03.668] Adding p2p peer                          peercount=3 id=34fa044daadfe895 conn=staticdial addr=127.0.0.1:21001 name=Geth/v1.9.20-stable-...
TRACE[01-02|15:17:03.669] Registering sync peer                    peer=16be71cd98d454da
DEBUG[01-02|15:17:03.669] Ethereum peer connected                  id=0e91101a0500b0f4 conn=staticdial name=Geth/v1.9.20-stable-fb104840(quorum-v21.4.0)/linux-amd64/go1.15.5
DEBUG[01-02|15:17:03.669] IsNodePermissioned                       permissionedList="[16be71cd98d454da5c07c5c3616dbbd2dff3b748bbb0b585dc80cc75f4f07727 34fa044daadfe89598f0535358e3dddc47b9f9134e92f864d7e65b8e846d4bae a10039970da7ce342f6bd115b45fcdeeae4b7a03836d22e48a1fa3891e6cb913 0e91101a0500b0f4af3762ea2b8edcb7a8c3cea9325a46689cb5385febfa51eb 48ac85a74ee19b1bec08d67b31f87c38fb0ed4cf0b7cf820a7d2e9f1f532b468]"
DEBUG[01-02|15:17:03.671] IsNodePermissioned                       connection=INCOMING nodename=48ac85a74ee19b1bec08d67b31f87c38 ALLOWED-BY=a10039970da7ce342f6bd115b45fcdee
DEBUG[01-02|15:17:03.671] isNodeBlackListed                        DataDir=/home/swcyb/EcoChain/network/5-nodes-raft-tessera-bash/qdata/dd3 file=disallowed-nodes.json
DEBUG[01-02|15:17:03.671] Read Error for disallowed-nodes.json file. disallowed-nodes.json file is not present. err="stat /home/swcyb/EcoChain/network/5-nodes-raft-tessera-bash/qdata/dd3/disallowed-nodes.json: no such file or directory"
DEBUG[01-02|15:17:03.671] Adding p2p peer                          peercount=4 id=48ac85a74ee19b1b conn=inbound    addr=127.0.0.1:36290 name=Geth/v1.9.20-stable-...
TRACE[01-02|15:17:03.671] Starting protocol eth/65                 id=48ac85a74ee19b1b conn=inbound
DEBUG[01-02|15:17:03.671] Ethereum peer connected                  id=48ac85a74ee19b1b conn=inbound    name=Geth/v1.9.20-stable-fb104840(quorum-v21.4.0)/linux-amd64/go1.15.5
TRACE[01-02|15:17:03.671] Registering sync peer                    peer=0e91101a0500b0f4
DEBUG[01-02|15:17:03.671] Relaxed downloader QoS values            rtt=20s confidence=0.500 ttl=1m0s
TRACE[01-02|15:17:03.672] Registering sync peer                    peer=48ac85a74ee19b1b
DEBUG[01-02|15:17:03.672] Relaxed downloader QoS values            rtt=20s confidence=0.333 ttl=1m0s
TRACE[01-02|15:17:03.675] Registering sync peer                    peer=34fa044daadfe895
DEBUG[01-02|15:17:03.675] Relaxed downloader QoS values            rtt=20s confidence=0.250 ttl=1m0s
INFO [01-02|15:17:03.677] loading WAL                              term=0 index=0
INFO [01-02|15:17:03.678] startRaft                                raft ID=3
INFO [01-02|15:17:03.678] starting a new raft log                  initial cluster size of=5
2022-01-02 15:17:03.679006 I | rafthttp: starting peer 1...
2022-01-02 15:17:03.679052 I | rafthttp: started HTTP pipelining with peer 1
TRACE[01-02|15:17:03.679] Adding static node                       id=16be71cd98d454da ip=127.0.0.1 added=false
2022-01-02 15:17:03.681326 I | rafthttp: started streaming with peer 1 (writer)
2022-01-02 15:17:03.681400 I | rafthttp: started streaming with peer 1 (writer)
2022-01-02 15:17:03.683155 I | rafthttp: started peer 1
2022-01-02 15:17:03.683184 I | rafthttp: added peer 1
2022-01-02 15:17:03.684610 I | rafthttp: starting peer 2...
2022-01-02 15:17:03.684636 I | rafthttp: started HTTP pipelining with peer 2
2022-01-02 15:17:03.685699 I | rafthttp: started peer 2
2022-01-02 15:17:03.685754 I | rafthttp: added peer 2
2022-01-02 15:17:03.694110 I | rafthttp: started streaming with peer 1 (stream MsgApp v2 reader)
2022-01-02 15:17:03.694245 I | rafthttp: started streaming with peer 2 (writer)
TRACE[01-02|15:17:03.694] Adding static node                       id=34fa044daadfe895 ip=127.0.0.1 added=false
2022-01-02 15:17:03.694309 I | rafthttp: started streaming with peer 2 (writer)
2022-01-02 15:17:03.694326 I | rafthttp: started streaming with peer 2 (stream Message reader)
2022-01-02 15:17:03.694536 I | rafthttp: started streaming with peer 2 (stream MsgApp v2 reader)
2022-01-02 15:17:03.713641 I | rafthttp: starting peer 4...
2022-01-02 15:17:03.713669 I | rafthttp: started HTTP pipelining with peer 4
2022-01-02 15:17:03.714320 I | rafthttp: started streaming with peer 1 (stream Message reader)
2022-01-02 15:17:03.714583 I | rafthttp: started peer 4
2022-01-02 15:17:03.714603 I | rafthttp: added peer 4
2022-01-02 15:17:03.714703 I | rafthttp: started streaming with peer 4 (writer)
2022-01-02 15:17:03.714713 I | rafthttp: started streaming with peer 4 (writer)
2022-01-02 15:17:03.714810 I | rafthttp: started streaming with peer 4 (stream MsgApp v2 reader)
2022-01-02 15:17:03.714931 I | rafthttp: started streaming with peer 4 (stream Message reader)
TRACE[01-02|15:17:03.724] Adding static node                       id=0e91101a0500b0f4 ip=127.0.0.1 added=false
TRACE[01-02|15:17:03.736] Adding static node                       id=48ac85a74ee19b1b ip=127.0.0.1 added=false
2022-01-02 15:17:03.736655 I | rafthttp: starting peer 5...
2022-01-02 15:17:03.736677 I | rafthttp: started HTTP pipelining with peer 5
2022-01-02 15:17:03.737773 I | rafthttp: started peer 5
2022-01-02 15:17:03.737869 I | rafthttp: added peer 5
2022-01-02 15:17:03.740842 I | rafthttp: peer 4 became active
2022-01-02 15:17:03.740865 I | rafthttp: established a TCP streaming connection with peer 4 (stream Message reader)
2022-01-02 15:17:03.742312 I | rafthttp: established a TCP streaming connection with peer 4 (stream MsgApp v2 reader)
2022-01-02 15:17:03.742722 I | rafthttp: peer 1 became active
2022-01-02 15:17:03.742733 I | rafthttp: established a TCP streaming connection with peer 1 (stream MsgApp v2 reader)
2022-01-02 15:17:03.749734 I | rafthttp: peer 2 became active
2022-01-02 15:17:03.749757 I | rafthttp: established a TCP streaming connection with peer 2 (stream Message reader)
2022-01-02 15:17:03.751668 I | rafthttp: established a TCP streaming connection with peer 2 (stream MsgApp v2 reader)
2022-01-02 15:17:03.753135 I | rafthttp: started streaming with peer 5 (writer)
2022-01-02 15:17:03.753152 I | rafthttp: started streaming with peer 5 (writer)
2022-01-02 15:17:03.753168 I | rafthttp: started streaming with peer 5 (stream Message reader)
2022-01-02 15:17:03.753271 I | rafthttp: started streaming with peer 5 (stream MsgApp v2 reader)
2022-01-02 15:17:03.766497 I | rafthttp: established a TCP streaming connection with peer 1 (stream Message reader)
raft2022/01/02 15:17:03.796515 INFO: newRaft storagehardState{0 0 0 []} confState{[] [] []}
raft2022/01/02 15:17:03.796532 INFO: newRaft config.peers[] config.learners[]
raft2022/01/02 15:17:03.796542 INFO: 3 became follower at term 0
raft2022/01/02 15:17:03.796548 INFO: newRaft 3 learner: false [peers: [], term: 0, commit: 0, applied: 0, lastindex: 0, lastterm: 0]
raft2022/01/02 15:17:03.796552 INFO: 3 became follower at term 1
INFO [01-02|15:17:03.805] raft node started 
DEBUG[01-02|15:17:03.805] extension service: starting 
DEBUG[01-02|15:17:03.806] Enrich call context with token from security context 
DEBUG[01-02|15:17:03.806] Served eth_subscribe                     reqid=1 t="210.626µs"
TRACE[01-02|15:17:03.806] Handled RPC response                     reqid=1 t="7.549µs"
DEBUG[01-02|15:17:03.807] Enrich call context with token from security context 
DEBUG[01-02|15:17:03.807] Served eth_subscribe                     reqid=2 t="133.341µs"
TRACE[01-02|15:17:03.807] Handled RPC response                     reqid=2 t="2.989µs"
DEBUG[01-02|15:17:03.807] Enrich call context with token from security context 
DEBUG[01-02|15:17:03.808] Served eth_subscribe                     reqid=3 t="234.391µs"
TRACE[01-02|15:17:03.808] Handled RPC response                     reqid=3 t="2.867µs"
WARN [01-02|15:17:03.808] ------------------------------------------------------------------- 
WARN [01-02|15:17:03.808] Referring to accounts by order in the keystore folder is dangerous! 
WARN [01-02|15:17:03.808] This functionality is deprecated and will be removed in the future! 
WARN [01-02|15:17:03.808] Please use explicit addresses! (can search via `geth account list`) 
WARN [01-02|15:17:03.808] ------------------------------------------------------------------- 
INFO [01-02|15:17:03.810] confChange                               confState="{Nodes:[1 2 3 4 5] Learners:[] XXX_unrecognized:[]}"
INFO [01-02|15:17:03.810] ConfChangeAddNode                        raft id=1
INFO [01-02|15:17:03.811] ignoring expected ConfChangeAddNode for initial peer raft id=1
INFO [01-02|15:17:03.811] start snapshot                           applied index=0 last snapshot index=0
2022-01-02 15:17:03.837626 I | rafthttp: established a TCP streaming connection with peer 4 (stream Message writer)
INFO [01-02|15:17:03.857] compacted log                            index=0
INFO [01-02|15:17:03.857] persisted the latest applied index       index=1
INFO [01-02|15:17:03.857] confChange                               confState="{Nodes:[1 2 3 4 5] Learners:[] XXX_unrecognized:[]}"
INFO [01-02|15:17:03.857] ConfChangeAddNode                        raft id=2
INFO [01-02|15:17:03.857] ignoring expected ConfChangeAddNode for initial peer raft id=2
INFO [01-02|15:17:03.857] start snapshot                           applied index=1 last snapshot index=1
2022-01-02 15:17:03.858977 I | rafthttp: peer 5 became active
2022-01-02 15:17:03.859009 I | rafthttp: established a TCP streaming connection with peer 5 (stream Message writer)
2022-01-02 15:17:03.859611 I | rafthttp: established a TCP streaming connection with peer 5 (stream MsgApp v2 writer)
INFO [01-02|15:17:03.870] compacted log                            index=1
INFO [01-02|15:17:03.870] persisted the latest applied index       index=2
INFO [01-02|15:17:03.870] confChange                               confState="{Nodes:[1 2 3 4 5] Learners:[] XXX_unrecognized:[]}"
INFO [01-02|15:17:03.871] ConfChangeAddNode                        raft id=3
INFO [01-02|15:17:03.871] ignoring expected ConfChangeAddNode for initial peer raft id=3
INFO [01-02|15:17:03.871] start snapshot                           applied index=2 last snapshot index=2
2022-01-02 15:17:03.877210 I | rafthttp: established a TCP streaming connection with peer 1 (stream Message writer)
2022-01-02 15:17:03.877674 I | rafthttp: established a TCP streaming connection with peer 1 (stream MsgApp v2 writer)
2022-01-02 15:17:03.887727 I | rafthttp: established a TCP streaming connection with peer 2 (stream MsgApp v2 writer)
2022-01-02 15:17:03.887950 I | rafthttp: established a TCP streaming connection with peer 2 (stream Message writer)
INFO [01-02|15:17:03.887] compacted log                            index=2
INFO [01-02|15:17:03.888] persisted the latest applied index       index=3
INFO [01-02|15:17:03.888] confChange                               confState="{Nodes:[1 2 3 4 5] Learners:[] XXX_unrecognized:[]}"
INFO [01-02|15:17:03.888] ConfChangeAddNode                        raft id=4
INFO [01-02|15:17:03.888] ignoring expected ConfChangeAddNode for initial peer raft id=4
INFO [01-02|15:17:03.888] start snapshot                           applied index=3 last snapshot index=3
2022-01-02 15:17:03.906397 I | rafthttp: established a TCP streaming connection with peer 4 (stream MsgApp v2 writer)
INFO [01-02|15:17:03.909] compacted log                            index=3
INFO [01-02|15:17:03.909] persisted the latest applied index       index=4
INFO [01-02|15:17:03.909] confChange                               confState="{Nodes:[1 2 3 4 5] Learners:[] XXX_unrecognized:[]}"
INFO [01-02|15:17:03.909] ConfChangeAddNode                        raft id=5
INFO [01-02|15:17:03.909] ignoring expected ConfChangeAddNode for initial peer raft id=5
INFO [01-02|15:17:03.909] start snapshot                           applied index=4 last snapshot index=4
INFO [01-02|15:17:03.922] compacted log                            index=4
INFO [01-02|15:17:03.922] persisted the latest applied index       index=5
2022-01-02 15:17:03.955086 I | rafthttp: established a TCP streaming connection with peer 5 (stream Message reader)
2022-01-02 15:17:03.955111 I | rafthttp: established a TCP streaming connection with peer 5 (stream MsgApp v2 reader)
INFO [01-02|15:17:04.840] Unlocked account                         address=0x54dB3f746663EDc8ED8a642cAC163c9993cd79A2
WARN [01-02|15:17:04.840] permission-config.json file is missing. Smart-contract-based permission service will be disabled error="stat /home/swcyb/EcoChain/network/5-nodes-raft-tessera-bash/qdata/dd3/permission-config.json: no such file or directory"
INFO [01-02|15:17:04.840] Privacy enhancements is configured to be enabled from block  height=0
raft2022/01/02 15:17:04.906686 INFO: 3 is starting a new election at term 1
raft2022/01/02 15:17:04.906733 INFO: 3 became candidate at term 2
raft2022/01/02 15:17:04.906751 INFO: 3 received MsgVoteResp from 3 at term 2
raft2022/01/02 15:17:04.906757 INFO: 3 [logterm: 1, index: 5] sent MsgVote request to 2 at term 2
raft2022/01/02 15:17:04.906762 INFO: 3 [logterm: 1, index: 5] sent MsgVote request to 4 at term 2
raft2022/01/02 15:17:04.906767 INFO: 3 [logterm: 1, index: 5] sent MsgVote request to 5 at term 2
raft2022/01/02 15:17:04.906773 INFO: 3 [logterm: 1, index: 5] sent MsgVote request to 1 at term 2
raft2022/01/02 15:17:04.916657 INFO: 3 received MsgVoteResp from 4 at term 2
raft2022/01/02 15:17:04.916666 INFO: 3 [quorum:3] has received 2 MsgVoteResp votes and 0 vote rejections
raft2022/01/02 15:17:04.917188 INFO: 3 received MsgVoteResp from 1 at term 2
raft2022/01/02 15:17:04.917196 INFO: 3 [quorum:3] has received 3 MsgVoteResp votes and 0 vote rejections
raft2022/01/02 15:17:04.917203 INFO: 3 became leader at term 2
raft2022/01/02 15:17:04.917222 INFO: raft.node: 3 elected leader 3 at term 2
INFO [01-02|15:17:04.917] QUORUM-CHECKPOINT                        name=BECAME-MINTER
DEBUG[01-02|15:17:04.917] Account Extra Data root                  hash="000000…000000"
DEBUG[01-02|15:17:04.917] Account Extra Data root                  hash="000000…000000"
INFO [01-02|15:17:04.917] Not minting a new block since there are no pending transactions 
INFO [01-02|15:17:04.922] persisted the latest applied index       index=6
DEBUG[01-02|15:17:05.753] Couldn't add port mapping                proto=tcp extport=21002 intport=21002 interface="UPnP or NAT-PMP" err="no UPnP or NAT-PMP router discovered"
DEBUG[01-02|15:17:23.433] Recalculated downloader QoS values       rtt=20s confidence=0.625 ttl=1m0s
DEBUG[01-02|15:17:43.434] Recalculated downloader QoS values       rtt=20s confidence=0.812 ttl=1m0s
TRACE[01-02|15:18:02.600] Pooled new future transaction            hash="f60965…27786c" from=0xdce549bF8546cbB7fAE14811Fdf4Ca40ab37506e to=nil
TRACE[01-02|15:18:02.600] Promoting queued transaction             hash="f60965…27786c"
TRACE[01-02|15:18:02.600] Promoted queued transactions             count=1
TRACE[01-02|15:18:02.600] Broadcast transaction                    hash="f60965…27786c" recipients=0
DEBUG[01-02|15:18:02.600] Account Extra Data root                  hash="000000…000000"
DEBUG[01-02|15:18:02.600] Account Extra Data root                  hash="000000…000000"
INFO [01-02|15:18:02.616] QUORUM-CHECKPOINT                        name=TX-COMPLETED            tx=0xf60965c0c6372d65d1142c6c707d8b78366d1a52ff0ac0da802137037f27786c time=16.512367ms
INFO [01-02|15:18:02.617] Generated next block                     block num=1 num txes=1
DEBUG[01-02|15:18:02.617] AccountExtraData root after trie commit  root="56e81f…63b421"
DEBUG[01-02|15:18:02.617] AccountExtraData root after trie commit  root="56e81f…63b421"
INFO [01-02|15:18:02.617] 🔨  Mined block                           number=1 hash=330bf4f4        elapsed=16.904749ms
INFO [01-02|15:18:02.620] QUORUM-CHECKPOINT                        name=TX-ACCEPTED             tx=0xf60965c0c6372d65d1142c6c707d8b78366d1a52ff0ac0da802137037f27786c
DEBUG[01-02|15:18:02.620] Account Extra Data root                  hash="000000…000000"
DEBUG[01-02|15:18:02.620] Account Extra Data root                  hash="000000…000000"
DEBUG[01-02|15:18:02.621] AccountExtraData root after trie commit  root="56e81f…63b421"
DEBUG[01-02|15:18:02.621] Persisted trie from memory database      nodes=0 size=0.00B     time="2.032µs"   gcnodes=0 gcsize=0.00B gctime=0s livenodes=1 livesize=0.00B
DEBUG[01-02|15:18:02.621] AccountExtraData root after trie commit  root="56e81f…63b421"
DEBUG[01-02|15:18:02.621] Inserted new block                       number=1 hash="330bf4…f59567" uncles=0 txs=1 gas=130038 elapsed="523.292µs" root="fe9772…9f52ec"
INFO [01-02|15:18:02.621] Imported new chain segment               blocks=1 txs=1 mgas=0.130 elapsed="594.012µs" mgasps=218.915 number=1 hash="330bf4…f59567" dirty=1.90KiB
INFO [01-02|15:18:02.621] QUORUM-CHECKPOINT                        name=BLOCK-CREATED           block=330bf4f44611fd3672937e8d5ef5805652d5954743d08811150ec00536f59567
INFO [01-02|15:18:02.621] persisted the latest applied index       index=7
DEBUG[01-02|15:18:02.621] Account Extra Data root                  hash="000000…000000"
DEBUG[01-02|15:18:02.621] Account Extra Data root                  hash="000000…000000"
INFO [01-02|15:18:02.621] TX failed, will be removed               hash="f60965…27786c" err="nonce too low"
INFO [01-02|15:18:02.621] Not minting a new block since there are no pending transactions 
DEBUG[01-02|15:18:02.621] Account Extra Data root                  hash="000000…000000"
DEBUG[01-02|15:18:02.621] Account Extra Data root                  hash="000000…000000"
DEBUG[01-02|15:18:02.621] Reinjecting stale transactions           count=0
TRACE[01-02|15:18:02.621] Removed old pending transaction          hash="f60965…27786c"
DEBUG[01-02|15:18:03.433] Current full block not old enough        number=1 hash="330bf4…f59567" delay=3162240
DEBUG[01-02|15:18:03.434] Recalculated downloader QoS values       rtt=20s confidence=0.906 ttl=1m0s
DEBUG[01-02|15:18:23.434] Recalculated downloader QoS values       rtt=20s confidence=0.953 ttl=1m0s
DEBUG[01-02|15:18:43.435] Recalculated downloader QoS values       rtt=20s confidence=0.977 ttl=1m0s
DEBUG[01-02|15:19:03.434] Current full block not old enough        number=1 hash="330bf4…f59567" delay=3162240
DEBUG[01-02|15:19:03.437] Recalculated downloader QoS values       rtt=20s confidence=0.988 ttl=1m0s
DEBUG[01-02|15:19:23.440] Recalculated downloader QoS values       rtt=20s confidence=0.994 ttl=1m0s
DEBUG[01-02|15:19:43.440] Recalculated downloader QoS values       rtt=20s confidence=0.997 ttl=1m0s
DEBUG[01-02|15:20:03.434] Current full block not old enough        number=1 hash="330bf4…f59567" delay=3162240
DEBUG[01-02|15:20:03.441] Recalculated downloader QoS values       rtt=20s confidence=0.999 ttl=1m0s
DEBUG[01-02|15:20:23.441] Recalculated downloader QoS values       rtt=20s confidence=0.999 ttl=1m0s
DEBUG[01-02|15:20:43.442] Recalculated downloader QoS values       rtt=20s confidence=1.000 ttl=1m0s
TRACE[01-02|15:21:01.932] Pooled new future transaction            hash="f398b3…8f5324" from=0xdce549bF8546cbB7fAE14811Fdf4Ca40ab37506e to=nil
TRACE[01-02|15:21:01.932] Promoting queued transaction             hash="f398b3…8f5324"
TRACE[01-02|15:21:01.932] Promoted queued transactions             count=1
DEBUG[01-02|15:21:01.932] Account Extra Data root                  hash="000000…000000"
DEBUG[01-02|15:21:01.932] Account Extra Data root                  hash="000000…000000"
INFO [01-02|15:21:01.932] QUORUM-CHECKPOINT                        name=TX-COMPLETED            tx=0xf398b38ec4961887ad110d84f7db340dfff69bcc8a12cc7bc7121eb8818f5324 time="106.526µs"
INFO [01-02|15:21:01.932] Generated next block                     block num=2 num txes=1
DEBUG[01-02|15:21:01.932] AccountExtraData root after trie commit  root="56e81f…63b421"
DEBUG[01-02|15:21:01.932] AccountExtraData root after trie commit  root="56e81f…63b421"
INFO [01-02|15:21:01.932] 🔨  Mined block                           number=2 hash=418e981f        elapsed="383.677µs"
TRACE[01-02|15:21:01.932] Broadcast transaction                    hash="f398b3…8f5324" recipients=0
INFO [01-02|15:21:01.937] QUORUM-CHECKPOINT                        name=TX-ACCEPTED             tx=0xf398b38ec4961887ad110d84f7db340dfff69bcc8a12cc7bc7121eb8818f5324
DEBUG[01-02|15:21:01.937] Account Extra Data root                  hash="000000…000000"
DEBUG[01-02|15:21:01.937] Account Extra Data root                  hash="000000…000000"
DEBUG[01-02|15:21:01.937] AccountExtraData root after trie commit  root="56e81f…63b421"
DEBUG[01-02|15:21:01.937] Persisted trie from memory database      nodes=0 size=0.00B     time="1.986µs"   gcnodes=0 gcsize=0.00B gctime=0s livenodes=1 livesize=0.00B
DEBUG[01-02|15:21:01.937] AccountExtraData root after trie commit  root="56e81f…63b421"
DEBUG[01-02|15:21:01.937] Inserted new block                       number=2 hash="418e98…c2f5f0" uncles=0 txs=1 gas=130038 elapsed="628.5µs"   root="1b181e…5407b9"
INFO [01-02|15:21:01.937] Imported new chain segment               blocks=1 txs=1 mgas=0.130 elapsed="761.804µs" mgasps=170.697 number=2 hash="418e98…c2f5f0" dirty=3.84KiB
INFO [01-02|15:21:01.937] QUORUM-CHECKPOINT                        name=BLOCK-CREATED           block=418e981f56ad319d5001e939fee75790389c3f1284f318b01268661cbac2f5f0
INFO [01-02|15:21:01.937] persisted the latest applied index       index=8
DEBUG[01-02|15:21:01.937] Account Extra Data root                  hash="000000…000000"
DEBUG[01-02|15:21:01.938] Account Extra Data root                  hash="000000…000000"
DEBUG[01-02|15:21:01.938] Reinjecting stale transactions           count=0
TRACE[01-02|15:21:01.938] Removed old pending transaction          hash="f398b3…8f5324"
DEBUG[01-02|15:21:01.938] Account Extra Data root                  hash="000000…000000"
DEBUG[01-02|15:21:01.938] Account Extra Data root                  hash="000000…000000"
INFO [01-02|15:21:01.938] Not minting a new block since there are no pending transactions 
DEBUG[01-02|15:21:03.434] Current full block not old enough        number=2 hash="418e98…c2f5f0" delay=3162240
DEBUG[01-02|15:21:03.442] Recalculated downloader QoS values       rtt=20s confidence=1.000 ttl=1m0s
DEBUG[01-02|15:21:23.443] Recalculated downloader QoS values       rtt=20s confidence=1.000 ttl=1m0s
DEBUG[01-02|15:21:43.443] Recalculated downloader QoS values       rtt=20s confidence=1.000 ttl=1m0s
DEBUG[01-02|15:22:03.435] Current full block not old enough        number=2 hash="418e98…c2f5f0" delay=3162240
DEBUG[01-02|15:22:03.444] Recalculated downloader QoS values       rtt=20s confidence=1.000 ttl=1m0s
DEBUG[01-02|15:22:23.444] Recalculated downloader QoS values       rtt=20s confidence=1.000 ttl=1m0s
DEBUG[01-02|15:22:43.444] Recalculated downloader QoS values       rtt=20s confidence=1.000 ttl=1m0s
DEBUG[01-02|15:23:03.435] Current full block not old enough        number=2 hash="418e98…c2f5f0" delay=3162240
DEBUG[01-02|15:23:03.444] Recalculated downloader QoS values       rtt=20s confidence=1.000 ttl=1m0s
DEBUG[01-02|15:23:23.445] Recalculated downloader QoS values       rtt=20s confidence=1.000 ttl=1m0s
DEBUG[01-02|15:23:43.445] Recalculated downloader QoS values       rtt=20s confidence=1.000 ttl=1m0s
DEBUG[01-02|15:24:03.435] Current full block not old enough        number=2 hash="418e98…c2f5f0" delay=3162240
DEBUG[01-02|15:24:03.449] Recalculated downloader QoS values       rtt=20s confidence=1.000 ttl=1m0s
DEBUG[01-02|15:24:23.449] Recalculated downloader QoS values       rtt=20s confidence=1.000 ttl=1m0s
DEBUG[01-02|15:24:43.449] Recalculated downloader QoS values       rtt=20s confidence=1.000 ttl=1m0s
DEBUG[01-02|15:25:03.436] Current full block not old enough        number=2 hash="418e98…c2f5f0" delay=3162240
DEBUG[01-02|15:25:03.449] Recalculated downloader QoS values       rtt=20s confidence=1.000 ttl=1m0s
DEBUG[01-02|15:25:23.450] Recalculated downloader QoS values       rtt=20s confidence=1.000 ttl=1m0s
DEBUG[01-02|15:25:43.451] Recalculated downloader QoS values       rtt=20s confidence=1.000 ttl=1m0s
DEBUG[01-02|15:26:03.438] Current full block not old enough        number=2 hash="418e98…c2f5f0" delay=3162240
DEBUG[01-02|15:26:03.454] Recalculated downloader QoS values       rtt=20s confidence=1.000 ttl=1m0s
DEBUG[01-02|15:26:23.455] Recalculated downloader QoS values       rtt=20s confidence=1.000 ttl=1m0s
DEBUG[01-02|15:26:43.455] Recalculated downloader QoS values       rtt=20s confidence=1.000 ttl=1m0s
DEBUG[01-02|15:27:03.439] Current full block not old enough        number=2 hash="418e98…c2f5f0" delay=3162240
DEBUG[01-02|15:27:03.456] Recalculated downloader QoS values       rtt=20s confidence=1.000 ttl=1m0s
TRACE[01-02|15:27:03.653] Refreshing port mapping                  proto=tcp extport=21002 intport=21002 interface="UPnP or NAT-PMP"
DEBUG[01-02|15:27:03.653] Couldn't add port mapping                proto=tcp extport=21002 intport=21002 interface="UPnP or NAT-PMP" err="no UPnP or NAT-PMP router discovered"
DEBUG[01-02|15:27:23.456] Recalculated downloader QoS values       rtt=20s confidence=1.000 ttl=1m0s
DEBUG[01-02|15:27:43.457] Recalculated downloader QoS values       rtt=20s confidence=1.000 ttl=1m0s
DEBUG[01-02|15:28:03.439] Current full block not old enough        number=2 hash="418e98…c2f5f0" delay=3162240
DEBUG[01-02|15:28:03.457] Recalculated downloader QoS values       rtt=20s confidence=1.000 ttl=1m0s
