2022-01-02 15:16:47.946 [main] INFO  c.q.tessera.enclave.EnclaveFactory - Creating enclave
2022-01-02 15:16:47.949 [main] INFO  c.q.tessera.enclave.EnclaveFactory - Creating enclave server
2022-01-02 15:16:49.610 [main] INFO  c.q.t.t.TesseraScheduledExecutor - Starting PartyInfoBroadcaster
2022-01-02 15:16:49.636 [main] INFO  c.q.t.t.TesseraScheduledExecutor - Started PartyInfoBroadcaster
2022-01-02 15:16:49.639 [main] INFO  c.q.t.t.TesseraScheduledExecutor - Starting EnclaveKeySynchroniserFactory
2022-01-02 15:16:49.649 [main] INFO  c.q.t.t.TesseraScheduledExecutor - Started EnclaveKeySynchroniserFactory
2022-01-02 15:16:49.713 [main] INFO  c.q.t.config.apps.TesseraAppFactory - Loaded app com.quorum.tessera.p2p.P2PRestApp@1f15e689
2022-01-02 15:16:49.718 [main] INFO  c.q.t.config.apps.TesseraAppFactory - Loaded app com.quorum.tessera.q2t.Q2TRestApp@14c99bf6
2022-01-02 15:16:49.759 [main] WARN  c.q.t.c.util.EncryptedStringResolver - Some sensitive values are being given as unencrypted plain text in config. Please note this is NOT recommended for production environment.
2022-01-02 15:16:49.787 [main] INFO  com.zaxxer.hikari.HikariDataSource - HikariPool-1 - Starting...
2022-01-02 15:16:50.118 [main] INFO  com.zaxxer.hikari.HikariDataSource - HikariPool-1 - Start completed.
2022-01-02 15:16:50.264 [main] ERROR eclipselink.logging.metadata - java.lang.IllegalArgumentException: Unsupported class file major version 61
2022-01-02 15:16:50.265 [main] ERROR eclipselink.logging.metadata - java.lang.ArrayIndexOutOfBoundsException: Index 8 out of bounds for length 0
2022-01-02 15:16:50.323 [main] ERROR eclipselink.logging.metadata - java.lang.IllegalArgumentException: Unsupported class file major version 61
2022-01-02 15:16:50.323 [main] ERROR eclipselink.logging.metadata - java.lang.ArrayIndexOutOfBoundsException: Index 8 out of bounds for length 0
2022-01-02 15:16:50.564 [main] INFO  eclipselink.logging.all - EclipseLink, version: Eclipse Persistence Services - 2.7.7.v20200504-69f2c2b80d
2022-01-02 15:16:50.864 [main] WARN  eclipselink.logging.ddl - Removing UNIQUE constraint definition from [ENCRYPTED_TRANSACTION.HASH] because it is also a primary key.
2022-01-02 15:16:50.885 [main] WARN  eclipselink.logging.ddl - Removing UNIQUE constraint definition from [ENCRYPTED_RAW_TRANSACTION.HASH] because it is also a primary key.
2022-01-02 15:16:50.947 [main] ERROR eclipselink.logging.metadata - java.lang.IllegalArgumentException: Unsupported class file major version 61
2022-01-02 15:16:50.947 [main] ERROR eclipselink.logging.metadata - java.lang.ArrayIndexOutOfBoundsException: Index 8 out of bounds for length 0
2022-01-02 15:16:50.956 [main] ERROR eclipselink.logging.metadata - java.lang.IllegalArgumentException: Unsupported class file major version 61
2022-01-02 15:16:50.956 [main] ERROR eclipselink.logging.metadata - java.lang.ArrayIndexOutOfBoundsException
2022-01-02 15:16:50.956 [main] ERROR eclipselink.logging.metadata - java.lang.IllegalArgumentException: Unsupported class file major version 61
2022-01-02 15:16:50.956 [main] ERROR eclipselink.logging.metadata - java.lang.ArrayIndexOutOfBoundsException
2022-01-02 15:16:50.967 [main] ERROR eclipselink.logging.metadata - java.lang.IllegalArgumentException: Unsupported class file major version 61
2022-01-02 15:16:50.967 [main] ERROR eclipselink.logging.metadata - java.lang.ArrayIndexOutOfBoundsException
2022-01-02 15:16:50.988 [main] ERROR eclipselink.logging.metadata - java.lang.IllegalArgumentException: Unsupported class file major version 61
2022-01-02 15:16:50.989 [main] ERROR eclipselink.logging.metadata - java.lang.ArrayIndexOutOfBoundsException
2022-01-02 15:16:50.994 [main] ERROR eclipselink.logging.metadata - java.lang.IllegalArgumentException: Unsupported class file major version 61
2022-01-02 15:16:50.994 [main] ERROR eclipselink.logging.metadata - java.lang.ArrayIndexOutOfBoundsException
2022-01-02 15:16:50.995 [main] ERROR eclipselink.logging.metadata - java.lang.IllegalArgumentException: Unsupported class file major version 61
2022-01-02 15:16:50.996 [main] ERROR eclipselink.logging.metadata - java.lang.ArrayIndexOutOfBoundsException
2022-01-02 15:16:50.998 [main] ERROR eclipselink.logging.metadata - java.lang.IllegalArgumentException: Unsupported class file major version 61
2022-01-02 15:16:51.003 [main] ERROR eclipselink.logging.metadata - java.lang.ArrayIndexOutOfBoundsException
2022-01-02 15:16:51.004 [main] ERROR eclipselink.logging.metadata - java.lang.IllegalArgumentException: Unsupported class file major version 61
2022-01-02 15:16:51.004 [main] ERROR eclipselink.logging.metadata - java.lang.ArrayIndexOutOfBoundsException
2022-01-02 15:16:51.004 [main] ERROR eclipselink.logging.metadata - java.lang.IllegalArgumentException: Unsupported class file major version 61
2022-01-02 15:16:51.004 [main] ERROR eclipselink.logging.metadata - java.lang.ArrayIndexOutOfBoundsException
2022-01-02 15:16:51.005 [main] ERROR eclipselink.logging.metadata - java.lang.IllegalArgumentException: Unsupported class file major version 61
2022-01-02 15:16:51.007 [main] ERROR eclipselink.logging.metadata - java.lang.ArrayIndexOutOfBoundsException
2022-01-02 15:16:51.067 [main] INFO  eclipselink.logging.all - EclipseLink, version: Eclipse Persistence Services - 2.7.7.v20200504-69f2c2b80d
2022-01-02 15:16:51.103 [main] WARN  eclipselink.logging.all - Exception [EclipseLink-4002] (Eclipse Persistence Services - 2.7.7.v20200504-69f2c2b80d): org.eclipse.persistence.exceptions.DatabaseExceptionInternal Exception: org.h2.jdbc.JdbcSQLSyntaxErrorException: Table "ST_AFFECTED_TRANSACTION" not found; SQL statement:ALTER TABLE ST_AFFECTED_TRANSACTION DROP CONSTRAINT FK_ST_AFFECTED_TRANSACTION_TXN_ID [42102-200]Error Code: 42102Call: ALTER TABLE ST_AFFECTED_TRANSACTION DROP CONSTRAINT FK_ST_AFFECTED_TRANSACTION_TXN_IDQuery: DataModifyQuery(sql="ALTER TABLE ST_AFFECTED_TRANSACTION DROP CONSTRAINT FK_ST_AFFECTED_TRANSACTION_TXN_ID")
2022-01-02 15:16:51.108 [main] WARN  eclipselink.logging.all - Exception [EclipseLink-4002] (Eclipse Persistence Services - 2.7.7.v20200504-69f2c2b80d): org.eclipse.persistence.exceptions.DatabaseExceptionInternal Exception: org.h2.jdbc.JdbcSQLSyntaxErrorException: Index "ST_TRANSACTION_VALSTG" not found; SQL statement:DROP INDEX ST_TRANSACTION_VALSTG [42112-200]Error Code: 42112Call: DROP INDEX ST_TRANSACTION_VALSTGQuery: DataModifyQuery(sql="DROP INDEX ST_TRANSACTION_VALSTG")
2022-01-02 15:16:51.113 [main] WARN  eclipselink.logging.all - Exception [EclipseLink-4002] (Eclipse Persistence Services - 2.7.7.v20200504-69f2c2b80d): org.eclipse.persistence.exceptions.DatabaseExceptionInternal Exception: org.h2.jdbc.JdbcSQLSyntaxErrorException: Index "ST_TRANSACTION_HASH" not found; SQL statement:DROP INDEX ST_TRANSACTION_HASH [42112-200]Error Code: 42112Call: DROP INDEX ST_TRANSACTION_HASHQuery: DataModifyQuery(sql="DROP INDEX ST_TRANSACTION_HASH")
2022-01-02 15:16:51.115 [main] WARN  eclipselink.logging.all - Exception [EclipseLink-4002] (Eclipse Persistence Services - 2.7.7.v20200504-69f2c2b80d): org.eclipse.persistence.exceptions.DatabaseExceptionInternal Exception: org.h2.jdbc.JdbcSQLSyntaxErrorException: Table "ST_TRANSACTION" not found; SQL statement:DROP TABLE ST_TRANSACTION [42102-200]Error Code: 42102Call: DROP TABLE ST_TRANSACTIONQuery: DataModifyQuery(sql="DROP TABLE ST_TRANSACTION")
2022-01-02 15:16:51.116 [main] WARN  eclipselink.logging.all - Exception [EclipseLink-4002] (Eclipse Persistence Services - 2.7.7.v20200504-69f2c2b80d): org.eclipse.persistence.exceptions.DatabaseExceptionInternal Exception: org.h2.jdbc.JdbcSQLSyntaxErrorException: Table "ST_AFFECTED_TRANSACTION" not found; SQL statement:DROP TABLE ST_AFFECTED_TRANSACTION [42102-200]Error Code: 42102Call: DROP TABLE ST_AFFECTED_TRANSACTIONQuery: DataModifyQuery(sql="DROP TABLE ST_AFFECTED_TRANSACTION")
2022-01-02 15:16:51.120 [main] WARN  eclipselink.logging.all - Exception [EclipseLink-4002] (Eclipse Persistence Services - 2.7.7.v20200504-69f2c2b80d): org.eclipse.persistence.exceptions.DatabaseExceptionInternal Exception: org.h2.jdbc.JdbcSQLSyntaxErrorException: Index "ST_TRANSACTION_VALSTG" not found; SQL statement:DROP INDEX ST_TRANSACTION_VALSTG [42112-200]Error Code: 42112Call: DROP INDEX ST_TRANSACTION_VALSTGQuery: DataModifyQuery(sql="DROP INDEX ST_TRANSACTION_VALSTG")
2022-01-02 15:16:51.123 [main] WARN  eclipselink.logging.all - Exception [EclipseLink-4002] (Eclipse Persistence Services - 2.7.7.v20200504-69f2c2b80d): org.eclipse.persistence.exceptions.DatabaseExceptionInternal Exception: org.h2.jdbc.JdbcSQLSyntaxErrorException: Index "ST_TRANSACTION_HASH" not found; SQL statement:DROP INDEX ST_TRANSACTION_HASH [42112-200]Error Code: 42112Call: DROP INDEX ST_TRANSACTION_HASHQuery: DataModifyQuery(sql="DROP INDEX ST_TRANSACTION_HASH")
2022-01-02 15:16:51.124 [main] WARN  eclipselink.logging.all - Exception [EclipseLink-4002] (Eclipse Persistence Services - 2.7.7.v20200504-69f2c2b80d): org.eclipse.persistence.exceptions.DatabaseExceptionInternal Exception: org.h2.jdbc.JdbcSQLSyntaxErrorException: Table "ST_TRANSACTION" not found; SQL statement:DROP TABLE ST_TRANSACTION [42102-200]Error Code: 42102Call: DROP TABLE ST_TRANSACTIONQuery: DataModifyQuery(sql="DROP TABLE ST_TRANSACTION")
2022-01-02 15:16:51.125 [main] WARN  eclipselink.logging.all - Exception [EclipseLink-4002] (Eclipse Persistence Services - 2.7.7.v20200504-69f2c2b80d): org.eclipse.persistence.exceptions.DatabaseExceptionInternal Exception: org.h2.jdbc.JdbcSQLSyntaxErrorException: Table "ST_AFFECTED_TRANSACTION" not found; SQL statement:DROP TABLE ST_AFFECTED_TRANSACTION [42102-200]Error Code: 42102Call: DROP TABLE ST_AFFECTED_TRANSACTIONQuery: DataModifyQuery(sql="DROP TABLE ST_AFFECTED_TRANSACTION")
2022-01-02 15:16:51.128 [main] WARN  eclipselink.logging.all - Exception [EclipseLink-4002] (Eclipse Persistence Services - 2.7.7.v20200504-69f2c2b80d): org.eclipse.persistence.exceptions.DatabaseExceptionInternal Exception: org.h2.jdbc.JdbcSQLSyntaxErrorException: Index "ST_TRANSACTION_VALSTG" not found; SQL statement:DROP INDEX ST_TRANSACTION_VALSTG [42112-200]Error Code: 42112Call: DROP INDEX ST_TRANSACTION_VALSTGQuery: DataModifyQuery(sql="DROP INDEX ST_TRANSACTION_VALSTG")
2022-01-02 15:16:51.130 [main] WARN  eclipselink.logging.all - Exception [EclipseLink-4002] (Eclipse Persistence Services - 2.7.7.v20200504-69f2c2b80d): org.eclipse.persistence.exceptions.DatabaseExceptionInternal Exception: org.h2.jdbc.JdbcSQLSyntaxErrorException: Index "ST_TRANSACTION_HASH" not found; SQL statement:DROP INDEX ST_TRANSACTION_HASH [42112-200]Error Code: 42112Call: DROP INDEX ST_TRANSACTION_HASHQuery: DataModifyQuery(sql="DROP INDEX ST_TRANSACTION_HASH")
2022-01-02 15:16:51.131 [main] WARN  eclipselink.logging.all - Exception [EclipseLink-4002] (Eclipse Persistence Services - 2.7.7.v20200504-69f2c2b80d): org.eclipse.persistence.exceptions.DatabaseExceptionInternal Exception: org.h2.jdbc.JdbcSQLSyntaxErrorException: Table "ST_TRANSACTION" not found; SQL statement:DROP TABLE ST_TRANSACTION [42102-200]Error Code: 42102Call: DROP TABLE ST_TRANSACTIONQuery: DataModifyQuery(sql="DROP TABLE ST_TRANSACTION")
2022-01-02 15:16:51.132 [main] WARN  eclipselink.logging.all - Exception [EclipseLink-4002] (Eclipse Persistence Services - 2.7.7.v20200504-69f2c2b80d): org.eclipse.persistence.exceptions.DatabaseExceptionInternal Exception: org.h2.jdbc.JdbcSQLSyntaxErrorException: Table "ST_AFFECTED_TRANSACTION" not found; SQL statement:DROP TABLE ST_AFFECTED_TRANSACTION [42102-200]Error Code: 42102Call: DROP TABLE ST_AFFECTED_TRANSACTIONQuery: DataModifyQuery(sql="DROP TABLE ST_AFFECTED_TRANSACTION")
2022-01-02 15:16:51.134 [main] WARN  eclipselink.logging.all - Exception [EclipseLink-4002] (Eclipse Persistence Services - 2.7.7.v20200504-69f2c2b80d): org.eclipse.persistence.exceptions.DatabaseExceptionInternal Exception: org.h2.jdbc.JdbcSQLSyntaxErrorException: Index "ST_TRANSACTION_VALSTG" not found; SQL statement:DROP INDEX ST_TRANSACTION_VALSTG [42112-200]Error Code: 42112Call: DROP INDEX ST_TRANSACTION_VALSTGQuery: DataModifyQuery(sql="DROP INDEX ST_TRANSACTION_VALSTG")
2022-01-02 15:16:51.136 [main] WARN  eclipselink.logging.all - Exception [EclipseLink-4002] (Eclipse Persistence Services - 2.7.7.v20200504-69f2c2b80d): org.eclipse.persistence.exceptions.DatabaseExceptionInternal Exception: org.h2.jdbc.JdbcSQLSyntaxErrorException: Index "ST_TRANSACTION_HASH" not found; SQL statement:DROP INDEX ST_TRANSACTION_HASH [42112-200]Error Code: 42112Call: DROP INDEX ST_TRANSACTION_HASHQuery: DataModifyQuery(sql="DROP INDEX ST_TRANSACTION_HASH")
2022-01-02 15:16:51.137 [main] WARN  eclipselink.logging.all - Exception [EclipseLink-4002] (Eclipse Persistence Services - 2.7.7.v20200504-69f2c2b80d): org.eclipse.persistence.exceptions.DatabaseExceptionInternal Exception: org.h2.jdbc.JdbcSQLSyntaxErrorException: Table "ST_TRANSACTION" not found; SQL statement:DROP TABLE ST_TRANSACTION [42102-200]Error Code: 42102Call: DROP TABLE ST_TRANSACTIONQuery: DataModifyQuery(sql="DROP TABLE ST_TRANSACTION")
2022-01-02 15:16:51.138 [main] WARN  eclipselink.logging.all - Exception [EclipseLink-4002] (Eclipse Persistence Services - 2.7.7.v20200504-69f2c2b80d): org.eclipse.persistence.exceptions.DatabaseExceptionInternal Exception: org.h2.jdbc.JdbcSQLSyntaxErrorException: Table "ST_AFFECTED_TRANSACTION" not found; SQL statement:DROP TABLE ST_AFFECTED_TRANSACTION [42102-200]Error Code: 42102Call: DROP TABLE ST_AFFECTED_TRANSACTIONQuery: DataModifyQuery(sql="DROP TABLE ST_AFFECTED_TRANSACTION")
2022-01-02 15:16:51.140 [main] WARN  eclipselink.logging.all - Exception [EclipseLink-4002] (Eclipse Persistence Services - 2.7.7.v20200504-69f2c2b80d): org.eclipse.persistence.exceptions.DatabaseExceptionInternal Exception: org.h2.jdbc.JdbcSQLSyntaxErrorException: Index "ST_TRANSACTION_VALSTG" not found; SQL statement:DROP INDEX ST_TRANSACTION_VALSTG [42112-200]Error Code: 42112Call: DROP INDEX ST_TRANSACTION_VALSTGQuery: DataModifyQuery(sql="DROP INDEX ST_TRANSACTION_VALSTG")
2022-01-02 15:16:51.142 [main] WARN  eclipselink.logging.all - Exception [EclipseLink-4002] (Eclipse Persistence Services - 2.7.7.v20200504-69f2c2b80d): org.eclipse.persistence.exceptions.DatabaseExceptionInternal Exception: org.h2.jdbc.JdbcSQLSyntaxErrorException: Index "ST_TRANSACTION_HASH" not found; SQL statement:DROP INDEX ST_TRANSACTION_HASH [42112-200]Error Code: 42112Call: DROP INDEX ST_TRANSACTION_HASHQuery: DataModifyQuery(sql="DROP INDEX ST_TRANSACTION_HASH")
2022-01-02 15:16:51.143 [main] WARN  eclipselink.logging.all - Exception [EclipseLink-4002] (Eclipse Persistence Services - 2.7.7.v20200504-69f2c2b80d): org.eclipse.persistence.exceptions.DatabaseExceptionInternal Exception: org.h2.jdbc.JdbcSQLSyntaxErrorException: Table "ST_TRANSACTION" not found; SQL statement:DROP TABLE ST_TRANSACTION [42102-200]Error Code: 42102Call: DROP TABLE ST_TRANSACTIONQuery: DataModifyQuery(sql="DROP TABLE ST_TRANSACTION")
2022-01-02 15:16:51.144 [main] WARN  eclipselink.logging.all - Exception [EclipseLink-4002] (Eclipse Persistence Services - 2.7.7.v20200504-69f2c2b80d): org.eclipse.persistence.exceptions.DatabaseExceptionInternal Exception: org.h2.jdbc.JdbcSQLSyntaxErrorException: Table "ST_AFFECTED_TRANSACTION" not found; SQL statement:DROP TABLE ST_AFFECTED_TRANSACTION [42102-200]Error Code: 42102Call: DROP TABLE ST_AFFECTED_TRANSACTIONQuery: DataModifyQuery(sql="DROP TABLE ST_AFFECTED_TRANSACTION")
2022-01-02 15:16:51.165 [main] INFO  c.q.t.config.apps.TesseraAppFactory - Loaded app com.quorum.tessera.thirdparty.ThirdPartyRestApp@63814bbe
2022-01-02 15:16:51.165 [main] INFO  c.q.t.config.apps.TesseraAppFactory - Create from REST THIRD_PARTY
2022-01-02 15:16:51.165 [main] INFO  c.q.t.config.apps.TesseraAppFactory - Creating application type THIRD_PARTY for REST
2022-01-02 15:16:51.179 [main] INFO  c.q.t.config.apps.TesseraAppFactory - Create from REST Q2T
2022-01-02 15:16:51.179 [main] INFO  c.q.t.config.apps.TesseraAppFactory - Creating application type Q2T for REST
2022-01-02 15:16:51.179 [main] INFO  c.q.t.config.apps.TesseraAppFactory - Create from REST P2P
2022-01-02 15:16:51.179 [main] INFO  c.q.t.config.apps.TesseraAppFactory - Creating application type P2P for REST
2022-01-02 15:16:51.264 [main] INFO  org.eclipse.jetty.util.log - Logging initialized @6930ms to org.eclipse.jetty.util.log.Slf4jLog
2022-01-02 15:16:51.403 [main] INFO  c.quorum.tessera.server.JerseyServer - Starting http://127.0.0.1:9085
2022-01-02 15:16:51.406 [main] INFO  org.eclipse.jetty.server.Server - jetty-9.4.39.v20210325; built: 2021-03-25T14:42:11.471Z; git: 9fc7ca5a922f2a37b84ec9dbc26a5168cee7e667; jvm 17.0.1+12-Ubuntu-120.04
2022-01-02 15:16:52.210 [main] WARN  o.g.jersey.internal.inject.Providers - A provider com.quorum.tessera.thirdparty.PartyInfoResource registered in SERVER runtime does not implement any provider interfaces applicable in the SERVER runtime. Due to constraint configuration problems the provider com.quorum.tessera.thirdparty.PartyInfoResource will be ignored. 
2022-01-02 15:16:52.211 [main] WARN  o.g.jersey.internal.inject.Providers - A provider com.quorum.tessera.api.common.RawTransactionResource registered in SERVER runtime does not implement any provider interfaces applicable in the SERVER runtime. Due to constraint configuration problems the provider com.quorum.tessera.api.common.RawTransactionResource will be ignored. 
2022-01-02 15:16:52.211 [main] WARN  o.g.jersey.internal.inject.Providers - A provider com.quorum.tessera.thirdparty.KeyResource registered in SERVER runtime does not implement any provider interfaces applicable in the SERVER runtime. Due to constraint configuration problems the provider com.quorum.tessera.thirdparty.KeyResource will be ignored. 
2022-01-02 15:16:52.211 [main] WARN  o.g.jersey.internal.inject.Providers - A provider com.quorum.tessera.api.common.UpCheckResource registered in SERVER runtime does not implement any provider interfaces applicable in the SERVER runtime. Due to constraint configuration problems the provider com.quorum.tessera.api.common.UpCheckResource will be ignored. 
2022-01-02 15:16:52.649 [main] INFO  o.e.j.server.handler.ContextHandler - Started o.e.j.s.ServletContextHandler@76105ac0{/,null,AVAILABLE}
2022-01-02 15:16:52.690 [main] INFO  o.e.jetty.server.AbstractConnector - Started ServerConnector@5ddd84d2{HTTP/1.1, (http/1.1)}{0.0.0.0:9085}
2022-01-02 15:16:52.691 [main] INFO  org.eclipse.jetty.server.Server - Started @8357ms
2022-01-02 15:16:52.691 [main] INFO  c.quorum.tessera.server.JerseyServer - Started http://127.0.0.1:9085
2022-01-02 15:16:52.691 [main] INFO  c.quorum.tessera.server.JerseyServer - WADL http://127.0.0.1:9085/application.wadl
2022-01-02 15:16:52.724 [main] INFO  c.quorum.tessera.server.JerseyServer - Starting unix:/home/swcyb/EcoChain/network/5-nodes-raft-tessera-bash/qdata/c5/tm.ipc
2022-01-02 15:16:52.725 [main] INFO  org.eclipse.jetty.server.Server - jetty-9.4.39.v20210325; built: 2021-03-25T14:42:11.471Z; git: 9fc7ca5a922f2a37b84ec9dbc26a5168cee7e667; jvm 17.0.1+12-Ubuntu-120.04
2022-01-02 15:16:52.782 [main] WARN  c.q.t.c.util.EncryptedStringResolver - Some sensitive values are being given as unencrypted plain text in config. Please note this is NOT recommended for production environment.
2022-01-02 15:16:52.782 [main] INFO  com.zaxxer.hikari.HikariDataSource - HikariPool-2 - Starting...
2022-01-02 15:16:52.814 [main] INFO  com.zaxxer.hikari.HikariDataSource - HikariPool-2 - Start completed.
2022-01-02 15:16:52.820 [main] ERROR eclipselink.logging.metadata - java.lang.IllegalArgumentException: Unsupported class file major version 61
2022-01-02 15:16:52.820 [main] ERROR eclipselink.logging.metadata - java.lang.ArrayIndexOutOfBoundsException
2022-01-02 15:16:52.822 [main] ERROR eclipselink.logging.metadata - java.lang.IllegalArgumentException: Unsupported class file major version 61
2022-01-02 15:16:52.823 [main] ERROR eclipselink.logging.metadata - java.lang.ArrayIndexOutOfBoundsException
2022-01-02 15:16:52.859 [main] INFO  eclipselink.logging.all - EclipseLink, version: Eclipse Persistence Services - 2.7.7.v20200504-69f2c2b80d
2022-01-02 15:16:52.886 [main] ERROR eclipselink.logging.metadata - java.lang.IllegalArgumentException: Unsupported class file major version 61
2022-01-02 15:16:52.886 [main] ERROR eclipselink.logging.metadata - java.lang.ArrayIndexOutOfBoundsException
2022-01-02 15:16:52.903 [main] ERROR eclipselink.logging.metadata - java.lang.IllegalArgumentException: Unsupported class file major version 61
2022-01-02 15:16:52.903 [main] ERROR eclipselink.logging.metadata - java.lang.ArrayIndexOutOfBoundsException
2022-01-02 15:16:52.903 [main] ERROR eclipselink.logging.metadata - java.lang.IllegalArgumentException: Unsupported class file major version 61
2022-01-02 15:16:52.903 [main] ERROR eclipselink.logging.metadata - java.lang.ArrayIndexOutOfBoundsException
2022-01-02 15:16:52.904 [main] ERROR eclipselink.logging.metadata - java.lang.IllegalArgumentException: Unsupported class file major version 61
2022-01-02 15:16:52.905 [main] ERROR eclipselink.logging.metadata - java.lang.ArrayIndexOutOfBoundsException
2022-01-02 15:16:52.905 [main] ERROR eclipselink.logging.metadata - java.lang.IllegalArgumentException: Unsupported class file major version 61
2022-01-02 15:16:52.905 [main] ERROR eclipselink.logging.metadata - java.lang.ArrayIndexOutOfBoundsException
2022-01-02 15:16:52.905 [main] ERROR eclipselink.logging.metadata - java.lang.IllegalArgumentException: Unsupported class file major version 61
2022-01-02 15:16:52.906 [main] ERROR eclipselink.logging.metadata - java.lang.ArrayIndexOutOfBoundsException
2022-01-02 15:16:52.907 [main] ERROR eclipselink.logging.metadata - java.lang.IllegalArgumentException: Unsupported class file major version 61
2022-01-02 15:16:52.907 [main] ERROR eclipselink.logging.metadata - java.lang.ArrayIndexOutOfBoundsException
2022-01-02 15:16:52.907 [main] ERROR eclipselink.logging.metadata - java.lang.IllegalArgumentException: Unsupported class file major version 61
2022-01-02 15:16:52.907 [main] ERROR eclipselink.logging.metadata - java.lang.ArrayIndexOutOfBoundsException
2022-01-02 15:16:52.908 [main] ERROR eclipselink.logging.metadata - java.lang.IllegalArgumentException: Unsupported class file major version 61
2022-01-02 15:16:52.908 [main] ERROR eclipselink.logging.metadata - java.lang.ArrayIndexOutOfBoundsException
2022-01-02 15:16:52.908 [main] ERROR eclipselink.logging.metadata - java.lang.IllegalArgumentException: Unsupported class file major version 61
2022-01-02 15:16:52.908 [main] ERROR eclipselink.logging.metadata - java.lang.ArrayIndexOutOfBoundsException
2022-01-02 15:16:52.908 [main] ERROR eclipselink.logging.metadata - java.lang.IllegalArgumentException: Unsupported class file major version 61
2022-01-02 15:16:52.908 [main] ERROR eclipselink.logging.metadata - java.lang.ArrayIndexOutOfBoundsException
2022-01-02 15:16:52.932 [main] INFO  eclipselink.logging.all - EclipseLink, version: Eclipse Persistence Services - 2.7.7.v20200504-69f2c2b80d
2022-01-02 15:16:53.051 [main] WARN  c.q.t.c.util.EncryptedStringResolver - Some sensitive values are being given as unencrypted plain text in config. Please note this is NOT recommended for production environment.
2022-01-02 15:16:53.051 [main] INFO  com.zaxxer.hikari.HikariDataSource - HikariPool-3 - Starting...
2022-01-02 15:16:53.066 [main] INFO  com.zaxxer.hikari.HikariDataSource - HikariPool-3 - Start completed.
2022-01-02 15:16:53.070 [main] ERROR eclipselink.logging.metadata - java.lang.IllegalArgumentException: Unsupported class file major version 61
2022-01-02 15:16:53.070 [main] ERROR eclipselink.logging.metadata - java.lang.ArrayIndexOutOfBoundsException
2022-01-02 15:16:53.072 [main] ERROR eclipselink.logging.metadata - java.lang.IllegalArgumentException: Unsupported class file major version 61
2022-01-02 15:16:53.073 [main] ERROR eclipselink.logging.metadata - java.lang.ArrayIndexOutOfBoundsException
2022-01-02 15:16:53.091 [main] INFO  eclipselink.logging.all - EclipseLink, version: Eclipse Persistence Services - 2.7.7.v20200504-69f2c2b80d
2022-01-02 15:16:53.137 [main] ERROR eclipselink.logging.metadata - java.lang.IllegalArgumentException: Unsupported class file major version 61
2022-01-02 15:16:53.137 [main] ERROR eclipselink.logging.metadata - java.lang.ArrayIndexOutOfBoundsException
2022-01-02 15:16:53.138 [main] ERROR eclipselink.logging.metadata - java.lang.IllegalArgumentException: Unsupported class file major version 61
2022-01-02 15:16:53.138 [main] ERROR eclipselink.logging.metadata - java.lang.ArrayIndexOutOfBoundsException
2022-01-02 15:16:53.158 [main] ERROR eclipselink.logging.metadata - java.lang.IllegalArgumentException: Unsupported class file major version 61
2022-01-02 15:16:53.158 [main] ERROR eclipselink.logging.metadata - java.lang.ArrayIndexOutOfBoundsException
2022-01-02 15:16:53.160 [main] ERROR eclipselink.logging.metadata - java.lang.IllegalArgumentException: Unsupported class file major version 61
2022-01-02 15:16:53.160 [main] ERROR eclipselink.logging.metadata - java.lang.ArrayIndexOutOfBoundsException
2022-01-02 15:16:53.160 [main] ERROR eclipselink.logging.metadata - java.lang.IllegalArgumentException: Unsupported class file major version 61
2022-01-02 15:16:53.160 [main] ERROR eclipselink.logging.metadata - java.lang.ArrayIndexOutOfBoundsException
2022-01-02 15:16:53.160 [main] ERROR eclipselink.logging.metadata - java.lang.IllegalArgumentException: Unsupported class file major version 61
2022-01-02 15:16:53.160 [main] ERROR eclipselink.logging.metadata - java.lang.ArrayIndexOutOfBoundsException
2022-01-02 15:16:53.161 [main] ERROR eclipselink.logging.metadata - java.lang.IllegalArgumentException: Unsupported class file major version 61
2022-01-02 15:16:53.161 [main] ERROR eclipselink.logging.metadata - java.lang.ArrayIndexOutOfBoundsException
2022-01-02 15:16:53.173 [main] ERROR eclipselink.logging.metadata - java.lang.IllegalArgumentException: Unsupported class file major version 61
2022-01-02 15:16:53.173 [main] ERROR eclipselink.logging.metadata - java.lang.ArrayIndexOutOfBoundsException
2022-01-02 15:16:53.174 [main] ERROR eclipselink.logging.metadata - java.lang.IllegalArgumentException: Unsupported class file major version 61
2022-01-02 15:16:53.174 [main] ERROR eclipselink.logging.metadata - java.lang.ArrayIndexOutOfBoundsException
2022-01-02 15:16:53.174 [main] ERROR eclipselink.logging.metadata - java.lang.IllegalArgumentException: Unsupported class file major version 61
2022-01-02 15:16:53.175 [main] ERROR eclipselink.logging.metadata - java.lang.ArrayIndexOutOfBoundsException
2022-01-02 15:16:53.175 [main] ERROR eclipselink.logging.metadata - java.lang.IllegalArgumentException: Unsupported class file major version 61
2022-01-02 15:16:53.175 [main] ERROR eclipselink.logging.metadata - java.lang.ArrayIndexOutOfBoundsException
2022-01-02 15:16:53.203 [main] INFO  eclipselink.logging.all - EclipseLink, version: Eclipse Persistence Services - 2.7.7.v20200504-69f2c2b80d
2022-01-02 15:16:53.370 [main] WARN  c.q.t.c.util.EncryptedStringResolver - Some sensitive values are being given as unencrypted plain text in config. Please note this is NOT recommended for production environment.
2022-01-02 15:16:53.371 [main] INFO  com.zaxxer.hikari.HikariDataSource - HikariPool-4 - Starting...
2022-01-02 15:16:53.406 [main] INFO  com.zaxxer.hikari.HikariDataSource - HikariPool-4 - Start completed.
2022-01-02 15:16:53.410 [main] ERROR eclipselink.logging.metadata - java.lang.IllegalArgumentException: Unsupported class file major version 61
2022-01-02 15:16:53.410 [main] ERROR eclipselink.logging.metadata - java.lang.ArrayIndexOutOfBoundsException
2022-01-02 15:16:53.412 [main] ERROR eclipselink.logging.metadata - java.lang.IllegalArgumentException: Unsupported class file major version 61
2022-01-02 15:16:53.413 [main] ERROR eclipselink.logging.metadata - java.lang.ArrayIndexOutOfBoundsException
2022-01-02 15:16:53.420 [main] INFO  eclipselink.logging.all - EclipseLink, version: Eclipse Persistence Services - 2.7.7.v20200504-69f2c2b80d
2022-01-02 15:16:53.430 [main] ERROR eclipselink.logging.metadata - java.lang.IllegalArgumentException: Unsupported class file major version 61
2022-01-02 15:16:53.430 [main] ERROR eclipselink.logging.metadata - java.lang.ArrayIndexOutOfBoundsException
2022-01-02 15:16:53.446 [main] ERROR eclipselink.logging.metadata - java.lang.IllegalArgumentException: Unsupported class file major version 61
2022-01-02 15:16:53.446 [main] ERROR eclipselink.logging.metadata - java.lang.ArrayIndexOutOfBoundsException
2022-01-02 15:16:53.446 [main] ERROR eclipselink.logging.metadata - java.lang.IllegalArgumentException: Unsupported class file major version 61
2022-01-02 15:16:53.447 [main] ERROR eclipselink.logging.metadata - java.lang.ArrayIndexOutOfBoundsException
2022-01-02 15:16:53.448 [main] ERROR eclipselink.logging.metadata - java.lang.IllegalArgumentException: Unsupported class file major version 61
2022-01-02 15:16:53.448 [main] ERROR eclipselink.logging.metadata - java.lang.ArrayIndexOutOfBoundsException
2022-01-02 15:16:53.448 [main] ERROR eclipselink.logging.metadata - java.lang.IllegalArgumentException: Unsupported class file major version 61
2022-01-02 15:16:53.448 [main] ERROR eclipselink.logging.metadata - java.lang.ArrayIndexOutOfBoundsException
2022-01-02 15:16:53.448 [main] ERROR eclipselink.logging.metadata - java.lang.IllegalArgumentException: Unsupported class file major version 61
2022-01-02 15:16:53.448 [main] ERROR eclipselink.logging.metadata - java.lang.ArrayIndexOutOfBoundsException
2022-01-02 15:16:53.449 [main] ERROR eclipselink.logging.metadata - java.lang.IllegalArgumentException: Unsupported class file major version 61
2022-01-02 15:16:53.449 [main] ERROR eclipselink.logging.metadata - java.lang.ArrayIndexOutOfBoundsException
2022-01-02 15:16:53.450 [main] ERROR eclipselink.logging.metadata - java.lang.IllegalArgumentException: Unsupported class file major version 61
2022-01-02 15:16:53.450 [main] ERROR eclipselink.logging.metadata - java.lang.ArrayIndexOutOfBoundsException
2022-01-02 15:16:53.462 [main] ERROR eclipselink.logging.metadata - java.lang.IllegalArgumentException: Unsupported class file major version 61
2022-01-02 15:16:53.463 [main] ERROR eclipselink.logging.metadata - java.lang.ArrayIndexOutOfBoundsException
2022-01-02 15:16:53.463 [main] ERROR eclipselink.logging.metadata - java.lang.IllegalArgumentException: Unsupported class file major version 61
2022-01-02 15:16:53.463 [main] ERROR eclipselink.logging.metadata - java.lang.ArrayIndexOutOfBoundsException
2022-01-02 15:16:53.463 [main] ERROR eclipselink.logging.metadata - java.lang.IllegalArgumentException: Unsupported class file major version 61
2022-01-02 15:16:53.463 [main] ERROR eclipselink.logging.metadata - java.lang.ArrayIndexOutOfBoundsException
2022-01-02 15:16:53.499 [main] INFO  eclipselink.logging.all - EclipseLink, version: Eclipse Persistence Services - 2.7.7.v20200504-69f2c2b80d
2022-01-02 15:16:53.547 [main] WARN  c.q.t.c.util.EncryptedStringResolver - Some sensitive values are being given as unencrypted plain text in config. Please note this is NOT recommended for production environment.
2022-01-02 15:16:53.547 [main] INFO  com.zaxxer.hikari.HikariDataSource - HikariPool-5 - Starting...
2022-01-02 15:16:53.587 [main] INFO  com.zaxxer.hikari.HikariDataSource - HikariPool-5 - Start completed.
2022-01-02 15:16:53.590 [main] ERROR eclipselink.logging.metadata - java.lang.IllegalArgumentException: Unsupported class file major version 61
2022-01-02 15:16:53.590 [main] ERROR eclipselink.logging.metadata - java.lang.ArrayIndexOutOfBoundsException
2022-01-02 15:16:53.593 [main] ERROR eclipselink.logging.metadata - java.lang.IllegalArgumentException: Unsupported class file major version 61
2022-01-02 15:16:53.593 [main] ERROR eclipselink.logging.metadata - java.lang.ArrayIndexOutOfBoundsException
2022-01-02 15:16:53.667 [main] INFO  eclipselink.logging.all - EclipseLink, version: Eclipse Persistence Services - 2.7.7.v20200504-69f2c2b80d
2022-01-02 15:16:53.720 [main] ERROR eclipselink.logging.metadata - java.lang.IllegalArgumentException: Unsupported class file major version 61
2022-01-02 15:16:53.721 [main] ERROR eclipselink.logging.metadata - java.lang.ArrayIndexOutOfBoundsException
2022-01-02 15:16:53.723 [main] ERROR eclipselink.logging.metadata - java.lang.IllegalArgumentException: Unsupported class file major version 61
2022-01-02 15:16:53.723 [main] ERROR eclipselink.logging.metadata - java.lang.ArrayIndexOutOfBoundsException
2022-01-02 15:16:53.723 [main] ERROR eclipselink.logging.metadata - java.lang.IllegalArgumentException: Unsupported class file major version 61
2022-01-02 15:16:53.723 [main] ERROR eclipselink.logging.metadata - java.lang.ArrayIndexOutOfBoundsException
2022-01-02 15:16:53.724 [main] ERROR eclipselink.logging.metadata - java.lang.IllegalArgumentException: Unsupported class file major version 61
2022-01-02 15:16:53.724 [main] ERROR eclipselink.logging.metadata - java.lang.ArrayIndexOutOfBoundsException
2022-01-02 15:16:53.724 [main] ERROR eclipselink.logging.metadata - java.lang.IllegalArgumentException: Unsupported class file major version 61
2022-01-02 15:16:53.724 [main] ERROR eclipselink.logging.metadata - java.lang.ArrayIndexOutOfBoundsException
2022-01-02 15:16:53.724 [main] ERROR eclipselink.logging.metadata - java.lang.IllegalArgumentException: Unsupported class file major version 61
2022-01-02 15:16:53.725 [main] ERROR eclipselink.logging.metadata - java.lang.ArrayIndexOutOfBoundsException
2022-01-02 15:16:53.725 [main] ERROR eclipselink.logging.metadata - java.lang.IllegalArgumentException: Unsupported class file major version 61
2022-01-02 15:16:53.725 [main] ERROR eclipselink.logging.metadata - java.lang.ArrayIndexOutOfBoundsException
2022-01-02 15:16:53.726 [main] ERROR eclipselink.logging.metadata - java.lang.IllegalArgumentException: Unsupported class file major version 61
2022-01-02 15:16:53.726 [main] ERROR eclipselink.logging.metadata - java.lang.ArrayIndexOutOfBoundsException
2022-01-02 15:16:53.726 [main] ERROR eclipselink.logging.metadata - java.lang.IllegalArgumentException: Unsupported class file major version 61
2022-01-02 15:16:53.727 [main] ERROR eclipselink.logging.metadata - java.lang.ArrayIndexOutOfBoundsException
2022-01-02 15:16:53.727 [main] ERROR eclipselink.logging.metadata - java.lang.IllegalArgumentException: Unsupported class file major version 61
2022-01-02 15:16:53.727 [main] ERROR eclipselink.logging.metadata - java.lang.ArrayIndexOutOfBoundsException
2022-01-02 15:16:53.727 [main] ERROR eclipselink.logging.metadata - java.lang.IllegalArgumentException: Unsupported class file major version 61
2022-01-02 15:16:53.727 [main] ERROR eclipselink.logging.metadata - java.lang.ArrayIndexOutOfBoundsException
2022-01-02 15:16:53.740 [main] INFO  eclipselink.logging.all - EclipseLink, version: Eclipse Persistence Services - 2.7.7.v20200504-69f2c2b80d
2022-01-02 15:16:54.039 [main] WARN  o.g.jersey.internal.inject.Providers - A provider com.quorum.tessera.q2t.EncodedPayloadResource registered in SERVER runtime does not implement any provider interfaces applicable in the SERVER runtime. Due to constraint configuration problems the provider com.quorum.tessera.q2t.EncodedPayloadResource will be ignored. 
2022-01-02 15:16:54.039 [main] WARN  o.g.jersey.internal.inject.Providers - A provider com.quorum.tessera.q2t.TransactionResource3 registered in SERVER runtime does not implement any provider interfaces applicable in the SERVER runtime. Due to constraint configuration problems the provider com.quorum.tessera.q2t.TransactionResource3 will be ignored. 
2022-01-02 15:16:54.040 [main] WARN  o.g.jersey.internal.inject.Providers - A provider com.quorum.tessera.api.common.UpCheckResource registered in SERVER runtime does not implement any provider interfaces applicable in the SERVER runtime. Due to constraint configuration problems the provider com.quorum.tessera.api.common.UpCheckResource will be ignored. 
2022-01-02 15:16:54.047 [main] WARN  o.g.jersey.internal.inject.Providers - A provider com.quorum.tessera.q2t.TransactionResource registered in SERVER runtime does not implement any provider interfaces applicable in the SERVER runtime. Due to constraint configuration problems the provider com.quorum.tessera.q2t.TransactionResource will be ignored. 
2022-01-02 15:16:54.047 [main] WARN  o.g.jersey.internal.inject.Providers - A provider com.quorum.tessera.api.common.RawTransactionResource registered in SERVER runtime does not implement any provider interfaces applicable in the SERVER runtime. Due to constraint configuration problems the provider com.quorum.tessera.api.common.RawTransactionResource will be ignored. 
2022-01-02 15:16:54.047 [main] WARN  o.g.jersey.internal.inject.Providers - A provider com.quorum.tessera.q2t.PrivacyGroupResource registered in SERVER runtime does not implement any provider interfaces applicable in the SERVER runtime. Due to constraint configuration problems the provider com.quorum.tessera.q2t.PrivacyGroupResource will be ignored. 
2022-01-02 15:16:54.216 [main] INFO  o.e.j.server.handler.ContextHandler - Started o.e.j.s.ServletContextHandler@7792e14f{/,null,AVAILABLE}
2022-01-02 15:16:54.619 [pool-2-thread-1] INFO  c.q.t.p.p.PartyInfoBroadcaster - Started PartyInfo polling round
2022-01-02 15:16:54.698 [pool-2-thread-1] INFO  c.q.t.p.p.PartyInfoBroadcaster - Finished PartyInfo polling round
2022-01-02 15:16:54.831 [main] INFO  o.e.jetty.server.AbstractConnector - Started UnixSocketConnector@2212e291{HTTP/1.1, (http/1.1)}{/home/swcyb/EcoChain/network/5-nodes-raft-tessera-bash/qdata/c5/tm.ipc}
2022-01-02 15:16:54.833 [main] INFO  org.eclipse.jetty.server.Server - Started @10499ms
2022-01-02 15:16:54.833 [main] INFO  c.quorum.tessera.server.JerseyServer - Started unix:/home/swcyb/EcoChain/network/5-nodes-raft-tessera-bash/qdata/c5/tm.ipc
2022-01-02 15:16:54.833 [main] INFO  c.quorum.tessera.server.JerseyServer - WADL unix:/home/swcyb/EcoChain/network/5-nodes-raft-tessera-bash/qdata/c5/tm.ipc/application.wadl
2022-01-02 15:16:54.834 [main] INFO  c.quorum.tessera.server.JerseyServer - Starting http://127.0.0.1:9005
2022-01-02 15:16:54.834 [main] INFO  org.eclipse.jetty.server.Server - jetty-9.4.39.v20210325; built: 2021-03-25T14:42:11.471Z; git: 9fc7ca5a922f2a37b84ec9dbc26a5168cee7e667; jvm 17.0.1+12-Ubuntu-120.04
2022-01-02 15:16:54.920 [main] WARN  c.q.t.c.util.EncryptedStringResolver - Some sensitive values are being given as unencrypted plain text in config. Please note this is NOT recommended for production environment.
2022-01-02 15:16:54.920 [main] INFO  com.zaxxer.hikari.HikariDataSource - HikariPool-6 - Starting...
2022-01-02 15:16:54.947 [main] INFO  com.zaxxer.hikari.HikariDataSource - HikariPool-6 - Start completed.
2022-01-02 15:16:54.962 [main] ERROR eclipselink.logging.metadata - java.lang.IllegalArgumentException: Unsupported class file major version 61
2022-01-02 15:16:54.962 [main] ERROR eclipselink.logging.metadata - java.lang.ArrayIndexOutOfBoundsException
2022-01-02 15:16:54.970 [main] ERROR eclipselink.logging.metadata - java.lang.IllegalArgumentException: Unsupported class file major version 61
2022-01-02 15:16:54.970 [main] ERROR eclipselink.logging.metadata - java.lang.ArrayIndexOutOfBoundsException
2022-01-02 15:16:54.981 [pool-3-thread-2] WARN  c.q.t.p.p.PartyInfoBroadcaster - Failed to connect to node http://127.0.0.1:9004/, due to java.net.ConnectException: Connection refused
2022-01-02 15:16:54.981 [pool-3-thread-1] WARN  c.q.t.p.p.PartyInfoBroadcaster - Failed to connect to node http://127.0.0.1:9002/, due to java.net.ConnectException: Connection refused
2022-01-02 15:16:54.981 [pool-3-thread-3] WARN  c.q.t.p.p.PartyInfoBroadcaster - Failed to connect to node http://127.0.0.1:9001/, due to java.net.ConnectException: Connection refused
2022-01-02 15:16:54.983 [pool-3-thread-4] WARN  c.q.t.p.p.PartyInfoBroadcaster - Failed to connect to node http://127.0.0.1:9003/, due to java.net.ConnectException: Connection refused
2022-01-02 15:16:55.003 [main] INFO  eclipselink.logging.all - EclipseLink, version: Eclipse Persistence Services - 2.7.7.v20200504-69f2c2b80d
2022-01-02 15:16:55.025 [main] ERROR eclipselink.logging.metadata - java.lang.IllegalArgumentException: Unsupported class file major version 61
2022-01-02 15:16:55.025 [main] ERROR eclipselink.logging.metadata - java.lang.ArrayIndexOutOfBoundsException
2022-01-02 15:16:55.026 [main] ERROR eclipselink.logging.metadata - java.lang.IllegalArgumentException: Unsupported class file major version 61
2022-01-02 15:16:55.026 [main] ERROR eclipselink.logging.metadata - java.lang.ArrayIndexOutOfBoundsException
2022-01-02 15:16:55.027 [main] ERROR eclipselink.logging.metadata - java.lang.IllegalArgumentException: Unsupported class file major version 61
2022-01-02 15:16:55.027 [main] ERROR eclipselink.logging.metadata - java.lang.ArrayIndexOutOfBoundsException
2022-01-02 15:16:55.028 [main] ERROR eclipselink.logging.metadata - java.lang.IllegalArgumentException: Unsupported class file major version 61
2022-01-02 15:16:55.028 [main] ERROR eclipselink.logging.metadata - java.lang.ArrayIndexOutOfBoundsException
2022-01-02 15:16:55.028 [main] ERROR eclipselink.logging.metadata - java.lang.IllegalArgumentException: Unsupported class file major version 61
2022-01-02 15:16:55.028 [main] ERROR eclipselink.logging.metadata - java.lang.ArrayIndexOutOfBoundsException
2022-01-02 15:16:55.028 [main] ERROR eclipselink.logging.metadata - java.lang.IllegalArgumentException: Unsupported class file major version 61
2022-01-02 15:16:55.028 [main] ERROR eclipselink.logging.metadata - java.lang.ArrayIndexOutOfBoundsException
2022-01-02 15:16:55.029 [main] ERROR eclipselink.logging.metadata - java.lang.IllegalArgumentException: Unsupported class file major version 61
2022-01-02 15:16:55.029 [main] ERROR eclipselink.logging.metadata - java.lang.ArrayIndexOutOfBoundsException
2022-01-02 15:16:55.029 [main] ERROR eclipselink.logging.metadata - java.lang.IllegalArgumentException: Unsupported class file major version 61
2022-01-02 15:16:55.029 [main] ERROR eclipselink.logging.metadata - java.lang.ArrayIndexOutOfBoundsException
2022-01-02 15:16:55.030 [main] ERROR eclipselink.logging.metadata - java.lang.IllegalArgumentException: Unsupported class file major version 61
2022-01-02 15:16:55.030 [main] ERROR eclipselink.logging.metadata - java.lang.ArrayIndexOutOfBoundsException
2022-01-02 15:16:55.030 [main] ERROR eclipselink.logging.metadata - java.lang.IllegalArgumentException: Unsupported class file major version 61
2022-01-02 15:16:55.030 [main] ERROR eclipselink.logging.metadata - java.lang.ArrayIndexOutOfBoundsException
2022-01-02 15:16:55.030 [main] ERROR eclipselink.logging.metadata - java.lang.IllegalArgumentException: Unsupported class file major version 61
2022-01-02 15:16:55.030 [main] ERROR eclipselink.logging.metadata - java.lang.ArrayIndexOutOfBoundsException
2022-01-02 15:16:55.059 [main] INFO  eclipselink.logging.all - EclipseLink, version: Eclipse Persistence Services - 2.7.7.v20200504-69f2c2b80d
2022-01-02 15:16:55.096 [main] INFO  c.q.t.r.r.ResendBatchPublisherFactory - Loaded factory com.quorum.tessera.p2p.recovery.RestResendBatchPublisherFactory@1a45e29f
2022-01-02 15:16:55.100 [main] WARN  c.q.t.c.util.EncryptedStringResolver - Some sensitive values are being given as unencrypted plain text in config. Please note this is NOT recommended for production environment.
2022-01-02 15:16:55.101 [main] INFO  com.zaxxer.hikari.HikariDataSource - HikariPool-7 - Starting...
2022-01-02 15:16:55.126 [main] INFO  com.zaxxer.hikari.HikariDataSource - HikariPool-7 - Start completed.
2022-01-02 15:16:55.140 [main] ERROR eclipselink.logging.metadata - java.lang.IllegalArgumentException: Unsupported class file major version 61
2022-01-02 15:16:55.141 [main] ERROR eclipselink.logging.metadata - java.lang.ArrayIndexOutOfBoundsException
2022-01-02 15:16:55.143 [main] ERROR eclipselink.logging.metadata - java.lang.IllegalArgumentException: Unsupported class file major version 61
2022-01-02 15:16:55.143 [main] ERROR eclipselink.logging.metadata - java.lang.ArrayIndexOutOfBoundsException
2022-01-02 15:16:55.157 [main] INFO  eclipselink.logging.all - EclipseLink, version: Eclipse Persistence Services - 2.7.7.v20200504-69f2c2b80d
2022-01-02 15:16:55.166 [main] ERROR eclipselink.logging.metadata - java.lang.IllegalArgumentException: Unsupported class file major version 61
2022-01-02 15:16:55.166 [main] ERROR eclipselink.logging.metadata - java.lang.ArrayIndexOutOfBoundsException
2022-01-02 15:16:55.179 [main] ERROR eclipselink.logging.metadata - java.lang.IllegalArgumentException: Unsupported class file major version 61
2022-01-02 15:16:55.179 [main] ERROR eclipselink.logging.metadata - java.lang.ArrayIndexOutOfBoundsException
2022-01-02 15:16:55.179 [main] ERROR eclipselink.logging.metadata - java.lang.IllegalArgumentException: Unsupported class file major version 61
2022-01-02 15:16:55.180 [main] ERROR eclipselink.logging.metadata - java.lang.ArrayIndexOutOfBoundsException
2022-01-02 15:16:55.180 [main] ERROR eclipselink.logging.metadata - java.lang.IllegalArgumentException: Unsupported class file major version 61
2022-01-02 15:16:55.180 [main] ERROR eclipselink.logging.metadata - java.lang.ArrayIndexOutOfBoundsException
2022-01-02 15:16:55.181 [main] ERROR eclipselink.logging.metadata - java.lang.IllegalArgumentException: Unsupported class file major version 61
2022-01-02 15:16:55.181 [main] ERROR eclipselink.logging.metadata - java.lang.ArrayIndexOutOfBoundsException
2022-01-02 15:16:55.181 [main] ERROR eclipselink.logging.metadata - java.lang.IllegalArgumentException: Unsupported class file major version 61
2022-01-02 15:16:55.181 [main] ERROR eclipselink.logging.metadata - java.lang.ArrayIndexOutOfBoundsException
2022-01-02 15:16:55.182 [main] ERROR eclipselink.logging.metadata - java.lang.IllegalArgumentException: Unsupported class file major version 61
2022-01-02 15:16:55.182 [main] ERROR eclipselink.logging.metadata - java.lang.ArrayIndexOutOfBoundsException
2022-01-02 15:16:55.182 [main] ERROR eclipselink.logging.metadata - java.lang.IllegalArgumentException: Unsupported class file major version 61
2022-01-02 15:16:55.182 [main] ERROR eclipselink.logging.metadata - java.lang.ArrayIndexOutOfBoundsException
2022-01-02 15:16:55.183 [main] ERROR eclipselink.logging.metadata - java.lang.IllegalArgumentException: Unsupported class file major version 61
2022-01-02 15:16:55.183 [main] ERROR eclipselink.logging.metadata - java.lang.ArrayIndexOutOfBoundsException
2022-01-02 15:16:55.183 [main] ERROR eclipselink.logging.metadata - java.lang.IllegalArgumentException: Unsupported class file major version 61
2022-01-02 15:16:55.183 [main] ERROR eclipselink.logging.metadata - java.lang.ArrayIndexOutOfBoundsException
2022-01-02 15:16:55.183 [main] ERROR eclipselink.logging.metadata - java.lang.IllegalArgumentException: Unsupported class file major version 61
2022-01-02 15:16:55.183 [main] ERROR eclipselink.logging.metadata - java.lang.ArrayIndexOutOfBoundsException
2022-01-02 15:16:55.210 [main] INFO  eclipselink.logging.all - EclipseLink, version: Eclipse Persistence Services - 2.7.7.v20200504-69f2c2b80d
2022-01-02 15:16:55.238 [main] WARN  c.q.t.c.util.EncryptedStringResolver - Some sensitive values are being given as unencrypted plain text in config. Please note this is NOT recommended for production environment.
2022-01-02 15:16:55.239 [main] INFO  com.zaxxer.hikari.HikariDataSource - HikariPool-8 - Starting...
2022-01-02 15:16:55.247 [main] INFO  com.zaxxer.hikari.HikariDataSource - HikariPool-8 - Start completed.
2022-01-02 15:16:55.259 [main] ERROR eclipselink.logging.metadata - java.lang.IllegalArgumentException: Unsupported class file major version 61
2022-01-02 15:16:55.259 [main] ERROR eclipselink.logging.metadata - java.lang.ArrayIndexOutOfBoundsException
2022-01-02 15:16:55.261 [main] ERROR eclipselink.logging.metadata - java.lang.IllegalArgumentException: Unsupported class file major version 61
2022-01-02 15:16:55.261 [main] ERROR eclipselink.logging.metadata - java.lang.ArrayIndexOutOfBoundsException
2022-01-02 15:16:55.267 [main] INFO  eclipselink.logging.all - EclipseLink, version: Eclipse Persistence Services - 2.7.7.v20200504-69f2c2b80d
2022-01-02 15:16:55.280 [main] ERROR eclipselink.logging.metadata - java.lang.IllegalArgumentException: Unsupported class file major version 61
2022-01-02 15:16:55.280 [main] ERROR eclipselink.logging.metadata - java.lang.ArrayIndexOutOfBoundsException
2022-01-02 15:16:55.281 [main] ERROR eclipselink.logging.metadata - java.lang.IllegalArgumentException: Unsupported class file major version 61
2022-01-02 15:16:55.281 [main] ERROR eclipselink.logging.metadata - java.lang.ArrayIndexOutOfBoundsException
2022-01-02 15:16:55.281 [main] ERROR eclipselink.logging.metadata - java.lang.IllegalArgumentException: Unsupported class file major version 61
2022-01-02 15:16:55.281 [main] ERROR eclipselink.logging.metadata - java.lang.ArrayIndexOutOfBoundsException
2022-01-02 15:16:55.282 [main] ERROR eclipselink.logging.metadata - java.lang.IllegalArgumentException: Unsupported class file major version 61
2022-01-02 15:16:55.282 [main] ERROR eclipselink.logging.metadata - java.lang.ArrayIndexOutOfBoundsException
2022-01-02 15:16:55.282 [main] ERROR eclipselink.logging.metadata - java.lang.IllegalArgumentException: Unsupported class file major version 61
2022-01-02 15:16:55.282 [main] ERROR eclipselink.logging.metadata - java.lang.ArrayIndexOutOfBoundsException
2022-01-02 15:16:55.282 [main] ERROR eclipselink.logging.metadata - java.lang.IllegalArgumentException: Unsupported class file major version 61
2022-01-02 15:16:55.283 [main] ERROR eclipselink.logging.metadata - java.lang.ArrayIndexOutOfBoundsException
2022-01-02 15:16:55.283 [main] ERROR eclipselink.logging.metadata - java.lang.IllegalArgumentException: Unsupported class file major version 61
2022-01-02 15:16:55.283 [main] ERROR eclipselink.logging.metadata - java.lang.ArrayIndexOutOfBoundsException
2022-01-02 15:16:55.284 [main] ERROR eclipselink.logging.metadata - java.lang.IllegalArgumentException: Unsupported class file major version 61
2022-01-02 15:16:55.284 [main] ERROR eclipselink.logging.metadata - java.lang.ArrayIndexOutOfBoundsException
2022-01-02 15:16:55.284 [main] ERROR eclipselink.logging.metadata - java.lang.IllegalArgumentException: Unsupported class file major version 61
2022-01-02 15:16:55.284 [main] ERROR eclipselink.logging.metadata - java.lang.ArrayIndexOutOfBoundsException
2022-01-02 15:16:55.284 [main] ERROR eclipselink.logging.metadata - java.lang.IllegalArgumentException: Unsupported class file major version 61
2022-01-02 15:16:55.284 [main] ERROR eclipselink.logging.metadata - java.lang.ArrayIndexOutOfBoundsException
2022-01-02 15:16:55.284 [main] ERROR eclipselink.logging.metadata - java.lang.IllegalArgumentException: Unsupported class file major version 61
2022-01-02 15:16:55.284 [main] ERROR eclipselink.logging.metadata - java.lang.ArrayIndexOutOfBoundsException
2022-01-02 15:16:55.289 [main] INFO  eclipselink.logging.all - EclipseLink, version: Eclipse Persistence Services - 2.7.7.v20200504-69f2c2b80d
2022-01-02 15:16:55.343 [main] WARN  c.q.t.c.util.EncryptedStringResolver - Some sensitive values are being given as unencrypted plain text in config. Please note this is NOT recommended for production environment.
2022-01-02 15:16:55.343 [main] INFO  com.zaxxer.hikari.HikariDataSource - HikariPool-9 - Starting...
2022-01-02 15:16:55.344 [main] INFO  com.zaxxer.hikari.HikariDataSource - HikariPool-9 - Start completed.
2022-01-02 15:16:55.346 [main] ERROR eclipselink.logging.metadata - java.lang.IllegalArgumentException: Unsupported class file major version 61
2022-01-02 15:16:55.346 [main] ERROR eclipselink.logging.metadata - java.lang.ArrayIndexOutOfBoundsException
2022-01-02 15:16:55.348 [main] ERROR eclipselink.logging.metadata - java.lang.IllegalArgumentException: Unsupported class file major version 61
2022-01-02 15:16:55.348 [main] ERROR eclipselink.logging.metadata - java.lang.ArrayIndexOutOfBoundsException
2022-01-02 15:16:55.377 [main] INFO  eclipselink.logging.all - EclipseLink, version: Eclipse Persistence Services - 2.7.7.v20200504-69f2c2b80d
2022-01-02 15:16:55.397 [main] ERROR eclipselink.logging.metadata - java.lang.IllegalArgumentException: Unsupported class file major version 61
2022-01-02 15:16:55.397 [main] ERROR eclipselink.logging.metadata - java.lang.ArrayIndexOutOfBoundsException
2022-01-02 15:16:55.397 [main] ERROR eclipselink.logging.metadata - java.lang.IllegalArgumentException: Unsupported class file major version 61
2022-01-02 15:16:55.397 [main] ERROR eclipselink.logging.metadata - java.lang.ArrayIndexOutOfBoundsException
2022-01-02 15:16:55.398 [main] ERROR eclipselink.logging.metadata - java.lang.IllegalArgumentException: Unsupported class file major version 61
2022-01-02 15:16:55.398 [main] ERROR eclipselink.logging.metadata - java.lang.ArrayIndexOutOfBoundsException
2022-01-02 15:16:55.398 [main] ERROR eclipselink.logging.metadata - java.lang.IllegalArgumentException: Unsupported class file major version 61
2022-01-02 15:16:55.398 [main] ERROR eclipselink.logging.metadata - java.lang.ArrayIndexOutOfBoundsException
2022-01-02 15:16:55.398 [main] ERROR eclipselink.logging.metadata - java.lang.IllegalArgumentException: Unsupported class file major version 61
2022-01-02 15:16:55.398 [main] ERROR eclipselink.logging.metadata - java.lang.ArrayIndexOutOfBoundsException
2022-01-02 15:16:55.399 [main] ERROR eclipselink.logging.metadata - java.lang.IllegalArgumentException: Unsupported class file major version 61
2022-01-02 15:16:55.399 [main] ERROR eclipselink.logging.metadata - java.lang.ArrayIndexOutOfBoundsException
2022-01-02 15:16:55.399 [main] ERROR eclipselink.logging.metadata - java.lang.IllegalArgumentException: Unsupported class file major version 61
2022-01-02 15:16:55.399 [main] ERROR eclipselink.logging.metadata - java.lang.ArrayIndexOutOfBoundsException
2022-01-02 15:16:55.399 [main] ERROR eclipselink.logging.metadata - java.lang.IllegalArgumentException: Unsupported class file major version 61
2022-01-02 15:16:55.399 [main] ERROR eclipselink.logging.metadata - java.lang.ArrayIndexOutOfBoundsException
2022-01-02 15:16:55.400 [main] ERROR eclipselink.logging.metadata - java.lang.IllegalArgumentException: Unsupported class file major version 61
2022-01-02 15:16:55.400 [main] ERROR eclipselink.logging.metadata - java.lang.ArrayIndexOutOfBoundsException
2022-01-02 15:16:55.400 [main] ERROR eclipselink.logging.metadata - java.lang.IllegalArgumentException: Unsupported class file major version 61
2022-01-02 15:16:55.400 [main] ERROR eclipselink.logging.metadata - java.lang.ArrayIndexOutOfBoundsException
2022-01-02 15:16:55.400 [main] ERROR eclipselink.logging.metadata - java.lang.IllegalArgumentException: Unsupported class file major version 61
2022-01-02 15:16:55.400 [main] ERROR eclipselink.logging.metadata - java.lang.ArrayIndexOutOfBoundsException
2022-01-02 15:16:55.416 [main] INFO  eclipselink.logging.all - EclipseLink, version: Eclipse Persistence Services - 2.7.7.v20200504-69f2c2b80d
2022-01-02 15:16:55.467 [main] INFO  c.q.t.r.r.ResendBatchPublisherFactory - Loaded factory com.quorum.tessera.p2p.recovery.RestResendBatchPublisherFactory@c931728
2022-01-02 15:16:55.471 [main] WARN  c.q.t.c.util.EncryptedStringResolver - Some sensitive values are being given as unencrypted plain text in config. Please note this is NOT recommended for production environment.
2022-01-02 15:16:55.471 [main] INFO  com.zaxxer.hikari.HikariDataSource - HikariPool-10 - Starting...
2022-01-02 15:16:55.487 [main] INFO  com.zaxxer.hikari.HikariDataSource - HikariPool-10 - Start completed.
2022-01-02 15:16:55.490 [main] ERROR eclipselink.logging.metadata - java.lang.IllegalArgumentException: Unsupported class file major version 61
2022-01-02 15:16:55.490 [main] ERROR eclipselink.logging.metadata - java.lang.ArrayIndexOutOfBoundsException
2022-01-02 15:16:55.492 [main] ERROR eclipselink.logging.metadata - java.lang.IllegalArgumentException: Unsupported class file major version 61
2022-01-02 15:16:55.492 [main] ERROR eclipselink.logging.metadata - java.lang.ArrayIndexOutOfBoundsException
2022-01-02 15:16:55.504 [main] INFO  eclipselink.logging.all - EclipseLink, version: Eclipse Persistence Services - 2.7.7.v20200504-69f2c2b80d
2022-01-02 15:16:55.519 [main] ERROR eclipselink.logging.metadata - java.lang.IllegalArgumentException: Unsupported class file major version 61
2022-01-02 15:16:55.520 [main] ERROR eclipselink.logging.metadata - java.lang.ArrayIndexOutOfBoundsException
2022-01-02 15:16:55.520 [main] ERROR eclipselink.logging.metadata - java.lang.IllegalArgumentException: Unsupported class file major version 61
2022-01-02 15:16:55.520 [main] ERROR eclipselink.logging.metadata - java.lang.ArrayIndexOutOfBoundsException
2022-01-02 15:16:55.521 [main] ERROR eclipselink.logging.metadata - java.lang.IllegalArgumentException: Unsupported class file major version 61
2022-01-02 15:16:55.521 [main] ERROR eclipselink.logging.metadata - java.lang.ArrayIndexOutOfBoundsException
2022-01-02 15:16:55.521 [main] ERROR eclipselink.logging.metadata - java.lang.IllegalArgumentException: Unsupported class file major version 61
2022-01-02 15:16:55.521 [main] ERROR eclipselink.logging.metadata - java.lang.ArrayIndexOutOfBoundsException
2022-01-02 15:16:55.521 [main] ERROR eclipselink.logging.metadata - java.lang.IllegalArgumentException: Unsupported class file major version 61
2022-01-02 15:16:55.521 [main] ERROR eclipselink.logging.metadata - java.lang.ArrayIndexOutOfBoundsException
2022-01-02 15:16:55.521 [main] ERROR eclipselink.logging.metadata - java.lang.IllegalArgumentException: Unsupported class file major version 61
2022-01-02 15:16:55.522 [main] ERROR eclipselink.logging.metadata - java.lang.ArrayIndexOutOfBoundsException
2022-01-02 15:16:55.522 [main] ERROR eclipselink.logging.metadata - java.lang.IllegalArgumentException: Unsupported class file major version 61
2022-01-02 15:16:55.522 [main] ERROR eclipselink.logging.metadata - java.lang.ArrayIndexOutOfBoundsException
2022-01-02 15:16:55.522 [main] ERROR eclipselink.logging.metadata - java.lang.IllegalArgumentException: Unsupported class file major version 61
2022-01-02 15:16:55.522 [main] ERROR eclipselink.logging.metadata - java.lang.ArrayIndexOutOfBoundsException
2022-01-02 15:16:55.523 [main] ERROR eclipselink.logging.metadata - java.lang.IllegalArgumentException: Unsupported class file major version 61
2022-01-02 15:16:55.523 [main] ERROR eclipselink.logging.metadata - java.lang.ArrayIndexOutOfBoundsException
2022-01-02 15:16:55.523 [main] ERROR eclipselink.logging.metadata - java.lang.IllegalArgumentException: Unsupported class file major version 61
2022-01-02 15:16:55.523 [main] ERROR eclipselink.logging.metadata - java.lang.ArrayIndexOutOfBoundsException
2022-01-02 15:16:55.523 [main] ERROR eclipselink.logging.metadata - java.lang.IllegalArgumentException: Unsupported class file major version 61
2022-01-02 15:16:55.523 [main] ERROR eclipselink.logging.metadata - java.lang.ArrayIndexOutOfBoundsException
2022-01-02 15:16:55.563 [main] INFO  eclipselink.logging.all - EclipseLink, version: Eclipse Persistence Services - 2.7.7.v20200504-69f2c2b80d
2022-01-02 15:16:55.586 [main] WARN  c.q.t.c.util.EncryptedStringResolver - Some sensitive values are being given as unencrypted plain text in config. Please note this is NOT recommended for production environment.
2022-01-02 15:16:55.587 [main] INFO  com.zaxxer.hikari.HikariDataSource - HikariPool-11 - Starting...
2022-01-02 15:16:55.602 [main] INFO  com.zaxxer.hikari.HikariDataSource - HikariPool-11 - Start completed.
2022-01-02 15:16:55.615 [main] ERROR eclipselink.logging.metadata - java.lang.IllegalArgumentException: Unsupported class file major version 61
2022-01-02 15:16:55.616 [main] ERROR eclipselink.logging.metadata - java.lang.ArrayIndexOutOfBoundsException
2022-01-02 15:16:55.617 [main] ERROR eclipselink.logging.metadata - java.lang.IllegalArgumentException: Unsupported class file major version 61
2022-01-02 15:16:55.618 [main] ERROR eclipselink.logging.metadata - java.lang.ArrayIndexOutOfBoundsException
2022-01-02 15:16:55.626 [main] INFO  eclipselink.logging.all - EclipseLink, version: Eclipse Persistence Services - 2.7.7.v20200504-69f2c2b80d
2022-01-02 15:16:55.656 [main] ERROR eclipselink.logging.metadata - java.lang.IllegalArgumentException: Unsupported class file major version 61
2022-01-02 15:16:55.656 [main] ERROR eclipselink.logging.metadata - java.lang.ArrayIndexOutOfBoundsException
2022-01-02 15:16:55.667 [main] ERROR eclipselink.logging.metadata - java.lang.IllegalArgumentException: Unsupported class file major version 61
2022-01-02 15:16:55.667 [main] ERROR eclipselink.logging.metadata - java.lang.ArrayIndexOutOfBoundsException
2022-01-02 15:16:55.670 [main] ERROR eclipselink.logging.metadata - java.lang.IllegalArgumentException: Unsupported class file major version 61
2022-01-02 15:16:55.670 [main] ERROR eclipselink.logging.metadata - java.lang.ArrayIndexOutOfBoundsException
2022-01-02 15:16:55.671 [main] ERROR eclipselink.logging.metadata - java.lang.IllegalArgumentException: Unsupported class file major version 61
2022-01-02 15:16:55.671 [main] ERROR eclipselink.logging.metadata - java.lang.ArrayIndexOutOfBoundsException
2022-01-02 15:16:55.674 [main] ERROR eclipselink.logging.metadata - java.lang.IllegalArgumentException: Unsupported class file major version 61
2022-01-02 15:16:55.675 [main] ERROR eclipselink.logging.metadata - java.lang.ArrayIndexOutOfBoundsException
2022-01-02 15:16:55.678 [main] ERROR eclipselink.logging.metadata - java.lang.IllegalArgumentException: Unsupported class file major version 61
2022-01-02 15:16:55.679 [main] ERROR eclipselink.logging.metadata - java.lang.ArrayIndexOutOfBoundsException
2022-01-02 15:16:55.679 [main] ERROR eclipselink.logging.metadata - java.lang.IllegalArgumentException: Unsupported class file major version 61
2022-01-02 15:16:55.679 [main] ERROR eclipselink.logging.metadata - java.lang.ArrayIndexOutOfBoundsException
2022-01-02 15:16:55.680 [main] ERROR eclipselink.logging.metadata - java.lang.IllegalArgumentException: Unsupported class file major version 61
2022-01-02 15:16:55.680 [main] ERROR eclipselink.logging.metadata - java.lang.ArrayIndexOutOfBoundsException
2022-01-02 15:16:55.680 [main] ERROR eclipselink.logging.metadata - java.lang.IllegalArgumentException: Unsupported class file major version 61
2022-01-02 15:16:55.680 [main] ERROR eclipselink.logging.metadata - java.lang.ArrayIndexOutOfBoundsException
2022-01-02 15:16:55.680 [main] ERROR eclipselink.logging.metadata - java.lang.IllegalArgumentException: Unsupported class file major version 61
2022-01-02 15:16:55.680 [main] ERROR eclipselink.logging.metadata - java.lang.ArrayIndexOutOfBoundsException
2022-01-02 15:16:55.680 [main] ERROR eclipselink.logging.metadata - java.lang.IllegalArgumentException: Unsupported class file major version 61
2022-01-02 15:16:55.680 [main] ERROR eclipselink.logging.metadata - java.lang.ArrayIndexOutOfBoundsException
2022-01-02 15:16:55.711 [main] INFO  eclipselink.logging.all - EclipseLink, version: Eclipse Persistence Services - 2.7.7.v20200504-69f2c2b80d
2022-01-02 15:16:55.918 [main] WARN  o.g.jersey.internal.inject.Providers - A provider com.quorum.tessera.api.common.UpCheckResource registered in SERVER runtime does not implement any provider interfaces applicable in the SERVER runtime. Due to constraint configuration problems the provider com.quorum.tessera.api.common.UpCheckResource will be ignored. 
2022-01-02 15:16:55.930 [main] WARN  o.g.jersey.internal.inject.Providers - A provider com.quorum.tessera.p2p.PrivacyGroupResource registered in SERVER runtime does not implement any provider interfaces applicable in the SERVER runtime. Due to constraint configuration problems the provider com.quorum.tessera.p2p.PrivacyGroupResource will be ignored. 
2022-01-02 15:16:55.931 [main] WARN  o.g.jersey.internal.inject.Providers - A provider com.quorum.tessera.p2p.PartyInfoResource registered in SERVER runtime does not implement any provider interfaces applicable in the SERVER runtime. Due to constraint configuration problems the provider com.quorum.tessera.p2p.PartyInfoResource will be ignored. 
2022-01-02 15:16:55.931 [main] WARN  o.g.jersey.internal.inject.Providers - A provider com.quorum.tessera.p2p.TransactionResource registered in SERVER runtime does not implement any provider interfaces applicable in the SERVER runtime. Due to constraint configuration problems the provider com.quorum.tessera.p2p.TransactionResource will be ignored. 
2022-01-02 15:16:56.250 [main] INFO  o.e.j.server.handler.ContextHandler - Started o.e.j.s.ServletContextHandler@2178d296{/,null,AVAILABLE}
2022-01-02 15:16:56.253 [main] INFO  o.e.jetty.server.AbstractConnector - Started ServerConnector@1018f702{HTTP/1.1, (http/1.1)}{0.0.0.0:9005}
2022-01-02 15:16:56.254 [main] INFO  org.eclipse.jetty.server.Server - Started @11920ms
2022-01-02 15:16:56.254 [main] INFO  c.quorum.tessera.server.JerseyServer - Started http://127.0.0.1:9005
2022-01-02 15:16:56.254 [main] INFO  c.quorum.tessera.server.JerseyServer - WADL http://127.0.0.1:9005/application.wadl
2022-01-02 15:16:58.142 [qtp354230638-60] INFO  c.q.t.api.common.UpCheckResource - Enter Request : GET : /upcheck
2022-01-02 15:16:58.145 [qtp354230638-60] INFO  c.q.t.api.common.UpCheckResource - GET upcheck
2022-01-02 15:16:58.168 [qtp354230638-60] INFO  c.q.t.api.common.UpCheckResource - Exit Request : GET : /upcheck
2022-01-02 15:16:58.168 [qtp354230638-60] INFO  c.q.t.api.common.UpCheckResource - Response for upcheck : 200 OK
2022-01-02 15:16:59.699 [pool-2-thread-1] INFO  c.q.t.p.p.PartyInfoBroadcaster - Started PartyInfo polling round
2022-01-02 15:16:59.701 [pool-2-thread-1] INFO  c.q.t.p.p.PartyInfoBroadcaster - Finished PartyInfo polling round
2022-01-02 15:17:03.521 [qtp519425508-35] INFO  c.q.t.api.common.UpCheckResource - Enter Request : GET : /upcheck
2022-01-02 15:17:03.523 [qtp519425508-35] INFO  c.q.t.api.common.UpCheckResource - GET upcheck
2022-01-02 15:17:03.525 [qtp519425508-35] INFO  c.q.t.api.common.UpCheckResource - Exit Request : GET : /upcheck
2022-01-02 15:17:03.525 [qtp519425508-35] INFO  c.q.t.api.common.UpCheckResource - Response for upcheck : 200 OK
2022-01-02 15:17:03.529 [qtp519425508-32] INFO  c.q.t.api.common.VersionResource - Enter Request : GET : /version
2022-01-02 15:17:03.531 [qtp519425508-32] INFO  c.q.t.api.common.VersionResource - Exit Request : GET : /version
2022-01-02 15:17:03.531 [qtp519425508-32] INFO  c.q.t.api.common.VersionResource - Response for version : 200 OK
2022-01-02 15:17:03.533 [qtp519425508-32] INFO  c.q.t.api.common.VersionResource - Enter Request : GET : /version/api
2022-01-02 15:17:03.539 [qtp519425508-32] INFO  c.q.t.api.common.VersionResource - Exit Request : GET : /version/api
2022-01-02 15:17:03.539 [qtp519425508-32] INFO  c.q.t.api.common.VersionResource - Response for version/api : 200 OK
2022-01-02 15:17:04.701 [pool-2-thread-1] INFO  c.q.t.p.p.PartyInfoBroadcaster - Started PartyInfo polling round
2022-01-02 15:17:04.704 [pool-2-thread-1] INFO  c.q.t.p.p.PartyInfoBroadcaster - Finished PartyInfo polling round
2022-01-02 15:17:09.704 [pool-2-thread-1] INFO  c.q.t.p.p.PartyInfoBroadcaster - Started PartyInfo polling round
2022-01-02 15:17:09.706 [pool-2-thread-1] INFO  c.q.t.p.p.PartyInfoBroadcaster - Finished PartyInfo polling round
2022-01-02 15:17:14.706 [pool-2-thread-1] INFO  c.q.t.p.p.PartyInfoBroadcaster - Started PartyInfo polling round
2022-01-02 15:17:14.708 [pool-2-thread-1] INFO  c.q.t.p.p.PartyInfoBroadcaster - Finished PartyInfo polling round
2022-01-02 15:17:19.708 [pool-2-thread-1] INFO  c.q.t.p.p.PartyInfoBroadcaster - Started PartyInfo polling round
2022-01-02 15:17:19.710 [pool-2-thread-1] INFO  c.q.t.p.p.PartyInfoBroadcaster - Finished PartyInfo polling round
2022-01-02 15:17:24.710 [pool-2-thread-1] INFO  c.q.t.p.p.PartyInfoBroadcaster - Started PartyInfo polling round
2022-01-02 15:17:24.712 [pool-2-thread-1] INFO  c.q.t.p.p.PartyInfoBroadcaster - Finished PartyInfo polling round
2022-01-02 15:17:29.713 [pool-2-thread-1] INFO  c.q.t.p.p.PartyInfoBroadcaster - Started PartyInfo polling round
2022-01-02 15:17:29.715 [pool-2-thread-1] INFO  c.q.t.p.p.PartyInfoBroadcaster - Finished PartyInfo polling round
2022-01-02 15:17:34.715 [pool-2-thread-1] INFO  c.q.t.p.p.PartyInfoBroadcaster - Started PartyInfo polling round
2022-01-02 15:17:34.716 [pool-2-thread-1] INFO  c.q.t.p.p.PartyInfoBroadcaster - Finished PartyInfo polling round
2022-01-02 15:17:39.716 [pool-2-thread-1] INFO  c.q.t.p.p.PartyInfoBroadcaster - Started PartyInfo polling round
2022-01-02 15:17:39.717 [pool-2-thread-1] INFO  c.q.t.p.p.PartyInfoBroadcaster - Finished PartyInfo polling round
2022-01-02 15:17:44.718 [pool-2-thread-1] INFO  c.q.t.p.p.PartyInfoBroadcaster - Started PartyInfo polling round
2022-01-02 15:17:44.720 [pool-2-thread-1] INFO  c.q.t.p.p.PartyInfoBroadcaster - Finished PartyInfo polling round
2022-01-02 15:17:49.720 [pool-2-thread-1] INFO  c.q.t.p.p.PartyInfoBroadcaster - Started PartyInfo polling round
2022-01-02 15:17:49.722 [pool-2-thread-1] INFO  c.q.t.p.p.PartyInfoBroadcaster - Finished PartyInfo polling round
2022-01-02 15:17:54.722 [pool-2-thread-1] INFO  c.q.t.p.p.PartyInfoBroadcaster - Started PartyInfo polling round
2022-01-02 15:17:54.723 [pool-2-thread-1] INFO  c.q.t.p.p.PartyInfoBroadcaster - Finished PartyInfo polling round
2022-01-02 15:17:59.724 [pool-2-thread-1] INFO  c.q.t.p.p.PartyInfoBroadcaster - Started PartyInfo polling round
2022-01-02 15:17:59.725 [pool-2-thread-1] INFO  c.q.t.p.p.PartyInfoBroadcaster - Finished PartyInfo polling round
2022-01-02 15:18:04.725 [pool-2-thread-1] INFO  c.q.t.p.p.PartyInfoBroadcaster - Started PartyInfo polling round
2022-01-02 15:18:04.726 [pool-2-thread-1] INFO  c.q.t.p.p.PartyInfoBroadcaster - Finished PartyInfo polling round
2022-01-02 15:18:09.726 [pool-2-thread-1] INFO  c.q.t.p.p.PartyInfoBroadcaster - Started PartyInfo polling round
2022-01-02 15:18:09.728 [pool-2-thread-1] INFO  c.q.t.p.p.PartyInfoBroadcaster - Finished PartyInfo polling round
2022-01-02 15:18:14.728 [pool-2-thread-1] INFO  c.q.t.p.p.PartyInfoBroadcaster - Started PartyInfo polling round
2022-01-02 15:18:14.729 [pool-2-thread-1] INFO  c.q.t.p.p.PartyInfoBroadcaster - Finished PartyInfo polling round
2022-01-02 15:18:19.730 [pool-2-thread-1] INFO  c.q.t.p.p.PartyInfoBroadcaster - Started PartyInfo polling round
2022-01-02 15:18:19.731 [pool-2-thread-1] INFO  c.q.t.p.p.PartyInfoBroadcaster - Finished PartyInfo polling round
2022-01-02 15:18:24.731 [pool-2-thread-1] INFO  c.q.t.p.p.PartyInfoBroadcaster - Started PartyInfo polling round
2022-01-02 15:18:24.732 [pool-2-thread-1] INFO  c.q.t.p.p.PartyInfoBroadcaster - Finished PartyInfo polling round
2022-01-02 15:18:29.732 [pool-2-thread-1] INFO  c.q.t.p.p.PartyInfoBroadcaster - Started PartyInfo polling round
2022-01-02 15:18:29.733 [pool-2-thread-1] INFO  c.q.t.p.p.PartyInfoBroadcaster - Finished PartyInfo polling round
2022-01-02 15:18:34.734 [pool-2-thread-1] INFO  c.q.t.p.p.PartyInfoBroadcaster - Started PartyInfo polling round
2022-01-02 15:18:34.735 [pool-2-thread-1] INFO  c.q.t.p.p.PartyInfoBroadcaster - Finished PartyInfo polling round
2022-01-02 15:18:39.736 [pool-2-thread-1] INFO  c.q.t.p.p.PartyInfoBroadcaster - Started PartyInfo polling round
2022-01-02 15:18:39.737 [pool-2-thread-1] INFO  c.q.t.p.p.PartyInfoBroadcaster - Finished PartyInfo polling round
2022-01-02 15:18:44.738 [pool-2-thread-1] INFO  c.q.t.p.p.PartyInfoBroadcaster - Started PartyInfo polling round
2022-01-02 15:18:44.739 [pool-2-thread-1] INFO  c.q.t.p.p.PartyInfoBroadcaster - Finished PartyInfo polling round
2022-01-02 15:18:49.739 [pool-2-thread-1] INFO  c.q.t.p.p.PartyInfoBroadcaster - Started PartyInfo polling round
2022-01-02 15:18:49.741 [pool-2-thread-1] INFO  c.q.t.p.p.PartyInfoBroadcaster - Finished PartyInfo polling round
2022-01-02 15:18:54.741 [pool-2-thread-1] INFO  c.q.t.p.p.PartyInfoBroadcaster - Started PartyInfo polling round
2022-01-02 15:18:54.743 [pool-2-thread-1] INFO  c.q.t.p.p.PartyInfoBroadcaster - Finished PartyInfo polling round
2022-01-02 15:18:59.744 [pool-2-thread-1] INFO  c.q.t.p.p.PartyInfoBroadcaster - Started PartyInfo polling round
2022-01-02 15:18:59.745 [pool-2-thread-1] INFO  c.q.t.p.p.PartyInfoBroadcaster - Finished PartyInfo polling round
2022-01-02 15:19:04.745 [pool-2-thread-1] INFO  c.q.t.p.p.PartyInfoBroadcaster - Started PartyInfo polling round
2022-01-02 15:19:04.747 [pool-2-thread-1] INFO  c.q.t.p.p.PartyInfoBroadcaster - Finished PartyInfo polling round
2022-01-02 15:19:09.747 [pool-2-thread-1] INFO  c.q.t.p.p.PartyInfoBroadcaster - Started PartyInfo polling round
2022-01-02 15:19:09.748 [pool-2-thread-1] INFO  c.q.t.p.p.PartyInfoBroadcaster - Finished PartyInfo polling round
2022-01-02 15:19:14.749 [pool-2-thread-1] INFO  c.q.t.p.p.PartyInfoBroadcaster - Started PartyInfo polling round
2022-01-02 15:19:14.749 [pool-2-thread-1] INFO  c.q.t.p.p.PartyInfoBroadcaster - Finished PartyInfo polling round
2022-01-02 15:19:19.750 [pool-2-thread-1] INFO  c.q.t.p.p.PartyInfoBroadcaster - Started PartyInfo polling round
2022-01-02 15:19:19.751 [pool-2-thread-1] INFO  c.q.t.p.p.PartyInfoBroadcaster - Finished PartyInfo polling round
2022-01-02 15:19:24.752 [pool-2-thread-1] INFO  c.q.t.p.p.PartyInfoBroadcaster - Started PartyInfo polling round
2022-01-02 15:19:24.753 [pool-2-thread-1] INFO  c.q.t.p.p.PartyInfoBroadcaster - Finished PartyInfo polling round
2022-01-02 15:19:29.754 [pool-2-thread-1] INFO  c.q.t.p.p.PartyInfoBroadcaster - Started PartyInfo polling round
2022-01-02 15:19:29.755 [pool-2-thread-1] INFO  c.q.t.p.p.PartyInfoBroadcaster - Finished PartyInfo polling round
2022-01-02 15:19:34.755 [pool-2-thread-1] INFO  c.q.t.p.p.PartyInfoBroadcaster - Started PartyInfo polling round
2022-01-02 15:19:34.756 [pool-2-thread-1] INFO  c.q.t.p.p.PartyInfoBroadcaster - Finished PartyInfo polling round
2022-01-02 15:19:39.757 [pool-2-thread-1] INFO  c.q.t.p.p.PartyInfoBroadcaster - Started PartyInfo polling round
2022-01-02 15:19:39.758 [pool-2-thread-1] INFO  c.q.t.p.p.PartyInfoBroadcaster - Finished PartyInfo polling round
2022-01-02 15:19:44.759 [pool-2-thread-1] INFO  c.q.t.p.p.PartyInfoBroadcaster - Started PartyInfo polling round
2022-01-02 15:19:44.760 [pool-2-thread-1] INFO  c.q.t.p.p.PartyInfoBroadcaster - Finished PartyInfo polling round
2022-01-02 15:19:49.760 [pool-2-thread-1] INFO  c.q.t.p.p.PartyInfoBroadcaster - Started PartyInfo polling round
2022-01-02 15:19:49.761 [pool-2-thread-1] INFO  c.q.t.p.p.PartyInfoBroadcaster - Finished PartyInfo polling round
2022-01-02 15:19:54.762 [pool-2-thread-1] INFO  c.q.t.p.p.PartyInfoBroadcaster - Started PartyInfo polling round
2022-01-02 15:19:54.763 [pool-2-thread-1] INFO  c.q.t.p.p.PartyInfoBroadcaster - Finished PartyInfo polling round
2022-01-02 15:19:59.763 [pool-2-thread-1] INFO  c.q.t.p.p.PartyInfoBroadcaster - Started PartyInfo polling round
2022-01-02 15:19:59.764 [pool-2-thread-1] INFO  c.q.t.p.p.PartyInfoBroadcaster - Finished PartyInfo polling round
2022-01-02 15:20:04.764 [pool-2-thread-1] INFO  c.q.t.p.p.PartyInfoBroadcaster - Started PartyInfo polling round
2022-01-02 15:20:04.765 [pool-2-thread-1] INFO  c.q.t.p.p.PartyInfoBroadcaster - Finished PartyInfo polling round
2022-01-02 15:20:09.766 [pool-2-thread-1] INFO  c.q.t.p.p.PartyInfoBroadcaster - Started PartyInfo polling round
2022-01-02 15:20:09.767 [pool-2-thread-1] INFO  c.q.t.p.p.PartyInfoBroadcaster - Finished PartyInfo polling round
2022-01-02 15:20:14.767 [pool-2-thread-1] INFO  c.q.t.p.p.PartyInfoBroadcaster - Started PartyInfo polling round
2022-01-02 15:20:14.768 [pool-2-thread-1] INFO  c.q.t.p.p.PartyInfoBroadcaster - Finished PartyInfo polling round
2022-01-02 15:20:19.768 [pool-2-thread-1] INFO  c.q.t.p.p.PartyInfoBroadcaster - Started PartyInfo polling round
2022-01-02 15:20:19.770 [pool-2-thread-1] INFO  c.q.t.p.p.PartyInfoBroadcaster - Finished PartyInfo polling round
2022-01-02 15:20:24.770 [pool-2-thread-1] INFO  c.q.t.p.p.PartyInfoBroadcaster - Started PartyInfo polling round
2022-01-02 15:20:24.773 [pool-2-thread-1] INFO  c.q.t.p.p.PartyInfoBroadcaster - Finished PartyInfo polling round
2022-01-02 15:20:29.773 [pool-2-thread-1] INFO  c.q.t.p.p.PartyInfoBroadcaster - Started PartyInfo polling round
2022-01-02 15:20:29.775 [pool-2-thread-1] INFO  c.q.t.p.p.PartyInfoBroadcaster - Finished PartyInfo polling round
2022-01-02 15:20:34.791 [pool-2-thread-1] INFO  c.q.t.p.p.PartyInfoBroadcaster - Started PartyInfo polling round
2022-01-02 15:20:34.796 [pool-2-thread-1] INFO  c.q.t.p.p.PartyInfoBroadcaster - Finished PartyInfo polling round
2022-01-02 15:20:39.797 [pool-2-thread-1] INFO  c.q.t.p.p.PartyInfoBroadcaster - Started PartyInfo polling round
2022-01-02 15:20:39.798 [pool-2-thread-1] INFO  c.q.t.p.p.PartyInfoBroadcaster - Finished PartyInfo polling round
2022-01-02 15:20:44.798 [pool-2-thread-1] INFO  c.q.t.p.p.PartyInfoBroadcaster - Started PartyInfo polling round
2022-01-02 15:20:44.799 [pool-2-thread-1] INFO  c.q.t.p.p.PartyInfoBroadcaster - Finished PartyInfo polling round
2022-01-02 15:20:49.799 [pool-2-thread-1] INFO  c.q.t.p.p.PartyInfoBroadcaster - Started PartyInfo polling round
2022-01-02 15:20:49.800 [pool-2-thread-1] INFO  c.q.t.p.p.PartyInfoBroadcaster - Finished PartyInfo polling round
2022-01-02 15:20:54.801 [pool-2-thread-1] INFO  c.q.t.p.p.PartyInfoBroadcaster - Started PartyInfo polling round
2022-01-02 15:20:54.802 [pool-2-thread-1] INFO  c.q.t.p.p.PartyInfoBroadcaster - Finished PartyInfo polling round
2022-01-02 15:20:59.803 [pool-2-thread-1] INFO  c.q.t.p.p.PartyInfoBroadcaster - Started PartyInfo polling round
2022-01-02 15:20:59.804 [pool-2-thread-1] INFO  c.q.t.p.p.PartyInfoBroadcaster - Finished PartyInfo polling round
2022-01-02 15:21:04.804 [pool-2-thread-1] INFO  c.q.t.p.p.PartyInfoBroadcaster - Started PartyInfo polling round
2022-01-02 15:21:04.805 [pool-2-thread-1] INFO  c.q.t.p.p.PartyInfoBroadcaster - Finished PartyInfo polling round
2022-01-02 15:21:09.806 [pool-2-thread-1] INFO  c.q.t.p.p.PartyInfoBroadcaster - Started PartyInfo polling round
2022-01-02 15:21:09.807 [pool-2-thread-1] INFO  c.q.t.p.p.PartyInfoBroadcaster - Finished PartyInfo polling round
2022-01-02 15:21:14.808 [pool-2-thread-1] INFO  c.q.t.p.p.PartyInfoBroadcaster - Started PartyInfo polling round
2022-01-02 15:21:14.810 [pool-2-thread-1] INFO  c.q.t.p.p.PartyInfoBroadcaster - Finished PartyInfo polling round
2022-01-02 15:21:19.810 [pool-2-thread-1] INFO  c.q.t.p.p.PartyInfoBroadcaster - Started PartyInfo polling round
2022-01-02 15:21:19.812 [pool-2-thread-1] INFO  c.q.t.p.p.PartyInfoBroadcaster - Finished PartyInfo polling round
2022-01-02 15:21:24.813 [pool-2-thread-1] INFO  c.q.t.p.p.PartyInfoBroadcaster - Started PartyInfo polling round
2022-01-02 15:21:24.815 [pool-2-thread-1] INFO  c.q.t.p.p.PartyInfoBroadcaster - Finished PartyInfo polling round
2022-01-02 15:21:29.816 [pool-2-thread-1] INFO  c.q.t.p.p.PartyInfoBroadcaster - Started PartyInfo polling round
2022-01-02 15:21:29.817 [pool-2-thread-1] INFO  c.q.t.p.p.PartyInfoBroadcaster - Finished PartyInfo polling round
2022-01-02 15:21:34.817 [pool-2-thread-1] INFO  c.q.t.p.p.PartyInfoBroadcaster - Started PartyInfo polling round
2022-01-02 15:21:34.818 [pool-2-thread-1] INFO  c.q.t.p.p.PartyInfoBroadcaster - Finished PartyInfo polling round
2022-01-02 15:21:39.819 [pool-2-thread-1] INFO  c.q.t.p.p.PartyInfoBroadcaster - Started PartyInfo polling round
2022-01-02 15:21:39.820 [pool-2-thread-1] INFO  c.q.t.p.p.PartyInfoBroadcaster - Finished PartyInfo polling round
2022-01-02 15:21:44.822 [pool-2-thread-1] INFO  c.q.t.p.p.PartyInfoBroadcaster - Started PartyInfo polling round
2022-01-02 15:21:44.824 [pool-2-thread-1] INFO  c.q.t.p.p.PartyInfoBroadcaster - Finished PartyInfo polling round
2022-01-02 15:21:49.827 [pool-2-thread-1] INFO  c.q.t.p.p.PartyInfoBroadcaster - Started PartyInfo polling round
2022-01-02 15:21:49.828 [pool-2-thread-1] INFO  c.q.t.p.p.PartyInfoBroadcaster - Finished PartyInfo polling round
2022-01-02 15:21:54.828 [pool-2-thread-1] INFO  c.q.t.p.p.PartyInfoBroadcaster - Started PartyInfo polling round
2022-01-02 15:21:54.829 [pool-2-thread-1] INFO  c.q.t.p.p.PartyInfoBroadcaster - Finished PartyInfo polling round
2022-01-02 15:21:59.830 [pool-2-thread-1] INFO  c.q.t.p.p.PartyInfoBroadcaster - Started PartyInfo polling round
2022-01-02 15:21:59.831 [pool-2-thread-1] INFO  c.q.t.p.p.PartyInfoBroadcaster - Finished PartyInfo polling round
2022-01-02 15:22:04.833 [pool-2-thread-1] INFO  c.q.t.p.p.PartyInfoBroadcaster - Started PartyInfo polling round
2022-01-02 15:22:04.834 [pool-2-thread-1] INFO  c.q.t.p.p.PartyInfoBroadcaster - Finished PartyInfo polling round
2022-01-02 15:22:09.835 [pool-2-thread-1] INFO  c.q.t.p.p.PartyInfoBroadcaster - Started PartyInfo polling round
2022-01-02 15:22:09.835 [pool-2-thread-1] INFO  c.q.t.p.p.PartyInfoBroadcaster - Finished PartyInfo polling round
2022-01-02 15:22:14.836 [pool-2-thread-1] INFO  c.q.t.p.p.PartyInfoBroadcaster - Started PartyInfo polling round
2022-01-02 15:22:14.837 [pool-2-thread-1] INFO  c.q.t.p.p.PartyInfoBroadcaster - Finished PartyInfo polling round
2022-01-02 15:22:19.838 [pool-2-thread-1] INFO  c.q.t.p.p.PartyInfoBroadcaster - Started PartyInfo polling round
2022-01-02 15:22:19.839 [pool-2-thread-1] INFO  c.q.t.p.p.PartyInfoBroadcaster - Finished PartyInfo polling round
2022-01-02 15:22:24.839 [pool-2-thread-1] INFO  c.q.t.p.p.PartyInfoBroadcaster - Started PartyInfo polling round
2022-01-02 15:22:24.840 [pool-2-thread-1] INFO  c.q.t.p.p.PartyInfoBroadcaster - Finished PartyInfo polling round
2022-01-02 15:22:29.842 [pool-2-thread-1] INFO  c.q.t.p.p.PartyInfoBroadcaster - Started PartyInfo polling round
2022-01-02 15:22:29.843 [pool-2-thread-1] INFO  c.q.t.p.p.PartyInfoBroadcaster - Finished PartyInfo polling round
2022-01-02 15:22:34.844 [pool-2-thread-1] INFO  c.q.t.p.p.PartyInfoBroadcaster - Started PartyInfo polling round
2022-01-02 15:22:34.845 [pool-2-thread-1] INFO  c.q.t.p.p.PartyInfoBroadcaster - Finished PartyInfo polling round
2022-01-02 15:22:39.845 [pool-2-thread-1] INFO  c.q.t.p.p.PartyInfoBroadcaster - Started PartyInfo polling round
2022-01-02 15:22:39.846 [pool-2-thread-1] INFO  c.q.t.p.p.PartyInfoBroadcaster - Finished PartyInfo polling round
2022-01-02 15:22:44.846 [pool-2-thread-1] INFO  c.q.t.p.p.PartyInfoBroadcaster - Started PartyInfo polling round
2022-01-02 15:22:44.847 [pool-2-thread-1] INFO  c.q.t.p.p.PartyInfoBroadcaster - Finished PartyInfo polling round
2022-01-02 15:22:49.847 [pool-2-thread-1] INFO  c.q.t.p.p.PartyInfoBroadcaster - Started PartyInfo polling round
2022-01-02 15:22:49.848 [pool-2-thread-1] INFO  c.q.t.p.p.PartyInfoBroadcaster - Finished PartyInfo polling round
2022-01-02 15:22:54.849 [pool-2-thread-1] INFO  c.q.t.p.p.PartyInfoBroadcaster - Started PartyInfo polling round
2022-01-02 15:22:54.849 [pool-2-thread-1] INFO  c.q.t.p.p.PartyInfoBroadcaster - Finished PartyInfo polling round
2022-01-02 15:22:59.850 [pool-2-thread-1] INFO  c.q.t.p.p.PartyInfoBroadcaster - Started PartyInfo polling round
2022-01-02 15:22:59.851 [pool-2-thread-1] INFO  c.q.t.p.p.PartyInfoBroadcaster - Finished PartyInfo polling round
2022-01-02 15:23:04.852 [pool-2-thread-1] INFO  c.q.t.p.p.PartyInfoBroadcaster - Started PartyInfo polling round
2022-01-02 15:23:04.854 [pool-2-thread-1] INFO  c.q.t.p.p.PartyInfoBroadcaster - Finished PartyInfo polling round
2022-01-02 15:23:09.855 [pool-2-thread-1] INFO  c.q.t.p.p.PartyInfoBroadcaster - Started PartyInfo polling round
2022-01-02 15:23:09.856 [pool-2-thread-1] INFO  c.q.t.p.p.PartyInfoBroadcaster - Finished PartyInfo polling round
2022-01-02 15:23:14.858 [pool-2-thread-1] INFO  c.q.t.p.p.PartyInfoBroadcaster - Started PartyInfo polling round
2022-01-02 15:23:14.859 [pool-2-thread-1] INFO  c.q.t.p.p.PartyInfoBroadcaster - Finished PartyInfo polling round
2022-01-02 15:23:19.859 [pool-2-thread-1] INFO  c.q.t.p.p.PartyInfoBroadcaster - Started PartyInfo polling round
2022-01-02 15:23:19.860 [pool-2-thread-1] INFO  c.q.t.p.p.PartyInfoBroadcaster - Finished PartyInfo polling round
2022-01-02 15:23:24.861 [pool-2-thread-1] INFO  c.q.t.p.p.PartyInfoBroadcaster - Started PartyInfo polling round
2022-01-02 15:23:24.862 [pool-2-thread-1] INFO  c.q.t.p.p.PartyInfoBroadcaster - Finished PartyInfo polling round
2022-01-02 15:23:29.864 [pool-2-thread-1] INFO  c.q.t.p.p.PartyInfoBroadcaster - Started PartyInfo polling round
2022-01-02 15:23:29.865 [pool-2-thread-1] INFO  c.q.t.p.p.PartyInfoBroadcaster - Finished PartyInfo polling round
2022-01-02 15:23:34.866 [pool-2-thread-1] INFO  c.q.t.p.p.PartyInfoBroadcaster - Started PartyInfo polling round
2022-01-02 15:23:34.868 [pool-2-thread-1] INFO  c.q.t.p.p.PartyInfoBroadcaster - Finished PartyInfo polling round
2022-01-02 15:23:39.868 [pool-2-thread-1] INFO  c.q.t.p.p.PartyInfoBroadcaster - Started PartyInfo polling round
2022-01-02 15:23:39.870 [pool-2-thread-1] INFO  c.q.t.p.p.PartyInfoBroadcaster - Finished PartyInfo polling round
2022-01-02 15:23:44.870 [pool-2-thread-1] INFO  c.q.t.p.p.PartyInfoBroadcaster - Started PartyInfo polling round
2022-01-02 15:23:44.871 [pool-2-thread-1] INFO  c.q.t.p.p.PartyInfoBroadcaster - Finished PartyInfo polling round
2022-01-02 15:23:49.872 [pool-2-thread-1] INFO  c.q.t.p.p.PartyInfoBroadcaster - Started PartyInfo polling round
2022-01-02 15:23:49.876 [pool-2-thread-1] INFO  c.q.t.p.p.PartyInfoBroadcaster - Finished PartyInfo polling round
2022-01-02 15:23:54.877 [pool-2-thread-1] INFO  c.q.t.p.p.PartyInfoBroadcaster - Started PartyInfo polling round
2022-01-02 15:23:54.880 [pool-2-thread-1] INFO  c.q.t.p.p.PartyInfoBroadcaster - Finished PartyInfo polling round
2022-01-02 15:23:59.881 [pool-2-thread-1] INFO  c.q.t.p.p.PartyInfoBroadcaster - Started PartyInfo polling round
2022-01-02 15:23:59.882 [pool-2-thread-1] INFO  c.q.t.p.p.PartyInfoBroadcaster - Finished PartyInfo polling round
2022-01-02 15:24:04.883 [pool-2-thread-1] INFO  c.q.t.p.p.PartyInfoBroadcaster - Started PartyInfo polling round
2022-01-02 15:24:04.883 [pool-2-thread-1] INFO  c.q.t.p.p.PartyInfoBroadcaster - Finished PartyInfo polling round
2022-01-02 15:24:09.884 [pool-2-thread-1] INFO  c.q.t.p.p.PartyInfoBroadcaster - Started PartyInfo polling round
2022-01-02 15:24:09.886 [pool-2-thread-1] INFO  c.q.t.p.p.PartyInfoBroadcaster - Finished PartyInfo polling round
2022-01-02 15:24:14.887 [pool-2-thread-1] INFO  c.q.t.p.p.PartyInfoBroadcaster - Started PartyInfo polling round
2022-01-02 15:24:14.888 [pool-2-thread-1] INFO  c.q.t.p.p.PartyInfoBroadcaster - Finished PartyInfo polling round
2022-01-02 15:24:19.888 [pool-2-thread-1] INFO  c.q.t.p.p.PartyInfoBroadcaster - Started PartyInfo polling round
2022-01-02 15:24:19.889 [pool-2-thread-1] INFO  c.q.t.p.p.PartyInfoBroadcaster - Finished PartyInfo polling round
2022-01-02 15:24:24.889 [pool-2-thread-1] INFO  c.q.t.p.p.PartyInfoBroadcaster - Started PartyInfo polling round
2022-01-02 15:24:24.891 [pool-2-thread-1] INFO  c.q.t.p.p.PartyInfoBroadcaster - Finished PartyInfo polling round
2022-01-02 15:24:29.892 [pool-2-thread-1] INFO  c.q.t.p.p.PartyInfoBroadcaster - Started PartyInfo polling round
2022-01-02 15:24:29.895 [pool-2-thread-1] INFO  c.q.t.p.p.PartyInfoBroadcaster - Finished PartyInfo polling round
2022-01-02 15:24:34.896 [pool-2-thread-1] INFO  c.q.t.p.p.PartyInfoBroadcaster - Started PartyInfo polling round
2022-01-02 15:24:34.897 [pool-2-thread-1] INFO  c.q.t.p.p.PartyInfoBroadcaster - Finished PartyInfo polling round
2022-01-02 15:24:39.897 [pool-2-thread-1] INFO  c.q.t.p.p.PartyInfoBroadcaster - Started PartyInfo polling round
2022-01-02 15:24:39.899 [pool-2-thread-1] INFO  c.q.t.p.p.PartyInfoBroadcaster - Finished PartyInfo polling round
2022-01-02 15:24:44.899 [pool-2-thread-1] INFO  c.q.t.p.p.PartyInfoBroadcaster - Started PartyInfo polling round
2022-01-02 15:24:44.901 [pool-2-thread-1] INFO  c.q.t.p.p.PartyInfoBroadcaster - Finished PartyInfo polling round
2022-01-02 15:24:49.902 [pool-2-thread-1] INFO  c.q.t.p.p.PartyInfoBroadcaster - Started PartyInfo polling round
2022-01-02 15:24:49.903 [pool-2-thread-1] INFO  c.q.t.p.p.PartyInfoBroadcaster - Finished PartyInfo polling round
2022-01-02 15:24:54.903 [pool-2-thread-1] INFO  c.q.t.p.p.PartyInfoBroadcaster - Started PartyInfo polling round
2022-01-02 15:24:54.905 [pool-2-thread-1] INFO  c.q.t.p.p.PartyInfoBroadcaster - Finished PartyInfo polling round
2022-01-02 15:24:59.905 [pool-2-thread-1] INFO  c.q.t.p.p.PartyInfoBroadcaster - Started PartyInfo polling round
2022-01-02 15:24:59.906 [pool-2-thread-1] INFO  c.q.t.p.p.PartyInfoBroadcaster - Finished PartyInfo polling round
2022-01-02 15:25:04.907 [pool-2-thread-1] INFO  c.q.t.p.p.PartyInfoBroadcaster - Started PartyInfo polling round
2022-01-02 15:25:04.908 [pool-2-thread-1] INFO  c.q.t.p.p.PartyInfoBroadcaster - Finished PartyInfo polling round
2022-01-02 15:25:09.911 [pool-2-thread-1] INFO  c.q.t.p.p.PartyInfoBroadcaster - Started PartyInfo polling round
2022-01-02 15:25:09.912 [pool-2-thread-1] INFO  c.q.t.p.p.PartyInfoBroadcaster - Finished PartyInfo polling round
2022-01-02 15:25:14.912 [pool-2-thread-1] INFO  c.q.t.p.p.PartyInfoBroadcaster - Started PartyInfo polling round
2022-01-02 15:25:14.914 [pool-2-thread-1] INFO  c.q.t.p.p.PartyInfoBroadcaster - Finished PartyInfo polling round
2022-01-02 15:25:19.915 [pool-2-thread-1] INFO  c.q.t.p.p.PartyInfoBroadcaster - Started PartyInfo polling round
2022-01-02 15:25:19.916 [pool-2-thread-1] INFO  c.q.t.p.p.PartyInfoBroadcaster - Finished PartyInfo polling round
2022-01-02 15:25:24.917 [pool-2-thread-1] INFO  c.q.t.p.p.PartyInfoBroadcaster - Started PartyInfo polling round
2022-01-02 15:25:24.918 [pool-2-thread-1] INFO  c.q.t.p.p.PartyInfoBroadcaster - Finished PartyInfo polling round
2022-01-02 15:25:29.922 [pool-2-thread-1] INFO  c.q.t.p.p.PartyInfoBroadcaster - Started PartyInfo polling round
2022-01-02 15:25:29.931 [pool-2-thread-1] INFO  c.q.t.p.p.PartyInfoBroadcaster - Finished PartyInfo polling round
2022-01-02 15:25:34.934 [pool-2-thread-1] INFO  c.q.t.p.p.PartyInfoBroadcaster - Started PartyInfo polling round
2022-01-02 15:25:34.935 [pool-2-thread-1] INFO  c.q.t.p.p.PartyInfoBroadcaster - Finished PartyInfo polling round
2022-01-02 15:25:39.935 [pool-2-thread-1] INFO  c.q.t.p.p.PartyInfoBroadcaster - Started PartyInfo polling round
2022-01-02 15:25:39.936 [pool-2-thread-1] INFO  c.q.t.p.p.PartyInfoBroadcaster - Finished PartyInfo polling round
2022-01-02 15:25:44.936 [pool-2-thread-1] INFO  c.q.t.p.p.PartyInfoBroadcaster - Started PartyInfo polling round
2022-01-02 15:25:44.937 [pool-2-thread-1] INFO  c.q.t.p.p.PartyInfoBroadcaster - Finished PartyInfo polling round
2022-01-02 15:25:49.938 [pool-2-thread-1] INFO  c.q.t.p.p.PartyInfoBroadcaster - Started PartyInfo polling round
2022-01-02 15:25:49.940 [pool-2-thread-1] INFO  c.q.t.p.p.PartyInfoBroadcaster - Finished PartyInfo polling round
2022-01-02 15:25:54.942 [pool-2-thread-1] INFO  c.q.t.p.p.PartyInfoBroadcaster - Started PartyInfo polling round
2022-01-02 15:25:54.945 [pool-2-thread-1] INFO  c.q.t.p.p.PartyInfoBroadcaster - Finished PartyInfo polling round
2022-01-02 15:25:59.945 [pool-2-thread-1] INFO  c.q.t.p.p.PartyInfoBroadcaster - Started PartyInfo polling round
2022-01-02 15:25:59.947 [pool-2-thread-1] INFO  c.q.t.p.p.PartyInfoBroadcaster - Finished PartyInfo polling round
2022-01-02 15:26:04.948 [pool-2-thread-1] INFO  c.q.t.p.p.PartyInfoBroadcaster - Started PartyInfo polling round
2022-01-02 15:26:04.950 [pool-2-thread-1] INFO  c.q.t.p.p.PartyInfoBroadcaster - Finished PartyInfo polling round
2022-01-02 15:26:09.950 [pool-2-thread-1] INFO  c.q.t.p.p.PartyInfoBroadcaster - Started PartyInfo polling round
2022-01-02 15:26:09.952 [pool-2-thread-1] INFO  c.q.t.p.p.PartyInfoBroadcaster - Finished PartyInfo polling round
2022-01-02 15:26:14.952 [pool-2-thread-1] INFO  c.q.t.p.p.PartyInfoBroadcaster - Started PartyInfo polling round
2022-01-02 15:26:14.954 [pool-2-thread-1] INFO  c.q.t.p.p.PartyInfoBroadcaster - Finished PartyInfo polling round
2022-01-02 15:26:19.954 [pool-2-thread-1] INFO  c.q.t.p.p.PartyInfoBroadcaster - Started PartyInfo polling round
2022-01-02 15:26:19.956 [pool-2-thread-1] INFO  c.q.t.p.p.PartyInfoBroadcaster - Finished PartyInfo polling round
2022-01-02 15:26:24.956 [pool-2-thread-1] INFO  c.q.t.p.p.PartyInfoBroadcaster - Started PartyInfo polling round
2022-01-02 15:26:24.957 [pool-2-thread-1] INFO  c.q.t.p.p.PartyInfoBroadcaster - Finished PartyInfo polling round
2022-01-02 15:26:29.957 [pool-2-thread-1] INFO  c.q.t.p.p.PartyInfoBroadcaster - Started PartyInfo polling round
2022-01-02 15:26:29.959 [pool-2-thread-1] INFO  c.q.t.p.p.PartyInfoBroadcaster - Finished PartyInfo polling round
2022-01-02 15:26:34.960 [pool-2-thread-1] INFO  c.q.t.p.p.PartyInfoBroadcaster - Started PartyInfo polling round
2022-01-02 15:26:34.961 [pool-2-thread-1] INFO  c.q.t.p.p.PartyInfoBroadcaster - Finished PartyInfo polling round
2022-01-02 15:26:39.961 [pool-2-thread-1] INFO  c.q.t.p.p.PartyInfoBroadcaster - Started PartyInfo polling round
2022-01-02 15:26:39.962 [pool-2-thread-1] INFO  c.q.t.p.p.PartyInfoBroadcaster - Finished PartyInfo polling round
2022-01-02 15:26:44.963 [pool-2-thread-1] INFO  c.q.t.p.p.PartyInfoBroadcaster - Started PartyInfo polling round
2022-01-02 15:26:44.964 [pool-2-thread-1] INFO  c.q.t.p.p.PartyInfoBroadcaster - Finished PartyInfo polling round
2022-01-02 15:26:49.964 [pool-2-thread-1] INFO  c.q.t.p.p.PartyInfoBroadcaster - Started PartyInfo polling round
2022-01-02 15:26:49.966 [pool-2-thread-1] INFO  c.q.t.p.p.PartyInfoBroadcaster - Finished PartyInfo polling round
2022-01-02 15:26:54.967 [pool-2-thread-1] INFO  c.q.t.p.p.PartyInfoBroadcaster - Started PartyInfo polling round
2022-01-02 15:26:54.969 [pool-2-thread-1] INFO  c.q.t.p.p.PartyInfoBroadcaster - Finished PartyInfo polling round
2022-01-02 15:26:59.969 [pool-2-thread-1] INFO  c.q.t.p.p.PartyInfoBroadcaster - Started PartyInfo polling round
2022-01-02 15:26:59.971 [pool-2-thread-1] INFO  c.q.t.p.p.PartyInfoBroadcaster - Finished PartyInfo polling round
2022-01-02 15:27:04.972 [pool-2-thread-1] INFO  c.q.t.p.p.PartyInfoBroadcaster - Started PartyInfo polling round
2022-01-02 15:27:04.975 [pool-2-thread-1] INFO  c.q.t.p.p.PartyInfoBroadcaster - Finished PartyInfo polling round
2022-01-02 15:27:09.976 [pool-2-thread-1] INFO  c.q.t.p.p.PartyInfoBroadcaster - Started PartyInfo polling round
2022-01-02 15:27:09.977 [pool-2-thread-1] INFO  c.q.t.p.p.PartyInfoBroadcaster - Finished PartyInfo polling round
2022-01-02 15:27:14.978 [pool-2-thread-1] INFO  c.q.t.p.p.PartyInfoBroadcaster - Started PartyInfo polling round
2022-01-02 15:27:14.979 [pool-2-thread-1] INFO  c.q.t.p.p.PartyInfoBroadcaster - Finished PartyInfo polling round
2022-01-02 15:27:19.979 [pool-2-thread-1] INFO  c.q.t.p.p.PartyInfoBroadcaster - Started PartyInfo polling round
2022-01-02 15:27:19.981 [pool-2-thread-1] INFO  c.q.t.p.p.PartyInfoBroadcaster - Finished PartyInfo polling round
2022-01-02 15:27:24.982 [pool-2-thread-1] INFO  c.q.t.p.p.PartyInfoBroadcaster - Started PartyInfo polling round
2022-01-02 15:27:24.983 [pool-2-thread-1] INFO  c.q.t.p.p.PartyInfoBroadcaster - Finished PartyInfo polling round
2022-01-02 15:27:29.984 [pool-2-thread-1] INFO  c.q.t.p.p.PartyInfoBroadcaster - Started PartyInfo polling round
2022-01-02 15:27:29.988 [pool-2-thread-1] INFO  c.q.t.p.p.PartyInfoBroadcaster - Finished PartyInfo polling round
2022-01-02 15:27:34.990 [pool-2-thread-1] INFO  c.q.t.p.p.PartyInfoBroadcaster - Started PartyInfo polling round
2022-01-02 15:27:34.991 [pool-2-thread-1] INFO  c.q.t.p.p.PartyInfoBroadcaster - Finished PartyInfo polling round
2022-01-02 15:27:39.992 [pool-2-thread-1] INFO  c.q.t.p.p.PartyInfoBroadcaster - Started PartyInfo polling round
2022-01-02 15:27:39.992 [pool-2-thread-1] INFO  c.q.t.p.p.PartyInfoBroadcaster - Finished PartyInfo polling round
2022-01-02 15:27:44.993 [pool-2-thread-1] INFO  c.q.t.p.p.PartyInfoBroadcaster - Started PartyInfo polling round
2022-01-02 15:27:44.994 [pool-2-thread-1] INFO  c.q.t.p.p.PartyInfoBroadcaster - Finished PartyInfo polling round
2022-01-02 15:27:49.994 [pool-2-thread-1] INFO  c.q.t.p.p.PartyInfoBroadcaster - Started PartyInfo polling round
2022-01-02 15:27:49.995 [pool-2-thread-1] INFO  c.q.t.p.p.PartyInfoBroadcaster - Finished PartyInfo polling round
2022-01-02 15:27:54.996 [pool-2-thread-1] INFO  c.q.t.p.p.PartyInfoBroadcaster - Started PartyInfo polling round
2022-01-02 15:27:54.997 [pool-2-thread-1] INFO  c.q.t.p.p.PartyInfoBroadcaster - Finished PartyInfo polling round
2022-01-02 15:27:59.997 [pool-2-thread-1] INFO  c.q.t.p.p.PartyInfoBroadcaster - Started PartyInfo polling round
2022-01-02 15:27:59.999 [pool-2-thread-1] INFO  c.q.t.p.p.PartyInfoBroadcaster - Finished PartyInfo polling round
2022-01-02 15:28:05.000 [pool-2-thread-1] INFO  c.q.t.p.p.PartyInfoBroadcaster - Started PartyInfo polling round
2022-01-02 15:28:05.002 [pool-2-thread-1] INFO  c.q.t.p.p.PartyInfoBroadcaster - Finished PartyInfo polling round
2022-01-02 15:28:10.003 [pool-2-thread-1] INFO  c.q.t.p.p.PartyInfoBroadcaster - Started PartyInfo polling round
2022-01-02 15:28:10.004 [pool-2-thread-1] INFO  c.q.t.p.p.PartyInfoBroadcaster - Finished PartyInfo polling round
2022-01-02 15:28:15.004 [pool-2-thread-1] INFO  c.q.t.p.p.PartyInfoBroadcaster - Started PartyInfo polling round
2022-01-02 15:28:15.005 [pool-2-thread-1] INFO  c.q.t.p.p.PartyInfoBroadcaster - Finished PartyInfo polling round
2022-01-02 15:28:20.006 [pool-2-thread-1] INFO  c.q.t.p.p.PartyInfoBroadcaster - Started PartyInfo polling round
2022-01-02 15:28:20.007 [pool-2-thread-1] INFO  c.q.t.p.p.PartyInfoBroadcaster - Finished PartyInfo polling round
