2022-01-02 15:16:47.702 [main] INFO  c.q.tessera.enclave.EnclaveFactory - Creating enclave
2022-01-02 15:16:47.707 [main] INFO  c.q.tessera.enclave.EnclaveFactory - Creating enclave server
2022-01-02 15:16:49.582 [main] INFO  c.q.t.t.TesseraScheduledExecutor - Starting PartyInfoBroadcaster
2022-01-02 15:16:49.611 [main] INFO  c.q.t.t.TesseraScheduledExecutor - Started PartyInfoBroadcaster
2022-01-02 15:16:49.638 [main] INFO  c.q.t.t.TesseraScheduledExecutor - Starting EnclaveKeySynchroniserFactory
2022-01-02 15:16:49.644 [main] INFO  c.q.t.t.TesseraScheduledExecutor - Started EnclaveKeySynchroniserFactory
2022-01-02 15:16:49.707 [main] INFO  c.q.t.config.apps.TesseraAppFactory - Loaded app com.quorum.tessera.p2p.P2PRestApp@1f15e689
2022-01-02 15:16:49.708 [main] INFO  c.q.t.config.apps.TesseraAppFactory - Loaded app com.quorum.tessera.q2t.Q2TRestApp@14c99bf6
2022-01-02 15:16:49.768 [main] WARN  c.q.t.c.util.EncryptedStringResolver - Some sensitive values are being given as unencrypted plain text in config. Please note this is NOT recommended for production environment.
2022-01-02 15:16:49.805 [main] INFO  com.zaxxer.hikari.HikariDataSource - HikariPool-1 - Starting...
2022-01-02 15:16:50.076 [main] INFO  com.zaxxer.hikari.HikariDataSource - HikariPool-1 - Start completed.
2022-01-02 15:16:50.264 [main] ERROR eclipselink.logging.metadata - java.lang.IllegalArgumentException: Unsupported class file major version 61
2022-01-02 15:16:50.264 [main] ERROR eclipselink.logging.metadata - java.lang.ArrayIndexOutOfBoundsException: Index 8 out of bounds for length 0
2022-01-02 15:16:50.284 [main] ERROR eclipselink.logging.metadata - java.lang.IllegalArgumentException: Unsupported class file major version 61
2022-01-02 15:16:50.285 [main] ERROR eclipselink.logging.metadata - java.lang.ArrayIndexOutOfBoundsException: Index 8 out of bounds for length 0
2022-01-02 15:16:50.610 [main] INFO  eclipselink.logging.all - EclipseLink, version: Eclipse Persistence Services - 2.7.7.v20200504-69f2c2b80d
2022-01-02 15:16:50.913 [main] WARN  eclipselink.logging.ddl - Removing UNIQUE constraint definition from [ENCRYPTED_TRANSACTION.HASH] because it is also a primary key.
2022-01-02 15:16:50.939 [main] WARN  eclipselink.logging.ddl - Removing UNIQUE constraint definition from [ENCRYPTED_RAW_TRANSACTION.HASH] because it is also a primary key.
2022-01-02 15:16:50.997 [main] ERROR eclipselink.logging.metadata - java.lang.IllegalArgumentException: Unsupported class file major version 61
2022-01-02 15:16:50.997 [main] ERROR eclipselink.logging.metadata - java.lang.ArrayIndexOutOfBoundsException: Index 8 out of bounds for length 0
2022-01-02 15:16:51.003 [main] ERROR eclipselink.logging.metadata - java.lang.IllegalArgumentException: Unsupported class file major version 61
2022-01-02 15:16:51.003 [main] ERROR eclipselink.logging.metadata - java.lang.ArrayIndexOutOfBoundsException: Index 8 out of bounds for length 0
2022-01-02 15:16:51.011 [main] ERROR eclipselink.logging.metadata - java.lang.IllegalArgumentException: Unsupported class file major version 61
2022-01-02 15:16:51.011 [main] ERROR eclipselink.logging.metadata - java.lang.ArrayIndexOutOfBoundsException
2022-01-02 15:16:51.019 [main] ERROR eclipselink.logging.metadata - java.lang.IllegalArgumentException: Unsupported class file major version 61
2022-01-02 15:16:51.019 [main] ERROR eclipselink.logging.metadata - java.lang.ArrayIndexOutOfBoundsException
2022-01-02 15:16:51.022 [main] ERROR eclipselink.logging.metadata - java.lang.IllegalArgumentException: Unsupported class file major version 61
2022-01-02 15:16:51.022 [main] ERROR eclipselink.logging.metadata - java.lang.ArrayIndexOutOfBoundsException
2022-01-02 15:16:51.022 [main] ERROR eclipselink.logging.metadata - java.lang.IllegalArgumentException: Unsupported class file major version 61
2022-01-02 15:16:51.023 [main] ERROR eclipselink.logging.metadata - java.lang.ArrayIndexOutOfBoundsException
2022-01-02 15:16:51.023 [main] ERROR eclipselink.logging.metadata - java.lang.IllegalArgumentException: Unsupported class file major version 61
2022-01-02 15:16:51.024 [main] ERROR eclipselink.logging.metadata - java.lang.ArrayIndexOutOfBoundsException
2022-01-02 15:16:51.024 [main] ERROR eclipselink.logging.metadata - java.lang.IllegalArgumentException: Unsupported class file major version 61
2022-01-02 15:16:51.024 [main] ERROR eclipselink.logging.metadata - java.lang.ArrayIndexOutOfBoundsException
2022-01-02 15:16:51.025 [main] ERROR eclipselink.logging.metadata - java.lang.IllegalArgumentException: Unsupported class file major version 61
2022-01-02 15:16:51.025 [main] ERROR eclipselink.logging.metadata - java.lang.ArrayIndexOutOfBoundsException
2022-01-02 15:16:51.025 [main] ERROR eclipselink.logging.metadata - java.lang.IllegalArgumentException: Unsupported class file major version 61
2022-01-02 15:16:51.025 [main] ERROR eclipselink.logging.metadata - java.lang.ArrayIndexOutOfBoundsException
2022-01-02 15:16:51.025 [main] ERROR eclipselink.logging.metadata - java.lang.IllegalArgumentException: Unsupported class file major version 61
2022-01-02 15:16:51.025 [main] ERROR eclipselink.logging.metadata - java.lang.ArrayIndexOutOfBoundsException
2022-01-02 15:16:51.096 [main] INFO  eclipselink.logging.all - EclipseLink, version: Eclipse Persistence Services - 2.7.7.v20200504-69f2c2b80d
2022-01-02 15:16:51.115 [main] WARN  eclipselink.logging.all - Exception [EclipseLink-4002] (Eclipse Persistence Services - 2.7.7.v20200504-69f2c2b80d): org.eclipse.persistence.exceptions.DatabaseExceptionInternal Exception: org.h2.jdbc.JdbcSQLSyntaxErrorException: Table "ST_AFFECTED_TRANSACTION" not found; SQL statement:ALTER TABLE ST_AFFECTED_TRANSACTION DROP CONSTRAINT FK_ST_AFFECTED_TRANSACTION_TXN_ID [42102-200]Error Code: 42102Call: ALTER TABLE ST_AFFECTED_TRANSACTION DROP CONSTRAINT FK_ST_AFFECTED_TRANSACTION_TXN_IDQuery: DataModifyQuery(sql="ALTER TABLE ST_AFFECTED_TRANSACTION DROP CONSTRAINT FK_ST_AFFECTED_TRANSACTION_TXN_ID")
2022-01-02 15:16:51.124 [main] WARN  eclipselink.logging.all - Exception [EclipseLink-4002] (Eclipse Persistence Services - 2.7.7.v20200504-69f2c2b80d): org.eclipse.persistence.exceptions.DatabaseExceptionInternal Exception: org.h2.jdbc.JdbcSQLSyntaxErrorException: Index "ST_TRANSACTION_VALSTG" not found; SQL statement:DROP INDEX ST_TRANSACTION_VALSTG [42112-200]Error Code: 42112Call: DROP INDEX ST_TRANSACTION_VALSTGQuery: DataModifyQuery(sql="DROP INDEX ST_TRANSACTION_VALSTG")
2022-01-02 15:16:51.130 [main] WARN  eclipselink.logging.all - Exception [EclipseLink-4002] (Eclipse Persistence Services - 2.7.7.v20200504-69f2c2b80d): org.eclipse.persistence.exceptions.DatabaseExceptionInternal Exception: org.h2.jdbc.JdbcSQLSyntaxErrorException: Index "ST_TRANSACTION_HASH" not found; SQL statement:DROP INDEX ST_TRANSACTION_HASH [42112-200]Error Code: 42112Call: DROP INDEX ST_TRANSACTION_HASHQuery: DataModifyQuery(sql="DROP INDEX ST_TRANSACTION_HASH")
2022-01-02 15:16:51.132 [main] WARN  eclipselink.logging.all - Exception [EclipseLink-4002] (Eclipse Persistence Services - 2.7.7.v20200504-69f2c2b80d): org.eclipse.persistence.exceptions.DatabaseExceptionInternal Exception: org.h2.jdbc.JdbcSQLSyntaxErrorException: Table "ST_TRANSACTION" not found; SQL statement:DROP TABLE ST_TRANSACTION [42102-200]Error Code: 42102Call: DROP TABLE ST_TRANSACTIONQuery: DataModifyQuery(sql="DROP TABLE ST_TRANSACTION")
2022-01-02 15:16:51.137 [main] WARN  eclipselink.logging.all - Exception [EclipseLink-4002] (Eclipse Persistence Services - 2.7.7.v20200504-69f2c2b80d): org.eclipse.persistence.exceptions.DatabaseExceptionInternal Exception: org.h2.jdbc.JdbcSQLSyntaxErrorException: Table "ST_AFFECTED_TRANSACTION" not found; SQL statement:DROP TABLE ST_AFFECTED_TRANSACTION [42102-200]Error Code: 42102Call: DROP TABLE ST_AFFECTED_TRANSACTIONQuery: DataModifyQuery(sql="DROP TABLE ST_AFFECTED_TRANSACTION")
2022-01-02 15:16:51.140 [main] WARN  eclipselink.logging.all - Exception [EclipseLink-4002] (Eclipse Persistence Services - 2.7.7.v20200504-69f2c2b80d): org.eclipse.persistence.exceptions.DatabaseExceptionInternal Exception: org.h2.jdbc.JdbcSQLSyntaxErrorException: Index "ST_TRANSACTION_VALSTG" not found; SQL statement:DROP INDEX ST_TRANSACTION_VALSTG [42112-200]Error Code: 42112Call: DROP INDEX ST_TRANSACTION_VALSTGQuery: DataModifyQuery(sql="DROP INDEX ST_TRANSACTION_VALSTG")
2022-01-02 15:16:51.144 [main] WARN  eclipselink.logging.all - Exception [EclipseLink-4002] (Eclipse Persistence Services - 2.7.7.v20200504-69f2c2b80d): org.eclipse.persistence.exceptions.DatabaseExceptionInternal Exception: org.h2.jdbc.JdbcSQLSyntaxErrorException: Index "ST_TRANSACTION_HASH" not found; SQL statement:DROP INDEX ST_TRANSACTION_HASH [42112-200]Error Code: 42112Call: DROP INDEX ST_TRANSACTION_HASHQuery: DataModifyQuery(sql="DROP INDEX ST_TRANSACTION_HASH")
2022-01-02 15:16:51.146 [main] WARN  eclipselink.logging.all - Exception [EclipseLink-4002] (Eclipse Persistence Services - 2.7.7.v20200504-69f2c2b80d): org.eclipse.persistence.exceptions.DatabaseExceptionInternal Exception: org.h2.jdbc.JdbcSQLSyntaxErrorException: Table "ST_TRANSACTION" not found; SQL statement:DROP TABLE ST_TRANSACTION [42102-200]Error Code: 42102Call: DROP TABLE ST_TRANSACTIONQuery: DataModifyQuery(sql="DROP TABLE ST_TRANSACTION")
2022-01-02 15:16:51.147 [main] WARN  eclipselink.logging.all - Exception [EclipseLink-4002] (Eclipse Persistence Services - 2.7.7.v20200504-69f2c2b80d): org.eclipse.persistence.exceptions.DatabaseExceptionInternal Exception: org.h2.jdbc.JdbcSQLSyntaxErrorException: Table "ST_AFFECTED_TRANSACTION" not found; SQL statement:DROP TABLE ST_AFFECTED_TRANSACTION [42102-200]Error Code: 42102Call: DROP TABLE ST_AFFECTED_TRANSACTIONQuery: DataModifyQuery(sql="DROP TABLE ST_AFFECTED_TRANSACTION")
2022-01-02 15:16:51.150 [main] WARN  eclipselink.logging.all - Exception [EclipseLink-4002] (Eclipse Persistence Services - 2.7.7.v20200504-69f2c2b80d): org.eclipse.persistence.exceptions.DatabaseExceptionInternal Exception: org.h2.jdbc.JdbcSQLSyntaxErrorException: Index "ST_TRANSACTION_VALSTG" not found; SQL statement:DROP INDEX ST_TRANSACTION_VALSTG [42112-200]Error Code: 42112Call: DROP INDEX ST_TRANSACTION_VALSTGQuery: DataModifyQuery(sql="DROP INDEX ST_TRANSACTION_VALSTG")
2022-01-02 15:16:51.153 [main] WARN  eclipselink.logging.all - Exception [EclipseLink-4002] (Eclipse Persistence Services - 2.7.7.v20200504-69f2c2b80d): org.eclipse.persistence.exceptions.DatabaseExceptionInternal Exception: org.h2.jdbc.JdbcSQLSyntaxErrorException: Index "ST_TRANSACTION_HASH" not found; SQL statement:DROP INDEX ST_TRANSACTION_HASH [42112-200]Error Code: 42112Call: DROP INDEX ST_TRANSACTION_HASHQuery: DataModifyQuery(sql="DROP INDEX ST_TRANSACTION_HASH")
2022-01-02 15:16:51.154 [main] WARN  eclipselink.logging.all - Exception [EclipseLink-4002] (Eclipse Persistence Services - 2.7.7.v20200504-69f2c2b80d): org.eclipse.persistence.exceptions.DatabaseExceptionInternal Exception: org.h2.jdbc.JdbcSQLSyntaxErrorException: Table "ST_TRANSACTION" not found; SQL statement:DROP TABLE ST_TRANSACTION [42102-200]Error Code: 42102Call: DROP TABLE ST_TRANSACTIONQuery: DataModifyQuery(sql="DROP TABLE ST_TRANSACTION")
2022-01-02 15:16:51.156 [main] WARN  eclipselink.logging.all - Exception [EclipseLink-4002] (Eclipse Persistence Services - 2.7.7.v20200504-69f2c2b80d): org.eclipse.persistence.exceptions.DatabaseExceptionInternal Exception: org.h2.jdbc.JdbcSQLSyntaxErrorException: Table "ST_AFFECTED_TRANSACTION" not found; SQL statement:DROP TABLE ST_AFFECTED_TRANSACTION [42102-200]Error Code: 42102Call: DROP TABLE ST_AFFECTED_TRANSACTIONQuery: DataModifyQuery(sql="DROP TABLE ST_AFFECTED_TRANSACTION")
2022-01-02 15:16:51.158 [main] WARN  eclipselink.logging.all - Exception [EclipseLink-4002] (Eclipse Persistence Services - 2.7.7.v20200504-69f2c2b80d): org.eclipse.persistence.exceptions.DatabaseExceptionInternal Exception: org.h2.jdbc.JdbcSQLSyntaxErrorException: Index "ST_TRANSACTION_VALSTG" not found; SQL statement:DROP INDEX ST_TRANSACTION_VALSTG [42112-200]Error Code: 42112Call: DROP INDEX ST_TRANSACTION_VALSTGQuery: DataModifyQuery(sql="DROP INDEX ST_TRANSACTION_VALSTG")
2022-01-02 15:16:51.161 [main] WARN  eclipselink.logging.all - Exception [EclipseLink-4002] (Eclipse Persistence Services - 2.7.7.v20200504-69f2c2b80d): org.eclipse.persistence.exceptions.DatabaseExceptionInternal Exception: org.h2.jdbc.JdbcSQLSyntaxErrorException: Index "ST_TRANSACTION_HASH" not found; SQL statement:DROP INDEX ST_TRANSACTION_HASH [42112-200]Error Code: 42112Call: DROP INDEX ST_TRANSACTION_HASHQuery: DataModifyQuery(sql="DROP INDEX ST_TRANSACTION_HASH")
2022-01-02 15:16:51.163 [main] WARN  eclipselink.logging.all - Exception [EclipseLink-4002] (Eclipse Persistence Services - 2.7.7.v20200504-69f2c2b80d): org.eclipse.persistence.exceptions.DatabaseExceptionInternal Exception: org.h2.jdbc.JdbcSQLSyntaxErrorException: Table "ST_TRANSACTION" not found; SQL statement:DROP TABLE ST_TRANSACTION [42102-200]Error Code: 42102Call: DROP TABLE ST_TRANSACTIONQuery: DataModifyQuery(sql="DROP TABLE ST_TRANSACTION")
2022-01-02 15:16:51.164 [main] WARN  eclipselink.logging.all - Exception [EclipseLink-4002] (Eclipse Persistence Services - 2.7.7.v20200504-69f2c2b80d): org.eclipse.persistence.exceptions.DatabaseExceptionInternal Exception: org.h2.jdbc.JdbcSQLSyntaxErrorException: Table "ST_AFFECTED_TRANSACTION" not found; SQL statement:DROP TABLE ST_AFFECTED_TRANSACTION [42102-200]Error Code: 42102Call: DROP TABLE ST_AFFECTED_TRANSACTIONQuery: DataModifyQuery(sql="DROP TABLE ST_AFFECTED_TRANSACTION")
2022-01-02 15:16:51.166 [main] WARN  eclipselink.logging.all - Exception [EclipseLink-4002] (Eclipse Persistence Services - 2.7.7.v20200504-69f2c2b80d): org.eclipse.persistence.exceptions.DatabaseExceptionInternal Exception: org.h2.jdbc.JdbcSQLSyntaxErrorException: Index "ST_TRANSACTION_VALSTG" not found; SQL statement:DROP INDEX ST_TRANSACTION_VALSTG [42112-200]Error Code: 42112Call: DROP INDEX ST_TRANSACTION_VALSTGQuery: DataModifyQuery(sql="DROP INDEX ST_TRANSACTION_VALSTG")
2022-01-02 15:16:51.167 [main] WARN  eclipselink.logging.all - Exception [EclipseLink-4002] (Eclipse Persistence Services - 2.7.7.v20200504-69f2c2b80d): org.eclipse.persistence.exceptions.DatabaseExceptionInternal Exception: org.h2.jdbc.JdbcSQLSyntaxErrorException: Index "ST_TRANSACTION_HASH" not found; SQL statement:DROP INDEX ST_TRANSACTION_HASH [42112-200]Error Code: 42112Call: DROP INDEX ST_TRANSACTION_HASHQuery: DataModifyQuery(sql="DROP INDEX ST_TRANSACTION_HASH")
2022-01-02 15:16:51.169 [main] WARN  eclipselink.logging.all - Exception [EclipseLink-4002] (Eclipse Persistence Services - 2.7.7.v20200504-69f2c2b80d): org.eclipse.persistence.exceptions.DatabaseExceptionInternal Exception: org.h2.jdbc.JdbcSQLSyntaxErrorException: Table "ST_TRANSACTION" not found; SQL statement:DROP TABLE ST_TRANSACTION [42102-200]Error Code: 42102Call: DROP TABLE ST_TRANSACTIONQuery: DataModifyQuery(sql="DROP TABLE ST_TRANSACTION")
2022-01-02 15:16:51.169 [main] WARN  eclipselink.logging.all - Exception [EclipseLink-4002] (Eclipse Persistence Services - 2.7.7.v20200504-69f2c2b80d): org.eclipse.persistence.exceptions.DatabaseExceptionInternal Exception: org.h2.jdbc.JdbcSQLSyntaxErrorException: Table "ST_AFFECTED_TRANSACTION" not found; SQL statement:DROP TABLE ST_AFFECTED_TRANSACTION [42102-200]Error Code: 42102Call: DROP TABLE ST_AFFECTED_TRANSACTIONQuery: DataModifyQuery(sql="DROP TABLE ST_AFFECTED_TRANSACTION")
2022-01-02 15:16:51.186 [main] INFO  c.q.t.config.apps.TesseraAppFactory - Loaded app com.quorum.tessera.thirdparty.ThirdPartyRestApp@63814bbe
2022-01-02 15:16:51.186 [main] INFO  c.q.t.config.apps.TesseraAppFactory - Create from REST THIRD_PARTY
2022-01-02 15:16:51.186 [main] INFO  c.q.t.config.apps.TesseraAppFactory - Creating application type THIRD_PARTY for REST
2022-01-02 15:16:51.190 [main] INFO  c.q.t.config.apps.TesseraAppFactory - Create from REST Q2T
2022-01-02 15:16:51.190 [main] INFO  c.q.t.config.apps.TesseraAppFactory - Creating application type Q2T for REST
2022-01-02 15:16:51.190 [main] INFO  c.q.t.config.apps.TesseraAppFactory - Create from REST P2P
2022-01-02 15:16:51.190 [main] INFO  c.q.t.config.apps.TesseraAppFactory - Creating application type P2P for REST
2022-01-02 15:16:51.278 [main] INFO  org.eclipse.jetty.util.log - Logging initialized @6944ms to org.eclipse.jetty.util.log.Slf4jLog
2022-01-02 15:16:51.410 [main] INFO  c.quorum.tessera.server.JerseyServer - Starting http://127.0.0.1:9082
2022-01-02 15:16:51.413 [main] INFO  org.eclipse.jetty.server.Server - jetty-9.4.39.v20210325; built: 2021-03-25T14:42:11.471Z; git: 9fc7ca5a922f2a37b84ec9dbc26a5168cee7e667; jvm 17.0.1+12-Ubuntu-120.04
2022-01-02 15:16:52.335 [main] WARN  o.g.jersey.internal.inject.Providers - A provider com.quorum.tessera.thirdparty.PartyInfoResource registered in SERVER runtime does not implement any provider interfaces applicable in the SERVER runtime. Due to constraint configuration problems the provider com.quorum.tessera.thirdparty.PartyInfoResource will be ignored. 
2022-01-02 15:16:52.338 [main] WARN  o.g.jersey.internal.inject.Providers - A provider com.quorum.tessera.api.common.RawTransactionResource registered in SERVER runtime does not implement any provider interfaces applicable in the SERVER runtime. Due to constraint configuration problems the provider com.quorum.tessera.api.common.RawTransactionResource will be ignored. 
2022-01-02 15:16:52.338 [main] WARN  o.g.jersey.internal.inject.Providers - A provider com.quorum.tessera.thirdparty.KeyResource registered in SERVER runtime does not implement any provider interfaces applicable in the SERVER runtime. Due to constraint configuration problems the provider com.quorum.tessera.thirdparty.KeyResource will be ignored. 
2022-01-02 15:16:52.338 [main] WARN  o.g.jersey.internal.inject.Providers - A provider com.quorum.tessera.api.common.UpCheckResource registered in SERVER runtime does not implement any provider interfaces applicable in the SERVER runtime. Due to constraint configuration problems the provider com.quorum.tessera.api.common.UpCheckResource will be ignored. 
2022-01-02 15:16:52.899 [main] INFO  o.e.j.server.handler.ContextHandler - Started o.e.j.s.ServletContextHandler@76105ac0{/,null,AVAILABLE}
2022-01-02 15:16:52.990 [main] INFO  o.e.jetty.server.AbstractConnector - Started ServerConnector@5ddd84d2{HTTP/1.1, (http/1.1)}{0.0.0.0:9082}
2022-01-02 15:16:52.992 [main] INFO  org.eclipse.jetty.server.Server - Started @8658ms
2022-01-02 15:16:52.993 [main] INFO  c.quorum.tessera.server.JerseyServer - Started http://127.0.0.1:9082
2022-01-02 15:16:52.993 [main] INFO  c.quorum.tessera.server.JerseyServer - WADL http://127.0.0.1:9082/application.wadl
2022-01-02 15:16:53.088 [main] INFO  c.quorum.tessera.server.JerseyServer - Starting unix:/home/swcyb/EcoChain/network/5-nodes-raft-tessera-bash/qdata/c2/tm.ipc
2022-01-02 15:16:53.090 [main] INFO  org.eclipse.jetty.server.Server - jetty-9.4.39.v20210325; built: 2021-03-25T14:42:11.471Z; git: 9fc7ca5a922f2a37b84ec9dbc26a5168cee7e667; jvm 17.0.1+12-Ubuntu-120.04
2022-01-02 15:16:53.168 [main] WARN  c.q.t.c.util.EncryptedStringResolver - Some sensitive values are being given as unencrypted plain text in config. Please note this is NOT recommended for production environment.
2022-01-02 15:16:53.168 [main] INFO  com.zaxxer.hikari.HikariDataSource - HikariPool-2 - Starting...
2022-01-02 15:16:53.203 [main] INFO  com.zaxxer.hikari.HikariDataSource - HikariPool-2 - Start completed.
2022-01-02 15:16:53.205 [main] ERROR eclipselink.logging.metadata - java.lang.IllegalArgumentException: Unsupported class file major version 61
2022-01-02 15:16:53.205 [main] ERROR eclipselink.logging.metadata - java.lang.ArrayIndexOutOfBoundsException
2022-01-02 15:16:53.207 [main] ERROR eclipselink.logging.metadata - java.lang.IllegalArgumentException: Unsupported class file major version 61
2022-01-02 15:16:53.207 [main] ERROR eclipselink.logging.metadata - java.lang.ArrayIndexOutOfBoundsException
2022-01-02 15:16:53.221 [main] INFO  eclipselink.logging.all - EclipseLink, version: Eclipse Persistence Services - 2.7.7.v20200504-69f2c2b80d
2022-01-02 15:16:53.244 [main] ERROR eclipselink.logging.metadata - java.lang.IllegalArgumentException: Unsupported class file major version 61
2022-01-02 15:16:53.244 [main] ERROR eclipselink.logging.metadata - java.lang.ArrayIndexOutOfBoundsException
2022-01-02 15:16:53.247 [main] ERROR eclipselink.logging.metadata - java.lang.IllegalArgumentException: Unsupported class file major version 61
2022-01-02 15:16:53.247 [main] ERROR eclipselink.logging.metadata - java.lang.ArrayIndexOutOfBoundsException
2022-01-02 15:16:53.247 [main] ERROR eclipselink.logging.metadata - java.lang.IllegalArgumentException: Unsupported class file major version 61
2022-01-02 15:16:53.247 [main] ERROR eclipselink.logging.metadata - java.lang.ArrayIndexOutOfBoundsException
2022-01-02 15:16:53.263 [main] ERROR eclipselink.logging.metadata - java.lang.IllegalArgumentException: Unsupported class file major version 61
2022-01-02 15:16:53.270 [main] ERROR eclipselink.logging.metadata - java.lang.ArrayIndexOutOfBoundsException
2022-01-02 15:16:53.276 [main] ERROR eclipselink.logging.metadata - java.lang.IllegalArgumentException: Unsupported class file major version 61
2022-01-02 15:16:53.279 [main] ERROR eclipselink.logging.metadata - java.lang.ArrayIndexOutOfBoundsException
2022-01-02 15:16:53.282 [main] ERROR eclipselink.logging.metadata - java.lang.IllegalArgumentException: Unsupported class file major version 61
2022-01-02 15:16:53.282 [main] ERROR eclipselink.logging.metadata - java.lang.ArrayIndexOutOfBoundsException
2022-01-02 15:16:53.283 [main] ERROR eclipselink.logging.metadata - java.lang.IllegalArgumentException: Unsupported class file major version 61
2022-01-02 15:16:53.283 [main] ERROR eclipselink.logging.metadata - java.lang.ArrayIndexOutOfBoundsException
2022-01-02 15:16:53.284 [main] ERROR eclipselink.logging.metadata - java.lang.IllegalArgumentException: Unsupported class file major version 61
2022-01-02 15:16:53.284 [main] ERROR eclipselink.logging.metadata - java.lang.ArrayIndexOutOfBoundsException
2022-01-02 15:16:53.290 [main] ERROR eclipselink.logging.metadata - java.lang.IllegalArgumentException: Unsupported class file major version 61
2022-01-02 15:16:53.290 [main] ERROR eclipselink.logging.metadata - java.lang.ArrayIndexOutOfBoundsException
2022-01-02 15:16:53.294 [main] ERROR eclipselink.logging.metadata - java.lang.IllegalArgumentException: Unsupported class file major version 61
2022-01-02 15:16:53.299 [main] ERROR eclipselink.logging.metadata - java.lang.ArrayIndexOutOfBoundsException
2022-01-02 15:16:53.307 [main] ERROR eclipselink.logging.metadata - java.lang.IllegalArgumentException: Unsupported class file major version 61
2022-01-02 15:16:53.312 [main] ERROR eclipselink.logging.metadata - java.lang.ArrayIndexOutOfBoundsException
2022-01-02 15:16:53.367 [main] INFO  eclipselink.logging.all - EclipseLink, version: Eclipse Persistence Services - 2.7.7.v20200504-69f2c2b80d
2022-01-02 15:16:53.530 [main] WARN  c.q.t.c.util.EncryptedStringResolver - Some sensitive values are being given as unencrypted plain text in config. Please note this is NOT recommended for production environment.
2022-01-02 15:16:53.530 [main] INFO  com.zaxxer.hikari.HikariDataSource - HikariPool-3 - Starting...
2022-01-02 15:16:53.541 [main] INFO  com.zaxxer.hikari.HikariDataSource - HikariPool-3 - Start completed.
2022-01-02 15:16:53.545 [main] ERROR eclipselink.logging.metadata - java.lang.IllegalArgumentException: Unsupported class file major version 61
2022-01-02 15:16:53.545 [main] ERROR eclipselink.logging.metadata - java.lang.ArrayIndexOutOfBoundsException
2022-01-02 15:16:53.558 [main] ERROR eclipselink.logging.metadata - java.lang.IllegalArgumentException: Unsupported class file major version 61
2022-01-02 15:16:53.558 [main] ERROR eclipselink.logging.metadata - java.lang.ArrayIndexOutOfBoundsException
2022-01-02 15:16:53.585 [main] INFO  eclipselink.logging.all - EclipseLink, version: Eclipse Persistence Services - 2.7.7.v20200504-69f2c2b80d
2022-01-02 15:16:53.679 [main] ERROR eclipselink.logging.metadata - java.lang.IllegalArgumentException: Unsupported class file major version 61
2022-01-02 15:16:53.680 [main] ERROR eclipselink.logging.metadata - java.lang.ArrayIndexOutOfBoundsException
2022-01-02 15:16:53.686 [main] ERROR eclipselink.logging.metadata - java.lang.IllegalArgumentException: Unsupported class file major version 61
2022-01-02 15:16:53.690 [main] ERROR eclipselink.logging.metadata - java.lang.ArrayIndexOutOfBoundsException
2022-01-02 15:16:53.691 [main] ERROR eclipselink.logging.metadata - java.lang.IllegalArgumentException: Unsupported class file major version 61
2022-01-02 15:16:53.691 [main] ERROR eclipselink.logging.metadata - java.lang.ArrayIndexOutOfBoundsException
2022-01-02 15:16:53.692 [main] ERROR eclipselink.logging.metadata - java.lang.IllegalArgumentException: Unsupported class file major version 61
2022-01-02 15:16:53.692 [main] ERROR eclipselink.logging.metadata - java.lang.ArrayIndexOutOfBoundsException
2022-01-02 15:16:53.692 [main] ERROR eclipselink.logging.metadata - java.lang.IllegalArgumentException: Unsupported class file major version 61
2022-01-02 15:16:53.700 [main] ERROR eclipselink.logging.metadata - java.lang.ArrayIndexOutOfBoundsException
2022-01-02 15:16:53.700 [main] ERROR eclipselink.logging.metadata - java.lang.IllegalArgumentException: Unsupported class file major version 61
2022-01-02 15:16:53.700 [main] ERROR eclipselink.logging.metadata - java.lang.ArrayIndexOutOfBoundsException
2022-01-02 15:16:53.708 [main] ERROR eclipselink.logging.metadata - java.lang.IllegalArgumentException: Unsupported class file major version 61
2022-01-02 15:16:53.708 [main] ERROR eclipselink.logging.metadata - java.lang.ArrayIndexOutOfBoundsException
2022-01-02 15:16:53.710 [main] ERROR eclipselink.logging.metadata - java.lang.IllegalArgumentException: Unsupported class file major version 61
2022-01-02 15:16:53.710 [main] ERROR eclipselink.logging.metadata - java.lang.ArrayIndexOutOfBoundsException
2022-01-02 15:16:53.715 [main] ERROR eclipselink.logging.metadata - java.lang.IllegalArgumentException: Unsupported class file major version 61
2022-01-02 15:16:53.715 [main] ERROR eclipselink.logging.metadata - java.lang.ArrayIndexOutOfBoundsException
2022-01-02 15:16:53.716 [main] ERROR eclipselink.logging.metadata - java.lang.IllegalArgumentException: Unsupported class file major version 61
2022-01-02 15:16:53.716 [main] ERROR eclipselink.logging.metadata - java.lang.ArrayIndexOutOfBoundsException
2022-01-02 15:16:53.716 [main] ERROR eclipselink.logging.metadata - java.lang.IllegalArgumentException: Unsupported class file major version 61
2022-01-02 15:16:53.716 [main] ERROR eclipselink.logging.metadata - java.lang.ArrayIndexOutOfBoundsException
2022-01-02 15:16:53.743 [main] INFO  eclipselink.logging.all - EclipseLink, version: Eclipse Persistence Services - 2.7.7.v20200504-69f2c2b80d
2022-01-02 15:16:53.911 [main] WARN  c.q.t.c.util.EncryptedStringResolver - Some sensitive values are being given as unencrypted plain text in config. Please note this is NOT recommended for production environment.
2022-01-02 15:16:53.911 [main] INFO  com.zaxxer.hikari.HikariDataSource - HikariPool-4 - Starting...
2022-01-02 15:16:53.917 [main] INFO  com.zaxxer.hikari.HikariDataSource - HikariPool-4 - Start completed.
2022-01-02 15:16:53.925 [main] ERROR eclipselink.logging.metadata - java.lang.IllegalArgumentException: Unsupported class file major version 61
2022-01-02 15:16:53.925 [main] ERROR eclipselink.logging.metadata - java.lang.ArrayIndexOutOfBoundsException
2022-01-02 15:16:53.927 [main] ERROR eclipselink.logging.metadata - java.lang.IllegalArgumentException: Unsupported class file major version 61
2022-01-02 15:16:53.928 [main] ERROR eclipselink.logging.metadata - java.lang.ArrayIndexOutOfBoundsException
2022-01-02 15:16:53.964 [main] INFO  eclipselink.logging.all - EclipseLink, version: Eclipse Persistence Services - 2.7.7.v20200504-69f2c2b80d
2022-01-02 15:16:54.030 [main] ERROR eclipselink.logging.metadata - java.lang.IllegalArgumentException: Unsupported class file major version 61
2022-01-02 15:16:54.030 [main] ERROR eclipselink.logging.metadata - java.lang.ArrayIndexOutOfBoundsException
2022-01-02 15:16:54.031 [main] ERROR eclipselink.logging.metadata - java.lang.IllegalArgumentException: Unsupported class file major version 61
2022-01-02 15:16:54.031 [main] ERROR eclipselink.logging.metadata - java.lang.ArrayIndexOutOfBoundsException
2022-01-02 15:16:54.031 [main] ERROR eclipselink.logging.metadata - java.lang.IllegalArgumentException: Unsupported class file major version 61
2022-01-02 15:16:54.031 [main] ERROR eclipselink.logging.metadata - java.lang.ArrayIndexOutOfBoundsException
2022-01-02 15:16:54.032 [main] ERROR eclipselink.logging.metadata - java.lang.IllegalArgumentException: Unsupported class file major version 61
2022-01-02 15:16:54.032 [main] ERROR eclipselink.logging.metadata - java.lang.ArrayIndexOutOfBoundsException
2022-01-02 15:16:54.063 [main] ERROR eclipselink.logging.metadata - java.lang.IllegalArgumentException: Unsupported class file major version 61
2022-01-02 15:16:54.064 [main] ERROR eclipselink.logging.metadata - java.lang.ArrayIndexOutOfBoundsException
2022-01-02 15:16:54.064 [main] ERROR eclipselink.logging.metadata - java.lang.IllegalArgumentException: Unsupported class file major version 61
2022-01-02 15:16:54.065 [main] ERROR eclipselink.logging.metadata - java.lang.ArrayIndexOutOfBoundsException
2022-01-02 15:16:54.068 [main] ERROR eclipselink.logging.metadata - java.lang.IllegalArgumentException: Unsupported class file major version 61
2022-01-02 15:16:54.068 [main] ERROR eclipselink.logging.metadata - java.lang.ArrayIndexOutOfBoundsException
2022-01-02 15:16:54.071 [main] ERROR eclipselink.logging.metadata - java.lang.IllegalArgumentException: Unsupported class file major version 61
2022-01-02 15:16:54.071 [main] ERROR eclipselink.logging.metadata - java.lang.ArrayIndexOutOfBoundsException
2022-01-02 15:16:54.072 [main] ERROR eclipselink.logging.metadata - java.lang.IllegalArgumentException: Unsupported class file major version 61
2022-01-02 15:16:54.074 [main] ERROR eclipselink.logging.metadata - java.lang.ArrayIndexOutOfBoundsException
2022-01-02 15:16:54.078 [main] ERROR eclipselink.logging.metadata - java.lang.IllegalArgumentException: Unsupported class file major version 61
2022-01-02 15:16:54.078 [main] ERROR eclipselink.logging.metadata - java.lang.ArrayIndexOutOfBoundsException
2022-01-02 15:16:54.079 [main] ERROR eclipselink.logging.metadata - java.lang.IllegalArgumentException: Unsupported class file major version 61
2022-01-02 15:16:54.079 [main] ERROR eclipselink.logging.metadata - java.lang.ArrayIndexOutOfBoundsException
2022-01-02 15:16:54.101 [main] INFO  eclipselink.logging.all - EclipseLink, version: Eclipse Persistence Services - 2.7.7.v20200504-69f2c2b80d
2022-01-02 15:16:54.187 [main] WARN  c.q.t.c.util.EncryptedStringResolver - Some sensitive values are being given as unencrypted plain text in config. Please note this is NOT recommended for production environment.
2022-01-02 15:16:54.188 [main] INFO  com.zaxxer.hikari.HikariDataSource - HikariPool-5 - Starting...
2022-01-02 15:16:54.206 [main] INFO  com.zaxxer.hikari.HikariDataSource - HikariPool-5 - Start completed.
2022-01-02 15:16:54.209 [main] ERROR eclipselink.logging.metadata - java.lang.IllegalArgumentException: Unsupported class file major version 61
2022-01-02 15:16:54.210 [main] ERROR eclipselink.logging.metadata - java.lang.ArrayIndexOutOfBoundsException
2022-01-02 15:16:54.212 [main] ERROR eclipselink.logging.metadata - java.lang.IllegalArgumentException: Unsupported class file major version 61
2022-01-02 15:16:54.213 [main] ERROR eclipselink.logging.metadata - java.lang.ArrayIndexOutOfBoundsException
2022-01-02 15:16:54.231 [main] INFO  eclipselink.logging.all - EclipseLink, version: Eclipse Persistence Services - 2.7.7.v20200504-69f2c2b80d
2022-01-02 15:16:54.309 [main] ERROR eclipselink.logging.metadata - java.lang.IllegalArgumentException: Unsupported class file major version 61
2022-01-02 15:16:54.309 [main] ERROR eclipselink.logging.metadata - java.lang.ArrayIndexOutOfBoundsException
2022-01-02 15:16:54.310 [main] ERROR eclipselink.logging.metadata - java.lang.IllegalArgumentException: Unsupported class file major version 61
2022-01-02 15:16:54.310 [main] ERROR eclipselink.logging.metadata - java.lang.ArrayIndexOutOfBoundsException
2022-01-02 15:16:54.310 [main] ERROR eclipselink.logging.metadata - java.lang.IllegalArgumentException: Unsupported class file major version 61
2022-01-02 15:16:54.310 [main] ERROR eclipselink.logging.metadata - java.lang.ArrayIndexOutOfBoundsException
2022-01-02 15:16:54.311 [main] ERROR eclipselink.logging.metadata - java.lang.IllegalArgumentException: Unsupported class file major version 61
2022-01-02 15:16:54.311 [main] ERROR eclipselink.logging.metadata - java.lang.ArrayIndexOutOfBoundsException
2022-01-02 15:16:54.315 [main] ERROR eclipselink.logging.metadata - java.lang.IllegalArgumentException: Unsupported class file major version 61
2022-01-02 15:16:54.315 [main] ERROR eclipselink.logging.metadata - java.lang.ArrayIndexOutOfBoundsException
2022-01-02 15:16:54.316 [main] ERROR eclipselink.logging.metadata - java.lang.IllegalArgumentException: Unsupported class file major version 61
2022-01-02 15:16:54.317 [main] ERROR eclipselink.logging.metadata - java.lang.ArrayIndexOutOfBoundsException
2022-01-02 15:16:54.318 [main] ERROR eclipselink.logging.metadata - java.lang.IllegalArgumentException: Unsupported class file major version 61
2022-01-02 15:16:54.318 [main] ERROR eclipselink.logging.metadata - java.lang.ArrayIndexOutOfBoundsException
2022-01-02 15:16:54.318 [main] ERROR eclipselink.logging.metadata - java.lang.IllegalArgumentException: Unsupported class file major version 61
2022-01-02 15:16:54.318 [main] ERROR eclipselink.logging.metadata - java.lang.ArrayIndexOutOfBoundsException
2022-01-02 15:16:54.319 [main] ERROR eclipselink.logging.metadata - java.lang.IllegalArgumentException: Unsupported class file major version 61
2022-01-02 15:16:54.319 [main] ERROR eclipselink.logging.metadata - java.lang.ArrayIndexOutOfBoundsException
2022-01-02 15:16:54.319 [main] ERROR eclipselink.logging.metadata - java.lang.IllegalArgumentException: Unsupported class file major version 61
2022-01-02 15:16:54.319 [main] ERROR eclipselink.logging.metadata - java.lang.ArrayIndexOutOfBoundsException
2022-01-02 15:16:54.320 [main] ERROR eclipselink.logging.metadata - java.lang.IllegalArgumentException: Unsupported class file major version 61
2022-01-02 15:16:54.320 [main] ERROR eclipselink.logging.metadata - java.lang.ArrayIndexOutOfBoundsException
2022-01-02 15:16:54.329 [main] INFO  eclipselink.logging.all - EclipseLink, version: Eclipse Persistence Services - 2.7.7.v20200504-69f2c2b80d
2022-01-02 15:16:54.501 [main] WARN  o.g.jersey.internal.inject.Providers - A provider com.quorum.tessera.q2t.EncodedPayloadResource registered in SERVER runtime does not implement any provider interfaces applicable in the SERVER runtime. Due to constraint configuration problems the provider com.quorum.tessera.q2t.EncodedPayloadResource will be ignored. 
2022-01-02 15:16:54.502 [main] WARN  o.g.jersey.internal.inject.Providers - A provider com.quorum.tessera.q2t.TransactionResource3 registered in SERVER runtime does not implement any provider interfaces applicable in the SERVER runtime. Due to constraint configuration problems the provider com.quorum.tessera.q2t.TransactionResource3 will be ignored. 
2022-01-02 15:16:54.502 [main] WARN  o.g.jersey.internal.inject.Providers - A provider com.quorum.tessera.api.common.UpCheckResource registered in SERVER runtime does not implement any provider interfaces applicable in the SERVER runtime. Due to constraint configuration problems the provider com.quorum.tessera.api.common.UpCheckResource will be ignored. 
2022-01-02 15:16:54.502 [main] WARN  o.g.jersey.internal.inject.Providers - A provider com.quorum.tessera.q2t.TransactionResource registered in SERVER runtime does not implement any provider interfaces applicable in the SERVER runtime. Due to constraint configuration problems the provider com.quorum.tessera.q2t.TransactionResource will be ignored. 
2022-01-02 15:16:54.502 [main] WARN  o.g.jersey.internal.inject.Providers - A provider com.quorum.tessera.api.common.RawTransactionResource registered in SERVER runtime does not implement any provider interfaces applicable in the SERVER runtime. Due to constraint configuration problems the provider com.quorum.tessera.api.common.RawTransactionResource will be ignored. 
2022-01-02 15:16:54.502 [main] WARN  o.g.jersey.internal.inject.Providers - A provider com.quorum.tessera.q2t.PrivacyGroupResource registered in SERVER runtime does not implement any provider interfaces applicable in the SERVER runtime. Due to constraint configuration problems the provider com.quorum.tessera.q2t.PrivacyGroupResource will be ignored. 
2022-01-02 15:16:54.585 [pool-2-thread-1] INFO  c.q.t.p.p.PartyInfoBroadcaster - Started PartyInfo polling round
2022-01-02 15:16:54.735 [pool-2-thread-1] INFO  c.q.t.p.p.PartyInfoBroadcaster - Finished PartyInfo polling round
2022-01-02 15:16:54.777 [main] INFO  o.e.j.server.handler.ContextHandler - Started o.e.j.s.ServletContextHandler@7792e14f{/,null,AVAILABLE}
2022-01-02 15:16:54.896 [pool-3-thread-4] WARN  c.q.t.p.p.PartyInfoBroadcaster - Failed to connect to node http://127.0.0.1:9003/, due to java.net.ConnectException: Connection refused
2022-01-02 15:16:54.896 [pool-3-thread-2] WARN  c.q.t.p.p.PartyInfoBroadcaster - Failed to connect to node http://127.0.0.1:9004/, due to java.net.ConnectException: Connection refused
2022-01-02 15:16:54.896 [pool-3-thread-3] WARN  c.q.t.p.p.PartyInfoBroadcaster - Failed to connect to node http://127.0.0.1:9001/, due to java.net.ConnectException: Connection refused
2022-01-02 15:16:54.896 [pool-3-thread-1] WARN  c.q.t.p.p.PartyInfoBroadcaster - Failed to connect to node http://127.0.0.1:9005/, due to java.net.ConnectException: Connection refused
2022-01-02 15:16:55.361 [main] INFO  o.e.jetty.server.AbstractConnector - Started UnixSocketConnector@2212e291{HTTP/1.1, (http/1.1)}{/home/swcyb/EcoChain/network/5-nodes-raft-tessera-bash/qdata/c2/tm.ipc}
2022-01-02 15:16:55.363 [main] INFO  org.eclipse.jetty.server.Server - Started @11028ms
2022-01-02 15:16:55.363 [main] INFO  c.quorum.tessera.server.JerseyServer - Started unix:/home/swcyb/EcoChain/network/5-nodes-raft-tessera-bash/qdata/c2/tm.ipc
2022-01-02 15:16:55.363 [main] INFO  c.quorum.tessera.server.JerseyServer - WADL unix:/home/swcyb/EcoChain/network/5-nodes-raft-tessera-bash/qdata/c2/tm.ipc/application.wadl
2022-01-02 15:16:55.363 [main] INFO  c.quorum.tessera.server.JerseyServer - Starting http://127.0.0.1:9002
2022-01-02 15:16:55.364 [main] INFO  org.eclipse.jetty.server.Server - jetty-9.4.39.v20210325; built: 2021-03-25T14:42:11.471Z; git: 9fc7ca5a922f2a37b84ec9dbc26a5168cee7e667; jvm 17.0.1+12-Ubuntu-120.04
2022-01-02 15:16:55.475 [main] WARN  c.q.t.c.util.EncryptedStringResolver - Some sensitive values are being given as unencrypted plain text in config. Please note this is NOT recommended for production environment.
2022-01-02 15:16:55.476 [main] INFO  com.zaxxer.hikari.HikariDataSource - HikariPool-6 - Starting...
2022-01-02 15:16:55.515 [main] INFO  com.zaxxer.hikari.HikariDataSource - HikariPool-6 - Start completed.
2022-01-02 15:16:55.529 [main] ERROR eclipselink.logging.metadata - java.lang.IllegalArgumentException: Unsupported class file major version 61
2022-01-02 15:16:55.529 [main] ERROR eclipselink.logging.metadata - java.lang.ArrayIndexOutOfBoundsException
2022-01-02 15:16:55.538 [main] ERROR eclipselink.logging.metadata - java.lang.IllegalArgumentException: Unsupported class file major version 61
2022-01-02 15:16:55.538 [main] ERROR eclipselink.logging.metadata - java.lang.ArrayIndexOutOfBoundsException
2022-01-02 15:16:55.543 [main] INFO  eclipselink.logging.all - EclipseLink, version: Eclipse Persistence Services - 2.7.7.v20200504-69f2c2b80d
2022-01-02 15:16:55.570 [main] ERROR eclipselink.logging.metadata - java.lang.IllegalArgumentException: Unsupported class file major version 61
2022-01-02 15:16:55.570 [main] ERROR eclipselink.logging.metadata - java.lang.ArrayIndexOutOfBoundsException
2022-01-02 15:16:55.591 [main] ERROR eclipselink.logging.metadata - java.lang.IllegalArgumentException: Unsupported class file major version 61
2022-01-02 15:16:55.591 [main] ERROR eclipselink.logging.metadata - java.lang.ArrayIndexOutOfBoundsException
2022-01-02 15:16:55.592 [main] ERROR eclipselink.logging.metadata - java.lang.IllegalArgumentException: Unsupported class file major version 61
2022-01-02 15:16:55.592 [main] ERROR eclipselink.logging.metadata - java.lang.ArrayIndexOutOfBoundsException
2022-01-02 15:16:55.592 [main] ERROR eclipselink.logging.metadata - java.lang.IllegalArgumentException: Unsupported class file major version 61
2022-01-02 15:16:55.592 [main] ERROR eclipselink.logging.metadata - java.lang.ArrayIndexOutOfBoundsException
2022-01-02 15:16:55.593 [main] ERROR eclipselink.logging.metadata - java.lang.IllegalArgumentException: Unsupported class file major version 61
2022-01-02 15:16:55.593 [main] ERROR eclipselink.logging.metadata - java.lang.ArrayIndexOutOfBoundsException
2022-01-02 15:16:55.593 [main] ERROR eclipselink.logging.metadata - java.lang.IllegalArgumentException: Unsupported class file major version 61
2022-01-02 15:16:55.593 [main] ERROR eclipselink.logging.metadata - java.lang.ArrayIndexOutOfBoundsException
2022-01-02 15:16:55.593 [main] ERROR eclipselink.logging.metadata - java.lang.IllegalArgumentException: Unsupported class file major version 61
2022-01-02 15:16:55.593 [main] ERROR eclipselink.logging.metadata - java.lang.ArrayIndexOutOfBoundsException
2022-01-02 15:16:55.594 [main] ERROR eclipselink.logging.metadata - java.lang.IllegalArgumentException: Unsupported class file major version 61
2022-01-02 15:16:55.594 [main] ERROR eclipselink.logging.metadata - java.lang.ArrayIndexOutOfBoundsException
2022-01-02 15:16:55.594 [main] ERROR eclipselink.logging.metadata - java.lang.IllegalArgumentException: Unsupported class file major version 61
2022-01-02 15:16:55.594 [main] ERROR eclipselink.logging.metadata - java.lang.ArrayIndexOutOfBoundsException
2022-01-02 15:16:55.596 [main] ERROR eclipselink.logging.metadata - java.lang.IllegalArgumentException: Unsupported class file major version 61
2022-01-02 15:16:55.597 [main] ERROR eclipselink.logging.metadata - java.lang.ArrayIndexOutOfBoundsException
2022-01-02 15:16:55.597 [main] ERROR eclipselink.logging.metadata - java.lang.IllegalArgumentException: Unsupported class file major version 61
2022-01-02 15:16:55.597 [main] ERROR eclipselink.logging.metadata - java.lang.ArrayIndexOutOfBoundsException
2022-01-02 15:16:55.602 [main] INFO  eclipselink.logging.all - EclipseLink, version: Eclipse Persistence Services - 2.7.7.v20200504-69f2c2b80d
2022-01-02 15:16:55.665 [main] INFO  c.q.t.r.r.ResendBatchPublisherFactory - Loaded factory com.quorum.tessera.p2p.recovery.RestResendBatchPublisherFactory@1a45e29f
2022-01-02 15:16:55.676 [main] WARN  c.q.t.c.util.EncryptedStringResolver - Some sensitive values are being given as unencrypted plain text in config. Please note this is NOT recommended for production environment.
2022-01-02 15:16:55.676 [main] INFO  com.zaxxer.hikari.HikariDataSource - HikariPool-7 - Starting...
2022-01-02 15:16:55.690 [main] INFO  com.zaxxer.hikari.HikariDataSource - HikariPool-7 - Start completed.
2022-01-02 15:16:55.693 [main] ERROR eclipselink.logging.metadata - java.lang.IllegalArgumentException: Unsupported class file major version 61
2022-01-02 15:16:55.693 [main] ERROR eclipselink.logging.metadata - java.lang.ArrayIndexOutOfBoundsException
2022-01-02 15:16:55.695 [main] ERROR eclipselink.logging.metadata - java.lang.IllegalArgumentException: Unsupported class file major version 61
2022-01-02 15:16:55.695 [main] ERROR eclipselink.logging.metadata - java.lang.ArrayIndexOutOfBoundsException
2022-01-02 15:16:55.700 [main] INFO  eclipselink.logging.all - EclipseLink, version: Eclipse Persistence Services - 2.7.7.v20200504-69f2c2b80d
2022-01-02 15:16:55.718 [main] ERROR eclipselink.logging.metadata - java.lang.IllegalArgumentException: Unsupported class file major version 61
2022-01-02 15:16:55.718 [main] ERROR eclipselink.logging.metadata - java.lang.ArrayIndexOutOfBoundsException
2022-01-02 15:16:55.719 [main] ERROR eclipselink.logging.metadata - java.lang.IllegalArgumentException: Unsupported class file major version 61
2022-01-02 15:16:55.719 [main] ERROR eclipselink.logging.metadata - java.lang.ArrayIndexOutOfBoundsException
2022-01-02 15:16:55.719 [main] ERROR eclipselink.logging.metadata - java.lang.IllegalArgumentException: Unsupported class file major version 61
2022-01-02 15:16:55.719 [main] ERROR eclipselink.logging.metadata - java.lang.ArrayIndexOutOfBoundsException
2022-01-02 15:16:55.720 [main] ERROR eclipselink.logging.metadata - java.lang.IllegalArgumentException: Unsupported class file major version 61
2022-01-02 15:16:55.720 [main] ERROR eclipselink.logging.metadata - java.lang.ArrayIndexOutOfBoundsException
2022-01-02 15:16:55.720 [main] ERROR eclipselink.logging.metadata - java.lang.IllegalArgumentException: Unsupported class file major version 61
2022-01-02 15:16:55.720 [main] ERROR eclipselink.logging.metadata - java.lang.ArrayIndexOutOfBoundsException
2022-01-02 15:16:55.720 [main] ERROR eclipselink.logging.metadata - java.lang.IllegalArgumentException: Unsupported class file major version 61
2022-01-02 15:16:55.720 [main] ERROR eclipselink.logging.metadata - java.lang.ArrayIndexOutOfBoundsException
2022-01-02 15:16:55.720 [main] ERROR eclipselink.logging.metadata - java.lang.IllegalArgumentException: Unsupported class file major version 61
2022-01-02 15:16:55.720 [main] ERROR eclipselink.logging.metadata - java.lang.ArrayIndexOutOfBoundsException
2022-01-02 15:16:55.721 [main] ERROR eclipselink.logging.metadata - java.lang.IllegalArgumentException: Unsupported class file major version 61
2022-01-02 15:16:55.721 [main] ERROR eclipselink.logging.metadata - java.lang.ArrayIndexOutOfBoundsException
2022-01-02 15:16:55.721 [main] ERROR eclipselink.logging.metadata - java.lang.IllegalArgumentException: Unsupported class file major version 61
2022-01-02 15:16:55.721 [main] ERROR eclipselink.logging.metadata - java.lang.ArrayIndexOutOfBoundsException
2022-01-02 15:16:55.721 [main] ERROR eclipselink.logging.metadata - java.lang.IllegalArgumentException: Unsupported class file major version 61
2022-01-02 15:16:55.721 [main] ERROR eclipselink.logging.metadata - java.lang.ArrayIndexOutOfBoundsException
2022-01-02 15:16:55.721 [main] ERROR eclipselink.logging.metadata - java.lang.IllegalArgumentException: Unsupported class file major version 61
2022-01-02 15:16:55.721 [main] ERROR eclipselink.logging.metadata - java.lang.ArrayIndexOutOfBoundsException
2022-01-02 15:16:55.726 [main] INFO  eclipselink.logging.all - EclipseLink, version: Eclipse Persistence Services - 2.7.7.v20200504-69f2c2b80d
2022-01-02 15:16:55.755 [main] WARN  c.q.t.c.util.EncryptedStringResolver - Some sensitive values are being given as unencrypted plain text in config. Please note this is NOT recommended for production environment.
2022-01-02 15:16:55.755 [main] INFO  com.zaxxer.hikari.HikariDataSource - HikariPool-8 - Starting...
2022-01-02 15:16:55.756 [main] INFO  com.zaxxer.hikari.HikariDataSource - HikariPool-8 - Start completed.
2022-01-02 15:16:55.758 [main] ERROR eclipselink.logging.metadata - java.lang.IllegalArgumentException: Unsupported class file major version 61
2022-01-02 15:16:55.768 [main] ERROR eclipselink.logging.metadata - java.lang.ArrayIndexOutOfBoundsException
2022-01-02 15:16:55.769 [main] ERROR eclipselink.logging.metadata - java.lang.IllegalArgumentException: Unsupported class file major version 61
2022-01-02 15:16:55.769 [main] ERROR eclipselink.logging.metadata - java.lang.ArrayIndexOutOfBoundsException
2022-01-02 15:16:55.783 [main] INFO  eclipselink.logging.all - EclipseLink, version: Eclipse Persistence Services - 2.7.7.v20200504-69f2c2b80d
2022-01-02 15:16:55.795 [main] ERROR eclipselink.logging.metadata - java.lang.IllegalArgumentException: Unsupported class file major version 61
2022-01-02 15:16:55.806 [main] ERROR eclipselink.logging.metadata - java.lang.ArrayIndexOutOfBoundsException
2022-01-02 15:16:55.807 [main] ERROR eclipselink.logging.metadata - java.lang.IllegalArgumentException: Unsupported class file major version 61
2022-01-02 15:16:55.819 [main] ERROR eclipselink.logging.metadata - java.lang.ArrayIndexOutOfBoundsException
2022-01-02 15:16:55.820 [main] ERROR eclipselink.logging.metadata - java.lang.IllegalArgumentException: Unsupported class file major version 61
2022-01-02 15:16:55.820 [main] ERROR eclipselink.logging.metadata - java.lang.ArrayIndexOutOfBoundsException
2022-01-02 15:16:55.821 [main] ERROR eclipselink.logging.metadata - java.lang.IllegalArgumentException: Unsupported class file major version 61
2022-01-02 15:16:55.821 [main] ERROR eclipselink.logging.metadata - java.lang.ArrayIndexOutOfBoundsException
2022-01-02 15:16:55.822 [main] ERROR eclipselink.logging.metadata - java.lang.IllegalArgumentException: Unsupported class file major version 61
2022-01-02 15:16:55.822 [main] ERROR eclipselink.logging.metadata - java.lang.ArrayIndexOutOfBoundsException
2022-01-02 15:16:55.822 [main] ERROR eclipselink.logging.metadata - java.lang.IllegalArgumentException: Unsupported class file major version 61
2022-01-02 15:16:55.822 [main] ERROR eclipselink.logging.metadata - java.lang.ArrayIndexOutOfBoundsException
2022-01-02 15:16:55.829 [main] ERROR eclipselink.logging.metadata - java.lang.IllegalArgumentException: Unsupported class file major version 61
2022-01-02 15:16:55.830 [main] ERROR eclipselink.logging.metadata - java.lang.ArrayIndexOutOfBoundsException
2022-01-02 15:16:55.830 [main] ERROR eclipselink.logging.metadata - java.lang.IllegalArgumentException: Unsupported class file major version 61
2022-01-02 15:16:55.831 [main] ERROR eclipselink.logging.metadata - java.lang.ArrayIndexOutOfBoundsException
2022-01-02 15:16:55.831 [main] ERROR eclipselink.logging.metadata - java.lang.IllegalArgumentException: Unsupported class file major version 61
2022-01-02 15:16:55.831 [main] ERROR eclipselink.logging.metadata - java.lang.ArrayIndexOutOfBoundsException
2022-01-02 15:16:55.831 [main] ERROR eclipselink.logging.metadata - java.lang.IllegalArgumentException: Unsupported class file major version 61
2022-01-02 15:16:55.831 [main] ERROR eclipselink.logging.metadata - java.lang.ArrayIndexOutOfBoundsException
2022-01-02 15:16:55.832 [main] ERROR eclipselink.logging.metadata - java.lang.IllegalArgumentException: Unsupported class file major version 61
2022-01-02 15:16:55.832 [main] ERROR eclipselink.logging.metadata - java.lang.ArrayIndexOutOfBoundsException
2022-01-02 15:16:55.866 [main] INFO  eclipselink.logging.all - EclipseLink, version: Eclipse Persistence Services - 2.7.7.v20200504-69f2c2b80d
2022-01-02 15:16:55.898 [main] WARN  c.q.t.c.util.EncryptedStringResolver - Some sensitive values are being given as unencrypted plain text in config. Please note this is NOT recommended for production environment.
2022-01-02 15:16:55.899 [main] INFO  com.zaxxer.hikari.HikariDataSource - HikariPool-9 - Starting...
2022-01-02 15:16:55.902 [main] INFO  com.zaxxer.hikari.HikariDataSource - HikariPool-9 - Start completed.
2022-01-02 15:16:55.905 [main] ERROR eclipselink.logging.metadata - java.lang.IllegalArgumentException: Unsupported class file major version 61
2022-01-02 15:16:55.905 [main] ERROR eclipselink.logging.metadata - java.lang.ArrayIndexOutOfBoundsException
2022-01-02 15:16:55.907 [main] ERROR eclipselink.logging.metadata - java.lang.IllegalArgumentException: Unsupported class file major version 61
2022-01-02 15:16:55.907 [main] ERROR eclipselink.logging.metadata - java.lang.ArrayIndexOutOfBoundsException
2022-01-02 15:16:55.912 [main] INFO  eclipselink.logging.all - EclipseLink, version: Eclipse Persistence Services - 2.7.7.v20200504-69f2c2b80d
2022-01-02 15:16:55.935 [main] ERROR eclipselink.logging.metadata - java.lang.IllegalArgumentException: Unsupported class file major version 61
2022-01-02 15:16:55.935 [main] ERROR eclipselink.logging.metadata - java.lang.ArrayIndexOutOfBoundsException
2022-01-02 15:16:55.936 [main] ERROR eclipselink.logging.metadata - java.lang.IllegalArgumentException: Unsupported class file major version 61
2022-01-02 15:16:55.936 [main] ERROR eclipselink.logging.metadata - java.lang.ArrayIndexOutOfBoundsException
2022-01-02 15:16:55.944 [main] ERROR eclipselink.logging.metadata - java.lang.IllegalArgumentException: Unsupported class file major version 61
2022-01-02 15:16:55.944 [main] ERROR eclipselink.logging.metadata - java.lang.ArrayIndexOutOfBoundsException
2022-01-02 15:16:55.944 [main] ERROR eclipselink.logging.metadata - java.lang.IllegalArgumentException: Unsupported class file major version 61
2022-01-02 15:16:55.944 [main] ERROR eclipselink.logging.metadata - java.lang.ArrayIndexOutOfBoundsException
2022-01-02 15:16:55.945 [main] ERROR eclipselink.logging.metadata - java.lang.IllegalArgumentException: Unsupported class file major version 61
2022-01-02 15:16:55.945 [main] ERROR eclipselink.logging.metadata - java.lang.ArrayIndexOutOfBoundsException
2022-01-02 15:16:55.945 [main] ERROR eclipselink.logging.metadata - java.lang.IllegalArgumentException: Unsupported class file major version 61
2022-01-02 15:16:55.945 [main] ERROR eclipselink.logging.metadata - java.lang.ArrayIndexOutOfBoundsException
2022-01-02 15:16:55.945 [main] ERROR eclipselink.logging.metadata - java.lang.IllegalArgumentException: Unsupported class file major version 61
2022-01-02 15:16:55.945 [main] ERROR eclipselink.logging.metadata - java.lang.ArrayIndexOutOfBoundsException
2022-01-02 15:16:55.946 [main] ERROR eclipselink.logging.metadata - java.lang.IllegalArgumentException: Unsupported class file major version 61
2022-01-02 15:16:55.946 [main] ERROR eclipselink.logging.metadata - java.lang.ArrayIndexOutOfBoundsException
2022-01-02 15:16:55.949 [main] ERROR eclipselink.logging.metadata - java.lang.IllegalArgumentException: Unsupported class file major version 61
2022-01-02 15:16:55.949 [main] ERROR eclipselink.logging.metadata - java.lang.ArrayIndexOutOfBoundsException
2022-01-02 15:16:55.950 [main] ERROR eclipselink.logging.metadata - java.lang.IllegalArgumentException: Unsupported class file major version 61
2022-01-02 15:16:55.951 [main] ERROR eclipselink.logging.metadata - java.lang.ArrayIndexOutOfBoundsException
2022-01-02 15:16:55.952 [main] ERROR eclipselink.logging.metadata - java.lang.IllegalArgumentException: Unsupported class file major version 61
2022-01-02 15:16:55.955 [main] ERROR eclipselink.logging.metadata - java.lang.ArrayIndexOutOfBoundsException
2022-01-02 15:16:55.986 [main] INFO  eclipselink.logging.all - EclipseLink, version: Eclipse Persistence Services - 2.7.7.v20200504-69f2c2b80d
2022-01-02 15:16:56.027 [main] INFO  c.q.t.r.r.ResendBatchPublisherFactory - Loaded factory com.quorum.tessera.p2p.recovery.RestResendBatchPublisherFactory@c931728
2022-01-02 15:16:56.029 [main] WARN  c.q.t.c.util.EncryptedStringResolver - Some sensitive values are being given as unencrypted plain text in config. Please note this is NOT recommended for production environment.
2022-01-02 15:16:56.029 [main] INFO  com.zaxxer.hikari.HikariDataSource - HikariPool-10 - Starting...
2022-01-02 15:16:56.049 [main] INFO  com.zaxxer.hikari.HikariDataSource - HikariPool-10 - Start completed.
2022-01-02 15:16:56.052 [main] ERROR eclipselink.logging.metadata - java.lang.IllegalArgumentException: Unsupported class file major version 61
2022-01-02 15:16:56.052 [main] ERROR eclipselink.logging.metadata - java.lang.ArrayIndexOutOfBoundsException
2022-01-02 15:16:56.054 [main] ERROR eclipselink.logging.metadata - java.lang.IllegalArgumentException: Unsupported class file major version 61
2022-01-02 15:16:56.054 [main] ERROR eclipselink.logging.metadata - java.lang.ArrayIndexOutOfBoundsException
2022-01-02 15:16:56.065 [main] INFO  eclipselink.logging.all - EclipseLink, version: Eclipse Persistence Services - 2.7.7.v20200504-69f2c2b80d
2022-01-02 15:16:56.101 [main] ERROR eclipselink.logging.metadata - java.lang.IllegalArgumentException: Unsupported class file major version 61
2022-01-02 15:16:56.102 [main] ERROR eclipselink.logging.metadata - java.lang.ArrayIndexOutOfBoundsException
2022-01-02 15:16:56.102 [main] ERROR eclipselink.logging.metadata - java.lang.IllegalArgumentException: Unsupported class file major version 61
2022-01-02 15:16:56.102 [main] ERROR eclipselink.logging.metadata - java.lang.ArrayIndexOutOfBoundsException
2022-01-02 15:16:56.102 [main] ERROR eclipselink.logging.metadata - java.lang.IllegalArgumentException: Unsupported class file major version 61
2022-01-02 15:16:56.102 [main] ERROR eclipselink.logging.metadata - java.lang.ArrayIndexOutOfBoundsException
2022-01-02 15:16:56.103 [main] ERROR eclipselink.logging.metadata - java.lang.IllegalArgumentException: Unsupported class file major version 61
2022-01-02 15:16:56.103 [main] ERROR eclipselink.logging.metadata - java.lang.ArrayIndexOutOfBoundsException
2022-01-02 15:16:56.103 [main] ERROR eclipselink.logging.metadata - java.lang.IllegalArgumentException: Unsupported class file major version 61
2022-01-02 15:16:56.103 [main] ERROR eclipselink.logging.metadata - java.lang.ArrayIndexOutOfBoundsException
2022-01-02 15:16:56.103 [main] ERROR eclipselink.logging.metadata - java.lang.IllegalArgumentException: Unsupported class file major version 61
2022-01-02 15:16:56.104 [main] ERROR eclipselink.logging.metadata - java.lang.ArrayIndexOutOfBoundsException
2022-01-02 15:16:56.104 [main] ERROR eclipselink.logging.metadata - java.lang.IllegalArgumentException: Unsupported class file major version 61
2022-01-02 15:16:56.104 [main] ERROR eclipselink.logging.metadata - java.lang.ArrayIndexOutOfBoundsException
2022-01-02 15:16:56.104 [main] ERROR eclipselink.logging.metadata - java.lang.IllegalArgumentException: Unsupported class file major version 61
2022-01-02 15:16:56.104 [main] ERROR eclipselink.logging.metadata - java.lang.ArrayIndexOutOfBoundsException
2022-01-02 15:16:56.104 [main] ERROR eclipselink.logging.metadata - java.lang.IllegalArgumentException: Unsupported class file major version 61
2022-01-02 15:16:56.104 [main] ERROR eclipselink.logging.metadata - java.lang.ArrayIndexOutOfBoundsException
2022-01-02 15:16:56.105 [main] ERROR eclipselink.logging.metadata - java.lang.IllegalArgumentException: Unsupported class file major version 61
2022-01-02 15:16:56.105 [main] ERROR eclipselink.logging.metadata - java.lang.ArrayIndexOutOfBoundsException
2022-01-02 15:16:56.105 [main] ERROR eclipselink.logging.metadata - java.lang.IllegalArgumentException: Unsupported class file major version 61
2022-01-02 15:16:56.105 [main] ERROR eclipselink.logging.metadata - java.lang.ArrayIndexOutOfBoundsException
2022-01-02 15:16:56.117 [main] INFO  eclipselink.logging.all - EclipseLink, version: Eclipse Persistence Services - 2.7.7.v20200504-69f2c2b80d
2022-01-02 15:16:56.183 [main] WARN  c.q.t.c.util.EncryptedStringResolver - Some sensitive values are being given as unencrypted plain text in config. Please note this is NOT recommended for production environment.
2022-01-02 15:16:56.183 [main] INFO  com.zaxxer.hikari.HikariDataSource - HikariPool-11 - Starting...
2022-01-02 15:16:56.184 [main] INFO  com.zaxxer.hikari.HikariDataSource - HikariPool-11 - Start completed.
2022-01-02 15:16:56.186 [main] ERROR eclipselink.logging.metadata - java.lang.IllegalArgumentException: Unsupported class file major version 61
2022-01-02 15:16:56.186 [main] ERROR eclipselink.logging.metadata - java.lang.ArrayIndexOutOfBoundsException
2022-01-02 15:16:56.188 [main] ERROR eclipselink.logging.metadata - java.lang.IllegalArgumentException: Unsupported class file major version 61
2022-01-02 15:16:56.188 [main] ERROR eclipselink.logging.metadata - java.lang.ArrayIndexOutOfBoundsException
2022-01-02 15:16:56.193 [main] INFO  eclipselink.logging.all - EclipseLink, version: Eclipse Persistence Services - 2.7.7.v20200504-69f2c2b80d
2022-01-02 15:16:56.231 [main] ERROR eclipselink.logging.metadata - java.lang.IllegalArgumentException: Unsupported class file major version 61
2022-01-02 15:16:56.231 [main] ERROR eclipselink.logging.metadata - java.lang.ArrayIndexOutOfBoundsException
2022-01-02 15:16:56.234 [main] ERROR eclipselink.logging.metadata - java.lang.IllegalArgumentException: Unsupported class file major version 61
2022-01-02 15:16:56.234 [main] ERROR eclipselink.logging.metadata - java.lang.ArrayIndexOutOfBoundsException
2022-01-02 15:16:56.235 [main] ERROR eclipselink.logging.metadata - java.lang.IllegalArgumentException: Unsupported class file major version 61
2022-01-02 15:16:56.235 [main] ERROR eclipselink.logging.metadata - java.lang.ArrayIndexOutOfBoundsException
2022-01-02 15:16:56.236 [main] ERROR eclipselink.logging.metadata - java.lang.IllegalArgumentException: Unsupported class file major version 61
2022-01-02 15:16:56.236 [main] ERROR eclipselink.logging.metadata - java.lang.ArrayIndexOutOfBoundsException
2022-01-02 15:16:56.238 [main] ERROR eclipselink.logging.metadata - java.lang.IllegalArgumentException: Unsupported class file major version 61
2022-01-02 15:16:56.238 [main] ERROR eclipselink.logging.metadata - java.lang.ArrayIndexOutOfBoundsException
2022-01-02 15:16:56.238 [main] ERROR eclipselink.logging.metadata - java.lang.IllegalArgumentException: Unsupported class file major version 61
2022-01-02 15:16:56.243 [main] ERROR eclipselink.logging.metadata - java.lang.ArrayIndexOutOfBoundsException
2022-01-02 15:16:56.244 [main] ERROR eclipselink.logging.metadata - java.lang.IllegalArgumentException: Unsupported class file major version 61
2022-01-02 15:16:56.245 [main] ERROR eclipselink.logging.metadata - java.lang.ArrayIndexOutOfBoundsException
2022-01-02 15:16:56.248 [main] ERROR eclipselink.logging.metadata - java.lang.IllegalArgumentException: Unsupported class file major version 61
2022-01-02 15:16:56.249 [main] ERROR eclipselink.logging.metadata - java.lang.ArrayIndexOutOfBoundsException
2022-01-02 15:16:56.249 [main] ERROR eclipselink.logging.metadata - java.lang.IllegalArgumentException: Unsupported class file major version 61
2022-01-02 15:16:56.249 [main] ERROR eclipselink.logging.metadata - java.lang.ArrayIndexOutOfBoundsException
2022-01-02 15:16:56.249 [main] ERROR eclipselink.logging.metadata - java.lang.IllegalArgumentException: Unsupported class file major version 61
2022-01-02 15:16:56.249 [main] ERROR eclipselink.logging.metadata - java.lang.ArrayIndexOutOfBoundsException
2022-01-02 15:16:56.249 [main] ERROR eclipselink.logging.metadata - java.lang.IllegalArgumentException: Unsupported class file major version 61
2022-01-02 15:16:56.249 [main] ERROR eclipselink.logging.metadata - java.lang.ArrayIndexOutOfBoundsException
2022-01-02 15:16:56.290 [main] INFO  eclipselink.logging.all - EclipseLink, version: Eclipse Persistence Services - 2.7.7.v20200504-69f2c2b80d
2022-01-02 15:16:56.403 [main] WARN  o.g.jersey.internal.inject.Providers - A provider com.quorum.tessera.api.common.UpCheckResource registered in SERVER runtime does not implement any provider interfaces applicable in the SERVER runtime. Due to constraint configuration problems the provider com.quorum.tessera.api.common.UpCheckResource will be ignored. 
2022-01-02 15:16:56.403 [main] WARN  o.g.jersey.internal.inject.Providers - A provider com.quorum.tessera.p2p.PrivacyGroupResource registered in SERVER runtime does not implement any provider interfaces applicable in the SERVER runtime. Due to constraint configuration problems the provider com.quorum.tessera.p2p.PrivacyGroupResource will be ignored. 
2022-01-02 15:16:56.403 [main] WARN  o.g.jersey.internal.inject.Providers - A provider com.quorum.tessera.p2p.PartyInfoResource registered in SERVER runtime does not implement any provider interfaces applicable in the SERVER runtime. Due to constraint configuration problems the provider com.quorum.tessera.p2p.PartyInfoResource will be ignored. 
2022-01-02 15:16:56.403 [main] WARN  o.g.jersey.internal.inject.Providers - A provider com.quorum.tessera.p2p.TransactionResource registered in SERVER runtime does not implement any provider interfaces applicable in the SERVER runtime. Due to constraint configuration problems the provider com.quorum.tessera.p2p.TransactionResource will be ignored. 
2022-01-02 15:16:56.458 [main] INFO  o.e.j.server.handler.ContextHandler - Started o.e.j.s.ServletContextHandler@2178d296{/,null,AVAILABLE}
2022-01-02 15:16:56.460 [main] INFO  o.e.jetty.server.AbstractConnector - Started ServerConnector@1018f702{HTTP/1.1, (http/1.1)}{0.0.0.0:9002}
2022-01-02 15:16:56.460 [main] INFO  org.eclipse.jetty.server.Server - Started @12126ms
2022-01-02 15:16:56.460 [main] INFO  c.quorum.tessera.server.JerseyServer - Started http://127.0.0.1:9002
2022-01-02 15:16:56.460 [main] INFO  c.quorum.tessera.server.JerseyServer - WADL http://127.0.0.1:9002/application.wadl
2022-01-02 15:16:57.853 [qtp354230638-58] INFO  c.q.t.api.common.UpCheckResource - Enter Request : GET : /upcheck
2022-01-02 15:16:57.856 [qtp354230638-58] INFO  c.q.t.api.common.UpCheckResource - GET upcheck
2022-01-02 15:16:57.876 [qtp354230638-58] INFO  c.q.t.api.common.UpCheckResource - Exit Request : GET : /upcheck
2022-01-02 15:16:57.876 [qtp354230638-58] INFO  c.q.t.api.common.UpCheckResource - Response for upcheck : 200 OK
2022-01-02 15:16:59.735 [pool-2-thread-1] INFO  c.q.t.p.p.PartyInfoBroadcaster - Started PartyInfo polling round
2022-01-02 15:16:59.737 [pool-2-thread-1] INFO  c.q.t.p.p.PartyInfoBroadcaster - Finished PartyInfo polling round
2022-01-02 15:17:03.524 [qtp519425508-35] INFO  c.q.t.api.common.UpCheckResource - Enter Request : GET : /upcheck
2022-01-02 15:17:03.528 [qtp519425508-35] INFO  c.q.t.api.common.UpCheckResource - GET upcheck
2022-01-02 15:17:03.529 [qtp519425508-35] INFO  c.q.t.api.common.UpCheckResource - Exit Request : GET : /upcheck
2022-01-02 15:17:03.529 [qtp519425508-35] INFO  c.q.t.api.common.UpCheckResource - Response for upcheck : 200 OK
2022-01-02 15:17:03.534 [qtp519425508-32] INFO  c.q.t.api.common.VersionResource - Enter Request : GET : /version
2022-01-02 15:17:03.536 [qtp519425508-32] INFO  c.q.t.api.common.VersionResource - Exit Request : GET : /version
2022-01-02 15:17:03.536 [qtp519425508-32] INFO  c.q.t.api.common.VersionResource - Response for version : 200 OK
2022-01-02 15:17:03.538 [qtp519425508-32] INFO  c.q.t.api.common.VersionResource - Enter Request : GET : /version/api
2022-01-02 15:17:03.545 [qtp519425508-32] INFO  c.q.t.api.common.VersionResource - Exit Request : GET : /version/api
2022-01-02 15:17:03.545 [qtp519425508-32] INFO  c.q.t.api.common.VersionResource - Response for version/api : 200 OK
2022-01-02 15:17:04.738 [pool-2-thread-1] INFO  c.q.t.p.p.PartyInfoBroadcaster - Started PartyInfo polling round
2022-01-02 15:17:04.740 [pool-2-thread-1] INFO  c.q.t.p.p.PartyInfoBroadcaster - Finished PartyInfo polling round
2022-01-02 15:17:09.740 [pool-2-thread-1] INFO  c.q.t.p.p.PartyInfoBroadcaster - Started PartyInfo polling round
2022-01-02 15:17:09.742 [pool-2-thread-1] INFO  c.q.t.p.p.PartyInfoBroadcaster - Finished PartyInfo polling round
2022-01-02 15:17:14.742 [pool-2-thread-1] INFO  c.q.t.p.p.PartyInfoBroadcaster - Started PartyInfo polling round
2022-01-02 15:17:14.744 [pool-2-thread-1] INFO  c.q.t.p.p.PartyInfoBroadcaster - Finished PartyInfo polling round
2022-01-02 15:17:19.745 [pool-2-thread-1] INFO  c.q.t.p.p.PartyInfoBroadcaster - Started PartyInfo polling round
2022-01-02 15:17:19.746 [pool-2-thread-1] INFO  c.q.t.p.p.PartyInfoBroadcaster - Finished PartyInfo polling round
2022-01-02 15:17:24.747 [pool-2-thread-1] INFO  c.q.t.p.p.PartyInfoBroadcaster - Started PartyInfo polling round
2022-01-02 15:17:24.748 [pool-2-thread-1] INFO  c.q.t.p.p.PartyInfoBroadcaster - Finished PartyInfo polling round
2022-01-02 15:17:29.749 [pool-2-thread-1] INFO  c.q.t.p.p.PartyInfoBroadcaster - Started PartyInfo polling round
2022-01-02 15:17:29.750 [pool-2-thread-1] INFO  c.q.t.p.p.PartyInfoBroadcaster - Finished PartyInfo polling round
2022-01-02 15:17:34.750 [pool-2-thread-1] INFO  c.q.t.p.p.PartyInfoBroadcaster - Started PartyInfo polling round
2022-01-02 15:17:34.751 [pool-2-thread-1] INFO  c.q.t.p.p.PartyInfoBroadcaster - Finished PartyInfo polling round
2022-01-02 15:17:39.752 [pool-2-thread-1] INFO  c.q.t.p.p.PartyInfoBroadcaster - Started PartyInfo polling round
2022-01-02 15:17:39.753 [pool-2-thread-1] INFO  c.q.t.p.p.PartyInfoBroadcaster - Finished PartyInfo polling round
2022-01-02 15:17:44.760 [pool-2-thread-1] INFO  c.q.t.p.p.PartyInfoBroadcaster - Started PartyInfo polling round
2022-01-02 15:17:44.762 [pool-2-thread-1] INFO  c.q.t.p.p.PartyInfoBroadcaster - Finished PartyInfo polling round
2022-01-02 15:17:49.762 [pool-2-thread-1] INFO  c.q.t.p.p.PartyInfoBroadcaster - Started PartyInfo polling round
2022-01-02 15:17:49.763 [pool-2-thread-1] INFO  c.q.t.p.p.PartyInfoBroadcaster - Finished PartyInfo polling round
2022-01-02 15:17:54.764 [pool-2-thread-1] INFO  c.q.t.p.p.PartyInfoBroadcaster - Started PartyInfo polling round
2022-01-02 15:17:54.765 [pool-2-thread-1] INFO  c.q.t.p.p.PartyInfoBroadcaster - Finished PartyInfo polling round
2022-01-02 15:17:59.770 [pool-2-thread-1] INFO  c.q.t.p.p.PartyInfoBroadcaster - Started PartyInfo polling round
2022-01-02 15:17:59.771 [pool-2-thread-1] INFO  c.q.t.p.p.PartyInfoBroadcaster - Finished PartyInfo polling round
2022-01-02 15:18:04.772 [pool-2-thread-1] INFO  c.q.t.p.p.PartyInfoBroadcaster - Started PartyInfo polling round
2022-01-02 15:18:04.773 [pool-2-thread-1] INFO  c.q.t.p.p.PartyInfoBroadcaster - Finished PartyInfo polling round
2022-01-02 15:18:09.773 [pool-2-thread-1] INFO  c.q.t.p.p.PartyInfoBroadcaster - Started PartyInfo polling round
2022-01-02 15:18:09.774 [pool-2-thread-1] INFO  c.q.t.p.p.PartyInfoBroadcaster - Finished PartyInfo polling round
2022-01-02 15:18:14.775 [pool-2-thread-1] INFO  c.q.t.p.p.PartyInfoBroadcaster - Started PartyInfo polling round
2022-01-02 15:18:14.776 [pool-2-thread-1] INFO  c.q.t.p.p.PartyInfoBroadcaster - Finished PartyInfo polling round
2022-01-02 15:18:19.777 [pool-2-thread-1] INFO  c.q.t.p.p.PartyInfoBroadcaster - Started PartyInfo polling round
2022-01-02 15:18:19.778 [pool-2-thread-1] INFO  c.q.t.p.p.PartyInfoBroadcaster - Finished PartyInfo polling round
2022-01-02 15:18:24.778 [pool-2-thread-1] INFO  c.q.t.p.p.PartyInfoBroadcaster - Started PartyInfo polling round
2022-01-02 15:18:24.780 [pool-2-thread-1] INFO  c.q.t.p.p.PartyInfoBroadcaster - Finished PartyInfo polling round
2022-01-02 15:18:29.780 [pool-2-thread-1] INFO  c.q.t.p.p.PartyInfoBroadcaster - Started PartyInfo polling round
2022-01-02 15:18:29.781 [pool-2-thread-1] INFO  c.q.t.p.p.PartyInfoBroadcaster - Finished PartyInfo polling round
2022-01-02 15:18:34.782 [pool-2-thread-1] INFO  c.q.t.p.p.PartyInfoBroadcaster - Started PartyInfo polling round
2022-01-02 15:18:34.783 [pool-2-thread-1] INFO  c.q.t.p.p.PartyInfoBroadcaster - Finished PartyInfo polling round
2022-01-02 15:18:39.783 [pool-2-thread-1] INFO  c.q.t.p.p.PartyInfoBroadcaster - Started PartyInfo polling round
2022-01-02 15:18:39.784 [pool-2-thread-1] INFO  c.q.t.p.p.PartyInfoBroadcaster - Finished PartyInfo polling round
2022-01-02 15:18:44.785 [pool-2-thread-1] INFO  c.q.t.p.p.PartyInfoBroadcaster - Started PartyInfo polling round
2022-01-02 15:18:44.786 [pool-2-thread-1] INFO  c.q.t.p.p.PartyInfoBroadcaster - Finished PartyInfo polling round
2022-01-02 15:18:49.786 [pool-2-thread-1] INFO  c.q.t.p.p.PartyInfoBroadcaster - Started PartyInfo polling round
2022-01-02 15:18:49.788 [pool-2-thread-1] INFO  c.q.t.p.p.PartyInfoBroadcaster - Finished PartyInfo polling round
2022-01-02 15:18:54.788 [pool-2-thread-1] INFO  c.q.t.p.p.PartyInfoBroadcaster - Started PartyInfo polling round
2022-01-02 15:18:54.789 [pool-2-thread-1] INFO  c.q.t.p.p.PartyInfoBroadcaster - Finished PartyInfo polling round
2022-01-02 15:18:59.789 [pool-2-thread-1] INFO  c.q.t.p.p.PartyInfoBroadcaster - Started PartyInfo polling round
2022-01-02 15:18:59.790 [pool-2-thread-1] INFO  c.q.t.p.p.PartyInfoBroadcaster - Finished PartyInfo polling round
2022-01-02 15:19:04.791 [pool-2-thread-1] INFO  c.q.t.p.p.PartyInfoBroadcaster - Started PartyInfo polling round
2022-01-02 15:19:04.792 [pool-2-thread-1] INFO  c.q.t.p.p.PartyInfoBroadcaster - Finished PartyInfo polling round
2022-01-02 15:19:09.792 [pool-2-thread-1] INFO  c.q.t.p.p.PartyInfoBroadcaster - Started PartyInfo polling round
2022-01-02 15:19:09.794 [pool-2-thread-1] INFO  c.q.t.p.p.PartyInfoBroadcaster - Finished PartyInfo polling round
2022-01-02 15:19:14.794 [pool-2-thread-1] INFO  c.q.t.p.p.PartyInfoBroadcaster - Started PartyInfo polling round
2022-01-02 15:19:14.795 [pool-2-thread-1] INFO  c.q.t.p.p.PartyInfoBroadcaster - Finished PartyInfo polling round
2022-01-02 15:19:19.796 [pool-2-thread-1] INFO  c.q.t.p.p.PartyInfoBroadcaster - Started PartyInfo polling round
2022-01-02 15:19:19.797 [pool-2-thread-1] INFO  c.q.t.p.p.PartyInfoBroadcaster - Finished PartyInfo polling round
2022-01-02 15:19:24.798 [pool-2-thread-1] INFO  c.q.t.p.p.PartyInfoBroadcaster - Started PartyInfo polling round
2022-01-02 15:19:24.799 [pool-2-thread-1] INFO  c.q.t.p.p.PartyInfoBroadcaster - Finished PartyInfo polling round
2022-01-02 15:19:29.799 [pool-2-thread-1] INFO  c.q.t.p.p.PartyInfoBroadcaster - Started PartyInfo polling round
2022-01-02 15:19:29.800 [pool-2-thread-1] INFO  c.q.t.p.p.PartyInfoBroadcaster - Finished PartyInfo polling round
2022-01-02 15:19:34.801 [pool-2-thread-1] INFO  c.q.t.p.p.PartyInfoBroadcaster - Started PartyInfo polling round
2022-01-02 15:19:34.802 [pool-2-thread-1] INFO  c.q.t.p.p.PartyInfoBroadcaster - Finished PartyInfo polling round
2022-01-02 15:19:39.802 [pool-2-thread-1] INFO  c.q.t.p.p.PartyInfoBroadcaster - Started PartyInfo polling round
2022-01-02 15:19:39.803 [pool-2-thread-1] INFO  c.q.t.p.p.PartyInfoBroadcaster - Finished PartyInfo polling round
2022-01-02 15:19:44.804 [pool-2-thread-1] INFO  c.q.t.p.p.PartyInfoBroadcaster - Started PartyInfo polling round
2022-01-02 15:19:44.805 [pool-2-thread-1] INFO  c.q.t.p.p.PartyInfoBroadcaster - Finished PartyInfo polling round
2022-01-02 15:19:49.805 [pool-2-thread-1] INFO  c.q.t.p.p.PartyInfoBroadcaster - Started PartyInfo polling round
2022-01-02 15:19:49.807 [pool-2-thread-1] INFO  c.q.t.p.p.PartyInfoBroadcaster - Finished PartyInfo polling round
2022-01-02 15:19:54.807 [pool-2-thread-1] INFO  c.q.t.p.p.PartyInfoBroadcaster - Started PartyInfo polling round
2022-01-02 15:19:54.808 [pool-2-thread-1] INFO  c.q.t.p.p.PartyInfoBroadcaster - Finished PartyInfo polling round
2022-01-02 15:19:59.808 [pool-2-thread-1] INFO  c.q.t.p.p.PartyInfoBroadcaster - Started PartyInfo polling round
2022-01-02 15:19:59.809 [pool-2-thread-1] INFO  c.q.t.p.p.PartyInfoBroadcaster - Finished PartyInfo polling round
2022-01-02 15:20:04.809 [pool-2-thread-1] INFO  c.q.t.p.p.PartyInfoBroadcaster - Started PartyInfo polling round
2022-01-02 15:20:04.810 [pool-2-thread-1] INFO  c.q.t.p.p.PartyInfoBroadcaster - Finished PartyInfo polling round
2022-01-02 15:20:09.811 [pool-2-thread-1] INFO  c.q.t.p.p.PartyInfoBroadcaster - Started PartyInfo polling round
2022-01-02 15:20:09.812 [pool-2-thread-1] INFO  c.q.t.p.p.PartyInfoBroadcaster - Finished PartyInfo polling round
2022-01-02 15:20:14.812 [pool-2-thread-1] INFO  c.q.t.p.p.PartyInfoBroadcaster - Started PartyInfo polling round
2022-01-02 15:20:14.817 [pool-2-thread-1] INFO  c.q.t.p.p.PartyInfoBroadcaster - Finished PartyInfo polling round
2022-01-02 15:20:19.817 [pool-2-thread-1] INFO  c.q.t.p.p.PartyInfoBroadcaster - Started PartyInfo polling round
2022-01-02 15:20:19.818 [pool-2-thread-1] INFO  c.q.t.p.p.PartyInfoBroadcaster - Finished PartyInfo polling round
2022-01-02 15:20:24.818 [pool-2-thread-1] INFO  c.q.t.p.p.PartyInfoBroadcaster - Started PartyInfo polling round
2022-01-02 15:20:24.820 [pool-2-thread-1] INFO  c.q.t.p.p.PartyInfoBroadcaster - Finished PartyInfo polling round
2022-01-02 15:20:29.820 [pool-2-thread-1] INFO  c.q.t.p.p.PartyInfoBroadcaster - Started PartyInfo polling round
2022-01-02 15:20:29.821 [pool-2-thread-1] INFO  c.q.t.p.p.PartyInfoBroadcaster - Finished PartyInfo polling round
2022-01-02 15:20:34.825 [pool-2-thread-1] INFO  c.q.t.p.p.PartyInfoBroadcaster - Started PartyInfo polling round
2022-01-02 15:20:34.827 [pool-2-thread-1] INFO  c.q.t.p.p.PartyInfoBroadcaster - Finished PartyInfo polling round
2022-01-02 15:20:39.827 [pool-2-thread-1] INFO  c.q.t.p.p.PartyInfoBroadcaster - Started PartyInfo polling round
2022-01-02 15:20:39.828 [pool-2-thread-1] INFO  c.q.t.p.p.PartyInfoBroadcaster - Finished PartyInfo polling round
2022-01-02 15:20:44.828 [pool-2-thread-1] INFO  c.q.t.p.p.PartyInfoBroadcaster - Started PartyInfo polling round
2022-01-02 15:20:44.829 [pool-2-thread-1] INFO  c.q.t.p.p.PartyInfoBroadcaster - Finished PartyInfo polling round
2022-01-02 15:20:49.829 [pool-2-thread-1] INFO  c.q.t.p.p.PartyInfoBroadcaster - Started PartyInfo polling round
2022-01-02 15:20:49.830 [pool-2-thread-1] INFO  c.q.t.p.p.PartyInfoBroadcaster - Finished PartyInfo polling round
2022-01-02 15:20:54.830 [pool-2-thread-1] INFO  c.q.t.p.p.PartyInfoBroadcaster - Started PartyInfo polling round
2022-01-02 15:20:54.831 [pool-2-thread-1] INFO  c.q.t.p.p.PartyInfoBroadcaster - Finished PartyInfo polling round
2022-01-02 15:20:59.832 [pool-2-thread-1] INFO  c.q.t.p.p.PartyInfoBroadcaster - Started PartyInfo polling round
2022-01-02 15:20:59.833 [pool-2-thread-1] INFO  c.q.t.p.p.PartyInfoBroadcaster - Finished PartyInfo polling round
2022-01-02 15:21:04.833 [pool-2-thread-1] INFO  c.q.t.p.p.PartyInfoBroadcaster - Started PartyInfo polling round
2022-01-02 15:21:04.834 [pool-2-thread-1] INFO  c.q.t.p.p.PartyInfoBroadcaster - Finished PartyInfo polling round
2022-01-02 15:21:09.834 [pool-2-thread-1] INFO  c.q.t.p.p.PartyInfoBroadcaster - Started PartyInfo polling round
2022-01-02 15:21:09.835 [pool-2-thread-1] INFO  c.q.t.p.p.PartyInfoBroadcaster - Finished PartyInfo polling round
2022-01-02 15:21:14.835 [pool-2-thread-1] INFO  c.q.t.p.p.PartyInfoBroadcaster - Started PartyInfo polling round
2022-01-02 15:21:14.836 [pool-2-thread-1] INFO  c.q.t.p.p.PartyInfoBroadcaster - Finished PartyInfo polling round
2022-01-02 15:21:19.836 [pool-2-thread-1] INFO  c.q.t.p.p.PartyInfoBroadcaster - Started PartyInfo polling round
2022-01-02 15:21:19.838 [pool-2-thread-1] INFO  c.q.t.p.p.PartyInfoBroadcaster - Finished PartyInfo polling round
2022-01-02 15:21:24.838 [pool-2-thread-1] INFO  c.q.t.p.p.PartyInfoBroadcaster - Started PartyInfo polling round
2022-01-02 15:21:24.839 [pool-2-thread-1] INFO  c.q.t.p.p.PartyInfoBroadcaster - Finished PartyInfo polling round
2022-01-02 15:21:29.839 [pool-2-thread-1] INFO  c.q.t.p.p.PartyInfoBroadcaster - Started PartyInfo polling round
2022-01-02 15:21:29.840 [pool-2-thread-1] INFO  c.q.t.p.p.PartyInfoBroadcaster - Finished PartyInfo polling round
2022-01-02 15:21:34.841 [pool-2-thread-1] INFO  c.q.t.p.p.PartyInfoBroadcaster - Started PartyInfo polling round
2022-01-02 15:21:34.842 [pool-2-thread-1] INFO  c.q.t.p.p.PartyInfoBroadcaster - Finished PartyInfo polling round
2022-01-02 15:21:39.843 [pool-2-thread-1] INFO  c.q.t.p.p.PartyInfoBroadcaster - Started PartyInfo polling round
2022-01-02 15:21:39.844 [pool-2-thread-1] INFO  c.q.t.p.p.PartyInfoBroadcaster - Finished PartyInfo polling round
2022-01-02 15:21:44.844 [pool-2-thread-1] INFO  c.q.t.p.p.PartyInfoBroadcaster - Started PartyInfo polling round
2022-01-02 15:21:44.845 [pool-2-thread-1] INFO  c.q.t.p.p.PartyInfoBroadcaster - Finished PartyInfo polling round
2022-01-02 15:21:49.845 [pool-2-thread-1] INFO  c.q.t.p.p.PartyInfoBroadcaster - Started PartyInfo polling round
2022-01-02 15:21:49.846 [pool-2-thread-1] INFO  c.q.t.p.p.PartyInfoBroadcaster - Finished PartyInfo polling round
2022-01-02 15:21:54.846 [pool-2-thread-1] INFO  c.q.t.p.p.PartyInfoBroadcaster - Started PartyInfo polling round
2022-01-02 15:21:54.848 [pool-2-thread-1] INFO  c.q.t.p.p.PartyInfoBroadcaster - Finished PartyInfo polling round
2022-01-02 15:21:59.848 [pool-2-thread-1] INFO  c.q.t.p.p.PartyInfoBroadcaster - Started PartyInfo polling round
2022-01-02 15:21:59.849 [pool-2-thread-1] INFO  c.q.t.p.p.PartyInfoBroadcaster - Finished PartyInfo polling round
2022-01-02 15:22:04.849 [pool-2-thread-1] INFO  c.q.t.p.p.PartyInfoBroadcaster - Started PartyInfo polling round
2022-01-02 15:22:04.850 [pool-2-thread-1] INFO  c.q.t.p.p.PartyInfoBroadcaster - Finished PartyInfo polling round
2022-01-02 15:22:09.850 [pool-2-thread-1] INFO  c.q.t.p.p.PartyInfoBroadcaster - Started PartyInfo polling round
2022-01-02 15:22:09.851 [pool-2-thread-1] INFO  c.q.t.p.p.PartyInfoBroadcaster - Finished PartyInfo polling round
2022-01-02 15:22:14.851 [pool-2-thread-1] INFO  c.q.t.p.p.PartyInfoBroadcaster - Started PartyInfo polling round
2022-01-02 15:22:14.852 [pool-2-thread-1] INFO  c.q.t.p.p.PartyInfoBroadcaster - Finished PartyInfo polling round
2022-01-02 15:22:19.853 [pool-2-thread-1] INFO  c.q.t.p.p.PartyInfoBroadcaster - Started PartyInfo polling round
2022-01-02 15:22:19.854 [pool-2-thread-1] INFO  c.q.t.p.p.PartyInfoBroadcaster - Finished PartyInfo polling round
2022-01-02 15:22:24.854 [pool-2-thread-1] INFO  c.q.t.p.p.PartyInfoBroadcaster - Started PartyInfo polling round
2022-01-02 15:22:24.855 [pool-2-thread-1] INFO  c.q.t.p.p.PartyInfoBroadcaster - Finished PartyInfo polling round
2022-01-02 15:22:29.856 [pool-2-thread-1] INFO  c.q.t.p.p.PartyInfoBroadcaster - Started PartyInfo polling round
2022-01-02 15:22:29.857 [pool-2-thread-1] INFO  c.q.t.p.p.PartyInfoBroadcaster - Finished PartyInfo polling round
2022-01-02 15:22:34.857 [pool-2-thread-1] INFO  c.q.t.p.p.PartyInfoBroadcaster - Started PartyInfo polling round
2022-01-02 15:22:34.859 [pool-2-thread-1] INFO  c.q.t.p.p.PartyInfoBroadcaster - Finished PartyInfo polling round
2022-01-02 15:22:39.859 [pool-2-thread-1] INFO  c.q.t.p.p.PartyInfoBroadcaster - Started PartyInfo polling round
2022-01-02 15:22:39.860 [pool-2-thread-1] INFO  c.q.t.p.p.PartyInfoBroadcaster - Finished PartyInfo polling round
2022-01-02 15:22:44.860 [pool-2-thread-1] INFO  c.q.t.p.p.PartyInfoBroadcaster - Started PartyInfo polling round
2022-01-02 15:22:44.861 [pool-2-thread-1] INFO  c.q.t.p.p.PartyInfoBroadcaster - Finished PartyInfo polling round
2022-01-02 15:22:49.861 [pool-2-thread-1] INFO  c.q.t.p.p.PartyInfoBroadcaster - Started PartyInfo polling round
2022-01-02 15:22:49.862 [pool-2-thread-1] INFO  c.q.t.p.p.PartyInfoBroadcaster - Finished PartyInfo polling round
2022-01-02 15:22:54.863 [pool-2-thread-1] INFO  c.q.t.p.p.PartyInfoBroadcaster - Started PartyInfo polling round
2022-01-02 15:22:54.864 [pool-2-thread-1] INFO  c.q.t.p.p.PartyInfoBroadcaster - Finished PartyInfo polling round
2022-01-02 15:22:59.864 [pool-2-thread-1] INFO  c.q.t.p.p.PartyInfoBroadcaster - Started PartyInfo polling round
2022-01-02 15:22:59.864 [pool-2-thread-1] INFO  c.q.t.p.p.PartyInfoBroadcaster - Finished PartyInfo polling round
2022-01-02 15:23:04.865 [pool-2-thread-1] INFO  c.q.t.p.p.PartyInfoBroadcaster - Started PartyInfo polling round
2022-01-02 15:23:04.867 [pool-2-thread-1] INFO  c.q.t.p.p.PartyInfoBroadcaster - Finished PartyInfo polling round
2022-01-02 15:23:09.868 [pool-2-thread-1] INFO  c.q.t.p.p.PartyInfoBroadcaster - Started PartyInfo polling round
2022-01-02 15:23:09.869 [pool-2-thread-1] INFO  c.q.t.p.p.PartyInfoBroadcaster - Finished PartyInfo polling round
2022-01-02 15:23:14.869 [pool-2-thread-1] INFO  c.q.t.p.p.PartyInfoBroadcaster - Started PartyInfo polling round
2022-01-02 15:23:14.870 [pool-2-thread-1] INFO  c.q.t.p.p.PartyInfoBroadcaster - Finished PartyInfo polling round
2022-01-02 15:23:19.870 [pool-2-thread-1] INFO  c.q.t.p.p.PartyInfoBroadcaster - Started PartyInfo polling round
2022-01-02 15:23:19.871 [pool-2-thread-1] INFO  c.q.t.p.p.PartyInfoBroadcaster - Finished PartyInfo polling round
2022-01-02 15:23:24.872 [pool-2-thread-1] INFO  c.q.t.p.p.PartyInfoBroadcaster - Started PartyInfo polling round
2022-01-02 15:23:24.872 [pool-2-thread-1] INFO  c.q.t.p.p.PartyInfoBroadcaster - Finished PartyInfo polling round
2022-01-02 15:23:29.873 [pool-2-thread-1] INFO  c.q.t.p.p.PartyInfoBroadcaster - Started PartyInfo polling round
2022-01-02 15:23:29.873 [pool-2-thread-1] INFO  c.q.t.p.p.PartyInfoBroadcaster - Finished PartyInfo polling round
2022-01-02 15:23:34.875 [pool-2-thread-1] INFO  c.q.t.p.p.PartyInfoBroadcaster - Started PartyInfo polling round
2022-01-02 15:23:34.876 [pool-2-thread-1] INFO  c.q.t.p.p.PartyInfoBroadcaster - Finished PartyInfo polling round
2022-01-02 15:23:39.877 [pool-2-thread-1] INFO  c.q.t.p.p.PartyInfoBroadcaster - Started PartyInfo polling round
2022-01-02 15:23:39.878 [pool-2-thread-1] INFO  c.q.t.p.p.PartyInfoBroadcaster - Finished PartyInfo polling round
2022-01-02 15:23:44.878 [pool-2-thread-1] INFO  c.q.t.p.p.PartyInfoBroadcaster - Started PartyInfo polling round
2022-01-02 15:23:44.879 [pool-2-thread-1] INFO  c.q.t.p.p.PartyInfoBroadcaster - Finished PartyInfo polling round
2022-01-02 15:23:49.882 [pool-2-thread-1] INFO  c.q.t.p.p.PartyInfoBroadcaster - Started PartyInfo polling round
2022-01-02 15:23:49.890 [pool-2-thread-1] INFO  c.q.t.p.p.PartyInfoBroadcaster - Finished PartyInfo polling round
2022-01-02 15:23:54.895 [pool-2-thread-1] INFO  c.q.t.p.p.PartyInfoBroadcaster - Started PartyInfo polling round
2022-01-02 15:23:54.897 [pool-2-thread-1] INFO  c.q.t.p.p.PartyInfoBroadcaster - Finished PartyInfo polling round
2022-01-02 15:23:59.899 [pool-2-thread-1] INFO  c.q.t.p.p.PartyInfoBroadcaster - Started PartyInfo polling round
2022-01-02 15:23:59.900 [pool-2-thread-1] INFO  c.q.t.p.p.PartyInfoBroadcaster - Finished PartyInfo polling round
2022-01-02 15:24:04.900 [pool-2-thread-1] INFO  c.q.t.p.p.PartyInfoBroadcaster - Started PartyInfo polling round
2022-01-02 15:24:04.902 [pool-2-thread-1] INFO  c.q.t.p.p.PartyInfoBroadcaster - Finished PartyInfo polling round
2022-01-02 15:24:09.902 [pool-2-thread-1] INFO  c.q.t.p.p.PartyInfoBroadcaster - Started PartyInfo polling round
2022-01-02 15:24:09.903 [pool-2-thread-1] INFO  c.q.t.p.p.PartyInfoBroadcaster - Finished PartyInfo polling round
2022-01-02 15:24:14.903 [pool-2-thread-1] INFO  c.q.t.p.p.PartyInfoBroadcaster - Started PartyInfo polling round
2022-01-02 15:24:14.904 [pool-2-thread-1] INFO  c.q.t.p.p.PartyInfoBroadcaster - Finished PartyInfo polling round
2022-01-02 15:24:19.905 [pool-2-thread-1] INFO  c.q.t.p.p.PartyInfoBroadcaster - Started PartyInfo polling round
2022-01-02 15:24:19.906 [pool-2-thread-1] INFO  c.q.t.p.p.PartyInfoBroadcaster - Finished PartyInfo polling round
2022-01-02 15:24:24.906 [pool-2-thread-1] INFO  c.q.t.p.p.PartyInfoBroadcaster - Started PartyInfo polling round
2022-01-02 15:24:24.907 [pool-2-thread-1] INFO  c.q.t.p.p.PartyInfoBroadcaster - Finished PartyInfo polling round
2022-01-02 15:24:29.908 [pool-2-thread-1] INFO  c.q.t.p.p.PartyInfoBroadcaster - Started PartyInfo polling round
2022-01-02 15:24:29.908 [pool-2-thread-1] INFO  c.q.t.p.p.PartyInfoBroadcaster - Finished PartyInfo polling round
2022-01-02 15:24:34.909 [pool-2-thread-1] INFO  c.q.t.p.p.PartyInfoBroadcaster - Started PartyInfo polling round
2022-01-02 15:24:34.910 [pool-2-thread-1] INFO  c.q.t.p.p.PartyInfoBroadcaster - Finished PartyInfo polling round
2022-01-02 15:24:39.912 [pool-2-thread-1] INFO  c.q.t.p.p.PartyInfoBroadcaster - Started PartyInfo polling round
2022-01-02 15:24:39.912 [pool-2-thread-1] INFO  c.q.t.p.p.PartyInfoBroadcaster - Finished PartyInfo polling round
2022-01-02 15:24:44.917 [pool-2-thread-1] INFO  c.q.t.p.p.PartyInfoBroadcaster - Started PartyInfo polling round
2022-01-02 15:24:44.928 [pool-2-thread-1] INFO  c.q.t.p.p.PartyInfoBroadcaster - Finished PartyInfo polling round
2022-01-02 15:24:49.928 [pool-2-thread-1] INFO  c.q.t.p.p.PartyInfoBroadcaster - Started PartyInfo polling round
2022-01-02 15:24:49.929 [pool-2-thread-1] INFO  c.q.t.p.p.PartyInfoBroadcaster - Finished PartyInfo polling round
2022-01-02 15:24:54.929 [pool-2-thread-1] INFO  c.q.t.p.p.PartyInfoBroadcaster - Started PartyInfo polling round
2022-01-02 15:24:54.931 [pool-2-thread-1] INFO  c.q.t.p.p.PartyInfoBroadcaster - Finished PartyInfo polling round
2022-01-02 15:24:59.933 [pool-2-thread-1] INFO  c.q.t.p.p.PartyInfoBroadcaster - Started PartyInfo polling round
2022-01-02 15:24:59.934 [pool-2-thread-1] INFO  c.q.t.p.p.PartyInfoBroadcaster - Finished PartyInfo polling round
2022-01-02 15:25:04.935 [pool-2-thread-1] INFO  c.q.t.p.p.PartyInfoBroadcaster - Started PartyInfo polling round
2022-01-02 15:25:04.936 [pool-2-thread-1] INFO  c.q.t.p.p.PartyInfoBroadcaster - Finished PartyInfo polling round
2022-01-02 15:25:09.937 [pool-2-thread-1] INFO  c.q.t.p.p.PartyInfoBroadcaster - Started PartyInfo polling round
2022-01-02 15:25:09.938 [pool-2-thread-1] INFO  c.q.t.p.p.PartyInfoBroadcaster - Finished PartyInfo polling round
2022-01-02 15:25:14.939 [pool-2-thread-1] INFO  c.q.t.p.p.PartyInfoBroadcaster - Started PartyInfo polling round
2022-01-02 15:25:14.940 [pool-2-thread-1] INFO  c.q.t.p.p.PartyInfoBroadcaster - Finished PartyInfo polling round
2022-01-02 15:25:19.941 [pool-2-thread-1] INFO  c.q.t.p.p.PartyInfoBroadcaster - Started PartyInfo polling round
2022-01-02 15:25:19.941 [pool-2-thread-1] INFO  c.q.t.p.p.PartyInfoBroadcaster - Finished PartyInfo polling round
2022-01-02 15:25:24.942 [pool-2-thread-1] INFO  c.q.t.p.p.PartyInfoBroadcaster - Started PartyInfo polling round
2022-01-02 15:25:24.943 [pool-2-thread-1] INFO  c.q.t.p.p.PartyInfoBroadcaster - Finished PartyInfo polling round
2022-01-02 15:25:29.944 [pool-2-thread-1] INFO  c.q.t.p.p.PartyInfoBroadcaster - Started PartyInfo polling round
2022-01-02 15:25:29.946 [pool-2-thread-1] INFO  c.q.t.p.p.PartyInfoBroadcaster - Finished PartyInfo polling round
2022-01-02 15:25:34.947 [pool-2-thread-1] INFO  c.q.t.p.p.PartyInfoBroadcaster - Started PartyInfo polling round
2022-01-02 15:25:34.947 [pool-2-thread-1] INFO  c.q.t.p.p.PartyInfoBroadcaster - Finished PartyInfo polling round
2022-01-02 15:25:39.950 [pool-2-thread-1] INFO  c.q.t.p.p.PartyInfoBroadcaster - Started PartyInfo polling round
2022-01-02 15:25:39.951 [pool-2-thread-1] INFO  c.q.t.p.p.PartyInfoBroadcaster - Finished PartyInfo polling round
2022-01-02 15:25:44.951 [pool-2-thread-1] INFO  c.q.t.p.p.PartyInfoBroadcaster - Started PartyInfo polling round
2022-01-02 15:25:44.952 [pool-2-thread-1] INFO  c.q.t.p.p.PartyInfoBroadcaster - Finished PartyInfo polling round
2022-01-02 15:25:49.952 [pool-2-thread-1] INFO  c.q.t.p.p.PartyInfoBroadcaster - Started PartyInfo polling round
2022-01-02 15:25:49.953 [pool-2-thread-1] INFO  c.q.t.p.p.PartyInfoBroadcaster - Finished PartyInfo polling round
2022-01-02 15:25:54.953 [pool-2-thread-1] INFO  c.q.t.p.p.PartyInfoBroadcaster - Started PartyInfo polling round
2022-01-02 15:25:54.954 [pool-2-thread-1] INFO  c.q.t.p.p.PartyInfoBroadcaster - Finished PartyInfo polling round
2022-01-02 15:25:59.955 [pool-2-thread-1] INFO  c.q.t.p.p.PartyInfoBroadcaster - Started PartyInfo polling round
2022-01-02 15:25:59.956 [pool-2-thread-1] INFO  c.q.t.p.p.PartyInfoBroadcaster - Finished PartyInfo polling round
2022-01-02 15:26:04.957 [pool-2-thread-1] INFO  c.q.t.p.p.PartyInfoBroadcaster - Started PartyInfo polling round
2022-01-02 15:26:04.959 [pool-2-thread-1] INFO  c.q.t.p.p.PartyInfoBroadcaster - Finished PartyInfo polling round
2022-01-02 15:26:09.959 [pool-2-thread-1] INFO  c.q.t.p.p.PartyInfoBroadcaster - Started PartyInfo polling round
2022-01-02 15:26:09.961 [pool-2-thread-1] INFO  c.q.t.p.p.PartyInfoBroadcaster - Finished PartyInfo polling round
2022-01-02 15:26:14.962 [pool-2-thread-1] INFO  c.q.t.p.p.PartyInfoBroadcaster - Started PartyInfo polling round
2022-01-02 15:26:14.964 [pool-2-thread-1] INFO  c.q.t.p.p.PartyInfoBroadcaster - Finished PartyInfo polling round
2022-01-02 15:26:19.965 [pool-2-thread-1] INFO  c.q.t.p.p.PartyInfoBroadcaster - Started PartyInfo polling round
2022-01-02 15:26:19.966 [pool-2-thread-1] INFO  c.q.t.p.p.PartyInfoBroadcaster - Finished PartyInfo polling round
2022-01-02 15:26:24.966 [pool-2-thread-1] INFO  c.q.t.p.p.PartyInfoBroadcaster - Started PartyInfo polling round
2022-01-02 15:26:24.967 [pool-2-thread-1] INFO  c.q.t.p.p.PartyInfoBroadcaster - Finished PartyInfo polling round
2022-01-02 15:26:29.967 [pool-2-thread-1] INFO  c.q.t.p.p.PartyInfoBroadcaster - Started PartyInfo polling round
2022-01-02 15:26:29.968 [pool-2-thread-1] INFO  c.q.t.p.p.PartyInfoBroadcaster - Finished PartyInfo polling round
2022-01-02 15:26:34.968 [pool-2-thread-1] INFO  c.q.t.p.p.PartyInfoBroadcaster - Started PartyInfo polling round
2022-01-02 15:26:34.970 [pool-2-thread-1] INFO  c.q.t.p.p.PartyInfoBroadcaster - Finished PartyInfo polling round
2022-01-02 15:26:39.970 [pool-2-thread-1] INFO  c.q.t.p.p.PartyInfoBroadcaster - Started PartyInfo polling round
2022-01-02 15:26:39.971 [pool-2-thread-1] INFO  c.q.t.p.p.PartyInfoBroadcaster - Finished PartyInfo polling round
2022-01-02 15:26:44.972 [pool-2-thread-1] INFO  c.q.t.p.p.PartyInfoBroadcaster - Started PartyInfo polling round
2022-01-02 15:26:44.973 [pool-2-thread-1] INFO  c.q.t.p.p.PartyInfoBroadcaster - Finished PartyInfo polling round
2022-01-02 15:26:49.974 [pool-2-thread-1] INFO  c.q.t.p.p.PartyInfoBroadcaster - Started PartyInfo polling round
2022-01-02 15:26:49.975 [pool-2-thread-1] INFO  c.q.t.p.p.PartyInfoBroadcaster - Finished PartyInfo polling round
2022-01-02 15:26:54.975 [pool-2-thread-1] INFO  c.q.t.p.p.PartyInfoBroadcaster - Started PartyInfo polling round
2022-01-02 15:26:54.976 [pool-2-thread-1] INFO  c.q.t.p.p.PartyInfoBroadcaster - Finished PartyInfo polling round
2022-01-02 15:26:59.976 [pool-2-thread-1] INFO  c.q.t.p.p.PartyInfoBroadcaster - Started PartyInfo polling round
2022-01-02 15:26:59.977 [pool-2-thread-1] INFO  c.q.t.p.p.PartyInfoBroadcaster - Finished PartyInfo polling round
2022-01-02 15:27:04.978 [pool-2-thread-1] INFO  c.q.t.p.p.PartyInfoBroadcaster - Started PartyInfo polling round
2022-01-02 15:27:04.979 [pool-2-thread-1] INFO  c.q.t.p.p.PartyInfoBroadcaster - Finished PartyInfo polling round
2022-01-02 15:27:09.980 [pool-2-thread-1] INFO  c.q.t.p.p.PartyInfoBroadcaster - Started PartyInfo polling round
2022-01-02 15:27:09.980 [pool-2-thread-1] INFO  c.q.t.p.p.PartyInfoBroadcaster - Finished PartyInfo polling round
2022-01-02 15:27:14.981 [pool-2-thread-1] INFO  c.q.t.p.p.PartyInfoBroadcaster - Started PartyInfo polling round
2022-01-02 15:27:14.982 [pool-2-thread-1] INFO  c.q.t.p.p.PartyInfoBroadcaster - Finished PartyInfo polling round
2022-01-02 15:27:19.984 [pool-2-thread-1] INFO  c.q.t.p.p.PartyInfoBroadcaster - Started PartyInfo polling round
2022-01-02 15:27:19.991 [pool-2-thread-1] INFO  c.q.t.p.p.PartyInfoBroadcaster - Finished PartyInfo polling round
2022-01-02 15:27:24.991 [pool-2-thread-1] INFO  c.q.t.p.p.PartyInfoBroadcaster - Started PartyInfo polling round
2022-01-02 15:27:24.993 [pool-2-thread-1] INFO  c.q.t.p.p.PartyInfoBroadcaster - Finished PartyInfo polling round
2022-01-02 15:27:29.993 [pool-2-thread-1] INFO  c.q.t.p.p.PartyInfoBroadcaster - Started PartyInfo polling round
2022-01-02 15:27:29.994 [pool-2-thread-1] INFO  c.q.t.p.p.PartyInfoBroadcaster - Finished PartyInfo polling round
2022-01-02 15:27:34.994 [pool-2-thread-1] INFO  c.q.t.p.p.PartyInfoBroadcaster - Started PartyInfo polling round
2022-01-02 15:27:34.996 [pool-2-thread-1] INFO  c.q.t.p.p.PartyInfoBroadcaster - Finished PartyInfo polling round
2022-01-02 15:27:39.996 [pool-2-thread-1] INFO  c.q.t.p.p.PartyInfoBroadcaster - Started PartyInfo polling round
2022-01-02 15:27:39.997 [pool-2-thread-1] INFO  c.q.t.p.p.PartyInfoBroadcaster - Finished PartyInfo polling round
2022-01-02 15:27:44.997 [pool-2-thread-1] INFO  c.q.t.p.p.PartyInfoBroadcaster - Started PartyInfo polling round
2022-01-02 15:27:44.998 [pool-2-thread-1] INFO  c.q.t.p.p.PartyInfoBroadcaster - Finished PartyInfo polling round
2022-01-02 15:27:50.001 [pool-2-thread-1] INFO  c.q.t.p.p.PartyInfoBroadcaster - Started PartyInfo polling round
2022-01-02 15:27:50.003 [pool-2-thread-1] INFO  c.q.t.p.p.PartyInfoBroadcaster - Finished PartyInfo polling round
2022-01-02 15:27:55.004 [pool-2-thread-1] INFO  c.q.t.p.p.PartyInfoBroadcaster - Started PartyInfo polling round
2022-01-02 15:27:55.005 [pool-2-thread-1] INFO  c.q.t.p.p.PartyInfoBroadcaster - Finished PartyInfo polling round
2022-01-02 15:28:00.006 [pool-2-thread-1] INFO  c.q.t.p.p.PartyInfoBroadcaster - Started PartyInfo polling round
2022-01-02 15:28:00.007 [pool-2-thread-1] INFO  c.q.t.p.p.PartyInfoBroadcaster - Finished PartyInfo polling round
2022-01-02 15:28:05.007 [pool-2-thread-1] INFO  c.q.t.p.p.PartyInfoBroadcaster - Started PartyInfo polling round
2022-01-02 15:28:05.008 [pool-2-thread-1] INFO  c.q.t.p.p.PartyInfoBroadcaster - Finished PartyInfo polling round
2022-01-02 15:28:10.009 [pool-2-thread-1] INFO  c.q.t.p.p.PartyInfoBroadcaster - Started PartyInfo polling round
2022-01-02 15:28:10.010 [pool-2-thread-1] INFO  c.q.t.p.p.PartyInfoBroadcaster - Finished PartyInfo polling round
2022-01-02 15:28:15.010 [pool-2-thread-1] INFO  c.q.t.p.p.PartyInfoBroadcaster - Started PartyInfo polling round
2022-01-02 15:28:15.011 [pool-2-thread-1] INFO  c.q.t.p.p.PartyInfoBroadcaster - Finished PartyInfo polling round
2022-01-02 15:28:20.012 [pool-2-thread-1] INFO  c.q.t.p.p.PartyInfoBroadcaster - Started PartyInfo polling round
2022-01-02 15:28:20.013 [pool-2-thread-1] INFO  c.q.t.p.p.PartyInfoBroadcaster - Finished PartyInfo polling round
