2022-01-02 15:16:47.565 [main] INFO  c.q.tessera.enclave.EnclaveFactory - Creating enclave
2022-01-02 15:16:47.568 [main] INFO  c.q.tessera.enclave.EnclaveFactory - Creating enclave server
2022-01-02 15:16:49.603 [main] INFO  c.q.t.t.TesseraScheduledExecutor - Starting PartyInfoBroadcaster
2022-01-02 15:16:49.604 [main] INFO  c.q.t.t.TesseraScheduledExecutor - Started PartyInfoBroadcaster
2022-01-02 15:16:49.607 [main] INFO  c.q.t.t.TesseraScheduledExecutor - Starting EnclaveKeySynchroniserFactory
2022-01-02 15:16:49.607 [main] INFO  c.q.t.t.TesseraScheduledExecutor - Started EnclaveKeySynchroniserFactory
2022-01-02 15:16:49.688 [main] INFO  c.q.t.config.apps.TesseraAppFactory - Loaded app com.quorum.tessera.p2p.P2PRestApp@1f15e689
2022-01-02 15:16:49.689 [main] INFO  c.q.t.config.apps.TesseraAppFactory - Loaded app com.quorum.tessera.q2t.Q2TRestApp@14c99bf6
2022-01-02 15:16:49.756 [main] WARN  c.q.t.c.util.EncryptedStringResolver - Some sensitive values are being given as unencrypted plain text in config. Please note this is NOT recommended for production environment.
2022-01-02 15:16:49.787 [main] INFO  com.zaxxer.hikari.HikariDataSource - HikariPool-1 - Starting...
2022-01-02 15:16:50.085 [main] INFO  com.zaxxer.hikari.HikariDataSource - HikariPool-1 - Start completed.
2022-01-02 15:16:50.269 [main] ERROR eclipselink.logging.metadata - java.lang.IllegalArgumentException: Unsupported class file major version 61
2022-01-02 15:16:50.274 [main] ERROR eclipselink.logging.metadata - java.lang.ArrayIndexOutOfBoundsException: Index 8 out of bounds for length 0
2022-01-02 15:16:50.325 [main] ERROR eclipselink.logging.metadata - java.lang.IllegalArgumentException: Unsupported class file major version 61
2022-01-02 15:16:50.325 [main] ERROR eclipselink.logging.metadata - java.lang.ArrayIndexOutOfBoundsException: Index 8 out of bounds for length 0
2022-01-02 15:16:50.526 [main] INFO  eclipselink.logging.all - EclipseLink, version: Eclipse Persistence Services - 2.7.7.v20200504-69f2c2b80d
2022-01-02 15:16:50.719 [main] WARN  eclipselink.logging.ddl - Removing UNIQUE constraint definition from [ENCRYPTED_TRANSACTION.HASH] because it is also a primary key.
2022-01-02 15:16:50.746 [main] WARN  eclipselink.logging.ddl - Removing UNIQUE constraint definition from [ENCRYPTED_RAW_TRANSACTION.HASH] because it is also a primary key.
2022-01-02 15:16:50.776 [main] ERROR eclipselink.logging.metadata - java.lang.IllegalArgumentException: Unsupported class file major version 61
2022-01-02 15:16:50.776 [main] ERROR eclipselink.logging.metadata - java.lang.ArrayIndexOutOfBoundsException: Index 8 out of bounds for length 0
2022-01-02 15:16:50.789 [main] ERROR eclipselink.logging.metadata - java.lang.IllegalArgumentException: Unsupported class file major version 61
2022-01-02 15:16:50.789 [main] ERROR eclipselink.logging.metadata - java.lang.ArrayIndexOutOfBoundsException: Index 8 out of bounds for length 0
2022-01-02 15:16:50.790 [main] ERROR eclipselink.logging.metadata - java.lang.IllegalArgumentException: Unsupported class file major version 61
2022-01-02 15:16:50.790 [main] ERROR eclipselink.logging.metadata - java.lang.ArrayIndexOutOfBoundsException: Index 8 out of bounds for length 0
2022-01-02 15:16:50.791 [main] ERROR eclipselink.logging.metadata - java.lang.IllegalArgumentException: Unsupported class file major version 61
2022-01-02 15:16:50.791 [main] ERROR eclipselink.logging.metadata - java.lang.ArrayIndexOutOfBoundsException: Index 8 out of bounds for length 0
2022-01-02 15:16:50.811 [main] ERROR eclipselink.logging.metadata - java.lang.IllegalArgumentException: Unsupported class file major version 61
2022-01-02 15:16:50.811 [main] ERROR eclipselink.logging.metadata - java.lang.ArrayIndexOutOfBoundsException: Index 8 out of bounds for length 0
2022-01-02 15:16:50.812 [main] ERROR eclipselink.logging.metadata - java.lang.IllegalArgumentException: Unsupported class file major version 61
2022-01-02 15:16:50.812 [main] ERROR eclipselink.logging.metadata - java.lang.ArrayIndexOutOfBoundsException: Index 8 out of bounds for length 0
2022-01-02 15:16:50.826 [main] ERROR eclipselink.logging.metadata - java.lang.IllegalArgumentException: Unsupported class file major version 61
2022-01-02 15:16:50.827 [main] ERROR eclipselink.logging.metadata - java.lang.ArrayIndexOutOfBoundsException: Index 8 out of bounds for length 0
2022-01-02 15:16:50.837 [main] ERROR eclipselink.logging.metadata - java.lang.IllegalArgumentException: Unsupported class file major version 61
2022-01-02 15:16:50.837 [main] ERROR eclipselink.logging.metadata - java.lang.ArrayIndexOutOfBoundsException: Index 8 out of bounds for length 0
2022-01-02 15:16:50.838 [main] ERROR eclipselink.logging.metadata - java.lang.IllegalArgumentException: Unsupported class file major version 61
2022-01-02 15:16:50.839 [main] ERROR eclipselink.logging.metadata - java.lang.ArrayIndexOutOfBoundsException: Index 8 out of bounds for length 0
2022-01-02 15:16:50.839 [main] ERROR eclipselink.logging.metadata - java.lang.IllegalArgumentException: Unsupported class file major version 61
2022-01-02 15:16:50.840 [main] ERROR eclipselink.logging.metadata - java.lang.ArrayIndexOutOfBoundsException: Index 8 out of bounds for length 0
2022-01-02 15:16:50.840 [main] ERROR eclipselink.logging.metadata - java.lang.IllegalArgumentException: Unsupported class file major version 61
2022-01-02 15:16:50.840 [main] ERROR eclipselink.logging.metadata - java.lang.ArrayIndexOutOfBoundsException: Index 8 out of bounds for length 0
2022-01-02 15:16:50.886 [main] INFO  eclipselink.logging.all - EclipseLink, version: Eclipse Persistence Services - 2.7.7.v20200504-69f2c2b80d
2022-01-02 15:16:50.909 [main] WARN  eclipselink.logging.all - Exception [EclipseLink-4002] (Eclipse Persistence Services - 2.7.7.v20200504-69f2c2b80d): org.eclipse.persistence.exceptions.DatabaseExceptionInternal Exception: org.h2.jdbc.JdbcSQLSyntaxErrorException: Table "ST_AFFECTED_TRANSACTION" not found; SQL statement:ALTER TABLE ST_AFFECTED_TRANSACTION DROP CONSTRAINT FK_ST_AFFECTED_TRANSACTION_TXN_ID [42102-200]Error Code: 42102Call: ALTER TABLE ST_AFFECTED_TRANSACTION DROP CONSTRAINT FK_ST_AFFECTED_TRANSACTION_TXN_IDQuery: DataModifyQuery(sql="ALTER TABLE ST_AFFECTED_TRANSACTION DROP CONSTRAINT FK_ST_AFFECTED_TRANSACTION_TXN_ID")
2022-01-02 15:16:50.920 [main] WARN  eclipselink.logging.all - Exception [EclipseLink-4002] (Eclipse Persistence Services - 2.7.7.v20200504-69f2c2b80d): org.eclipse.persistence.exceptions.DatabaseExceptionInternal Exception: org.h2.jdbc.JdbcSQLSyntaxErrorException: Index "ST_TRANSACTION_VALSTG" not found; SQL statement:DROP INDEX ST_TRANSACTION_VALSTG [42112-200]Error Code: 42112Call: DROP INDEX ST_TRANSACTION_VALSTGQuery: DataModifyQuery(sql="DROP INDEX ST_TRANSACTION_VALSTG")
2022-01-02 15:16:50.925 [main] WARN  eclipselink.logging.all - Exception [EclipseLink-4002] (Eclipse Persistence Services - 2.7.7.v20200504-69f2c2b80d): org.eclipse.persistence.exceptions.DatabaseExceptionInternal Exception: org.h2.jdbc.JdbcSQLSyntaxErrorException: Index "ST_TRANSACTION_HASH" not found; SQL statement:DROP INDEX ST_TRANSACTION_HASH [42112-200]Error Code: 42112Call: DROP INDEX ST_TRANSACTION_HASHQuery: DataModifyQuery(sql="DROP INDEX ST_TRANSACTION_HASH")
2022-01-02 15:16:50.926 [main] WARN  eclipselink.logging.all - Exception [EclipseLink-4002] (Eclipse Persistence Services - 2.7.7.v20200504-69f2c2b80d): org.eclipse.persistence.exceptions.DatabaseExceptionInternal Exception: org.h2.jdbc.JdbcSQLSyntaxErrorException: Table "ST_TRANSACTION" not found; SQL statement:DROP TABLE ST_TRANSACTION [42102-200]Error Code: 42102Call: DROP TABLE ST_TRANSACTIONQuery: DataModifyQuery(sql="DROP TABLE ST_TRANSACTION")
2022-01-02 15:16:50.933 [main] WARN  eclipselink.logging.all - Exception [EclipseLink-4002] (Eclipse Persistence Services - 2.7.7.v20200504-69f2c2b80d): org.eclipse.persistence.exceptions.DatabaseExceptionInternal Exception: org.h2.jdbc.JdbcSQLSyntaxErrorException: Table "ST_AFFECTED_TRANSACTION" not found; SQL statement:DROP TABLE ST_AFFECTED_TRANSACTION [42102-200]Error Code: 42102Call: DROP TABLE ST_AFFECTED_TRANSACTIONQuery: DataModifyQuery(sql="DROP TABLE ST_AFFECTED_TRANSACTION")
2022-01-02 15:16:50.937 [main] WARN  eclipselink.logging.all - Exception [EclipseLink-4002] (Eclipse Persistence Services - 2.7.7.v20200504-69f2c2b80d): org.eclipse.persistence.exceptions.DatabaseExceptionInternal Exception: org.h2.jdbc.JdbcSQLSyntaxErrorException: Index "ST_TRANSACTION_VALSTG" not found; SQL statement:DROP INDEX ST_TRANSACTION_VALSTG [42112-200]Error Code: 42112Call: DROP INDEX ST_TRANSACTION_VALSTGQuery: DataModifyQuery(sql="DROP INDEX ST_TRANSACTION_VALSTG")
2022-01-02 15:16:50.940 [main] WARN  eclipselink.logging.all - Exception [EclipseLink-4002] (Eclipse Persistence Services - 2.7.7.v20200504-69f2c2b80d): org.eclipse.persistence.exceptions.DatabaseExceptionInternal Exception: org.h2.jdbc.JdbcSQLSyntaxErrorException: Index "ST_TRANSACTION_HASH" not found; SQL statement:DROP INDEX ST_TRANSACTION_HASH [42112-200]Error Code: 42112Call: DROP INDEX ST_TRANSACTION_HASHQuery: DataModifyQuery(sql="DROP INDEX ST_TRANSACTION_HASH")
2022-01-02 15:16:50.941 [main] WARN  eclipselink.logging.all - Exception [EclipseLink-4002] (Eclipse Persistence Services - 2.7.7.v20200504-69f2c2b80d): org.eclipse.persistence.exceptions.DatabaseExceptionInternal Exception: org.h2.jdbc.JdbcSQLSyntaxErrorException: Table "ST_TRANSACTION" not found; SQL statement:DROP TABLE ST_TRANSACTION [42102-200]Error Code: 42102Call: DROP TABLE ST_TRANSACTIONQuery: DataModifyQuery(sql="DROP TABLE ST_TRANSACTION")
2022-01-02 15:16:50.943 [main] WARN  eclipselink.logging.all - Exception [EclipseLink-4002] (Eclipse Persistence Services - 2.7.7.v20200504-69f2c2b80d): org.eclipse.persistence.exceptions.DatabaseExceptionInternal Exception: org.h2.jdbc.JdbcSQLSyntaxErrorException: Table "ST_AFFECTED_TRANSACTION" not found; SQL statement:DROP TABLE ST_AFFECTED_TRANSACTION [42102-200]Error Code: 42102Call: DROP TABLE ST_AFFECTED_TRANSACTIONQuery: DataModifyQuery(sql="DROP TABLE ST_AFFECTED_TRANSACTION")
2022-01-02 15:16:50.949 [main] WARN  eclipselink.logging.all - Exception [EclipseLink-4002] (Eclipse Persistence Services - 2.7.7.v20200504-69f2c2b80d): org.eclipse.persistence.exceptions.DatabaseExceptionInternal Exception: org.h2.jdbc.JdbcSQLSyntaxErrorException: Index "ST_TRANSACTION_VALSTG" not found; SQL statement:DROP INDEX ST_TRANSACTION_VALSTG [42112-200]Error Code: 42112Call: DROP INDEX ST_TRANSACTION_VALSTGQuery: DataModifyQuery(sql="DROP INDEX ST_TRANSACTION_VALSTG")
2022-01-02 15:16:50.952 [main] WARN  eclipselink.logging.all - Exception [EclipseLink-4002] (Eclipse Persistence Services - 2.7.7.v20200504-69f2c2b80d): org.eclipse.persistence.exceptions.DatabaseExceptionInternal Exception: org.h2.jdbc.JdbcSQLSyntaxErrorException: Index "ST_TRANSACTION_HASH" not found; SQL statement:DROP INDEX ST_TRANSACTION_HASH [42112-200]Error Code: 42112Call: DROP INDEX ST_TRANSACTION_HASHQuery: DataModifyQuery(sql="DROP INDEX ST_TRANSACTION_HASH")
2022-01-02 15:16:50.953 [main] WARN  eclipselink.logging.all - Exception [EclipseLink-4002] (Eclipse Persistence Services - 2.7.7.v20200504-69f2c2b80d): org.eclipse.persistence.exceptions.DatabaseExceptionInternal Exception: org.h2.jdbc.JdbcSQLSyntaxErrorException: Table "ST_TRANSACTION" not found; SQL statement:DROP TABLE ST_TRANSACTION [42102-200]Error Code: 42102Call: DROP TABLE ST_TRANSACTIONQuery: DataModifyQuery(sql="DROP TABLE ST_TRANSACTION")
2022-01-02 15:16:50.955 [main] WARN  eclipselink.logging.all - Exception [EclipseLink-4002] (Eclipse Persistence Services - 2.7.7.v20200504-69f2c2b80d): org.eclipse.persistence.exceptions.DatabaseExceptionInternal Exception: org.h2.jdbc.JdbcSQLSyntaxErrorException: Table "ST_AFFECTED_TRANSACTION" not found; SQL statement:DROP TABLE ST_AFFECTED_TRANSACTION [42102-200]Error Code: 42102Call: DROP TABLE ST_AFFECTED_TRANSACTIONQuery: DataModifyQuery(sql="DROP TABLE ST_AFFECTED_TRANSACTION")
2022-01-02 15:16:50.957 [main] WARN  eclipselink.logging.all - Exception [EclipseLink-4002] (Eclipse Persistence Services - 2.7.7.v20200504-69f2c2b80d): org.eclipse.persistence.exceptions.DatabaseExceptionInternal Exception: org.h2.jdbc.JdbcSQLSyntaxErrorException: Index "ST_TRANSACTION_VALSTG" not found; SQL statement:DROP INDEX ST_TRANSACTION_VALSTG [42112-200]Error Code: 42112Call: DROP INDEX ST_TRANSACTION_VALSTGQuery: DataModifyQuery(sql="DROP INDEX ST_TRANSACTION_VALSTG")
2022-01-02 15:16:50.959 [main] WARN  eclipselink.logging.all - Exception [EclipseLink-4002] (Eclipse Persistence Services - 2.7.7.v20200504-69f2c2b80d): org.eclipse.persistence.exceptions.DatabaseExceptionInternal Exception: org.h2.jdbc.JdbcSQLSyntaxErrorException: Index "ST_TRANSACTION_HASH" not found; SQL statement:DROP INDEX ST_TRANSACTION_HASH [42112-200]Error Code: 42112Call: DROP INDEX ST_TRANSACTION_HASHQuery: DataModifyQuery(sql="DROP INDEX ST_TRANSACTION_HASH")
2022-01-02 15:16:50.960 [main] WARN  eclipselink.logging.all - Exception [EclipseLink-4002] (Eclipse Persistence Services - 2.7.7.v20200504-69f2c2b80d): org.eclipse.persistence.exceptions.DatabaseExceptionInternal Exception: org.h2.jdbc.JdbcSQLSyntaxErrorException: Table "ST_TRANSACTION" not found; SQL statement:DROP TABLE ST_TRANSACTION [42102-200]Error Code: 42102Call: DROP TABLE ST_TRANSACTIONQuery: DataModifyQuery(sql="DROP TABLE ST_TRANSACTION")
2022-01-02 15:16:50.966 [main] WARN  eclipselink.logging.all - Exception [EclipseLink-4002] (Eclipse Persistence Services - 2.7.7.v20200504-69f2c2b80d): org.eclipse.persistence.exceptions.DatabaseExceptionInternal Exception: org.h2.jdbc.JdbcSQLSyntaxErrorException: Table "ST_AFFECTED_TRANSACTION" not found; SQL statement:DROP TABLE ST_AFFECTED_TRANSACTION [42102-200]Error Code: 42102Call: DROP TABLE ST_AFFECTED_TRANSACTIONQuery: DataModifyQuery(sql="DROP TABLE ST_AFFECTED_TRANSACTION")
2022-01-02 15:16:50.969 [main] WARN  eclipselink.logging.all - Exception [EclipseLink-4002] (Eclipse Persistence Services - 2.7.7.v20200504-69f2c2b80d): org.eclipse.persistence.exceptions.DatabaseExceptionInternal Exception: org.h2.jdbc.JdbcSQLSyntaxErrorException: Index "ST_TRANSACTION_VALSTG" not found; SQL statement:DROP INDEX ST_TRANSACTION_VALSTG [42112-200]Error Code: 42112Call: DROP INDEX ST_TRANSACTION_VALSTGQuery: DataModifyQuery(sql="DROP INDEX ST_TRANSACTION_VALSTG")
2022-01-02 15:16:50.971 [main] WARN  eclipselink.logging.all - Exception [EclipseLink-4002] (Eclipse Persistence Services - 2.7.7.v20200504-69f2c2b80d): org.eclipse.persistence.exceptions.DatabaseExceptionInternal Exception: org.h2.jdbc.JdbcSQLSyntaxErrorException: Index "ST_TRANSACTION_HASH" not found; SQL statement:DROP INDEX ST_TRANSACTION_HASH [42112-200]Error Code: 42112Call: DROP INDEX ST_TRANSACTION_HASHQuery: DataModifyQuery(sql="DROP INDEX ST_TRANSACTION_HASH")
2022-01-02 15:16:50.976 [main] WARN  eclipselink.logging.all - Exception [EclipseLink-4002] (Eclipse Persistence Services - 2.7.7.v20200504-69f2c2b80d): org.eclipse.persistence.exceptions.DatabaseExceptionInternal Exception: org.h2.jdbc.JdbcSQLSyntaxErrorException: Table "ST_TRANSACTION" not found; SQL statement:DROP TABLE ST_TRANSACTION [42102-200]Error Code: 42102Call: DROP TABLE ST_TRANSACTIONQuery: DataModifyQuery(sql="DROP TABLE ST_TRANSACTION")
2022-01-02 15:16:50.977 [main] WARN  eclipselink.logging.all - Exception [EclipseLink-4002] (Eclipse Persistence Services - 2.7.7.v20200504-69f2c2b80d): org.eclipse.persistence.exceptions.DatabaseExceptionInternal Exception: org.h2.jdbc.JdbcSQLSyntaxErrorException: Table "ST_AFFECTED_TRANSACTION" not found; SQL statement:DROP TABLE ST_AFFECTED_TRANSACTION [42102-200]Error Code: 42102Call: DROP TABLE ST_AFFECTED_TRANSACTIONQuery: DataModifyQuery(sql="DROP TABLE ST_AFFECTED_TRANSACTION")
2022-01-02 15:16:51.000 [main] INFO  c.q.t.config.apps.TesseraAppFactory - Loaded app com.quorum.tessera.thirdparty.ThirdPartyRestApp@63814bbe
2022-01-02 15:16:51.000 [main] INFO  c.q.t.config.apps.TesseraAppFactory - Create from REST THIRD_PARTY
2022-01-02 15:16:51.001 [main] INFO  c.q.t.config.apps.TesseraAppFactory - Creating application type THIRD_PARTY for REST
2022-01-02 15:16:51.049 [main] INFO  c.q.t.config.apps.TesseraAppFactory - Create from REST Q2T
2022-01-02 15:16:51.050 [main] INFO  c.q.t.config.apps.TesseraAppFactory - Creating application type Q2T for REST
2022-01-02 15:16:51.050 [main] INFO  c.q.t.config.apps.TesseraAppFactory - Create from REST P2P
2022-01-02 15:16:51.050 [main] INFO  c.q.t.config.apps.TesseraAppFactory - Creating application type P2P for REST
2022-01-02 15:16:51.264 [main] INFO  org.eclipse.jetty.util.log - Logging initialized @6930ms to org.eclipse.jetty.util.log.Slf4jLog
2022-01-02 15:16:51.414 [main] INFO  c.quorum.tessera.server.JerseyServer - Starting http://127.0.0.1:9084
2022-01-02 15:16:51.416 [main] INFO  org.eclipse.jetty.server.Server - jetty-9.4.39.v20210325; built: 2021-03-25T14:42:11.471Z; git: 9fc7ca5a922f2a37b84ec9dbc26a5168cee7e667; jvm 17.0.1+12-Ubuntu-120.04
2022-01-02 15:16:52.257 [main] WARN  o.g.jersey.internal.inject.Providers - A provider com.quorum.tessera.thirdparty.PartyInfoResource registered in SERVER runtime does not implement any provider interfaces applicable in the SERVER runtime. Due to constraint configuration problems the provider com.quorum.tessera.thirdparty.PartyInfoResource will be ignored. 
2022-01-02 15:16:52.257 [main] WARN  o.g.jersey.internal.inject.Providers - A provider com.quorum.tessera.api.common.RawTransactionResource registered in SERVER runtime does not implement any provider interfaces applicable in the SERVER runtime. Due to constraint configuration problems the provider com.quorum.tessera.api.common.RawTransactionResource will be ignored. 
2022-01-02 15:16:52.257 [main] WARN  o.g.jersey.internal.inject.Providers - A provider com.quorum.tessera.thirdparty.KeyResource registered in SERVER runtime does not implement any provider interfaces applicable in the SERVER runtime. Due to constraint configuration problems the provider com.quorum.tessera.thirdparty.KeyResource will be ignored. 
2022-01-02 15:16:52.258 [main] WARN  o.g.jersey.internal.inject.Providers - A provider com.quorum.tessera.api.common.UpCheckResource registered in SERVER runtime does not implement any provider interfaces applicable in the SERVER runtime. Due to constraint configuration problems the provider com.quorum.tessera.api.common.UpCheckResource will be ignored. 
2022-01-02 15:16:52.590 [main] INFO  o.e.j.server.handler.ContextHandler - Started o.e.j.s.ServletContextHandler@76105ac0{/,null,AVAILABLE}
2022-01-02 15:16:52.675 [main] INFO  o.e.jetty.server.AbstractConnector - Started ServerConnector@5ddd84d2{HTTP/1.1, (http/1.1)}{0.0.0.0:9084}
2022-01-02 15:16:52.675 [main] INFO  org.eclipse.jetty.server.Server - Started @8341ms
2022-01-02 15:16:52.675 [main] INFO  c.quorum.tessera.server.JerseyServer - Started http://127.0.0.1:9084
2022-01-02 15:16:52.676 [main] INFO  c.quorum.tessera.server.JerseyServer - WADL http://127.0.0.1:9084/application.wadl
2022-01-02 15:16:52.726 [main] INFO  c.quorum.tessera.server.JerseyServer - Starting unix:/home/swcyb/EcoChain/network/5-nodes-raft-tessera-bash/qdata/c4/tm.ipc
2022-01-02 15:16:52.726 [main] INFO  org.eclipse.jetty.server.Server - jetty-9.4.39.v20210325; built: 2021-03-25T14:42:11.471Z; git: 9fc7ca5a922f2a37b84ec9dbc26a5168cee7e667; jvm 17.0.1+12-Ubuntu-120.04
2022-01-02 15:16:52.853 [main] WARN  c.q.t.c.util.EncryptedStringResolver - Some sensitive values are being given as unencrypted plain text in config. Please note this is NOT recommended for production environment.
2022-01-02 15:16:52.854 [main] INFO  com.zaxxer.hikari.HikariDataSource - HikariPool-2 - Starting...
2022-01-02 15:16:52.899 [main] INFO  com.zaxxer.hikari.HikariDataSource - HikariPool-2 - Start completed.
2022-01-02 15:16:52.904 [main] ERROR eclipselink.logging.metadata - java.lang.IllegalArgumentException: Unsupported class file major version 61
2022-01-02 15:16:52.904 [main] ERROR eclipselink.logging.metadata - java.lang.ArrayIndexOutOfBoundsException
2022-01-02 15:16:52.907 [main] ERROR eclipselink.logging.metadata - java.lang.IllegalArgumentException: Unsupported class file major version 61
2022-01-02 15:16:52.908 [main] ERROR eclipselink.logging.metadata - java.lang.ArrayIndexOutOfBoundsException
2022-01-02 15:16:52.924 [main] INFO  eclipselink.logging.all - EclipseLink, version: Eclipse Persistence Services - 2.7.7.v20200504-69f2c2b80d
2022-01-02 15:16:52.984 [main] ERROR eclipselink.logging.metadata - java.lang.IllegalArgumentException: Unsupported class file major version 61
2022-01-02 15:16:52.984 [main] ERROR eclipselink.logging.metadata - java.lang.ArrayIndexOutOfBoundsException
2022-01-02 15:16:52.985 [main] ERROR eclipselink.logging.metadata - java.lang.IllegalArgumentException: Unsupported class file major version 61
2022-01-02 15:16:52.986 [main] ERROR eclipselink.logging.metadata - java.lang.ArrayIndexOutOfBoundsException
2022-01-02 15:16:52.986 [main] ERROR eclipselink.logging.metadata - java.lang.IllegalArgumentException: Unsupported class file major version 61
2022-01-02 15:16:53.007 [main] ERROR eclipselink.logging.metadata - java.lang.ArrayIndexOutOfBoundsException
2022-01-02 15:16:53.015 [main] ERROR eclipselink.logging.metadata - java.lang.IllegalArgumentException: Unsupported class file major version 61
2022-01-02 15:16:53.016 [main] ERROR eclipselink.logging.metadata - java.lang.ArrayIndexOutOfBoundsException
2022-01-02 15:16:53.016 [main] ERROR eclipselink.logging.metadata - java.lang.IllegalArgumentException: Unsupported class file major version 61
2022-01-02 15:16:53.016 [main] ERROR eclipselink.logging.metadata - java.lang.ArrayIndexOutOfBoundsException
2022-01-02 15:16:53.017 [main] ERROR eclipselink.logging.metadata - java.lang.IllegalArgumentException: Unsupported class file major version 61
2022-01-02 15:16:53.017 [main] ERROR eclipselink.logging.metadata - java.lang.ArrayIndexOutOfBoundsException
2022-01-02 15:16:53.018 [main] ERROR eclipselink.logging.metadata - java.lang.IllegalArgumentException: Unsupported class file major version 61
2022-01-02 15:16:53.018 [main] ERROR eclipselink.logging.metadata - java.lang.ArrayIndexOutOfBoundsException
2022-01-02 15:16:53.019 [main] ERROR eclipselink.logging.metadata - java.lang.IllegalArgumentException: Unsupported class file major version 61
2022-01-02 15:16:53.019 [main] ERROR eclipselink.logging.metadata - java.lang.ArrayIndexOutOfBoundsException
2022-01-02 15:16:53.019 [main] ERROR eclipselink.logging.metadata - java.lang.IllegalArgumentException: Unsupported class file major version 61
2022-01-02 15:16:53.033 [main] ERROR eclipselink.logging.metadata - java.lang.ArrayIndexOutOfBoundsException
2022-01-02 15:16:53.033 [main] ERROR eclipselink.logging.metadata - java.lang.IllegalArgumentException: Unsupported class file major version 61
2022-01-02 15:16:53.033 [main] ERROR eclipselink.logging.metadata - java.lang.ArrayIndexOutOfBoundsException
2022-01-02 15:16:53.034 [main] ERROR eclipselink.logging.metadata - java.lang.IllegalArgumentException: Unsupported class file major version 61
2022-01-02 15:16:53.034 [main] ERROR eclipselink.logging.metadata - java.lang.ArrayIndexOutOfBoundsException
2022-01-02 15:16:53.058 [main] INFO  eclipselink.logging.all - EclipseLink, version: Eclipse Persistence Services - 2.7.7.v20200504-69f2c2b80d
2022-01-02 15:16:53.145 [main] WARN  c.q.t.c.util.EncryptedStringResolver - Some sensitive values are being given as unencrypted plain text in config. Please note this is NOT recommended for production environment.
2022-01-02 15:16:53.146 [main] INFO  com.zaxxer.hikari.HikariDataSource - HikariPool-3 - Starting...
2022-01-02 15:16:53.184 [main] INFO  com.zaxxer.hikari.HikariDataSource - HikariPool-3 - Start completed.
2022-01-02 15:16:53.186 [main] ERROR eclipselink.logging.metadata - java.lang.IllegalArgumentException: Unsupported class file major version 61
2022-01-02 15:16:53.187 [main] ERROR eclipselink.logging.metadata - java.lang.ArrayIndexOutOfBoundsException
2022-01-02 15:16:53.188 [main] ERROR eclipselink.logging.metadata - java.lang.IllegalArgumentException: Unsupported class file major version 61
2022-01-02 15:16:53.188 [main] ERROR eclipselink.logging.metadata - java.lang.ArrayIndexOutOfBoundsException
2022-01-02 15:16:53.200 [main] INFO  eclipselink.logging.all - EclipseLink, version: Eclipse Persistence Services - 2.7.7.v20200504-69f2c2b80d
2022-01-02 15:16:53.238 [main] ERROR eclipselink.logging.metadata - java.lang.IllegalArgumentException: Unsupported class file major version 61
2022-01-02 15:16:53.271 [main] ERROR eclipselink.logging.metadata - java.lang.ArrayIndexOutOfBoundsException
2022-01-02 15:16:53.272 [main] ERROR eclipselink.logging.metadata - java.lang.IllegalArgumentException: Unsupported class file major version 61
2022-01-02 15:16:53.272 [main] ERROR eclipselink.logging.metadata - java.lang.ArrayIndexOutOfBoundsException
2022-01-02 15:16:53.273 [main] ERROR eclipselink.logging.metadata - java.lang.IllegalArgumentException: Unsupported class file major version 61
2022-01-02 15:16:53.290 [main] ERROR eclipselink.logging.metadata - java.lang.ArrayIndexOutOfBoundsException
2022-01-02 15:16:53.296 [main] ERROR eclipselink.logging.metadata - java.lang.IllegalArgumentException: Unsupported class file major version 61
2022-01-02 15:16:53.297 [main] ERROR eclipselink.logging.metadata - java.lang.ArrayIndexOutOfBoundsException
2022-01-02 15:16:53.300 [main] ERROR eclipselink.logging.metadata - java.lang.IllegalArgumentException: Unsupported class file major version 61
2022-01-02 15:16:53.300 [main] ERROR eclipselink.logging.metadata - java.lang.ArrayIndexOutOfBoundsException
2022-01-02 15:16:53.300 [main] ERROR eclipselink.logging.metadata - java.lang.IllegalArgumentException: Unsupported class file major version 61
2022-01-02 15:16:53.301 [main] ERROR eclipselink.logging.metadata - java.lang.ArrayIndexOutOfBoundsException
2022-01-02 15:16:53.302 [main] ERROR eclipselink.logging.metadata - java.lang.IllegalArgumentException: Unsupported class file major version 61
2022-01-02 15:16:53.302 [main] ERROR eclipselink.logging.metadata - java.lang.ArrayIndexOutOfBoundsException
2022-01-02 15:16:53.303 [main] ERROR eclipselink.logging.metadata - java.lang.IllegalArgumentException: Unsupported class file major version 61
2022-01-02 15:16:53.303 [main] ERROR eclipselink.logging.metadata - java.lang.ArrayIndexOutOfBoundsException
2022-01-02 15:16:53.304 [main] ERROR eclipselink.logging.metadata - java.lang.IllegalArgumentException: Unsupported class file major version 61
2022-01-02 15:16:53.304 [main] ERROR eclipselink.logging.metadata - java.lang.ArrayIndexOutOfBoundsException
2022-01-02 15:16:53.304 [main] ERROR eclipselink.logging.metadata - java.lang.IllegalArgumentException: Unsupported class file major version 61
2022-01-02 15:16:53.304 [main] ERROR eclipselink.logging.metadata - java.lang.ArrayIndexOutOfBoundsException
2022-01-02 15:16:53.305 [main] ERROR eclipselink.logging.metadata - java.lang.IllegalArgumentException: Unsupported class file major version 61
2022-01-02 15:16:53.305 [main] ERROR eclipselink.logging.metadata - java.lang.ArrayIndexOutOfBoundsException
2022-01-02 15:16:53.321 [main] INFO  eclipselink.logging.all - EclipseLink, version: Eclipse Persistence Services - 2.7.7.v20200504-69f2c2b80d
2022-01-02 15:16:53.451 [main] WARN  c.q.t.c.util.EncryptedStringResolver - Some sensitive values are being given as unencrypted plain text in config. Please note this is NOT recommended for production environment.
2022-01-02 15:16:53.451 [main] INFO  com.zaxxer.hikari.HikariDataSource - HikariPool-4 - Starting...
2022-01-02 15:16:53.467 [main] INFO  com.zaxxer.hikari.HikariDataSource - HikariPool-4 - Start completed.
2022-01-02 15:16:53.470 [main] ERROR eclipselink.logging.metadata - java.lang.IllegalArgumentException: Unsupported class file major version 61
2022-01-02 15:16:53.470 [main] ERROR eclipselink.logging.metadata - java.lang.ArrayIndexOutOfBoundsException
2022-01-02 15:16:53.473 [main] ERROR eclipselink.logging.metadata - java.lang.IllegalArgumentException: Unsupported class file major version 61
2022-01-02 15:16:53.473 [main] ERROR eclipselink.logging.metadata - java.lang.ArrayIndexOutOfBoundsException
2022-01-02 15:16:53.498 [main] INFO  eclipselink.logging.all - EclipseLink, version: Eclipse Persistence Services - 2.7.7.v20200504-69f2c2b80d
2022-01-02 15:16:53.540 [main] ERROR eclipselink.logging.metadata - java.lang.IllegalArgumentException: Unsupported class file major version 61
2022-01-02 15:16:53.541 [main] ERROR eclipselink.logging.metadata - java.lang.ArrayIndexOutOfBoundsException
2022-01-02 15:16:53.552 [main] ERROR eclipselink.logging.metadata - java.lang.IllegalArgumentException: Unsupported class file major version 61
2022-01-02 15:16:53.552 [main] ERROR eclipselink.logging.metadata - java.lang.ArrayIndexOutOfBoundsException
2022-01-02 15:16:53.553 [main] ERROR eclipselink.logging.metadata - java.lang.IllegalArgumentException: Unsupported class file major version 61
2022-01-02 15:16:53.554 [main] ERROR eclipselink.logging.metadata - java.lang.ArrayIndexOutOfBoundsException
2022-01-02 15:16:53.555 [main] ERROR eclipselink.logging.metadata - java.lang.IllegalArgumentException: Unsupported class file major version 61
2022-01-02 15:16:53.555 [main] ERROR eclipselink.logging.metadata - java.lang.ArrayIndexOutOfBoundsException
2022-01-02 15:16:53.556 [main] ERROR eclipselink.logging.metadata - java.lang.IllegalArgumentException: Unsupported class file major version 61
2022-01-02 15:16:53.556 [main] ERROR eclipselink.logging.metadata - java.lang.ArrayIndexOutOfBoundsException
2022-01-02 15:16:53.562 [main] ERROR eclipselink.logging.metadata - java.lang.IllegalArgumentException: Unsupported class file major version 61
2022-01-02 15:16:53.562 [main] ERROR eclipselink.logging.metadata - java.lang.ArrayIndexOutOfBoundsException
2022-01-02 15:16:53.563 [main] ERROR eclipselink.logging.metadata - java.lang.IllegalArgumentException: Unsupported class file major version 61
2022-01-02 15:16:53.563 [main] ERROR eclipselink.logging.metadata - java.lang.ArrayIndexOutOfBoundsException
2022-01-02 15:16:53.563 [main] ERROR eclipselink.logging.metadata - java.lang.IllegalArgumentException: Unsupported class file major version 61
2022-01-02 15:16:53.563 [main] ERROR eclipselink.logging.metadata - java.lang.ArrayIndexOutOfBoundsException
2022-01-02 15:16:53.564 [main] ERROR eclipselink.logging.metadata - java.lang.IllegalArgumentException: Unsupported class file major version 61
2022-01-02 15:16:53.564 [main] ERROR eclipselink.logging.metadata - java.lang.ArrayIndexOutOfBoundsException
2022-01-02 15:16:53.564 [main] ERROR eclipselink.logging.metadata - java.lang.IllegalArgumentException: Unsupported class file major version 61
2022-01-02 15:16:53.564 [main] ERROR eclipselink.logging.metadata - java.lang.ArrayIndexOutOfBoundsException
2022-01-02 15:16:53.564 [main] ERROR eclipselink.logging.metadata - java.lang.IllegalArgumentException: Unsupported class file major version 61
2022-01-02 15:16:53.565 [main] ERROR eclipselink.logging.metadata - java.lang.ArrayIndexOutOfBoundsException
2022-01-02 15:16:53.607 [main] INFO  eclipselink.logging.all - EclipseLink, version: Eclipse Persistence Services - 2.7.7.v20200504-69f2c2b80d
2022-01-02 15:16:53.730 [main] WARN  c.q.t.c.util.EncryptedStringResolver - Some sensitive values are being given as unencrypted plain text in config. Please note this is NOT recommended for production environment.
2022-01-02 15:16:53.730 [main] INFO  com.zaxxer.hikari.HikariDataSource - HikariPool-5 - Starting...
2022-01-02 15:16:53.748 [main] INFO  com.zaxxer.hikari.HikariDataSource - HikariPool-5 - Start completed.
2022-01-02 15:16:53.757 [main] ERROR eclipselink.logging.metadata - java.lang.IllegalArgumentException: Unsupported class file major version 61
2022-01-02 15:16:53.757 [main] ERROR eclipselink.logging.metadata - java.lang.ArrayIndexOutOfBoundsException
2022-01-02 15:16:53.785 [main] ERROR eclipselink.logging.metadata - java.lang.IllegalArgumentException: Unsupported class file major version 61
2022-01-02 15:16:53.786 [main] ERROR eclipselink.logging.metadata - java.lang.ArrayIndexOutOfBoundsException
2022-01-02 15:16:53.792 [main] INFO  eclipselink.logging.all - EclipseLink, version: Eclipse Persistence Services - 2.7.7.v20200504-69f2c2b80d
2022-01-02 15:16:53.836 [main] ERROR eclipselink.logging.metadata - java.lang.IllegalArgumentException: Unsupported class file major version 61
2022-01-02 15:16:53.836 [main] ERROR eclipselink.logging.metadata - java.lang.ArrayIndexOutOfBoundsException
2022-01-02 15:16:53.837 [main] ERROR eclipselink.logging.metadata - java.lang.IllegalArgumentException: Unsupported class file major version 61
2022-01-02 15:16:53.837 [main] ERROR eclipselink.logging.metadata - java.lang.ArrayIndexOutOfBoundsException
2022-01-02 15:16:53.863 [main] ERROR eclipselink.logging.metadata - java.lang.IllegalArgumentException: Unsupported class file major version 61
2022-01-02 15:16:53.863 [main] ERROR eclipselink.logging.metadata - java.lang.ArrayIndexOutOfBoundsException
2022-01-02 15:16:53.864 [main] ERROR eclipselink.logging.metadata - java.lang.IllegalArgumentException: Unsupported class file major version 61
2022-01-02 15:16:53.864 [main] ERROR eclipselink.logging.metadata - java.lang.ArrayIndexOutOfBoundsException
2022-01-02 15:16:53.864 [main] ERROR eclipselink.logging.metadata - java.lang.IllegalArgumentException: Unsupported class file major version 61
2022-01-02 15:16:53.864 [main] ERROR eclipselink.logging.metadata - java.lang.ArrayIndexOutOfBoundsException
2022-01-02 15:16:53.865 [main] ERROR eclipselink.logging.metadata - java.lang.IllegalArgumentException: Unsupported class file major version 61
2022-01-02 15:16:53.865 [main] ERROR eclipselink.logging.metadata - java.lang.ArrayIndexOutOfBoundsException
2022-01-02 15:16:53.865 [main] ERROR eclipselink.logging.metadata - java.lang.IllegalArgumentException: Unsupported class file major version 61
2022-01-02 15:16:53.865 [main] ERROR eclipselink.logging.metadata - java.lang.ArrayIndexOutOfBoundsException
2022-01-02 15:16:53.865 [main] ERROR eclipselink.logging.metadata - java.lang.IllegalArgumentException: Unsupported class file major version 61
2022-01-02 15:16:53.865 [main] ERROR eclipselink.logging.metadata - java.lang.ArrayIndexOutOfBoundsException
2022-01-02 15:16:53.866 [main] ERROR eclipselink.logging.metadata - java.lang.IllegalArgumentException: Unsupported class file major version 61
2022-01-02 15:16:53.866 [main] ERROR eclipselink.logging.metadata - java.lang.ArrayIndexOutOfBoundsException
2022-01-02 15:16:53.866 [main] ERROR eclipselink.logging.metadata - java.lang.IllegalArgumentException: Unsupported class file major version 61
2022-01-02 15:16:53.866 [main] ERROR eclipselink.logging.metadata - java.lang.ArrayIndexOutOfBoundsException
2022-01-02 15:16:53.866 [main] ERROR eclipselink.logging.metadata - java.lang.IllegalArgumentException: Unsupported class file major version 61
2022-01-02 15:16:53.866 [main] ERROR eclipselink.logging.metadata - java.lang.ArrayIndexOutOfBoundsException
2022-01-02 15:16:53.888 [main] INFO  eclipselink.logging.all - EclipseLink, version: Eclipse Persistence Services - 2.7.7.v20200504-69f2c2b80d
2022-01-02 15:16:54.228 [main] WARN  o.g.jersey.internal.inject.Providers - A provider com.quorum.tessera.q2t.EncodedPayloadResource registered in SERVER runtime does not implement any provider interfaces applicable in the SERVER runtime. Due to constraint configuration problems the provider com.quorum.tessera.q2t.EncodedPayloadResource will be ignored. 
2022-01-02 15:16:54.228 [main] WARN  o.g.jersey.internal.inject.Providers - A provider com.quorum.tessera.q2t.TransactionResource3 registered in SERVER runtime does not implement any provider interfaces applicable in the SERVER runtime. Due to constraint configuration problems the provider com.quorum.tessera.q2t.TransactionResource3 will be ignored. 
2022-01-02 15:16:54.228 [main] WARN  o.g.jersey.internal.inject.Providers - A provider com.quorum.tessera.api.common.UpCheckResource registered in SERVER runtime does not implement any provider interfaces applicable in the SERVER runtime. Due to constraint configuration problems the provider com.quorum.tessera.api.common.UpCheckResource will be ignored. 
2022-01-02 15:16:54.229 [main] WARN  o.g.jersey.internal.inject.Providers - A provider com.quorum.tessera.q2t.TransactionResource registered in SERVER runtime does not implement any provider interfaces applicable in the SERVER runtime. Due to constraint configuration problems the provider com.quorum.tessera.q2t.TransactionResource will be ignored. 
2022-01-02 15:16:54.229 [main] WARN  o.g.jersey.internal.inject.Providers - A provider com.quorum.tessera.api.common.RawTransactionResource registered in SERVER runtime does not implement any provider interfaces applicable in the SERVER runtime. Due to constraint configuration problems the provider com.quorum.tessera.api.common.RawTransactionResource will be ignored. 
2022-01-02 15:16:54.229 [main] WARN  o.g.jersey.internal.inject.Providers - A provider com.quorum.tessera.q2t.PrivacyGroupResource registered in SERVER runtime does not implement any provider interfaces applicable in the SERVER runtime. Due to constraint configuration problems the provider com.quorum.tessera.q2t.PrivacyGroupResource will be ignored. 
2022-01-02 15:16:54.555 [main] INFO  o.e.j.server.handler.ContextHandler - Started o.e.j.s.ServletContextHandler@7792e14f{/,null,AVAILABLE}
2022-01-02 15:16:54.604 [pool-2-thread-1] INFO  c.q.t.p.p.PartyInfoBroadcaster - Started PartyInfo polling round
2022-01-02 15:16:54.736 [pool-2-thread-1] INFO  c.q.t.p.p.PartyInfoBroadcaster - Finished PartyInfo polling round
2022-01-02 15:16:54.937 [pool-3-thread-4] WARN  c.q.t.p.p.PartyInfoBroadcaster - Failed to connect to node http://127.0.0.1:9003/, due to java.net.ConnectException: Connection refused
2022-01-02 15:16:54.937 [pool-3-thread-3] WARN  c.q.t.p.p.PartyInfoBroadcaster - Failed to connect to node http://127.0.0.1:9001/, due to java.net.ConnectException: Connection refused
2022-01-02 15:16:54.937 [pool-3-thread-1] WARN  c.q.t.p.p.PartyInfoBroadcaster - Failed to connect to node http://127.0.0.1:9005/, due to java.net.ConnectException: Connection refused
2022-01-02 15:16:54.942 [pool-3-thread-2] WARN  c.q.t.p.p.PartyInfoBroadcaster - Failed to connect to node http://127.0.0.1:9002/, due to java.net.ConnectException: Connection refused
2022-01-02 15:16:55.102 [main] INFO  o.e.jetty.server.AbstractConnector - Started UnixSocketConnector@2212e291{HTTP/1.1, (http/1.1)}{/home/swcyb/EcoChain/network/5-nodes-raft-tessera-bash/qdata/c4/tm.ipc}
2022-01-02 15:16:55.103 [main] INFO  org.eclipse.jetty.server.Server - Started @10769ms
2022-01-02 15:16:55.103 [main] INFO  c.quorum.tessera.server.JerseyServer - Started unix:/home/swcyb/EcoChain/network/5-nodes-raft-tessera-bash/qdata/c4/tm.ipc
2022-01-02 15:16:55.103 [main] INFO  c.quorum.tessera.server.JerseyServer - WADL unix:/home/swcyb/EcoChain/network/5-nodes-raft-tessera-bash/qdata/c4/tm.ipc/application.wadl
2022-01-02 15:16:55.104 [main] INFO  c.quorum.tessera.server.JerseyServer - Starting http://127.0.0.1:9004
2022-01-02 15:16:55.104 [main] INFO  org.eclipse.jetty.server.Server - jetty-9.4.39.v20210325; built: 2021-03-25T14:42:11.471Z; git: 9fc7ca5a922f2a37b84ec9dbc26a5168cee7e667; jvm 17.0.1+12-Ubuntu-120.04
2022-01-02 15:16:55.180 [main] WARN  c.q.t.c.util.EncryptedStringResolver - Some sensitive values are being given as unencrypted plain text in config. Please note this is NOT recommended for production environment.
2022-01-02 15:16:55.181 [main] INFO  com.zaxxer.hikari.HikariDataSource - HikariPool-6 - Starting...
2022-01-02 15:16:55.182 [main] INFO  com.zaxxer.hikari.HikariDataSource - HikariPool-6 - Start completed.
2022-01-02 15:16:55.188 [main] ERROR eclipselink.logging.metadata - java.lang.IllegalArgumentException: Unsupported class file major version 61
2022-01-02 15:16:55.189 [main] ERROR eclipselink.logging.metadata - java.lang.ArrayIndexOutOfBoundsException
2022-01-02 15:16:55.190 [main] ERROR eclipselink.logging.metadata - java.lang.IllegalArgumentException: Unsupported class file major version 61
2022-01-02 15:16:55.191 [main] ERROR eclipselink.logging.metadata - java.lang.ArrayIndexOutOfBoundsException
2022-01-02 15:16:55.196 [main] INFO  eclipselink.logging.all - EclipseLink, version: Eclipse Persistence Services - 2.7.7.v20200504-69f2c2b80d
2022-01-02 15:16:55.242 [main] ERROR eclipselink.logging.metadata - java.lang.IllegalArgumentException: Unsupported class file major version 61
2022-01-02 15:16:55.242 [main] ERROR eclipselink.logging.metadata - java.lang.ArrayIndexOutOfBoundsException
2022-01-02 15:16:55.243 [main] ERROR eclipselink.logging.metadata - java.lang.IllegalArgumentException: Unsupported class file major version 61
2022-01-02 15:16:55.243 [main] ERROR eclipselink.logging.metadata - java.lang.ArrayIndexOutOfBoundsException
2022-01-02 15:16:55.244 [main] ERROR eclipselink.logging.metadata - java.lang.IllegalArgumentException: Unsupported class file major version 61
2022-01-02 15:16:55.244 [main] ERROR eclipselink.logging.metadata - java.lang.ArrayIndexOutOfBoundsException
2022-01-02 15:16:55.244 [main] ERROR eclipselink.logging.metadata - java.lang.IllegalArgumentException: Unsupported class file major version 61
2022-01-02 15:16:55.244 [main] ERROR eclipselink.logging.metadata - java.lang.ArrayIndexOutOfBoundsException
2022-01-02 15:16:55.245 [main] ERROR eclipselink.logging.metadata - java.lang.IllegalArgumentException: Unsupported class file major version 61
2022-01-02 15:16:55.245 [main] ERROR eclipselink.logging.metadata - java.lang.ArrayIndexOutOfBoundsException
2022-01-02 15:16:55.245 [main] ERROR eclipselink.logging.metadata - java.lang.IllegalArgumentException: Unsupported class file major version 61
2022-01-02 15:16:55.245 [main] ERROR eclipselink.logging.metadata - java.lang.ArrayIndexOutOfBoundsException
2022-01-02 15:16:55.245 [main] ERROR eclipselink.logging.metadata - java.lang.IllegalArgumentException: Unsupported class file major version 61
2022-01-02 15:16:55.245 [main] ERROR eclipselink.logging.metadata - java.lang.ArrayIndexOutOfBoundsException
2022-01-02 15:16:55.246 [main] ERROR eclipselink.logging.metadata - java.lang.IllegalArgumentException: Unsupported class file major version 61
2022-01-02 15:16:55.246 [main] ERROR eclipselink.logging.metadata - java.lang.ArrayIndexOutOfBoundsException
2022-01-02 15:16:55.246 [main] ERROR eclipselink.logging.metadata - java.lang.IllegalArgumentException: Unsupported class file major version 61
2022-01-02 15:16:55.246 [main] ERROR eclipselink.logging.metadata - java.lang.ArrayIndexOutOfBoundsException
2022-01-02 15:16:55.248 [main] ERROR eclipselink.logging.metadata - java.lang.IllegalArgumentException: Unsupported class file major version 61
2022-01-02 15:16:55.248 [main] ERROR eclipselink.logging.metadata - java.lang.ArrayIndexOutOfBoundsException
2022-01-02 15:16:55.248 [main] ERROR eclipselink.logging.metadata - java.lang.IllegalArgumentException: Unsupported class file major version 61
2022-01-02 15:16:55.248 [main] ERROR eclipselink.logging.metadata - java.lang.ArrayIndexOutOfBoundsException
2022-01-02 15:16:55.267 [main] INFO  eclipselink.logging.all - EclipseLink, version: Eclipse Persistence Services - 2.7.7.v20200504-69f2c2b80d
2022-01-02 15:16:55.323 [main] INFO  c.q.t.r.r.ResendBatchPublisherFactory - Loaded factory com.quorum.tessera.p2p.recovery.RestResendBatchPublisherFactory@1a45e29f
2022-01-02 15:16:55.351 [main] WARN  c.q.t.c.util.EncryptedStringResolver - Some sensitive values are being given as unencrypted plain text in config. Please note this is NOT recommended for production environment.
2022-01-02 15:16:55.352 [main] INFO  com.zaxxer.hikari.HikariDataSource - HikariPool-7 - Starting...
2022-01-02 15:16:55.362 [main] INFO  com.zaxxer.hikari.HikariDataSource - HikariPool-7 - Start completed.
2022-01-02 15:16:55.375 [main] ERROR eclipselink.logging.metadata - java.lang.IllegalArgumentException: Unsupported class file major version 61
2022-01-02 15:16:55.376 [main] ERROR eclipselink.logging.metadata - java.lang.ArrayIndexOutOfBoundsException
2022-01-02 15:16:55.384 [main] ERROR eclipselink.logging.metadata - java.lang.IllegalArgumentException: Unsupported class file major version 61
2022-01-02 15:16:55.385 [main] ERROR eclipselink.logging.metadata - java.lang.ArrayIndexOutOfBoundsException
2022-01-02 15:16:55.391 [main] INFO  eclipselink.logging.all - EclipseLink, version: Eclipse Persistence Services - 2.7.7.v20200504-69f2c2b80d
2022-01-02 15:16:55.454 [main] ERROR eclipselink.logging.metadata - java.lang.IllegalArgumentException: Unsupported class file major version 61
2022-01-02 15:16:55.454 [main] ERROR eclipselink.logging.metadata - java.lang.ArrayIndexOutOfBoundsException
2022-01-02 15:16:55.454 [main] ERROR eclipselink.logging.metadata - java.lang.IllegalArgumentException: Unsupported class file major version 61
2022-01-02 15:16:55.455 [main] ERROR eclipselink.logging.metadata - java.lang.ArrayIndexOutOfBoundsException
2022-01-02 15:16:55.455 [main] ERROR eclipselink.logging.metadata - java.lang.IllegalArgumentException: Unsupported class file major version 61
2022-01-02 15:16:55.455 [main] ERROR eclipselink.logging.metadata - java.lang.ArrayIndexOutOfBoundsException
2022-01-02 15:16:55.455 [main] ERROR eclipselink.logging.metadata - java.lang.IllegalArgumentException: Unsupported class file major version 61
2022-01-02 15:16:55.455 [main] ERROR eclipselink.logging.metadata - java.lang.ArrayIndexOutOfBoundsException
2022-01-02 15:16:55.456 [main] ERROR eclipselink.logging.metadata - java.lang.IllegalArgumentException: Unsupported class file major version 61
2022-01-02 15:16:55.456 [main] ERROR eclipselink.logging.metadata - java.lang.ArrayIndexOutOfBoundsException
2022-01-02 15:16:55.456 [main] ERROR eclipselink.logging.metadata - java.lang.IllegalArgumentException: Unsupported class file major version 61
2022-01-02 15:16:55.456 [main] ERROR eclipselink.logging.metadata - java.lang.ArrayIndexOutOfBoundsException
2022-01-02 15:16:55.456 [main] ERROR eclipselink.logging.metadata - java.lang.IllegalArgumentException: Unsupported class file major version 61
2022-01-02 15:16:55.456 [main] ERROR eclipselink.logging.metadata - java.lang.ArrayIndexOutOfBoundsException
2022-01-02 15:16:55.457 [main] ERROR eclipselink.logging.metadata - java.lang.IllegalArgumentException: Unsupported class file major version 61
2022-01-02 15:16:55.457 [main] ERROR eclipselink.logging.metadata - java.lang.ArrayIndexOutOfBoundsException
2022-01-02 15:16:55.457 [main] ERROR eclipselink.logging.metadata - java.lang.IllegalArgumentException: Unsupported class file major version 61
2022-01-02 15:16:55.457 [main] ERROR eclipselink.logging.metadata - java.lang.ArrayIndexOutOfBoundsException
2022-01-02 15:16:55.457 [main] ERROR eclipselink.logging.metadata - java.lang.IllegalArgumentException: Unsupported class file major version 61
2022-01-02 15:16:55.457 [main] ERROR eclipselink.logging.metadata - java.lang.ArrayIndexOutOfBoundsException
2022-01-02 15:16:55.457 [main] ERROR eclipselink.logging.metadata - java.lang.IllegalArgumentException: Unsupported class file major version 61
2022-01-02 15:16:55.457 [main] ERROR eclipselink.logging.metadata - java.lang.ArrayIndexOutOfBoundsException
2022-01-02 15:16:55.499 [main] INFO  eclipselink.logging.all - EclipseLink, version: Eclipse Persistence Services - 2.7.7.v20200504-69f2c2b80d
2022-01-02 15:16:55.573 [main] WARN  c.q.t.c.util.EncryptedStringResolver - Some sensitive values are being given as unencrypted plain text in config. Please note this is NOT recommended for production environment.
2022-01-02 15:16:55.573 [main] INFO  com.zaxxer.hikari.HikariDataSource - HikariPool-8 - Starting...
2022-01-02 15:16:55.574 [main] INFO  com.zaxxer.hikari.HikariDataSource - HikariPool-8 - Start completed.
2022-01-02 15:16:55.578 [main] ERROR eclipselink.logging.metadata - java.lang.IllegalArgumentException: Unsupported class file major version 61
2022-01-02 15:16:55.579 [main] ERROR eclipselink.logging.metadata - java.lang.ArrayIndexOutOfBoundsException
2022-01-02 15:16:55.588 [main] ERROR eclipselink.logging.metadata - java.lang.IllegalArgumentException: Unsupported class file major version 61
2022-01-02 15:16:55.588 [main] ERROR eclipselink.logging.metadata - java.lang.ArrayIndexOutOfBoundsException
2022-01-02 15:16:55.629 [main] INFO  eclipselink.logging.all - EclipseLink, version: Eclipse Persistence Services - 2.7.7.v20200504-69f2c2b80d
2022-01-02 15:16:55.648 [main] ERROR eclipselink.logging.metadata - java.lang.IllegalArgumentException: Unsupported class file major version 61
2022-01-02 15:16:55.668 [main] ERROR eclipselink.logging.metadata - java.lang.ArrayIndexOutOfBoundsException
2022-01-02 15:16:55.669 [main] ERROR eclipselink.logging.metadata - java.lang.IllegalArgumentException: Unsupported class file major version 61
2022-01-02 15:16:55.669 [main] ERROR eclipselink.logging.metadata - java.lang.ArrayIndexOutOfBoundsException
2022-01-02 15:16:55.669 [main] ERROR eclipselink.logging.metadata - java.lang.IllegalArgumentException: Unsupported class file major version 61
2022-01-02 15:16:55.669 [main] ERROR eclipselink.logging.metadata - java.lang.ArrayIndexOutOfBoundsException
2022-01-02 15:16:55.670 [main] ERROR eclipselink.logging.metadata - java.lang.IllegalArgumentException: Unsupported class file major version 61
2022-01-02 15:16:55.670 [main] ERROR eclipselink.logging.metadata - java.lang.ArrayIndexOutOfBoundsException
2022-01-02 15:16:55.670 [main] ERROR eclipselink.logging.metadata - java.lang.IllegalArgumentException: Unsupported class file major version 61
2022-01-02 15:16:55.670 [main] ERROR eclipselink.logging.metadata - java.lang.ArrayIndexOutOfBoundsException
2022-01-02 15:16:55.671 [main] ERROR eclipselink.logging.metadata - java.lang.IllegalArgumentException: Unsupported class file major version 61
2022-01-02 15:16:55.671 [main] ERROR eclipselink.logging.metadata - java.lang.ArrayIndexOutOfBoundsException
2022-01-02 15:16:55.671 [main] ERROR eclipselink.logging.metadata - java.lang.IllegalArgumentException: Unsupported class file major version 61
2022-01-02 15:16:55.672 [main] ERROR eclipselink.logging.metadata - java.lang.ArrayIndexOutOfBoundsException
2022-01-02 15:16:55.672 [main] ERROR eclipselink.logging.metadata - java.lang.IllegalArgumentException: Unsupported class file major version 61
2022-01-02 15:16:55.672 [main] ERROR eclipselink.logging.metadata - java.lang.ArrayIndexOutOfBoundsException
2022-01-02 15:16:55.672 [main] ERROR eclipselink.logging.metadata - java.lang.IllegalArgumentException: Unsupported class file major version 61
2022-01-02 15:16:55.672 [main] ERROR eclipselink.logging.metadata - java.lang.ArrayIndexOutOfBoundsException
2022-01-02 15:16:55.672 [main] ERROR eclipselink.logging.metadata - java.lang.IllegalArgumentException: Unsupported class file major version 61
2022-01-02 15:16:55.672 [main] ERROR eclipselink.logging.metadata - java.lang.ArrayIndexOutOfBoundsException
2022-01-02 15:16:55.672 [main] ERROR eclipselink.logging.metadata - java.lang.IllegalArgumentException: Unsupported class file major version 61
2022-01-02 15:16:55.672 [main] ERROR eclipselink.logging.metadata - java.lang.ArrayIndexOutOfBoundsException
2022-01-02 15:16:55.679 [main] INFO  eclipselink.logging.all - EclipseLink, version: Eclipse Persistence Services - 2.7.7.v20200504-69f2c2b80d
2022-01-02 15:16:55.720 [main] WARN  c.q.t.c.util.EncryptedStringResolver - Some sensitive values are being given as unencrypted plain text in config. Please note this is NOT recommended for production environment.
2022-01-02 15:16:55.720 [main] INFO  com.zaxxer.hikari.HikariDataSource - HikariPool-9 - Starting...
2022-01-02 15:16:55.725 [main] INFO  com.zaxxer.hikari.HikariDataSource - HikariPool-9 - Start completed.
2022-01-02 15:16:55.727 [main] ERROR eclipselink.logging.metadata - java.lang.IllegalArgumentException: Unsupported class file major version 61
2022-01-02 15:16:55.727 [main] ERROR eclipselink.logging.metadata - java.lang.ArrayIndexOutOfBoundsException
2022-01-02 15:16:55.729 [main] ERROR eclipselink.logging.metadata - java.lang.IllegalArgumentException: Unsupported class file major version 61
2022-01-02 15:16:55.729 [main] ERROR eclipselink.logging.metadata - java.lang.ArrayIndexOutOfBoundsException
2022-01-02 15:16:55.733 [main] INFO  eclipselink.logging.all - EclipseLink, version: Eclipse Persistence Services - 2.7.7.v20200504-69f2c2b80d
2022-01-02 15:16:55.750 [main] ERROR eclipselink.logging.metadata - java.lang.IllegalArgumentException: Unsupported class file major version 61
2022-01-02 15:16:55.751 [main] ERROR eclipselink.logging.metadata - java.lang.ArrayIndexOutOfBoundsException
2022-01-02 15:16:55.751 [main] ERROR eclipselink.logging.metadata - java.lang.IllegalArgumentException: Unsupported class file major version 61
2022-01-02 15:16:55.751 [main] ERROR eclipselink.logging.metadata - java.lang.ArrayIndexOutOfBoundsException
2022-01-02 15:16:55.752 [main] ERROR eclipselink.logging.metadata - java.lang.IllegalArgumentException: Unsupported class file major version 61
2022-01-02 15:16:55.752 [main] ERROR eclipselink.logging.metadata - java.lang.ArrayIndexOutOfBoundsException
2022-01-02 15:16:55.752 [main] ERROR eclipselink.logging.metadata - java.lang.IllegalArgumentException: Unsupported class file major version 61
2022-01-02 15:16:55.752 [main] ERROR eclipselink.logging.metadata - java.lang.ArrayIndexOutOfBoundsException
2022-01-02 15:16:55.753 [main] ERROR eclipselink.logging.metadata - java.lang.IllegalArgumentException: Unsupported class file major version 61
2022-01-02 15:16:55.753 [main] ERROR eclipselink.logging.metadata - java.lang.ArrayIndexOutOfBoundsException
2022-01-02 15:16:55.753 [main] ERROR eclipselink.logging.metadata - java.lang.IllegalArgumentException: Unsupported class file major version 61
2022-01-02 15:16:55.753 [main] ERROR eclipselink.logging.metadata - java.lang.ArrayIndexOutOfBoundsException
2022-01-02 15:16:55.753 [main] ERROR eclipselink.logging.metadata - java.lang.IllegalArgumentException: Unsupported class file major version 61
2022-01-02 15:16:55.753 [main] ERROR eclipselink.logging.metadata - java.lang.ArrayIndexOutOfBoundsException
2022-01-02 15:16:55.754 [main] ERROR eclipselink.logging.metadata - java.lang.IllegalArgumentException: Unsupported class file major version 61
2022-01-02 15:16:55.754 [main] ERROR eclipselink.logging.metadata - java.lang.ArrayIndexOutOfBoundsException
2022-01-02 15:16:55.754 [main] ERROR eclipselink.logging.metadata - java.lang.IllegalArgumentException: Unsupported class file major version 61
2022-01-02 15:16:55.754 [main] ERROR eclipselink.logging.metadata - java.lang.ArrayIndexOutOfBoundsException
2022-01-02 15:16:55.754 [main] ERROR eclipselink.logging.metadata - java.lang.IllegalArgumentException: Unsupported class file major version 61
2022-01-02 15:16:55.754 [main] ERROR eclipselink.logging.metadata - java.lang.ArrayIndexOutOfBoundsException
2022-01-02 15:16:55.794 [main] ERROR eclipselink.logging.metadata - java.lang.IllegalArgumentException: Unsupported class file major version 61
2022-01-02 15:16:55.794 [main] ERROR eclipselink.logging.metadata - java.lang.ArrayIndexOutOfBoundsException
2022-01-02 15:16:55.813 [main] INFO  eclipselink.logging.all - EclipseLink, version: Eclipse Persistence Services - 2.7.7.v20200504-69f2c2b80d
2022-01-02 15:16:55.836 [main] INFO  c.q.t.r.r.ResendBatchPublisherFactory - Loaded factory com.quorum.tessera.p2p.recovery.RestResendBatchPublisherFactory@c931728
2022-01-02 15:16:55.837 [main] WARN  c.q.t.c.util.EncryptedStringResolver - Some sensitive values are being given as unencrypted plain text in config. Please note this is NOT recommended for production environment.
2022-01-02 15:16:55.838 [main] INFO  com.zaxxer.hikari.HikariDataSource - HikariPool-10 - Starting...
2022-01-02 15:16:55.868 [main] INFO  com.zaxxer.hikari.HikariDataSource - HikariPool-10 - Start completed.
2022-01-02 15:16:55.871 [main] ERROR eclipselink.logging.metadata - java.lang.IllegalArgumentException: Unsupported class file major version 61
2022-01-02 15:16:55.871 [main] ERROR eclipselink.logging.metadata - java.lang.ArrayIndexOutOfBoundsException
2022-01-02 15:16:55.873 [main] ERROR eclipselink.logging.metadata - java.lang.IllegalArgumentException: Unsupported class file major version 61
2022-01-02 15:16:55.873 [main] ERROR eclipselink.logging.metadata - java.lang.ArrayIndexOutOfBoundsException
2022-01-02 15:16:55.877 [main] INFO  eclipselink.logging.all - EclipseLink, version: Eclipse Persistence Services - 2.7.7.v20200504-69f2c2b80d
2022-01-02 15:16:55.885 [main] ERROR eclipselink.logging.metadata - java.lang.IllegalArgumentException: Unsupported class file major version 61
2022-01-02 15:16:55.885 [main] ERROR eclipselink.logging.metadata - java.lang.ArrayIndexOutOfBoundsException
2022-01-02 15:16:55.886 [main] ERROR eclipselink.logging.metadata - java.lang.IllegalArgumentException: Unsupported class file major version 61
2022-01-02 15:16:55.886 [main] ERROR eclipselink.logging.metadata - java.lang.ArrayIndexOutOfBoundsException
2022-01-02 15:16:55.886 [main] ERROR eclipselink.logging.metadata - java.lang.IllegalArgumentException: Unsupported class file major version 61
2022-01-02 15:16:55.886 [main] ERROR eclipselink.logging.metadata - java.lang.ArrayIndexOutOfBoundsException
2022-01-02 15:16:55.902 [main] ERROR eclipselink.logging.metadata - java.lang.IllegalArgumentException: Unsupported class file major version 61
2022-01-02 15:16:55.902 [main] ERROR eclipselink.logging.metadata - java.lang.ArrayIndexOutOfBoundsException
2022-01-02 15:16:55.903 [main] ERROR eclipselink.logging.metadata - java.lang.IllegalArgumentException: Unsupported class file major version 61
2022-01-02 15:16:55.903 [main] ERROR eclipselink.logging.metadata - java.lang.ArrayIndexOutOfBoundsException
2022-01-02 15:16:55.903 [main] ERROR eclipselink.logging.metadata - java.lang.IllegalArgumentException: Unsupported class file major version 61
2022-01-02 15:16:55.903 [main] ERROR eclipselink.logging.metadata - java.lang.ArrayIndexOutOfBoundsException
2022-01-02 15:16:55.903 [main] ERROR eclipselink.logging.metadata - java.lang.IllegalArgumentException: Unsupported class file major version 61
2022-01-02 15:16:55.903 [main] ERROR eclipselink.logging.metadata - java.lang.ArrayIndexOutOfBoundsException
2022-01-02 15:16:55.904 [main] ERROR eclipselink.logging.metadata - java.lang.IllegalArgumentException: Unsupported class file major version 61
2022-01-02 15:16:55.904 [main] ERROR eclipselink.logging.metadata - java.lang.ArrayIndexOutOfBoundsException
2022-01-02 15:16:55.904 [main] ERROR eclipselink.logging.metadata - java.lang.IllegalArgumentException: Unsupported class file major version 61
2022-01-02 15:16:55.904 [main] ERROR eclipselink.logging.metadata - java.lang.ArrayIndexOutOfBoundsException
2022-01-02 15:16:55.904 [main] ERROR eclipselink.logging.metadata - java.lang.IllegalArgumentException: Unsupported class file major version 61
2022-01-02 15:16:55.904 [main] ERROR eclipselink.logging.metadata - java.lang.ArrayIndexOutOfBoundsException
2022-01-02 15:16:55.904 [main] ERROR eclipselink.logging.metadata - java.lang.IllegalArgumentException: Unsupported class file major version 61
2022-01-02 15:16:55.904 [main] ERROR eclipselink.logging.metadata - java.lang.ArrayIndexOutOfBoundsException
2022-01-02 15:16:55.909 [main] INFO  eclipselink.logging.all - EclipseLink, version: Eclipse Persistence Services - 2.7.7.v20200504-69f2c2b80d
2022-01-02 15:16:55.923 [main] WARN  c.q.t.c.util.EncryptedStringResolver - Some sensitive values are being given as unencrypted plain text in config. Please note this is NOT recommended for production environment.
2022-01-02 15:16:55.923 [main] INFO  com.zaxxer.hikari.HikariDataSource - HikariPool-11 - Starting...
2022-01-02 15:16:55.926 [main] INFO  com.zaxxer.hikari.HikariDataSource - HikariPool-11 - Start completed.
2022-01-02 15:16:55.928 [main] ERROR eclipselink.logging.metadata - java.lang.IllegalArgumentException: Unsupported class file major version 61
2022-01-02 15:16:55.928 [main] ERROR eclipselink.logging.metadata - java.lang.ArrayIndexOutOfBoundsException
2022-01-02 15:16:55.929 [main] ERROR eclipselink.logging.metadata - java.lang.IllegalArgumentException: Unsupported class file major version 61
2022-01-02 15:16:55.930 [main] ERROR eclipselink.logging.metadata - java.lang.ArrayIndexOutOfBoundsException
2022-01-02 15:16:55.956 [main] INFO  eclipselink.logging.all - EclipseLink, version: Eclipse Persistence Services - 2.7.7.v20200504-69f2c2b80d
2022-01-02 15:16:55.987 [main] ERROR eclipselink.logging.metadata - java.lang.IllegalArgumentException: Unsupported class file major version 61
2022-01-02 15:16:55.987 [main] ERROR eclipselink.logging.metadata - java.lang.ArrayIndexOutOfBoundsException
2022-01-02 15:16:55.988 [main] ERROR eclipselink.logging.metadata - java.lang.IllegalArgumentException: Unsupported class file major version 61
2022-01-02 15:16:55.988 [main] ERROR eclipselink.logging.metadata - java.lang.ArrayIndexOutOfBoundsException
2022-01-02 15:16:55.988 [main] ERROR eclipselink.logging.metadata - java.lang.IllegalArgumentException: Unsupported class file major version 61
2022-01-02 15:16:55.988 [main] ERROR eclipselink.logging.metadata - java.lang.ArrayIndexOutOfBoundsException
2022-01-02 15:16:55.989 [main] ERROR eclipselink.logging.metadata - java.lang.IllegalArgumentException: Unsupported class file major version 61
2022-01-02 15:16:55.989 [main] ERROR eclipselink.logging.metadata - java.lang.ArrayIndexOutOfBoundsException
2022-01-02 15:16:55.989 [main] ERROR eclipselink.logging.metadata - java.lang.IllegalArgumentException: Unsupported class file major version 61
2022-01-02 15:16:55.989 [main] ERROR eclipselink.logging.metadata - java.lang.ArrayIndexOutOfBoundsException
2022-01-02 15:16:55.989 [main] ERROR eclipselink.logging.metadata - java.lang.IllegalArgumentException: Unsupported class file major version 61
2022-01-02 15:16:55.989 [main] ERROR eclipselink.logging.metadata - java.lang.ArrayIndexOutOfBoundsException
2022-01-02 15:16:55.990 [main] ERROR eclipselink.logging.metadata - java.lang.IllegalArgumentException: Unsupported class file major version 61
2022-01-02 15:16:55.990 [main] ERROR eclipselink.logging.metadata - java.lang.ArrayIndexOutOfBoundsException
2022-01-02 15:16:55.990 [main] ERROR eclipselink.logging.metadata - java.lang.IllegalArgumentException: Unsupported class file major version 61
2022-01-02 15:16:55.990 [main] ERROR eclipselink.logging.metadata - java.lang.ArrayIndexOutOfBoundsException
2022-01-02 15:16:55.991 [main] ERROR eclipselink.logging.metadata - java.lang.IllegalArgumentException: Unsupported class file major version 61
2022-01-02 15:16:55.991 [main] ERROR eclipselink.logging.metadata - java.lang.ArrayIndexOutOfBoundsException
2022-01-02 15:16:55.991 [main] ERROR eclipselink.logging.metadata - java.lang.IllegalArgumentException: Unsupported class file major version 61
2022-01-02 15:16:55.991 [main] ERROR eclipselink.logging.metadata - java.lang.ArrayIndexOutOfBoundsException
2022-01-02 15:16:55.991 [main] ERROR eclipselink.logging.metadata - java.lang.IllegalArgumentException: Unsupported class file major version 61
2022-01-02 15:16:55.991 [main] ERROR eclipselink.logging.metadata - java.lang.ArrayIndexOutOfBoundsException
2022-01-02 15:16:55.995 [main] INFO  eclipselink.logging.all - EclipseLink, version: Eclipse Persistence Services - 2.7.7.v20200504-69f2c2b80d
2022-01-02 15:16:56.138 [main] WARN  o.g.jersey.internal.inject.Providers - A provider com.quorum.tessera.api.common.UpCheckResource registered in SERVER runtime does not implement any provider interfaces applicable in the SERVER runtime. Due to constraint configuration problems the provider com.quorum.tessera.api.common.UpCheckResource will be ignored. 
2022-01-02 15:16:56.138 [main] WARN  o.g.jersey.internal.inject.Providers - A provider com.quorum.tessera.p2p.PrivacyGroupResource registered in SERVER runtime does not implement any provider interfaces applicable in the SERVER runtime. Due to constraint configuration problems the provider com.quorum.tessera.p2p.PrivacyGroupResource will be ignored. 
2022-01-02 15:16:56.138 [main] WARN  o.g.jersey.internal.inject.Providers - A provider com.quorum.tessera.p2p.PartyInfoResource registered in SERVER runtime does not implement any provider interfaces applicable in the SERVER runtime. Due to constraint configuration problems the provider com.quorum.tessera.p2p.PartyInfoResource will be ignored. 
2022-01-02 15:16:56.138 [main] WARN  o.g.jersey.internal.inject.Providers - A provider com.quorum.tessera.p2p.TransactionResource registered in SERVER runtime does not implement any provider interfaces applicable in the SERVER runtime. Due to constraint configuration problems the provider com.quorum.tessera.p2p.TransactionResource will be ignored. 
2022-01-02 15:16:56.288 [main] INFO  o.e.j.server.handler.ContextHandler - Started o.e.j.s.ServletContextHandler@2178d296{/,null,AVAILABLE}
2022-01-02 15:16:56.294 [main] INFO  o.e.jetty.server.AbstractConnector - Started ServerConnector@1018f702{HTTP/1.1, (http/1.1)}{0.0.0.0:9004}
2022-01-02 15:16:56.294 [main] INFO  org.eclipse.jetty.server.Server - Started @11960ms
2022-01-02 15:16:56.294 [main] INFO  c.quorum.tessera.server.JerseyServer - Started http://127.0.0.1:9004
2022-01-02 15:16:56.295 [main] INFO  c.quorum.tessera.server.JerseyServer - WADL http://127.0.0.1:9004/application.wadl
2022-01-02 15:16:58.023 [qtp354230638-60] INFO  c.q.t.api.common.UpCheckResource - Enter Request : GET : /upcheck
2022-01-02 15:16:58.028 [qtp354230638-60] INFO  c.q.t.api.common.UpCheckResource - GET upcheck
2022-01-02 15:16:58.055 [qtp354230638-60] INFO  c.q.t.api.common.UpCheckResource - Exit Request : GET : /upcheck
2022-01-02 15:16:58.056 [qtp354230638-60] INFO  c.q.t.api.common.UpCheckResource - Response for upcheck : 200 OK
2022-01-02 15:16:59.738 [pool-2-thread-1] INFO  c.q.t.p.p.PartyInfoBroadcaster - Started PartyInfo polling round
2022-01-02 15:16:59.741 [pool-2-thread-1] INFO  c.q.t.p.p.PartyInfoBroadcaster - Finished PartyInfo polling round
2022-01-02 15:17:03.536 [qtp519425508-35] INFO  c.q.t.api.common.UpCheckResource - Enter Request : GET : /upcheck
2022-01-02 15:17:03.538 [qtp519425508-35] INFO  c.q.t.api.common.UpCheckResource - GET upcheck
2022-01-02 15:17:03.540 [qtp519425508-35] INFO  c.q.t.api.common.UpCheckResource - Exit Request : GET : /upcheck
2022-01-02 15:17:03.540 [qtp519425508-35] INFO  c.q.t.api.common.UpCheckResource - Response for upcheck : 200 OK
2022-01-02 15:17:03.544 [qtp519425508-32] INFO  c.q.t.api.common.VersionResource - Enter Request : GET : /version
2022-01-02 15:17:03.545 [qtp519425508-32] INFO  c.q.t.api.common.VersionResource - Exit Request : GET : /version
2022-01-02 15:17:03.546 [qtp519425508-32] INFO  c.q.t.api.common.VersionResource - Response for version : 200 OK
2022-01-02 15:17:03.547 [qtp519425508-32] INFO  c.q.t.api.common.VersionResource - Enter Request : GET : /version/api
2022-01-02 15:17:03.564 [qtp519425508-32] INFO  c.q.t.api.common.VersionResource - Exit Request : GET : /version/api
2022-01-02 15:17:03.564 [qtp519425508-32] INFO  c.q.t.api.common.VersionResource - Response for version/api : 200 OK
2022-01-02 15:17:04.741 [pool-2-thread-1] INFO  c.q.t.p.p.PartyInfoBroadcaster - Started PartyInfo polling round
2022-01-02 15:17:04.745 [pool-2-thread-1] INFO  c.q.t.p.p.PartyInfoBroadcaster - Finished PartyInfo polling round
2022-01-02 15:17:09.748 [pool-2-thread-1] INFO  c.q.t.p.p.PartyInfoBroadcaster - Started PartyInfo polling round
2022-01-02 15:17:09.750 [pool-2-thread-1] INFO  c.q.t.p.p.PartyInfoBroadcaster - Finished PartyInfo polling round
2022-01-02 15:17:14.750 [pool-2-thread-1] INFO  c.q.t.p.p.PartyInfoBroadcaster - Started PartyInfo polling round
2022-01-02 15:17:14.752 [pool-2-thread-1] INFO  c.q.t.p.p.PartyInfoBroadcaster - Finished PartyInfo polling round
2022-01-02 15:17:19.752 [pool-2-thread-1] INFO  c.q.t.p.p.PartyInfoBroadcaster - Started PartyInfo polling round
2022-01-02 15:17:19.754 [pool-2-thread-1] INFO  c.q.t.p.p.PartyInfoBroadcaster - Finished PartyInfo polling round
2022-01-02 15:17:24.754 [pool-2-thread-1] INFO  c.q.t.p.p.PartyInfoBroadcaster - Started PartyInfo polling round
2022-01-02 15:17:24.758 [pool-2-thread-1] INFO  c.q.t.p.p.PartyInfoBroadcaster - Finished PartyInfo polling round
2022-01-02 15:17:29.758 [pool-2-thread-1] INFO  c.q.t.p.p.PartyInfoBroadcaster - Started PartyInfo polling round
2022-01-02 15:17:29.759 [pool-2-thread-1] INFO  c.q.t.p.p.PartyInfoBroadcaster - Finished PartyInfo polling round
2022-01-02 15:17:34.759 [pool-2-thread-1] INFO  c.q.t.p.p.PartyInfoBroadcaster - Started PartyInfo polling round
2022-01-02 15:17:34.761 [pool-2-thread-1] INFO  c.q.t.p.p.PartyInfoBroadcaster - Finished PartyInfo polling round
2022-01-02 15:17:39.761 [pool-2-thread-1] INFO  c.q.t.p.p.PartyInfoBroadcaster - Started PartyInfo polling round
2022-01-02 15:17:39.762 [pool-2-thread-1] INFO  c.q.t.p.p.PartyInfoBroadcaster - Finished PartyInfo polling round
2022-01-02 15:17:44.763 [pool-2-thread-1] INFO  c.q.t.p.p.PartyInfoBroadcaster - Started PartyInfo polling round
2022-01-02 15:17:44.764 [pool-2-thread-1] INFO  c.q.t.p.p.PartyInfoBroadcaster - Finished PartyInfo polling round
2022-01-02 15:17:49.765 [pool-2-thread-1] INFO  c.q.t.p.p.PartyInfoBroadcaster - Started PartyInfo polling round
2022-01-02 15:17:49.767 [pool-2-thread-1] INFO  c.q.t.p.p.PartyInfoBroadcaster - Finished PartyInfo polling round
2022-01-02 15:17:54.767 [pool-2-thread-1] INFO  c.q.t.p.p.PartyInfoBroadcaster - Started PartyInfo polling round
2022-01-02 15:17:54.768 [pool-2-thread-1] INFO  c.q.t.p.p.PartyInfoBroadcaster - Finished PartyInfo polling round
2022-01-02 15:17:59.770 [pool-2-thread-1] INFO  c.q.t.p.p.PartyInfoBroadcaster - Started PartyInfo polling round
2022-01-02 15:17:59.771 [pool-2-thread-1] INFO  c.q.t.p.p.PartyInfoBroadcaster - Finished PartyInfo polling round
2022-01-02 15:18:04.772 [pool-2-thread-1] INFO  c.q.t.p.p.PartyInfoBroadcaster - Started PartyInfo polling round
2022-01-02 15:18:04.773 [pool-2-thread-1] INFO  c.q.t.p.p.PartyInfoBroadcaster - Finished PartyInfo polling round
2022-01-02 15:18:09.773 [pool-2-thread-1] INFO  c.q.t.p.p.PartyInfoBroadcaster - Started PartyInfo polling round
2022-01-02 15:18:09.775 [pool-2-thread-1] INFO  c.q.t.p.p.PartyInfoBroadcaster - Finished PartyInfo polling round
2022-01-02 15:18:14.776 [pool-2-thread-1] INFO  c.q.t.p.p.PartyInfoBroadcaster - Started PartyInfo polling round
2022-01-02 15:18:14.777 [pool-2-thread-1] INFO  c.q.t.p.p.PartyInfoBroadcaster - Finished PartyInfo polling round
2022-01-02 15:18:19.778 [pool-2-thread-1] INFO  c.q.t.p.p.PartyInfoBroadcaster - Started PartyInfo polling round
2022-01-02 15:18:19.779 [pool-2-thread-1] INFO  c.q.t.p.p.PartyInfoBroadcaster - Finished PartyInfo polling round
2022-01-02 15:18:24.779 [pool-2-thread-1] INFO  c.q.t.p.p.PartyInfoBroadcaster - Started PartyInfo polling round
2022-01-02 15:18:24.781 [pool-2-thread-1] INFO  c.q.t.p.p.PartyInfoBroadcaster - Finished PartyInfo polling round
2022-01-02 15:18:29.781 [pool-2-thread-1] INFO  c.q.t.p.p.PartyInfoBroadcaster - Started PartyInfo polling round
2022-01-02 15:18:29.783 [pool-2-thread-1] INFO  c.q.t.p.p.PartyInfoBroadcaster - Finished PartyInfo polling round
2022-01-02 15:18:34.783 [pool-2-thread-1] INFO  c.q.t.p.p.PartyInfoBroadcaster - Started PartyInfo polling round
2022-01-02 15:18:34.785 [pool-2-thread-1] INFO  c.q.t.p.p.PartyInfoBroadcaster - Finished PartyInfo polling round
2022-01-02 15:18:39.785 [pool-2-thread-1] INFO  c.q.t.p.p.PartyInfoBroadcaster - Started PartyInfo polling round
2022-01-02 15:18:39.787 [pool-2-thread-1] INFO  c.q.t.p.p.PartyInfoBroadcaster - Finished PartyInfo polling round
2022-01-02 15:18:44.790 [pool-2-thread-1] INFO  c.q.t.p.p.PartyInfoBroadcaster - Started PartyInfo polling round
2022-01-02 15:18:44.791 [pool-2-thread-1] INFO  c.q.t.p.p.PartyInfoBroadcaster - Finished PartyInfo polling round
2022-01-02 15:18:49.791 [pool-2-thread-1] INFO  c.q.t.p.p.PartyInfoBroadcaster - Started PartyInfo polling round
2022-01-02 15:18:49.793 [pool-2-thread-1] INFO  c.q.t.p.p.PartyInfoBroadcaster - Finished PartyInfo polling round
2022-01-02 15:18:54.793 [pool-2-thread-1] INFO  c.q.t.p.p.PartyInfoBroadcaster - Started PartyInfo polling round
2022-01-02 15:18:54.794 [pool-2-thread-1] INFO  c.q.t.p.p.PartyInfoBroadcaster - Finished PartyInfo polling round
2022-01-02 15:18:59.794 [pool-2-thread-1] INFO  c.q.t.p.p.PartyInfoBroadcaster - Started PartyInfo polling round
2022-01-02 15:18:59.795 [pool-2-thread-1] INFO  c.q.t.p.p.PartyInfoBroadcaster - Finished PartyInfo polling round
2022-01-02 15:19:04.796 [pool-2-thread-1] INFO  c.q.t.p.p.PartyInfoBroadcaster - Started PartyInfo polling round
2022-01-02 15:19:04.797 [pool-2-thread-1] INFO  c.q.t.p.p.PartyInfoBroadcaster - Finished PartyInfo polling round
2022-01-02 15:19:09.798 [pool-2-thread-1] INFO  c.q.t.p.p.PartyInfoBroadcaster - Started PartyInfo polling round
2022-01-02 15:19:09.801 [pool-2-thread-1] INFO  c.q.t.p.p.PartyInfoBroadcaster - Finished PartyInfo polling round
2022-01-02 15:19:14.801 [pool-2-thread-1] INFO  c.q.t.p.p.PartyInfoBroadcaster - Started PartyInfo polling round
2022-01-02 15:19:14.802 [pool-2-thread-1] INFO  c.q.t.p.p.PartyInfoBroadcaster - Finished PartyInfo polling round
2022-01-02 15:19:19.802 [pool-2-thread-1] INFO  c.q.t.p.p.PartyInfoBroadcaster - Started PartyInfo polling round
2022-01-02 15:19:19.803 [pool-2-thread-1] INFO  c.q.t.p.p.PartyInfoBroadcaster - Finished PartyInfo polling round
2022-01-02 15:19:24.803 [pool-2-thread-1] INFO  c.q.t.p.p.PartyInfoBroadcaster - Started PartyInfo polling round
2022-01-02 15:19:24.804 [pool-2-thread-1] INFO  c.q.t.p.p.PartyInfoBroadcaster - Finished PartyInfo polling round
2022-01-02 15:19:29.806 [pool-2-thread-1] INFO  c.q.t.p.p.PartyInfoBroadcaster - Started PartyInfo polling round
2022-01-02 15:19:29.807 [pool-2-thread-1] INFO  c.q.t.p.p.PartyInfoBroadcaster - Finished PartyInfo polling round
2022-01-02 15:19:34.808 [pool-2-thread-1] INFO  c.q.t.p.p.PartyInfoBroadcaster - Started PartyInfo polling round
2022-01-02 15:19:34.809 [pool-2-thread-1] INFO  c.q.t.p.p.PartyInfoBroadcaster - Finished PartyInfo polling round
2022-01-02 15:19:39.809 [pool-2-thread-1] INFO  c.q.t.p.p.PartyInfoBroadcaster - Started PartyInfo polling round
2022-01-02 15:19:39.810 [pool-2-thread-1] INFO  c.q.t.p.p.PartyInfoBroadcaster - Finished PartyInfo polling round
2022-01-02 15:19:44.811 [pool-2-thread-1] INFO  c.q.t.p.p.PartyInfoBroadcaster - Started PartyInfo polling round
2022-01-02 15:19:44.812 [pool-2-thread-1] INFO  c.q.t.p.p.PartyInfoBroadcaster - Finished PartyInfo polling round
2022-01-02 15:19:49.813 [pool-2-thread-1] INFO  c.q.t.p.p.PartyInfoBroadcaster - Started PartyInfo polling round
2022-01-02 15:19:49.814 [pool-2-thread-1] INFO  c.q.t.p.p.PartyInfoBroadcaster - Finished PartyInfo polling round
2022-01-02 15:19:54.814 [pool-2-thread-1] INFO  c.q.t.p.p.PartyInfoBroadcaster - Started PartyInfo polling round
2022-01-02 15:19:54.815 [pool-2-thread-1] INFO  c.q.t.p.p.PartyInfoBroadcaster - Finished PartyInfo polling round
2022-01-02 15:19:59.815 [pool-2-thread-1] INFO  c.q.t.p.p.PartyInfoBroadcaster - Started PartyInfo polling round
2022-01-02 15:19:59.816 [pool-2-thread-1] INFO  c.q.t.p.p.PartyInfoBroadcaster - Finished PartyInfo polling round
2022-01-02 15:20:04.817 [pool-2-thread-1] INFO  c.q.t.p.p.PartyInfoBroadcaster - Started PartyInfo polling round
2022-01-02 15:20:04.817 [pool-2-thread-1] INFO  c.q.t.p.p.PartyInfoBroadcaster - Finished PartyInfo polling round
2022-01-02 15:20:09.819 [pool-2-thread-1] INFO  c.q.t.p.p.PartyInfoBroadcaster - Started PartyInfo polling round
2022-01-02 15:20:09.819 [pool-2-thread-1] INFO  c.q.t.p.p.PartyInfoBroadcaster - Finished PartyInfo polling round
2022-01-02 15:20:14.820 [pool-2-thread-1] INFO  c.q.t.p.p.PartyInfoBroadcaster - Started PartyInfo polling round
2022-01-02 15:20:14.821 [pool-2-thread-1] INFO  c.q.t.p.p.PartyInfoBroadcaster - Finished PartyInfo polling round
2022-01-02 15:20:19.822 [pool-2-thread-1] INFO  c.q.t.p.p.PartyInfoBroadcaster - Started PartyInfo polling round
2022-01-02 15:20:19.823 [pool-2-thread-1] INFO  c.q.t.p.p.PartyInfoBroadcaster - Finished PartyInfo polling round
2022-01-02 15:20:24.825 [pool-2-thread-1] INFO  c.q.t.p.p.PartyInfoBroadcaster - Started PartyInfo polling round
2022-01-02 15:20:24.826 [pool-2-thread-1] INFO  c.q.t.p.p.PartyInfoBroadcaster - Finished PartyInfo polling round
2022-01-02 15:20:29.827 [pool-2-thread-1] INFO  c.q.t.p.p.PartyInfoBroadcaster - Started PartyInfo polling round
2022-01-02 15:20:29.828 [pool-2-thread-1] INFO  c.q.t.p.p.PartyInfoBroadcaster - Finished PartyInfo polling round
2022-01-02 15:20:34.828 [pool-2-thread-1] INFO  c.q.t.p.p.PartyInfoBroadcaster - Started PartyInfo polling round
2022-01-02 15:20:34.830 [pool-2-thread-1] INFO  c.q.t.p.p.PartyInfoBroadcaster - Finished PartyInfo polling round
2022-01-02 15:20:39.830 [pool-2-thread-1] INFO  c.q.t.p.p.PartyInfoBroadcaster - Started PartyInfo polling round
2022-01-02 15:20:39.832 [pool-2-thread-1] INFO  c.q.t.p.p.PartyInfoBroadcaster - Finished PartyInfo polling round
2022-01-02 15:20:44.832 [pool-2-thread-1] INFO  c.q.t.p.p.PartyInfoBroadcaster - Started PartyInfo polling round
2022-01-02 15:20:44.833 [pool-2-thread-1] INFO  c.q.t.p.p.PartyInfoBroadcaster - Finished PartyInfo polling round
2022-01-02 15:20:49.833 [pool-2-thread-1] INFO  c.q.t.p.p.PartyInfoBroadcaster - Started PartyInfo polling round
2022-01-02 15:20:49.834 [pool-2-thread-1] INFO  c.q.t.p.p.PartyInfoBroadcaster - Finished PartyInfo polling round
2022-01-02 15:20:54.835 [pool-2-thread-1] INFO  c.q.t.p.p.PartyInfoBroadcaster - Started PartyInfo polling round
2022-01-02 15:20:54.836 [pool-2-thread-1] INFO  c.q.t.p.p.PartyInfoBroadcaster - Finished PartyInfo polling round
2022-01-02 15:20:59.837 [pool-2-thread-1] INFO  c.q.t.p.p.PartyInfoBroadcaster - Started PartyInfo polling round
2022-01-02 15:20:59.837 [pool-2-thread-1] INFO  c.q.t.p.p.PartyInfoBroadcaster - Finished PartyInfo polling round
2022-01-02 15:21:04.838 [pool-2-thread-1] INFO  c.q.t.p.p.PartyInfoBroadcaster - Started PartyInfo polling round
2022-01-02 15:21:04.839 [pool-2-thread-1] INFO  c.q.t.p.p.PartyInfoBroadcaster - Finished PartyInfo polling round
2022-01-02 15:21:09.841 [pool-2-thread-1] INFO  c.q.t.p.p.PartyInfoBroadcaster - Started PartyInfo polling round
2022-01-02 15:21:09.842 [pool-2-thread-1] INFO  c.q.t.p.p.PartyInfoBroadcaster - Finished PartyInfo polling round
2022-01-02 15:21:14.842 [pool-2-thread-1] INFO  c.q.t.p.p.PartyInfoBroadcaster - Started PartyInfo polling round
2022-01-02 15:21:14.845 [pool-2-thread-1] INFO  c.q.t.p.p.PartyInfoBroadcaster - Finished PartyInfo polling round
2022-01-02 15:21:19.846 [pool-2-thread-1] INFO  c.q.t.p.p.PartyInfoBroadcaster - Started PartyInfo polling round
2022-01-02 15:21:19.847 [pool-2-thread-1] INFO  c.q.t.p.p.PartyInfoBroadcaster - Finished PartyInfo polling round
2022-01-02 15:21:24.847 [pool-2-thread-1] INFO  c.q.t.p.p.PartyInfoBroadcaster - Started PartyInfo polling round
2022-01-02 15:21:24.848 [pool-2-thread-1] INFO  c.q.t.p.p.PartyInfoBroadcaster - Finished PartyInfo polling round
2022-01-02 15:21:29.848 [pool-2-thread-1] INFO  c.q.t.p.p.PartyInfoBroadcaster - Started PartyInfo polling round
2022-01-02 15:21:29.849 [pool-2-thread-1] INFO  c.q.t.p.p.PartyInfoBroadcaster - Finished PartyInfo polling round
2022-01-02 15:21:34.850 [pool-2-thread-1] INFO  c.q.t.p.p.PartyInfoBroadcaster - Started PartyInfo polling round
2022-01-02 15:21:34.851 [pool-2-thread-1] INFO  c.q.t.p.p.PartyInfoBroadcaster - Finished PartyInfo polling round
2022-01-02 15:21:39.851 [pool-2-thread-1] INFO  c.q.t.p.p.PartyInfoBroadcaster - Started PartyInfo polling round
2022-01-02 15:21:39.852 [pool-2-thread-1] INFO  c.q.t.p.p.PartyInfoBroadcaster - Finished PartyInfo polling round
2022-01-02 15:21:44.853 [pool-2-thread-1] INFO  c.q.t.p.p.PartyInfoBroadcaster - Started PartyInfo polling round
2022-01-02 15:21:44.854 [pool-2-thread-1] INFO  c.q.t.p.p.PartyInfoBroadcaster - Finished PartyInfo polling round
2022-01-02 15:21:49.854 [pool-2-thread-1] INFO  c.q.t.p.p.PartyInfoBroadcaster - Started PartyInfo polling round
2022-01-02 15:21:49.855 [pool-2-thread-1] INFO  c.q.t.p.p.PartyInfoBroadcaster - Finished PartyInfo polling round
2022-01-02 15:21:54.855 [pool-2-thread-1] INFO  c.q.t.p.p.PartyInfoBroadcaster - Started PartyInfo polling round
2022-01-02 15:21:54.856 [pool-2-thread-1] INFO  c.q.t.p.p.PartyInfoBroadcaster - Finished PartyInfo polling round
2022-01-02 15:21:59.857 [pool-2-thread-1] INFO  c.q.t.p.p.PartyInfoBroadcaster - Started PartyInfo polling round
2022-01-02 15:21:59.858 [pool-2-thread-1] INFO  c.q.t.p.p.PartyInfoBroadcaster - Finished PartyInfo polling round
2022-01-02 15:22:04.858 [pool-2-thread-1] INFO  c.q.t.p.p.PartyInfoBroadcaster - Started PartyInfo polling round
2022-01-02 15:22:04.859 [pool-2-thread-1] INFO  c.q.t.p.p.PartyInfoBroadcaster - Finished PartyInfo polling round
2022-01-02 15:22:09.860 [pool-2-thread-1] INFO  c.q.t.p.p.PartyInfoBroadcaster - Started PartyInfo polling round
2022-01-02 15:22:09.860 [pool-2-thread-1] INFO  c.q.t.p.p.PartyInfoBroadcaster - Finished PartyInfo polling round
2022-01-02 15:22:14.861 [pool-2-thread-1] INFO  c.q.t.p.p.PartyInfoBroadcaster - Started PartyInfo polling round
2022-01-02 15:22:14.861 [pool-2-thread-1] INFO  c.q.t.p.p.PartyInfoBroadcaster - Finished PartyInfo polling round
2022-01-02 15:22:19.862 [pool-2-thread-1] INFO  c.q.t.p.p.PartyInfoBroadcaster - Started PartyInfo polling round
2022-01-02 15:22:19.863 [pool-2-thread-1] INFO  c.q.t.p.p.PartyInfoBroadcaster - Finished PartyInfo polling round
2022-01-02 15:22:24.863 [pool-2-thread-1] INFO  c.q.t.p.p.PartyInfoBroadcaster - Started PartyInfo polling round
2022-01-02 15:22:24.864 [pool-2-thread-1] INFO  c.q.t.p.p.PartyInfoBroadcaster - Finished PartyInfo polling round
2022-01-02 15:22:29.866 [pool-2-thread-1] INFO  c.q.t.p.p.PartyInfoBroadcaster - Started PartyInfo polling round
2022-01-02 15:22:29.867 [pool-2-thread-1] INFO  c.q.t.p.p.PartyInfoBroadcaster - Finished PartyInfo polling round
2022-01-02 15:22:34.868 [pool-2-thread-1] INFO  c.q.t.p.p.PartyInfoBroadcaster - Started PartyInfo polling round
2022-01-02 15:22:34.868 [pool-2-thread-1] INFO  c.q.t.p.p.PartyInfoBroadcaster - Finished PartyInfo polling round
2022-01-02 15:22:39.869 [pool-2-thread-1] INFO  c.q.t.p.p.PartyInfoBroadcaster - Started PartyInfo polling round
2022-01-02 15:22:39.869 [pool-2-thread-1] INFO  c.q.t.p.p.PartyInfoBroadcaster - Finished PartyInfo polling round
2022-01-02 15:22:44.870 [pool-2-thread-1] INFO  c.q.t.p.p.PartyInfoBroadcaster - Started PartyInfo polling round
2022-01-02 15:22:44.871 [pool-2-thread-1] INFO  c.q.t.p.p.PartyInfoBroadcaster - Finished PartyInfo polling round
2022-01-02 15:22:49.871 [pool-2-thread-1] INFO  c.q.t.p.p.PartyInfoBroadcaster - Started PartyInfo polling round
2022-01-02 15:22:49.872 [pool-2-thread-1] INFO  c.q.t.p.p.PartyInfoBroadcaster - Finished PartyInfo polling round
2022-01-02 15:22:54.872 [pool-2-thread-1] INFO  c.q.t.p.p.PartyInfoBroadcaster - Started PartyInfo polling round
2022-01-02 15:22:54.873 [pool-2-thread-1] INFO  c.q.t.p.p.PartyInfoBroadcaster - Finished PartyInfo polling round
2022-01-02 15:22:59.873 [pool-2-thread-1] INFO  c.q.t.p.p.PartyInfoBroadcaster - Started PartyInfo polling round
2022-01-02 15:22:59.874 [pool-2-thread-1] INFO  c.q.t.p.p.PartyInfoBroadcaster - Finished PartyInfo polling round
2022-01-02 15:23:04.874 [pool-2-thread-1] INFO  c.q.t.p.p.PartyInfoBroadcaster - Started PartyInfo polling round
2022-01-02 15:23:04.875 [pool-2-thread-1] INFO  c.q.t.p.p.PartyInfoBroadcaster - Finished PartyInfo polling round
2022-01-02 15:23:09.876 [pool-2-thread-1] INFO  c.q.t.p.p.PartyInfoBroadcaster - Started PartyInfo polling round
2022-01-02 15:23:09.877 [pool-2-thread-1] INFO  c.q.t.p.p.PartyInfoBroadcaster - Finished PartyInfo polling round
2022-01-02 15:23:14.878 [pool-2-thread-1] INFO  c.q.t.p.p.PartyInfoBroadcaster - Started PartyInfo polling round
2022-01-02 15:23:14.879 [pool-2-thread-1] INFO  c.q.t.p.p.PartyInfoBroadcaster - Finished PartyInfo polling round
2022-01-02 15:23:19.879 [pool-2-thread-1] INFO  c.q.t.p.p.PartyInfoBroadcaster - Started PartyInfo polling round
2022-01-02 15:23:19.880 [pool-2-thread-1] INFO  c.q.t.p.p.PartyInfoBroadcaster - Finished PartyInfo polling round
2022-01-02 15:23:24.882 [pool-2-thread-1] INFO  c.q.t.p.p.PartyInfoBroadcaster - Started PartyInfo polling round
2022-01-02 15:23:24.882 [pool-2-thread-1] INFO  c.q.t.p.p.PartyInfoBroadcaster - Finished PartyInfo polling round
2022-01-02 15:23:29.883 [pool-2-thread-1] INFO  c.q.t.p.p.PartyInfoBroadcaster - Started PartyInfo polling round
2022-01-02 15:23:29.883 [pool-2-thread-1] INFO  c.q.t.p.p.PartyInfoBroadcaster - Finished PartyInfo polling round
2022-01-02 15:23:34.884 [pool-2-thread-1] INFO  c.q.t.p.p.PartyInfoBroadcaster - Started PartyInfo polling round
2022-01-02 15:23:34.885 [pool-2-thread-1] INFO  c.q.t.p.p.PartyInfoBroadcaster - Finished PartyInfo polling round
2022-01-02 15:23:39.885 [pool-2-thread-1] INFO  c.q.t.p.p.PartyInfoBroadcaster - Started PartyInfo polling round
2022-01-02 15:23:39.886 [pool-2-thread-1] INFO  c.q.t.p.p.PartyInfoBroadcaster - Finished PartyInfo polling round
2022-01-02 15:23:44.886 [pool-2-thread-1] INFO  c.q.t.p.p.PartyInfoBroadcaster - Started PartyInfo polling round
2022-01-02 15:23:44.887 [pool-2-thread-1] INFO  c.q.t.p.p.PartyInfoBroadcaster - Finished PartyInfo polling round
2022-01-02 15:23:49.888 [pool-2-thread-1] INFO  c.q.t.p.p.PartyInfoBroadcaster - Started PartyInfo polling round
2022-01-02 15:23:49.891 [pool-2-thread-1] INFO  c.q.t.p.p.PartyInfoBroadcaster - Finished PartyInfo polling round
2022-01-02 15:23:54.891 [pool-2-thread-1] INFO  c.q.t.p.p.PartyInfoBroadcaster - Started PartyInfo polling round
2022-01-02 15:23:54.893 [pool-2-thread-1] INFO  c.q.t.p.p.PartyInfoBroadcaster - Finished PartyInfo polling round
2022-01-02 15:23:59.893 [pool-2-thread-1] INFO  c.q.t.p.p.PartyInfoBroadcaster - Started PartyInfo polling round
2022-01-02 15:23:59.894 [pool-2-thread-1] INFO  c.q.t.p.p.PartyInfoBroadcaster - Finished PartyInfo polling round
2022-01-02 15:24:04.894 [pool-2-thread-1] INFO  c.q.t.p.p.PartyInfoBroadcaster - Started PartyInfo polling round
2022-01-02 15:24:04.895 [pool-2-thread-1] INFO  c.q.t.p.p.PartyInfoBroadcaster - Finished PartyInfo polling round
2022-01-02 15:24:09.899 [pool-2-thread-1] INFO  c.q.t.p.p.PartyInfoBroadcaster - Started PartyInfo polling round
2022-01-02 15:24:09.899 [pool-2-thread-1] INFO  c.q.t.p.p.PartyInfoBroadcaster - Finished PartyInfo polling round
2022-01-02 15:24:14.902 [pool-2-thread-1] INFO  c.q.t.p.p.PartyInfoBroadcaster - Started PartyInfo polling round
2022-01-02 15:24:14.903 [pool-2-thread-1] INFO  c.q.t.p.p.PartyInfoBroadcaster - Finished PartyInfo polling round
2022-01-02 15:24:19.904 [pool-2-thread-1] INFO  c.q.t.p.p.PartyInfoBroadcaster - Started PartyInfo polling round
2022-01-02 15:24:19.904 [pool-2-thread-1] INFO  c.q.t.p.p.PartyInfoBroadcaster - Finished PartyInfo polling round
2022-01-02 15:24:24.905 [pool-2-thread-1] INFO  c.q.t.p.p.PartyInfoBroadcaster - Started PartyInfo polling round
2022-01-02 15:24:24.908 [pool-2-thread-1] INFO  c.q.t.p.p.PartyInfoBroadcaster - Finished PartyInfo polling round
2022-01-02 15:24:29.908 [pool-2-thread-1] INFO  c.q.t.p.p.PartyInfoBroadcaster - Started PartyInfo polling round
2022-01-02 15:24:29.909 [pool-2-thread-1] INFO  c.q.t.p.p.PartyInfoBroadcaster - Finished PartyInfo polling round
2022-01-02 15:24:34.909 [pool-2-thread-1] INFO  c.q.t.p.p.PartyInfoBroadcaster - Started PartyInfo polling round
2022-01-02 15:24:34.910 [pool-2-thread-1] INFO  c.q.t.p.p.PartyInfoBroadcaster - Finished PartyInfo polling round
2022-01-02 15:24:39.912 [pool-2-thread-1] INFO  c.q.t.p.p.PartyInfoBroadcaster - Started PartyInfo polling round
2022-01-02 15:24:39.912 [pool-2-thread-1] INFO  c.q.t.p.p.PartyInfoBroadcaster - Finished PartyInfo polling round
2022-01-02 15:24:44.913 [pool-2-thread-1] INFO  c.q.t.p.p.PartyInfoBroadcaster - Started PartyInfo polling round
2022-01-02 15:24:44.915 [pool-2-thread-1] INFO  c.q.t.p.p.PartyInfoBroadcaster - Finished PartyInfo polling round
2022-01-02 15:24:49.916 [pool-2-thread-1] INFO  c.q.t.p.p.PartyInfoBroadcaster - Started PartyInfo polling round
2022-01-02 15:24:49.917 [pool-2-thread-1] INFO  c.q.t.p.p.PartyInfoBroadcaster - Finished PartyInfo polling round
2022-01-02 15:24:54.917 [pool-2-thread-1] INFO  c.q.t.p.p.PartyInfoBroadcaster - Started PartyInfo polling round
2022-01-02 15:24:54.918 [pool-2-thread-1] INFO  c.q.t.p.p.PartyInfoBroadcaster - Finished PartyInfo polling round
2022-01-02 15:24:59.919 [pool-2-thread-1] INFO  c.q.t.p.p.PartyInfoBroadcaster - Started PartyInfo polling round
2022-01-02 15:24:59.919 [pool-2-thread-1] INFO  c.q.t.p.p.PartyInfoBroadcaster - Finished PartyInfo polling round
2022-01-02 15:25:04.920 [pool-2-thread-1] INFO  c.q.t.p.p.PartyInfoBroadcaster - Started PartyInfo polling round
2022-01-02 15:25:04.921 [pool-2-thread-1] INFO  c.q.t.p.p.PartyInfoBroadcaster - Finished PartyInfo polling round
2022-01-02 15:25:09.921 [pool-2-thread-1] INFO  c.q.t.p.p.PartyInfoBroadcaster - Started PartyInfo polling round
2022-01-02 15:25:09.922 [pool-2-thread-1] INFO  c.q.t.p.p.PartyInfoBroadcaster - Finished PartyInfo polling round
2022-01-02 15:25:14.922 [pool-2-thread-1] INFO  c.q.t.p.p.PartyInfoBroadcaster - Started PartyInfo polling round
2022-01-02 15:25:14.933 [pool-2-thread-1] INFO  c.q.t.p.p.PartyInfoBroadcaster - Finished PartyInfo polling round
2022-01-02 15:25:19.933 [pool-2-thread-1] INFO  c.q.t.p.p.PartyInfoBroadcaster - Started PartyInfo polling round
2022-01-02 15:25:19.934 [pool-2-thread-1] INFO  c.q.t.p.p.PartyInfoBroadcaster - Finished PartyInfo polling round
2022-01-02 15:25:24.935 [pool-2-thread-1] INFO  c.q.t.p.p.PartyInfoBroadcaster - Started PartyInfo polling round
2022-01-02 15:25:24.936 [pool-2-thread-1] INFO  c.q.t.p.p.PartyInfoBroadcaster - Finished PartyInfo polling round
2022-01-02 15:25:29.938 [pool-2-thread-1] INFO  c.q.t.p.p.PartyInfoBroadcaster - Started PartyInfo polling round
2022-01-02 15:25:29.942 [pool-2-thread-1] INFO  c.q.t.p.p.PartyInfoBroadcaster - Finished PartyInfo polling round
2022-01-02 15:25:34.945 [pool-2-thread-1] INFO  c.q.t.p.p.PartyInfoBroadcaster - Started PartyInfo polling round
2022-01-02 15:25:34.946 [pool-2-thread-1] INFO  c.q.t.p.p.PartyInfoBroadcaster - Finished PartyInfo polling round
2022-01-02 15:25:39.950 [pool-2-thread-1] INFO  c.q.t.p.p.PartyInfoBroadcaster - Started PartyInfo polling round
2022-01-02 15:25:39.951 [pool-2-thread-1] INFO  c.q.t.p.p.PartyInfoBroadcaster - Finished PartyInfo polling round
2022-01-02 15:25:44.951 [pool-2-thread-1] INFO  c.q.t.p.p.PartyInfoBroadcaster - Started PartyInfo polling round
2022-01-02 15:25:44.952 [pool-2-thread-1] INFO  c.q.t.p.p.PartyInfoBroadcaster - Finished PartyInfo polling round
2022-01-02 15:25:49.952 [pool-2-thread-1] INFO  c.q.t.p.p.PartyInfoBroadcaster - Started PartyInfo polling round
2022-01-02 15:25:49.953 [pool-2-thread-1] INFO  c.q.t.p.p.PartyInfoBroadcaster - Finished PartyInfo polling round
2022-01-02 15:25:54.953 [pool-2-thread-1] INFO  c.q.t.p.p.PartyInfoBroadcaster - Started PartyInfo polling round
2022-01-02 15:25:54.956 [pool-2-thread-1] INFO  c.q.t.p.p.PartyInfoBroadcaster - Finished PartyInfo polling round
2022-01-02 15:25:59.957 [pool-2-thread-1] INFO  c.q.t.p.p.PartyInfoBroadcaster - Started PartyInfo polling round
2022-01-02 15:25:59.958 [pool-2-thread-1] INFO  c.q.t.p.p.PartyInfoBroadcaster - Finished PartyInfo polling round
2022-01-02 15:26:04.959 [pool-2-thread-1] INFO  c.q.t.p.p.PartyInfoBroadcaster - Started PartyInfo polling round
2022-01-02 15:26:04.961 [pool-2-thread-1] INFO  c.q.t.p.p.PartyInfoBroadcaster - Finished PartyInfo polling round
2022-01-02 15:26:09.961 [pool-2-thread-1] INFO  c.q.t.p.p.PartyInfoBroadcaster - Started PartyInfo polling round
2022-01-02 15:26:09.962 [pool-2-thread-1] INFO  c.q.t.p.p.PartyInfoBroadcaster - Finished PartyInfo polling round
2022-01-02 15:26:14.964 [pool-2-thread-1] INFO  c.q.t.p.p.PartyInfoBroadcaster - Started PartyInfo polling round
2022-01-02 15:26:14.965 [pool-2-thread-1] INFO  c.q.t.p.p.PartyInfoBroadcaster - Finished PartyInfo polling round
2022-01-02 15:26:19.965 [pool-2-thread-1] INFO  c.q.t.p.p.PartyInfoBroadcaster - Started PartyInfo polling round
2022-01-02 15:26:19.971 [pool-2-thread-1] INFO  c.q.t.p.p.PartyInfoBroadcaster - Finished PartyInfo polling round
2022-01-02 15:26:24.972 [pool-2-thread-1] INFO  c.q.t.p.p.PartyInfoBroadcaster - Started PartyInfo polling round
2022-01-02 15:26:24.972 [pool-2-thread-1] INFO  c.q.t.p.p.PartyInfoBroadcaster - Finished PartyInfo polling round
2022-01-02 15:26:29.974 [pool-2-thread-1] INFO  c.q.t.p.p.PartyInfoBroadcaster - Started PartyInfo polling round
2022-01-02 15:26:29.977 [pool-2-thread-1] INFO  c.q.t.p.p.PartyInfoBroadcaster - Finished PartyInfo polling round
2022-01-02 15:26:34.977 [pool-2-thread-1] INFO  c.q.t.p.p.PartyInfoBroadcaster - Started PartyInfo polling round
2022-01-02 15:26:34.978 [pool-2-thread-1] INFO  c.q.t.p.p.PartyInfoBroadcaster - Finished PartyInfo polling round
2022-01-02 15:26:39.978 [pool-2-thread-1] INFO  c.q.t.p.p.PartyInfoBroadcaster - Started PartyInfo polling round
2022-01-02 15:26:39.979 [pool-2-thread-1] INFO  c.q.t.p.p.PartyInfoBroadcaster - Finished PartyInfo polling round
2022-01-02 15:26:44.979 [pool-2-thread-1] INFO  c.q.t.p.p.PartyInfoBroadcaster - Started PartyInfo polling round
2022-01-02 15:26:44.981 [pool-2-thread-1] INFO  c.q.t.p.p.PartyInfoBroadcaster - Finished PartyInfo polling round
2022-01-02 15:26:49.981 [pool-2-thread-1] INFO  c.q.t.p.p.PartyInfoBroadcaster - Started PartyInfo polling round
2022-01-02 15:26:49.983 [pool-2-thread-1] INFO  c.q.t.p.p.PartyInfoBroadcaster - Finished PartyInfo polling round
2022-01-02 15:26:54.983 [pool-2-thread-1] INFO  c.q.t.p.p.PartyInfoBroadcaster - Started PartyInfo polling round
2022-01-02 15:26:54.984 [pool-2-thread-1] INFO  c.q.t.p.p.PartyInfoBroadcaster - Finished PartyInfo polling round
2022-01-02 15:26:59.984 [pool-2-thread-1] INFO  c.q.t.p.p.PartyInfoBroadcaster - Started PartyInfo polling round
2022-01-02 15:26:59.985 [pool-2-thread-1] INFO  c.q.t.p.p.PartyInfoBroadcaster - Finished PartyInfo polling round
2022-01-02 15:27:04.985 [pool-2-thread-1] INFO  c.q.t.p.p.PartyInfoBroadcaster - Started PartyInfo polling round
2022-01-02 15:27:04.987 [pool-2-thread-1] INFO  c.q.t.p.p.PartyInfoBroadcaster - Finished PartyInfo polling round
2022-01-02 15:27:09.987 [pool-2-thread-1] INFO  c.q.t.p.p.PartyInfoBroadcaster - Started PartyInfo polling round
2022-01-02 15:27:09.988 [pool-2-thread-1] INFO  c.q.t.p.p.PartyInfoBroadcaster - Finished PartyInfo polling round
2022-01-02 15:27:14.988 [pool-2-thread-1] INFO  c.q.t.p.p.PartyInfoBroadcaster - Started PartyInfo polling round
2022-01-02 15:27:14.989 [pool-2-thread-1] INFO  c.q.t.p.p.PartyInfoBroadcaster - Finished PartyInfo polling round
2022-01-02 15:27:19.992 [pool-2-thread-1] INFO  c.q.t.p.p.PartyInfoBroadcaster - Started PartyInfo polling round
2022-01-02 15:27:19.994 [pool-2-thread-1] INFO  c.q.t.p.p.PartyInfoBroadcaster - Finished PartyInfo polling round
2022-01-02 15:27:24.994 [pool-2-thread-1] INFO  c.q.t.p.p.PartyInfoBroadcaster - Started PartyInfo polling round
2022-01-02 15:27:24.995 [pool-2-thread-1] INFO  c.q.t.p.p.PartyInfoBroadcaster - Finished PartyInfo polling round
2022-01-02 15:27:29.996 [pool-2-thread-1] INFO  c.q.t.p.p.PartyInfoBroadcaster - Started PartyInfo polling round
2022-01-02 15:27:29.999 [pool-2-thread-1] INFO  c.q.t.p.p.PartyInfoBroadcaster - Finished PartyInfo polling round
2022-01-02 15:27:34.999 [pool-2-thread-1] INFO  c.q.t.p.p.PartyInfoBroadcaster - Started PartyInfo polling round
2022-01-02 15:27:35.000 [pool-2-thread-1] INFO  c.q.t.p.p.PartyInfoBroadcaster - Finished PartyInfo polling round
2022-01-02 15:27:40.000 [pool-2-thread-1] INFO  c.q.t.p.p.PartyInfoBroadcaster - Started PartyInfo polling round
2022-01-02 15:27:40.001 [pool-2-thread-1] INFO  c.q.t.p.p.PartyInfoBroadcaster - Finished PartyInfo polling round
2022-01-02 15:27:45.001 [pool-2-thread-1] INFO  c.q.t.p.p.PartyInfoBroadcaster - Started PartyInfo polling round
2022-01-02 15:27:45.002 [pool-2-thread-1] INFO  c.q.t.p.p.PartyInfoBroadcaster - Finished PartyInfo polling round
2022-01-02 15:27:50.003 [pool-2-thread-1] INFO  c.q.t.p.p.PartyInfoBroadcaster - Started PartyInfo polling round
2022-01-02 15:27:50.005 [pool-2-thread-1] INFO  c.q.t.p.p.PartyInfoBroadcaster - Finished PartyInfo polling round
2022-01-02 15:27:55.005 [pool-2-thread-1] INFO  c.q.t.p.p.PartyInfoBroadcaster - Started PartyInfo polling round
2022-01-02 15:27:55.007 [pool-2-thread-1] INFO  c.q.t.p.p.PartyInfoBroadcaster - Finished PartyInfo polling round
2022-01-02 15:28:00.007 [pool-2-thread-1] INFO  c.q.t.p.p.PartyInfoBroadcaster - Started PartyInfo polling round
2022-01-02 15:28:00.008 [pool-2-thread-1] INFO  c.q.t.p.p.PartyInfoBroadcaster - Finished PartyInfo polling round
2022-01-02 15:28:05.009 [pool-2-thread-1] INFO  c.q.t.p.p.PartyInfoBroadcaster - Started PartyInfo polling round
2022-01-02 15:28:05.011 [pool-2-thread-1] INFO  c.q.t.p.p.PartyInfoBroadcaster - Finished PartyInfo polling round
2022-01-02 15:28:10.011 [pool-2-thread-1] INFO  c.q.t.p.p.PartyInfoBroadcaster - Started PartyInfo polling round
2022-01-02 15:28:10.013 [pool-2-thread-1] INFO  c.q.t.p.p.PartyInfoBroadcaster - Finished PartyInfo polling round
2022-01-02 15:28:15.013 [pool-2-thread-1] INFO  c.q.t.p.p.PartyInfoBroadcaster - Started PartyInfo polling round
2022-01-02 15:28:15.014 [pool-2-thread-1] INFO  c.q.t.p.p.PartyInfoBroadcaster - Finished PartyInfo polling round
2022-01-02 15:28:20.014 [pool-2-thread-1] INFO  c.q.t.p.p.PartyInfoBroadcaster - Started PartyInfo polling round
2022-01-02 15:28:20.015 [pool-2-thread-1] INFO  c.q.t.p.p.PartyInfoBroadcaster - Finished PartyInfo polling round
