[08-02-2022 15:30:17] [error]: 	The current provider doesn't support subscriptions: HttpProvider
[08-02-2022 15:31:07] [error]: 	The current provider doesn't support subscriptions: HttpProvider
[08-02-2022 15:31:11] [error]: 	The current provider doesn't support subscriptions: HttpProvider
[08-02-2022 15:32:12] [error]: 	The current provider doesn't support subscriptions: HttpProvider
[16-02-2022 17:42:30] [blockchain]: 	Account 0x2986841dC3aa09eC18EC5bC655bBC85f4ED41c75 creato con successo.
[16-02-2022 17:43:09] [blockchain]: 	Account 0xED1d09284cb72780Ac5C2fb0FD79D6aD9BE41715 creato con successo.
[16-02-2022 17:43:34] [blockchain]: 	Account 0x34ca18A0d85F2F6d5B5e36cd92664DddFa776e81 creato con successo.
[18-02-2022 22:55:27] [error]: 	transazioniInstance.methods.acquistoMateriaPrima is not a function
[18-02-2022 23:02:25] [error]: 	transazioniInstance.methods.acquistoMateriaPrims is not a function
[18-02-2022 23:02:44] [error]: 	user is not defined
[18-02-2022 23:05:00] [error]: 	Transaction has been reverted by the EVM:
{
  "blockHash": "0xc5b3e10731b3c4f0b7cc774105a81534a99551ac5accc7dbbb27ff0285c09516",
  "blockNumber": 3450,
  "contractAddress": null,
  "cumulativeGasUsed": 54045,
  "from": "0x00c23154b2b0c56dfab893268dd2543ecb81f21f",
  "gasUsed": 54045,
  "logsBloom": "0x00000000000000000000000000000000000000000000000000000000000000000000000000000000000000000000000000000000000000000000000000000000000000000000000000000000000000000000000000000000000000000000000000000000000000000000000000000000000000000000000000000000000000000000000000000000000000000000000000000000000000000000000000000000000000000000000000000000000000000000000000000000000000000000000000000000000000000000000000000000000000000000000000000000000000000000000000000000000000000000000000000000000000000000000000000000",
  "status": false,
  "to": "0xb677554458c8d130c8f1d24e75be9d341350963c",
  "transactionHash": "0x915c68585be7c8a3921cea0c7977d2b509ff2fc718dc6cfccb0a81ffce00b781",
  "transactionIndex": 0,
  "events": {}
}
