/*C1*/SET SCHEMA SYSTEM_LOBS
INSERT INTO BLOCKS VALUES(0,2147483647,0)
COMMIT
/*C2*/SET SCHEMA PUBLIC
create table BLOCK_TRANSACTIONS (BLOCK_ID varchar(255) not null, transactions varchar(255))
create table BLOCK_UNCLES (BLOCK_ID varchar(255) not null, uncles varchar(255))
create table BLOCKS (id varchar(255) not null, difficulty numeric(19,2), extraData varchar(2048), gasLimit numeric(19,2), gasUsed numeric(19,2), logsBloom clob(4096), miner varchar(255), nonce varchar(255), block_number numeric(19,2), parentId varchar(255), sha3Uncles varchar(255), stateRoot varchar(255), timestamp_val NUMERIC(30,0), totalDifficulty numeric(19,2), transactionsRoot varchar(255), primary key (id))
create table CONTRACTS (address varchar(255) not null, contractJson clob(2147483647), primary key (address))
create table EVENTS (id numeric(19,2) not null, blockId varchar(255), blockNumber numeric(19,2), contractId varchar(255), event_data varchar(10485760), logIndex numeric(19,2), name varchar(255), transactionId varchar(255), primary key (id))
create table NODE_INFO (id bigint not null, name varchar(255), rpcUrl varchar(255), transactionManagerUrl varchar(255), primary key (id))
create table TRANSACTIONS (id varchar(255) not null, blockId varchar(255), blockNumber numeric(19,2), contractAddress varchar(255), cumulativeGasUsed numeric(19,2), from_address varchar(255), gas numeric(19,2), gasPrice numeric(19,2), gasUsed numeric(19,2), input_data clob(2147483647), nonce varchar(255), r varchar(255), returnCode varchar(255), s varchar(255), status integer, to_address varchar(255), transactionIndex numeric(19,2), v varchar(255), trans_value numeric(27,0), primary key (id))
create table TRANSACTIONS_EVENTS (TRANSACTION_ID varchar(255) not null, logs_id numeric(19,2) not null)
create index block_number_idx on BLOCKS (block_number)
create index tr_block_number_idx on TRANSACTIONS (blockNumber)
create index tr_contract_addr_idx on TRANSACTIONS (contractAddress)
create index tr_to_addr_idx on TRANSACTIONS (to_address)
alter table TRANSACTIONS_EVENTS add constraint UK_lfmdcp78aghs1ncbevvecjytl unique (logs_id)
create sequence hibernate_sequence start with 1 increment by 1
alter table BLOCK_TRANSACTIONS add constraint FK8dgwq3i5etha5wc8m5qu9oy05 foreign key (BLOCK_ID) references BLOCKS
alter table BLOCK_UNCLES add constraint FKhxyvoxu0pd60khi3lhelyky3m foreign key (BLOCK_ID) references BLOCKS
alter table TRANSACTIONS_EVENTS add constraint FKs9jpuqawf0x1wjxigm6w3lfa6 foreign key (logs_id) references EVENTS
alter table TRANSACTIONS_EVENTS add constraint FKjv4oirkvelwfuf181iqm08eq8 foreign key (TRANSACTION_ID) references TRANSACTIONS
INSERT INTO NODE_INFO VALUES(1,'node1','http://127.0.0.1:22000','http://127.0.0.1:9081')
INSERT INTO NODE_INFO VALUES(2,'node2','http://127.0.0.1:22001','http://127.0.0.1:9082')
INSERT INTO NODE_INFO VALUES(3,'node3','http://127.0.0.1:22002','http://127.0.0.1:9083')
INSERT INTO NODE_INFO VALUES(4,'node4','http://127.0.0.1:22003','http://127.0.0.1:9084')
INSERT INTO NODE_INFO VALUES(5,'node5','http://127.0.0.1:22004','http://127.0.0.1:9085')
ALTER SEQUENCE PUBLIC.HIBERNATE_SEQUENCE RESTART WITH 6
COMMIT
/*C1*/INSERT INTO LOB_IDS VALUES(1,0,0,40)
ALTER SEQUENCE SYSTEM_LOBS.LOB_ID RESTART WITH 2
COMMIT
DELETE FROM BLOCKS WHERE BLOCK_ADDR=0
INSERT INTO BLOCKS VALUES(0,1,0)
INSERT INTO BLOCKS VALUES(1,2147483646,0)
DELETE FROM BLOCKS WHERE BLOCK_ADDR=0
INSERT INTO LOBS VALUES(0,1,0,1)
COMMIT
DELETE FROM LOB_IDS WHERE LOB_ID=1
INSERT INTO LOB_IDS VALUES(1,514,0,40)
COMMIT
/*C2*/INSERT INTO BLOCKS VALUES('0x91ee4e598f3d0d2c022cf0f3f959df90ca110c746e000f0769c4bbbd24383e9e',0.00,'0x0000000000000000000000000000000000000000000000000000000000000000',3758096384.00,0.00,1,'0x0000000000000000000000000000000000000000','0x0000000000000000',0.00,'0x0000000000000000000000000000000000000000000000000000000000000000','0x1dcc4de8dec75d7aab85b567b6ccd41ad312451b948a7413f0a142fd40d49347','0x811be16c344be4b9bca21d79aaa5c46e2894267d50d7706c698a29b958085723',0,0.00,'0x56e81f171bcc55a6ff8345e692c0f86e5b48e01b996cadc001622fb5e363b421')
SET SCHEMA SYSTEM_LOBS
DELETE FROM LOB_IDS WHERE LOB_ID=1
INSERT INTO LOB_IDS VALUES(1,514,1,40)
COMMIT
/*C1*/INSERT INTO LOB_IDS VALUES(2,0,0,40)
ALTER SEQUENCE SYSTEM_LOBS.LOB_ID RESTART WITH 3
COMMIT
DELETE FROM BLOCKS WHERE BLOCK_ADDR=1
INSERT INTO BLOCKS VALUES(1,1,0)
INSERT INTO BLOCKS VALUES(2,2147483645,0)
DELETE FROM BLOCKS WHERE BLOCK_ADDR=1
INSERT INTO LOBS VALUES(1,1,0,2)
COMMIT
DELETE FROM LOB_IDS WHERE LOB_ID=2
INSERT INTO LOB_IDS VALUES(2,514,0,40)
COMMIT
/*C2*/SET SCHEMA PUBLIC
INSERT INTO BLOCKS VALUES('0x330bf4f44611fd3672937e8d5ef5805652d5954743d08811150ec00536f59567',131072.00,'0x0000000000000000000000000000000000000000000000000000000000000000f84433b841b13086b2911fd1559013321df0c30eabcf97301608f15e70159f0f7fe68454a34e9378fb4c432d41b51f4b48355dd8f074c183b53259c569eb54f4f85c3d055000',3757178881.00,130038.00,2,'0x0000000000000000000000000000000000000000','0x0000000000000000',1.00,'0x91ee4e598f3d0d2c022cf0f3f959df90ca110c746e000f0769c4bbbd24383e9e','0x1dcc4de8dec75d7aab85b567b6ccd41ad312451b948a7413f0a142fd40d49347','0xfe9772eb6405f75240d4d4f9bb61e464d4d61c0981df7fd7e2b9366e479f52ec',1641133082600280314,131072.00,'0xe0e97b0a2f1ed13c963d8c8e3e20121751a9e3e4271b747915a649b4e4dcd63c')
INSERT INTO BLOCK_TRANSACTIONS VALUES('0x330bf4f44611fd3672937e8d5ef5805652d5954743d08811150ec00536f59567','0xf60965c0c6372d65d1142c6c707d8b78366d1a52ff0ac0da802137037f27786c')
SET SCHEMA SYSTEM_LOBS
DELETE FROM LOB_IDS WHERE LOB_ID=2
INSERT INTO LOB_IDS VALUES(2,514,1,40)
COMMIT
/*C1*/INSERT INTO LOB_IDS VALUES(3,0,0,40)
ALTER SEQUENCE SYSTEM_LOBS.LOB_ID RESTART WITH 4
COMMIT
DELETE FROM BLOCKS WHERE BLOCK_ADDR=2
INSERT INTO BLOCKS VALUES(2,1,0)
INSERT INTO BLOCKS VALUES(3,2147483644,0)
DELETE FROM BLOCKS WHERE BLOCK_ADDR=2
INSERT INTO LOBS VALUES(2,1,0,3)
COMMIT
DELETE FROM LOB_IDS WHERE LOB_ID=3
INSERT INTO LOB_IDS VALUES(3,724,0,40)
COMMIT
/*C2*/SET SCHEMA PUBLIC
INSERT INTO TRANSACTIONS VALUES('0xf60965c0c6372d65d1142c6c707d8b78366d1a52ff0ac0da802137037f27786c','0x330bf4f44611fd3672937e8d5ef5805652d5954743d08811150ec00536f59567',1.00,'0xccf9ba8a4642bd0c2332b9d12160b813d04922bc',130038.00,'0xdce549bf8546cbb7fae14811fdf4ca40ab37506e',4700000.00,0.00,130038.00,3,'0x0','0x6100d258149636bf06944b04ea4af0871a80c7806825ce81af2c11a330bd8840','0x1','0x4b4476399c41bd7d6f89027f8a9604b851fa3ad8d979e01217bfee49667fbf6c',1,NULL,0.00,'0x38',0)
SET SCHEMA SYSTEM_LOBS
DELETE FROM LOB_IDS WHERE LOB_ID=3
INSERT INTO LOB_IDS VALUES(3,724,1,40)
COMMIT
/*C1*/INSERT INTO LOB_IDS VALUES(4,0,0,40)
ALTER SEQUENCE SYSTEM_LOBS.LOB_ID RESTART WITH 5
COMMIT
DELETE FROM BLOCKS WHERE BLOCK_ADDR=3
INSERT INTO BLOCKS VALUES(3,1,0)
INSERT INTO BLOCKS VALUES(4,2147483643,0)
DELETE FROM BLOCKS WHERE BLOCK_ADDR=3
INSERT INTO LOBS VALUES(3,1,0,4)
COMMIT
DELETE FROM LOB_IDS WHERE LOB_ID=4
INSERT INTO LOB_IDS VALUES(4,514,0,40)
COMMIT
/*C2*/SET SCHEMA PUBLIC
INSERT INTO BLOCKS VALUES('0x418e981f56ad319d5001e939fee75790389c3f1284f318b01268661cbac2f5f0',131072.00,'0x0000000000000000000000000000000000000000000000000000000000000000f84433b841e9834eb0eacd6eb8fad88e9e22b71019ba0e1328a85192713e3aa9a0c97615c054742cdedd20121d4230710b9d46fbc0845646be9963f85cbcc4f0a65c499ac900',3756261602.00,130038.00,4,'0x0000000000000000000000000000000000000000','0x0000000000000000',2.00,'0x330bf4f44611fd3672937e8d5ef5805652d5954743d08811150ec00536f59567','0x1dcc4de8dec75d7aab85b567b6ccd41ad312451b948a7413f0a142fd40d49347','0x1b181ed0ea988a4b7c5fd10758dd1fd1906a326a02bdd7c471b326cd575407b9',1641133261932167097,262144.00,'0x756c6f35742a1b519d8448bb8344cc0df0d3d476abf44cda66895fd313597ae7')
INSERT INTO BLOCK_TRANSACTIONS VALUES('0x418e981f56ad319d5001e939fee75790389c3f1284f318b01268661cbac2f5f0','0xf398b38ec4961887ad110d84f7db340dfff69bcc8a12cc7bc7121eb8818f5324')
SET SCHEMA SYSTEM_LOBS
DELETE FROM LOB_IDS WHERE LOB_ID=4
INSERT INTO LOB_IDS VALUES(4,514,1,40)
COMMIT
/*C1*/INSERT INTO LOB_IDS VALUES(5,0,0,40)
ALTER SEQUENCE SYSTEM_LOBS.LOB_ID RESTART WITH 6
COMMIT
DELETE FROM BLOCKS WHERE BLOCK_ADDR=4
INSERT INTO BLOCKS VALUES(4,1,0)
INSERT INTO BLOCKS VALUES(5,2147483642,0)
DELETE FROM BLOCKS WHERE BLOCK_ADDR=4
INSERT INTO LOBS VALUES(4,1,0,5)
COMMIT
DELETE FROM LOB_IDS WHERE LOB_ID=5
INSERT INTO LOB_IDS VALUES(5,724,0,40)
COMMIT
/*C2*/SET SCHEMA PUBLIC
INSERT INTO TRANSACTIONS VALUES('0xf398b38ec4961887ad110d84f7db340dfff69bcc8a12cc7bc7121eb8818f5324','0x418e981f56ad319d5001e939fee75790389c3f1284f318b01268661cbac2f5f0',2.00,'0x28136d1838f975577544cd774faef9c1e81420fe',130038.00,'0xdce549bf8546cbb7fae14811fdf4ca40ab37506e',4700000.00,0.00,130038.00,5,'0x1','0xc9fc2b19e0fabcffef910c2d6e2386772c8e7297545937de847fbc6925fd8fd1','0x1','0x3e463973b13055ddd3451effc960119089b83341b9d7153a59ac03fe594c2214',1,NULL,0.00,'0x38',0)
SET SCHEMA SYSTEM_LOBS
DELETE FROM LOB_IDS WHERE LOB_ID=5
INSERT INTO LOB_IDS VALUES(5,724,1,40)
COMMIT
